Current configuration:
[NAME]		[DEFLT]		[VALUE]
-agc		none		none
-agcthresh	2.0		2.000000e+00
-cbcntfn			
-cepdir				
-cepext		mfc		mfc
-ceplen		13		13
-cmn		live		batch
-cmninit	40,3,-1		40,3,-1
-ctlfn				
-dictfn				
-dmoddeffn			
-example	no		no
-fdictfn			
-feat		1s_c_d_dd	s2_4x
-featsel			0
-fpcachesz	3000		3000
-fullvar	no		no
-gthobj		state		single
-help		no		no
-lda				
-ldadim		0		0
-lsnfn				
-maxcbobs			0
-maxiter	100		100
-maxtotobs			0
-meanfn				/home/sourav/workdir/acoustic_model_final/model_parameters/final.ci_ptm_flatinitial/means
-method		rkm		rkm
-minratio	0.01		1.000000e-03
-mixwfn				
-ndensity			256
-niter		20		20
-ntrial		5		1
-obscachesz	92		92
-omoddeffn			
-reest		yes		no
-runlen				0
-segdir				
-segdmpdirs			/home/sourav/workdir/acoustic_model_final/bwaccumdir/final_buff_1,
-segdmpfn			/home/sourav/workdir/acoustic_model_final/bwaccumdir/final_buff_1/final.dmp
-segext		v8_seg		v8_seg
-segidxfn			
-stride		32		1
-svspec				
-ts2cbfn			
-tscnt				0
-tsoff		0		0
-tsrngfn			
-varfn				/home/sourav/workdir/acoustic_model_final/model_parameters/final.ci_ptm_flatinitial/variances
-varnorm	no		no
-vartiethr	0		0

INFO: feat.c(713): Initializing feature stream to type: 's2_4x', ceplen=13, CMN='batch', VARNORM='no', AGC='none'
INFO: main.c(520): No mdef files.  Assuming 1-class init
INFO: main.c(1345): 1-class dump file
INFO: main.c(1383): Corpus 0: sz==74706 frames
INFO: main.c(1392): Convergence ratios are abs(cur - prior) / abs(prior)
INFO: main.c(236): alloc'ing 3Mb obs buf
INFO: main.c(577): Initializing means using random k-means
INFO: main.c(580): Trial 0: 256 means
INFO: kmeans.c(155): km iter [0] 1.000000e+00 ...
INFO: kmeans.c(155): km iter [1] 1.330484e-01 ...
INFO: kmeans.c(155): km iter [2] 3.882498e-02 ...
INFO: kmeans.c(155): km iter [3] 1.877236e-02 ...
INFO: kmeans.c(155): km iter [4] 1.079374e-02 ...
INFO: kmeans.c(155): km iter [5] 6.826415e-03 ...
INFO: kmeans.c(155): km iter [6] 4.698848e-03 ...
INFO: kmeans.c(155): km iter [7] 3.673739e-03 ...
INFO: kmeans.c(155): km iter [8] 3.057845e-03 ...
INFO: kmeans.c(155): km iter [9] 2.468417e-03 ...
INFO: kmeans.c(155): km iter [10] 2.082065e-03 ...
INFO: kmeans.c(155): km iter [11] 1.748982e-03 ...
INFO: kmeans.c(155): km iter [12] 1.495688e-03 ...
INFO: kmeans.c(155): km iter [13] 1.303868e-03 ...
INFO: kmeans.c(155): km iter [14] 1.118441e-03 ...
INFO: kmeans.c(155): km iter [15] 1.106365e-03 ...
INFO: kmeans.c(155): km iter [16] 1.009423e-03 ...
INFO: kmeans.c(168): kmtrineq n_iter 17 sqerr 7.540245e+07 conv_ratio 8.673356e-04
INFO: main.c(622): 	best-so-far sqerr = 7.540245e+07
INFO: main.c(236): alloc'ing 6Mb obs buf
INFO: main.c(577): Initializing means using random k-means
INFO: main.c(580): Trial 0: 256 means
INFO: kmeans.c(155): km iter [0] 1.000000e+00 ...
WARN: "kmeans.c", line 433: Empty cluster 198
WARN: "kmeans.c", line 433: Empty cluster 227
INFO: main.c(613): 	-> Aborting k-means, bad initialization
INFO: kmeans.c(155): km iter [0] 1.000000e+00 ...
INFO: kmeans.c(155): km iter [1] 1.615769e-01 ...
INFO: kmeans.c(155): km iter [2] 3.766902e-02 ...
INFO: kmeans.c(155): km iter [3] 1.616807e-02 ...
INFO: kmeans.c(155): km iter [4] 9.222504e-03 ...
INFO: kmeans.c(155): km iter [5] 6.345467e-03 ...
INFO: kmeans.c(155): km iter [6] 4.450295e-03 ...
INFO: kmeans.c(155): km iter [7] 3.161411e-03 ...
INFO: kmeans.c(155): km iter [8] 2.365950e-03 ...
INFO: kmeans.c(155): km iter [9] 1.953590e-03 ...
INFO: kmeans.c(155): km iter [10] 1.686676e-03 ...
INFO: kmeans.c(155): km iter [11] 1.500843e-03 ...
INFO: kmeans.c(155): km iter [12] 1.248114e-03 ...
INFO: kmeans.c(155): km iter [13] 1.052412e-03 ...
INFO: kmeans.c(168): kmtrineq n_iter 14 sqerr 2.456911e+08 conv_ratio 8.933971e-04
INFO: main.c(622): 	best-so-far sqerr = 2.456911e+08
INFO: main.c(236): alloc'ing 0Mb obs buf
INFO: main.c(577): Initializing means using random k-means
INFO: main.c(580): Trial 0: 256 means
INFO: kmeans.c(155): km iter [0] 1.000000e+00 ...
WARN: "kmeans.c", line 433: Empty cluster 182
WARN: "kmeans.c", line 433: Empty cluster 183
WARN: "kmeans.c", line 433: Empty cluster 244
INFO: main.c(613): 	-> Aborting k-means, bad initialization
INFO: kmeans.c(155): km iter [0] 1.000000e+00 ...
INFO: kmeans.c(155): km iter [1] 6.918387e-01 ...
INFO: kmeans.c(155): km iter [2] 7.797500e-02 ...
INFO: kmeans.c(155): km iter [3] 1.831185e-02 ...
INFO: kmeans.c(155): km iter [4] 1.079473e-02 ...
INFO: kmeans.c(155): km iter [5] 7.395712e-03 ...
INFO: kmeans.c(155): km iter [6] 5.457291e-03 ...
INFO: kmeans.c(155): km iter [7] 4.708649e-03 ...
INFO: kmeans.c(155): km iter [8] 4.273375e-03 ...
INFO: kmeans.c(155): km iter [9] 3.691643e-03 ...
INFO: kmeans.c(155): km iter [10] 3.056706e-03 ...
INFO: kmeans.c(155): km iter [11] 2.683373e-03 ...
INFO: kmeans.c(155): km iter [12] 2.515987e-03 ...
INFO: kmeans.c(155): km iter [13] 2.304009e-03 ...
INFO: kmeans.c(155): km iter [14] 2.032991e-03 ...
INFO: kmeans.c(155): km iter [15] 1.799278e-03 ...
INFO: kmeans.c(155): km iter [16] 1.458601e-03 ...
INFO: kmeans.c(155): km iter [17] 1.349791e-03 ...
INFO: kmeans.c(155): km iter [18] 1.259520e-03 ...
INFO: kmeans.c(155): km iter [19] 1.136285e-03 ...
INFO: kmeans.c(155): km iter [20] 1.073328e-03 ...
INFO: kmeans.c(155): km iter [21] 1.022280e-03 ...
INFO: kmeans.c(168): kmtrineq n_iter 22 sqerr 1.904842e+06 conv_ratio 8.840678e-04
INFO: main.c(622): 	best-so-far sqerr = 1.904842e+06
INFO: main.c(236): alloc'ing 3Mb obs buf
INFO: main.c(577): Initializing means using random k-means
INFO: main.c(580): Trial 0: 256 means
INFO: kmeans.c(155): km iter [0] 1.000000e+00 ...
WARN: "kmeans.c", line 433: Empty cluster 83
WARN: "kmeans.c", line 433: Empty cluster 129
INFO: main.c(613): 	-> Aborting k-means, bad initialization
INFO: kmeans.c(155): km iter [0] 1.000000e+00 ...
INFO: kmeans.c(155): km iter [1] 6.380425e-02 ...
INFO: kmeans.c(155): km iter [2] 2.533087e-02 ...
INFO: kmeans.c(155): km iter [3] 1.307378e-02 ...
INFO: kmeans.c(155): km iter [4] 8.163037e-03 ...
INFO: kmeans.c(155): km iter [5] 5.554449e-03 ...
INFO: kmeans.c(155): km iter [6] 3.892951e-03 ...
INFO: kmeans.c(155): km iter [7] 2.844627e-03 ...
INFO: kmeans.c(155): km iter [8] 2.223740e-03 ...
INFO: kmeans.c(155): km iter [9] 1.746921e-03 ...
INFO: kmeans.c(155): km iter [10] 1.488899e-03 ...
INFO: kmeans.c(155): km iter [11] 1.281475e-03 ...
INFO: kmeans.c(155): km iter [12] 1.080415e-03 ...
INFO: kmeans.c(168): kmtrineq n_iter 13 sqerr 9.523242e+07 conv_ratio 9.906967e-04
INFO: main.c(622): 	best-so-far sqerr = 9.523242e+07
INFO: main.c(908): Initializing variances
INFO: main.c(236): alloc'ing 3Mb obs buf
INFO: main.c(236): alloc'ing 6Mb obs buf
INFO: main.c(236): alloc'ing 0Mb obs buf
INFO: main.c(236): alloc'ing 3Mb obs buf
INFO: main.c(1438): sqerr [0] == 4.182308e+08
INFO: main.c(1442): sqerr = 4.182308e+08 tot 2.045069e+04 rms
INFO: s3gau_io.c(228): Wrote /home/sourav/workdir/acoustic_model_final/model_parameters/final.ci_ptm_flatinitial/means [1x4x256 array]
INFO: s3gau_io.c(228): Wrote /home/sourav/workdir/acoustic_model_final/model_parameters/final.ci_ptm_flatinitial/variances [1x4x256 array]
INFO: main.c(1496): No mixing weight file given; none written
INFO: main.c(1628): TOTALS: km 0.003x 1.003e+00 var 0.000x 1.041e+00 em 0.000x 0.000e+00 all 0.003x 1.003e+00
Thu Dec  5 21:24:08 2019
