Current configuration:
[NAME]		[DEFLT]		[VALUE]
-agc		none		none
-agcthresh	2.0		2.000000e+00
-cachesz	200		200
-cb2mllrfn	.1cls.		.1cls.
-cepdir				/home/sourav/workdir/acoustic_model_final/feat
-cepext		mfc		mfc
-ceplen		13		13
-cmn		live		batch
-cmninit	40,3,-1		40,3,-1
-cntfn				
-ctlfn				/home/sourav/workdir/acoustic_model_final/etc/final_train.fileids
-dictfn				
-example	no		no
-fdictfn			
-feat		1s_c_d_dd	s2_4x
-help		no		no
-lda				
-ldadim		0		0
-lsnfn				
-mllrctlfn			
-mllrdir			
-moddeffn			
-npart				0
-nskip		0		0
-part				0
-runlen		-1		-1
-segdir				
-segdmpdirs			/home/sourav/workdir/acoustic_model_final/bwaccumdir/final_buff_1,
-segdmpfn			/home/sourav/workdir/acoustic_model_final/bwaccumdir/final_buff_1/final.dmp
-segext		v8_seg		v8_seg
-segidxfn			
-segtype	st		all
-sentdir			
-sentext			
-stride		1		1
-svspec				
-ts2cbfn			
-varnorm	no		no

INFO: main.c(169): No lexical transcripts provided
INFO: feat.c(713): Initializing feature stream to type: 's2_4x', ceplen=13, CMN='batch', VARNORM='no', AGC='none'
INFO: corpus.c(1062): Will process all remaining utts starting at 0
INFO: main.c(288): Will produce feature dump
INFO: main.c(427): Writing frames to one file
INFO: agg_all_seg.c(129): [0]
INFO: cmn.c(133): CMN: 50.83  9.59  4.21  5.23  6.27  0.40  2.68  1.76 -3.18  4.09 -10.00  0.98 -11.30 
INFO: cmn.c(133): CMN: 54.16 11.76 -2.11 10.47 -1.47  3.52 11.41  2.25 -5.54  6.25 -13.45 -3.29 -5.12 
INFO: cmn.c(133): CMN: 51.98 10.19  1.67 12.82 -8.50  3.82  4.63 -1.16  2.84  3.91 -10.19  2.81 -2.83 
INFO: cmn.c(133): CMN: 53.70 10.40 -15.98 -0.24 -5.27  3.79  5.03  0.47 -0.10  9.41 -5.97 -2.86  2.69 
INFO: cmn.c(133): CMN: 48.51 10.73 -4.91  4.70 -1.47  2.78 11.32 -0.64 -0.24 11.59 -8.51 -3.60 -4.03 
INFO: cmn.c(133): CMN: 58.89 10.47 -12.06 -0.74  6.11  5.57 -0.32 -3.92 -3.76  6.07 -10.41 -8.59 -1.73 
INFO: cmn.c(133): CMN: 54.78 16.18  4.60 -10.19 -14.68 11.34 13.80 -12.97  4.40  9.16 -16.47  2.62  8.80 
INFO: cmn.c(133): CMN: 52.98 13.28  0.71 -3.31 -1.29 -2.39 10.86 -2.54 -3.65  8.07 -12.07 -5.50  4.68 
INFO: cmn.c(133): CMN: 55.79  6.49  2.33 13.45 -0.87 -13.82 17.75 -1.74  0.92 -3.42 -13.52  0.12 -5.00 
INFO: cmn.c(133): CMN: 51.53  5.28 -1.23  4.19  2.57 -5.23 14.19 -6.18  5.22 -1.66 -11.10 -0.30 -6.99 
INFO: cmn.c(133): CMN: 54.38 14.04 -1.67 -6.64 -11.33 13.35 -3.15 -4.50 11.42 -7.95 -11.95 -2.84 -4.83 
INFO: cmn.c(133): CMN: 54.88  8.78 -8.37  3.14 -11.17  0.93  7.10 -8.32  3.28 -0.21 -11.47 -0.57  0.45 
INFO: cmn.c(133): CMN: 51.16  2.93  1.12 11.69  5.49 -5.90 11.04  1.08 -1.42  3.02 -7.09 -2.49 -9.31 
INFO: cmn.c(133): CMN: 50.18  3.62  7.56 11.86 -7.45 -17.19 10.06 -0.58  3.85 -2.06 -11.47 -0.38 -1.97 
INFO: cmn.c(133): CMN: 50.17 17.05 -0.39  6.33 -0.86 -8.26 11.08 -6.91  2.25 -2.63 -9.71 -1.80 -3.60 
INFO: cmn.c(133): CMN: 55.03 12.83 -0.73 -5.78 -12.27  4.87  5.74 -11.85  2.51  2.86 -12.35  3.98 12.33 
INFO: cmn.c(133): CMN: 55.46  3.32 -3.40  7.23  0.13 -9.00  1.66 -0.16 -6.01 -4.35 -9.69 -7.59  0.08 
INFO: cmn.c(133): CMN: 55.83 13.90 -6.28 -8.07 -8.28  1.49 -3.85  3.72  2.71  5.40 -12.24 -12.27 17.87 
INFO: cmn.c(133): CMN: 58.89 13.42 -8.40 -10.38 -4.45 -10.54  6.56  3.29 -3.64 13.01 -16.14 -5.09  7.91 
INFO: cmn.c(133): CMN: 53.46 16.71 -4.93  2.88 -1.99 -4.46  7.88 -10.62 -1.40  6.25 -8.68  2.17  3.62 
INFO: cmn.c(133): CMN: 52.54 15.40 -1.96 -3.88 -13.37  4.89 14.17 -27.80  3.24  8.91 -10.76 -3.26  3.26 
INFO: cmn.c(133): CMN: 49.45 12.58 -0.06  7.92 -9.16 -10.05 19.18 -6.18 -0.92 -4.43 -5.01 -9.41 -2.07 
INFO: cmn.c(133): CMN: 48.86  9.17 -1.27 -1.41 -10.37 -14.41 20.79  1.24 -1.23 12.14 -11.27 -8.11  4.74 
INFO: cmn.c(133): CMN: 50.14 10.21 -6.20 11.64 -0.48 -4.18 13.63 -7.98  8.24 -6.04 -6.45 -8.35 -1.06 
INFO: cmn.c(133): CMN: 54.26  9.45 -6.66  4.82 -4.74 -5.17  3.44 -13.34  4.39  1.85 -6.36  0.80  5.43 
INFO: cmn.c(133): CMN: 58.80  8.36  2.35 15.30 -13.39  1.34  4.70  4.64 -2.71 -11.46 -6.32 -5.32 -7.41 
INFO: cmn.c(133): CMN: 60.33  9.73  0.66 20.14 -12.55  2.71  7.07  7.82  1.32 -15.65  2.17 -2.93 -7.59 
INFO: cmn.c(133): CMN: 56.80 11.50  0.65 25.87 -10.04  1.44 10.56  5.46 -1.73 -13.28 -4.09 -4.51 -3.65 
INFO: cmn.c(133): CMN: 64.23  9.09 -5.37 12.59 -15.67 -3.05 -2.23 -1.28  4.43 -17.41  0.00 -6.79 -9.24 
INFO: cmn.c(133): CMN: 59.23 11.49 -2.26  9.60 -3.94  1.78  7.08  5.01  4.43 -14.60  5.56 -5.23 -7.75 
INFO: cmn.c(133): CMN: 67.08 10.05 -7.39  2.73 -3.62 -1.17 -4.76  3.10  0.94 -11.13 -2.91  0.31 -4.38 
INFO: cmn.c(133): CMN: 63.37 16.32 -0.81  8.15 -12.61  4.34 13.40 -8.43 -5.72 -12.32  1.39  4.52 -9.73 
INFO: cmn.c(133): CMN: 66.10 10.33 -3.46 -0.32 -6.44  1.86  1.55  4.91  3.81 -20.42 13.51 -5.69 -6.04 
INFO: cmn.c(133): CMN: 61.61  4.67  0.89 16.49 -0.07 -1.98  3.59  2.91 -4.26 -27.14  4.84 -0.58 -13.00 
INFO: cmn.c(133): CMN: 58.22  2.62 -8.24 23.35  7.11 -6.06  1.85  0.11  1.65 -23.33 -3.78  0.28 -17.36 
INFO: cmn.c(133): CMN: 63.61 13.90 -2.82  6.74 -14.66 -6.67  6.19  1.38 -2.21 -5.01 -2.26  3.04 -4.95 
INFO: cmn.c(133): CMN: 64.62  8.89 -5.21 -7.28 -1.52 -4.83 -6.46  0.74  0.61 -15.92  2.87  1.25 -14.67 
INFO: cmn.c(133): CMN: 61.25  5.05  0.33 11.52  0.90 -0.93  3.82  6.99 -5.14 -8.87 -3.99  2.00 -9.09 
INFO: cmn.c(133): CMN: 61.70  3.62  4.12  7.90 -1.45 -8.93 -5.56  4.79 -3.90 -28.25  2.80 -2.63 -9.54 
INFO: cmn.c(133): CMN: 58.48 15.94 -1.92 11.96  0.30  0.80  2.20  5.23  0.78 -23.24 10.47 -1.52 -13.67 
INFO: cmn.c(133): CMN: 59.65 19.15 -4.03  6.24 -3.30 -0.97  9.32 -7.17 -4.24 -9.18 -5.55  4.31 -13.71 
INFO: cmn.c(133): CMN: 59.13 10.39 -3.46 -0.11 -5.65 -4.47  3.46  2.50 -5.08 -8.62 -0.67  2.47 -15.72 
INFO: cmn.c(133): CMN: 63.00 16.59 -5.19  0.69 -13.36 -10.20  8.80  3.09 -3.95 -8.38 -3.74  0.94 -10.44 
INFO: cmn.c(133): CMN: 61.78  5.65 -10.24 -3.40 -9.32 -4.88 -0.49 -1.34 -1.01 -3.36  0.87  1.22 -12.25 
INFO: cmn.c(133): CMN: 62.55 13.20 -4.44 18.40  0.69  2.64  2.65 -9.91  2.91 -20.21  3.22 -0.19 -9.54 
INFO: cmn.c(133): CMN: 65.40 18.84 -4.24  5.33 -5.57  0.72 -0.80 -8.19 -2.47 -15.81 14.13 -0.89 -13.61 
INFO: cmn.c(133): CMN: 59.40 15.38 -4.63 10.88 -2.58 -0.85  5.48  4.48  0.67 -14.52  1.98  3.57 -11.59 
INFO: cmn.c(133): CMN: 62.03 12.93 -0.60  1.94 -11.77 -6.41 -2.13  3.59 -1.08 -21.82 10.60  3.83 -17.93 
INFO: cmn.c(133): CMN: 56.44  8.34 -6.85 25.86  7.87  1.80  3.07  7.43 -5.42 -9.19 -4.94 -0.40 -13.90 
INFO: cmn.c(133): CMN: 60.05 10.13 -5.09 13.97  3.47 -3.71 -0.29 -4.30 -0.83 -11.22 -5.97  1.13 -5.73 
INFO: cmn.c(133): CMN: 59.33 11.64 -9.18 25.02 -4.06  4.63 -16.33 -5.31 -9.18 -0.44 -5.34 -2.81  7.19 
INFO: cmn.c(133): CMN: 59.06 16.14 -12.39 38.67 -11.30 11.23 -13.26 -11.23 -10.54 -4.40 -0.65 -8.56  6.64 
INFO: cmn.c(133): CMN: 58.53 19.17 -10.58 29.35 -4.95 12.23 -18.51 -12.72 -12.65 -2.11  2.33 -5.74  9.25 
INFO: cmn.c(133): CMN: 62.12 17.42 -21.23 24.45 -26.32  1.74 -19.26 -13.34 -8.86 11.52 -2.02 -6.70 10.65 
INFO: cmn.c(133): CMN: 57.99 19.10 -16.30 22.37 -18.36  5.95 -4.80 -12.79 -4.00  0.47 -1.50 -8.00  2.93 
INFO: cmn.c(133): CMN: 64.90 17.41 -15.62 13.05 -1.22  7.13 -23.88 -11.73 -11.23 12.31  1.02 -4.20  2.97 
INFO: cmn.c(133): CMN: 60.33 22.79 -10.76 20.81 -12.57 17.90 -14.26 -23.23 -18.01 -0.91  6.13 -1.72 13.70 
INFO: cmn.c(133): CMN: 61.95 17.93 -16.51 17.68 -16.40 11.92 -14.24 -20.25 -6.70  8.63  4.29 -2.87  0.87 
INFO: cmn.c(133): CMN: 59.62 12.01 -9.83 45.24 -21.71  4.75 -4.67 -17.70 -10.89 -2.23  0.93 -7.45 12.44 
INFO: cmn.c(133): CMN: 58.36 12.19 -12.12 38.14 -6.25  4.76 -9.94 -21.42 -8.01 -9.56 -3.88 -4.64  4.63 
INFO: cmn.c(133): CMN: 63.33 22.78 -23.73 23.48 -11.53 13.48 -24.16 -15.98 -10.77  1.23  2.59  1.36 14.20 
INFO: cmn.c(133): CMN: 62.18 13.18 -19.39 20.09 -5.78  5.82 -20.05 -21.67 -4.59  4.56 -1.13 -4.41  8.46 
INFO: cmn.c(133): CMN: 61.16  9.84 -9.79 34.35  0.86  6.02 -11.93 -20.32 -2.34 -2.32  0.33 -1.37  7.55 
INFO: cmn.c(133): CMN: 60.63  6.77 -5.15 28.90 -9.26 -4.10 -16.70 -20.91 -9.00 -6.53 -4.43 -1.30  9.95 
INFO: cmn.c(133): CMN: 60.14 20.30 -15.80 28.96 -6.79  5.08 -11.22 -25.57 -2.75  1.30  3.69 -3.59  7.99 
INFO: cmn.c(133): CMN: 61.77 19.79 -11.18 25.81 -12.62 19.04 -10.73 -31.68 -14.22 -0.18  2.92 -1.10 11.69 
INFO: cmn.c(133): CMN: 61.04  9.67 -10.41 20.43  8.67  2.11 -26.70 -13.40 -4.51  0.23 -8.61  1.41  9.52 
INFO: cmn.c(133): CMN: 62.37 22.36 -20.23 20.62 -17.73  2.67 -17.22 -17.50 -6.04  2.07  4.34  1.90 16.66 
INFO: cmn.c(133): CMN: 68.81 21.78 -24.35 22.10 -20.80  7.97 -27.57 -16.48 -2.38 14.04 10.96  1.52  9.87 
INFO: cmn.c(133): CMN: 65.30 17.16 -20.76 32.82 -5.62  9.64 -29.83 -30.46 -6.05  6.63  2.92 -0.33  9.26 
INFO: cmn.c(133): CMN: 70.51 19.03 -22.18 22.01 -20.33 16.99 -29.32 -32.80 -4.30 10.70 10.96  1.62  6.32 
INFO: cmn.c(133): CMN: 65.54 23.13 -17.91 28.61 -22.64  4.50 -8.12 -26.33 -2.25  7.44 10.35 -1.65 12.09 
INFO: cmn.c(133): CMN: 64.94 14.70 -13.73 31.84 -26.01  3.24 -9.08 -26.65 -8.14 -2.88  0.45 -0.93 14.25 
INFO: cmn.c(133): CMN: 60.78 17.45 -17.83 40.69 -17.05 10.90 -13.50 -24.71 -2.01 -9.07 -2.25 -5.60  6.52 
INFO: cmn.c(133): CMN: 62.30 16.11 -11.25 28.52 -7.21 12.65 -22.35 -29.52 -7.80 -3.74  1.73  1.65  9.51 
INFO: cmn.c(133): CMN: 58.69 14.71 18.40  5.24 -7.76 14.55 -16.07 -0.71 -24.44  6.67 -2.30 15.74 -4.44 
INFO: cmn.c(133): CMN: 58.62 17.61 19.71 13.07 -12.70 23.35 -9.63 -1.27 -27.51 20.28 -13.10 15.09 -9.77 
INFO: cmn.c(133): CMN: 60.89 17.66 19.38 12.88 -8.47 20.51 -18.04  3.71 -28.19 25.58 -5.26 23.40  2.49 
INFO: cmn.c(133): CMN: 63.34 17.17  5.42  3.87 -6.68  6.09 -3.28  1.43 -24.35 11.75 -12.20 21.36  3.54 
INFO: cmn.c(133): CMN: 56.36 16.30 12.14  3.41 -0.55  2.02  5.77 -7.18 -15.86 16.59 -15.03  9.78 -3.59 
INFO: cmn.c(133): CMN: 66.41 12.54  7.89  8.75 -0.34 -6.46 -19.44 37.34 -12.72 25.91 -22.25 10.37 -2.41 
INFO: cmn.c(133): CMN: 63.42 18.15 11.86 -1.48  0.41 16.51 -23.73 25.76 -17.21 29.29 -13.96  9.65  2.81 
INFO: cmn.c(133): CMN: 62.07 16.69  6.44  2.27 -0.34 -5.66 -4.45 24.76 -13.20 24.32 -17.87  6.04  3.88 
INFO: cmn.c(133): CMN: 61.19  8.96 18.19 21.84 -19.77  5.07 -4.93 40.00 -31.70 19.81 -21.92  0.73 -8.28 
INFO: cmn.c(133): CMN: 61.22  2.28  9.64 24.67 -8.71 -2.25 -9.50 29.67 -28.01 16.18 -13.88  4.85 -0.93 
INFO: cmn.c(133): CMN: 61.81 19.69  8.63  1.62 -2.81  3.89 -6.77 14.75 -25.15 21.78 -17.54 12.26  8.12 
INFO: cmn.c(133): CMN: 64.95  9.36  5.81  2.25  4.21 -5.08 -10.88 17.19 -23.31 14.89 -18.42  6.27  9.92 
INFO: cmn.c(133): CMN: 61.22  8.49 16.13 17.41 -0.77 -0.11 -6.36 26.36 -32.22 25.31 -17.17  6.96 -0.41 
INFO: cmn.c(133): CMN: 59.64  6.27 19.38 11.66 -6.19 -1.70 -1.54 19.52 -40.24 18.90 -11.06  8.20  4.16 
INFO: cmn.c(133): CMN: 60.53 16.04 11.38 17.35 -4.55 -1.71 -5.86 11.41 -25.71 18.45 -10.35  5.14  2.96 
INFO: cmn.c(133): CMN: 60.88 18.07 11.93 -2.11  7.49  7.12 -21.18 22.83 -19.07 17.41 -5.82 -0.09  5.39 
INFO: cmn.c(133): CMN: 65.04  9.46  6.32 10.60  5.22 -7.88 -12.86 24.78 -24.38 14.76 -13.66  5.63 -4.60 
INFO: cmn.c(133): CMN: 60.90 17.14  3.42 -0.75 -2.39  6.75 -13.34 25.14 -23.63 17.31 -5.09  0.87  5.11 
INFO: cmn.c(133): CMN: 62.79 20.42  3.41  4.85 -14.10  2.62 -10.21 32.29 -26.42 21.55 -11.56  9.06  4.37 
INFO: cmn.c(133): CMN: 61.70 16.14  7.13 15.03  3.15 -1.45 -18.57 24.01 -21.82 19.26 -9.57  1.12  5.30 
INFO: cmn.c(133): CMN: 67.53 11.83  3.87  3.78 -0.52  2.17 -25.90 33.74 -14.64 29.67 -9.95 -5.31  5.43 
INFO: cmn.c(133): CMN: 62.96 15.89  6.44 13.16 -5.59 -0.70 -6.58 36.30 -10.78 22.21 -7.16 -9.66  4.54 
INFO: cmn.c(133): CMN: 61.47 15.14  4.17 -0.81 -1.82  0.25 -11.36 31.57 -16.51 12.04 -6.28 -9.11  0.74 
INFO: cmn.c(133): CMN: 60.96  8.98 10.79 22.68 -0.95 -3.66 -11.80 32.70 -23.80 21.42 -1.69 -4.65  2.84 
INFO: cmn.c(133): CMN: 60.98 11.59  8.94  8.75  1.39 -1.97 -21.40 30.20 -21.00 16.03 -8.74 -1.86 -0.88 
INFO: cmn.c(133): CMN: 69.70 19.14  0.81  0.22 -20.80  0.80  0.44  4.77 -15.50 -5.17  1.67 -1.08  2.30 
INFO: cmn.c(133): CMN: 66.52 17.90  4.15  4.67 -25.25  7.02  2.16 -0.45 -11.71 -2.10  0.58 -2.37  1.70 
INFO: cmn.c(133): CMN: 64.65 18.60 11.18  4.60 -23.23  9.08  3.55  2.60 -12.08 -3.55  2.39 -7.10  2.51 
INFO: cmn.c(133): CMN: 67.93 18.70 -3.47 -7.55 -22.74 -0.22 -5.74  7.16 -4.00 -0.23  5.44 -4.14 10.04 
INFO: cmn.c(133): CMN: 61.32 16.23 -3.43 -0.62 -12.52  4.82  0.26 -0.01  0.44  4.35 -2.59  1.00  4.28 
INFO: cmn.c(133): CMN: 73.88 16.44 -8.86 -2.08 -16.50 -5.13 -8.32 14.80 -5.96 -8.49 -8.49 -2.25  4.61 
INFO: cmn.c(133): CMN: 67.70 21.14  4.29 -9.60 -17.00  4.42 -0.08  2.54 -6.19  2.76  5.82  5.05  6.18 
INFO: cmn.c(133): CMN: 71.05 15.04 -7.29 -2.11 -13.65  2.88 -10.44 11.31 -3.34  6.07  4.29 -9.88  9.02 
INFO: cmn.c(133): CMN: 67.29 15.81 12.36 10.89 -39.57  3.16  3.65  4.91 -14.13  5.46  8.93 -10.02  8.96 
INFO: cmn.c(133): CMN: 63.76 13.14  3.18 14.16 -20.66 -3.49 -1.49  7.76 -11.51 10.00  6.82 -2.70  9.36 
INFO: cmn.c(133): CMN: 68.14 25.39 -3.71 -4.99 -25.15  0.64  3.67  5.46 -4.09  0.52 -1.89  3.10  7.14 
INFO: cmn.c(133): CMN: 69.68 19.12 -4.68 -0.18 -10.93 -2.99 -13.50 13.08  0.53 -5.08 -5.18  1.50  9.07 
INFO: cmn.c(133): CMN: 66.37 14.43  7.90 13.55 -19.79 -2.47 -2.77  5.23 -12.46  1.67 -10.01 -6.96  1.06 
INFO: cmn.c(133): CMN: 66.78 15.62  5.63  6.44 -30.56 -9.85  5.07  1.83 -17.01  2.44  2.58 -3.80  8.25 
INFO: cmn.c(133): CMN: 63.80 20.34  4.84  7.12 -15.60 -1.59 -0.42  7.15 -5.68  8.76  1.84  4.04  8.44 
INFO: cmn.c(133): CMN: 67.30 17.77  6.40 -6.71 -17.39  1.42 -0.83  3.09 -4.07 -4.20  0.58  5.82  3.00 
INFO: cmn.c(133): CMN: 65.77 13.75  2.02  7.47 -12.90 -10.33 -5.80 13.53 -12.70 -2.58 -10.56 -0.34  1.03 
INFO: cmn.c(133): CMN: 64.66 24.04 -2.17 -9.79 -31.10 -0.76  2.43  9.09 -10.12 -2.27 -1.84  5.68  4.85 
INFO: cmn.c(133): CMN: 71.76 20.54 -6.33 -6.43 -35.26 -5.94 -2.20 12.68 -6.85  5.82  4.07  3.15  9.74 
INFO: cmn.c(133): CMN: 66.41 17.25 -1.09  7.13 -12.19 -6.36 -9.67 11.49 -9.68 12.58  1.19  2.04  3.43 
INFO: cmn.c(133): CMN: 73.30 19.33 -6.21 -3.70 -22.73  1.53 -8.20 15.68 -4.89 10.61  2.84  1.39  4.54 
INFO: cmn.c(133): CMN: 66.30 17.17 -5.28  0.78 -19.62  7.18 -0.27 12.53 -12.87 11.89  4.80 -3.75  5.52 
INFO: cmn.c(133): CMN: 66.72 19.85 -3.77 -6.22 -32.73  2.44  3.09  0.83 -10.26  3.47  2.60 -0.72  4.66 
INFO: cmn.c(133): CMN: 64.23 14.35  6.52 10.34 -24.07  2.29  4.77  3.53 -9.98  8.98  2.03 -0.46  0.87 
INFO: cmn.c(133): CMN: 60.07 14.40 10.17  9.45 -12.10 -2.03 -6.44  3.72 -10.71  0.96 -0.04  3.08 -3.89 
INFO: cmn.c(133): CMN: 66.89  9.21  8.43  7.27 -14.93 -1.53 -16.42  5.25 -13.24 12.92 -0.29  5.78 -1.29 
INFO: cmn.c(133): CMN: 68.20  7.41  4.42 11.78 -19.83  4.11 -12.06  0.70 -13.46 16.55 -2.40 -0.38 -4.98 
INFO: cmn.c(133): CMN: 64.21 12.05  4.13 13.48 -22.17  9.37 -14.67  6.88 -14.09 22.73  1.42  7.77  1.83 
INFO: cmn.c(133): CMN: 66.61 12.74 -6.49  1.27 -21.25 -4.36 -13.44 16.50 -7.89 16.94 -0.68  4.33 10.39 
INFO: cmn.c(133): CMN: 61.17 10.48  1.26  0.11 -8.13  2.00 -10.58  3.14 -6.90 19.28  3.68  3.05  2.96 
INFO: cmn.c(133): CMN: 66.33  8.15 -5.77  7.63 -9.24 -7.13 -12.48  5.69 -2.03  9.69 -3.86  2.24  0.47 
INFO: cmn.c(133): CMN: 64.67 14.97  1.98  2.15 -20.76  1.87 -12.17  5.15 -6.99 23.92  2.57  8.50  6.51 
INFO: cmn.c(133): CMN: 62.96 12.30 -0.52  5.15 -11.48 -8.83 -10.10 -0.21 -6.67 18.86  0.20  5.81  3.25 
INFO: cmn.c(133): CMN: 67.52  6.67  7.83 13.73 -32.86  3.99 -12.70  8.58 -25.51 26.79  0.18  5.26  7.24 
INFO: cmn.c(133): CMN: 64.23  8.00  3.20 25.11 -26.15 -0.53 -23.65 12.94 -30.13 22.75  1.09  3.47 13.67 
INFO: cmn.c(133): CMN: 61.90 10.68 -5.49  5.25 -18.79  3.23 -7.02  8.03 -8.01  4.68 -3.23 -0.82 -0.49 
INFO: cmn.c(133): CMN: 62.23  5.98 -6.13  3.54 -9.79 -3.57 -10.93  4.39 -6.06  8.79 -3.43  4.44  5.04 
INFO: cmn.c(133): CMN: 62.16  4.79  4.18 13.74 -15.56 -3.70 -11.45  5.13 -16.81  5.83 -4.08  3.92  2.27 
INFO: cmn.c(133): CMN: 57.04  6.99  5.43  2.53 -18.55 -2.87 -13.11  4.93 -18.81 12.95 -1.52  9.73  1.47 
INFO: cmn.c(133): CMN: 62.99 13.47  1.49 12.65 -21.68  0.54 -5.39  7.52 -8.81 15.33  3.23  3.98 11.88 
INFO: cmn.c(133): CMN: 67.05 14.26 -0.71  7.83 -22.43 -0.28 -13.26  2.44 -9.77 22.30  3.79  4.80  8.45 
INFO: cmn.c(133): CMN: 66.86  4.69  3.56 14.52 -17.44 -12.55 -9.58 -0.72 -13.37  5.95 -2.92  4.75  3.84 
INFO: cmn.c(133): CMN: 67.36 13.63 -2.28  1.66 -29.93 -3.03 -2.31 10.09 -3.75  4.30  6.42  2.04  4.37 
INFO: cmn.c(133): CMN: 70.53 12.27 -5.96  7.46 -33.30 -2.17 -0.97 24.41 -1.34  8.44  3.93  4.69  9.17 
INFO: cmn.c(133): CMN: 63.76 15.05  3.26 11.64 -17.25 -2.05 -13.24  5.03 -10.93 18.59 -1.24  1.85 10.02 
INFO: cmn.c(133): CMN: 68.60 15.15 -3.81  2.66 -24.22  1.36 -13.62  1.20 -4.42 17.94 -2.20 -0.10  7.72 
INFO: cmn.c(133): CMN: 64.56 12.81  2.09  9.61 -22.52 -0.61 -2.99  1.34 -7.08 12.40 -2.37 -0.47  4.39 
INFO: cmn.c(133): CMN: 64.21 16.74 -1.90  2.25 -29.14 -4.71 -7.74  5.56 -12.90 11.49  3.63  2.35 14.78 
INFO: cmn.c(133): CMN: 62.32  8.34 10.24 19.09 -27.49 -1.76 -5.23  8.90 -11.75 15.26  0.96  2.38  9.21 
INFO: cmn.c(133): CMN: 62.20  9.49  3.94 13.40 -17.84 -4.85 -11.65  7.20 -7.52 13.01 -2.19  1.40  3.86 
INFO: cmn.c(133): CMN: 67.27 12.53  3.91 -5.64 -8.50 -15.19 -4.90 10.09 -16.63  1.09 -3.12  0.39  3.15 
INFO: cmn.c(133): CMN: 70.61 20.88 -3.49  7.37 -5.55 -23.42  0.10 13.20 -24.40  3.00 -4.90  5.37  8.08 
INFO: cmn.c(133): CMN: 70.21 19.67 -4.26  6.92 -16.41 -6.98  1.79  9.34 -20.30 -2.43 -2.94  3.14 13.47 
INFO: cmn.c(133): CMN: 67.63  9.72 -12.20 -2.75 -13.32 -4.65 -9.17  9.76 -5.32  6.49 -10.33  0.60  1.40 
INFO: cmn.c(133): CMN: 67.40 18.21 -6.79  7.45 -7.55 -9.79 -4.31 -1.36 -17.80  0.41  3.36 -6.01  5.19 
INFO: cmn.c(133): CMN: 66.48 22.73  0.18 -0.44 -17.55 -12.30  2.71 11.68 -17.48  3.91 -4.44  2.92 -2.83 
INFO: cmn.c(133): CMN: 70.10 12.48 -0.45  4.15 -14.78 -13.45 -4.99  5.43 -8.04 -1.42 -2.82  2.81 -3.28 
INFO: cmn.c(133): CMN: 62.67 11.72  0.39 10.32 -5.30 -6.80 -2.60  7.47 -0.44 -2.44  1.98  4.41 -4.17 
INFO: cmn.c(133): CMN: 63.96 11.26 -8.00 12.66 -8.29 -8.64 -7.23  0.85 -6.88  1.83 -6.11 -0.79 -3.69 
INFO: cmn.c(133): CMN: 68.13 24.79 -5.35  0.56 -19.33 -21.58 -0.15 10.27 -17.05 -0.34 -7.24  6.02  1.58 
INFO: cmn.c(133): CMN: 67.38  4.32 -0.12 -11.94 -8.45 -9.76 -11.87  8.59 -5.27  7.73  3.21 -4.35 -0.12 
INFO: cmn.c(133): CMN: 68.75  2.11  3.53  6.53 -1.58 -6.36 -10.64 11.61 -6.41  0.06  7.11 -0.56  0.48 
INFO: cmn.c(133): CMN: 68.23  2.19  6.12 -6.65 -1.14 -13.53 -8.70  7.28 -14.15 -3.94  0.92 -1.53 -1.19 
INFO: cmn.c(133): CMN: 64.00 21.01  2.76 -1.14 -1.51 -20.05  1.88 15.59 -13.69 -6.64  4.18 -2.03  2.28 
INFO: cmn.c(133): CMN: 67.36 14.54 -0.51 -7.02 -24.74 -8.63  2.04 -3.82 -9.33 -2.65  7.46  0.21  7.87 
INFO: cmn.c(133): CMN: 72.34  2.01 -2.48  9.12 -8.16 -19.47 -2.77  5.30 -8.50  3.87 -3.87  3.59  6.23 
INFO: cmn.c(133): CMN: 65.43 18.21 -3.66 -2.29 -14.57 -18.31 -8.08 11.04 -13.15  5.93 -0.67 -0.96  3.15 
INFO: cmn.c(133): CMN: 68.37 14.14 -10.23 -4.06 -15.89 -12.85 -9.11 10.67 -14.77  6.99 -0.28 -1.83 -2.13 
INFO: cmn.c(133): CMN: 67.33 18.52 -5.60 -1.43 -3.52 -4.18 -6.88  4.12 -13.09  5.12  6.58 -4.27  3.43 
INFO: cmn.c(133): CMN: 67.41 20.38 -2.84 -6.50 -12.74 -11.85 -3.96  2.45 -19.98  8.17  2.59  3.16 -0.58 
INFO: cmn.c(133): CMN: 64.25 20.22 -0.60  9.18 -12.96 -25.70  5.98 11.26 -12.84 -7.76 -7.85  3.73  6.55 
INFO: cmn.c(133): CMN: 63.92  9.70 -6.87  3.58 -18.15 -17.05 -1.86  1.21 -9.60  3.97 -8.05  3.20 -2.23 
INFO: cmn.c(133): CMN: 64.27 12.72 -4.31  9.88  5.98 -11.34 -6.98  4.30 -12.04 -6.55 -1.27 -4.78 -0.50 
INFO: cmn.c(133): CMN: 67.73 14.38 -5.66  8.30 -7.96 -11.43 -4.28  6.91 -15.32  5.17 -1.77 -0.63  2.71 
INFO: cmn.c(133): CMN: 68.09  8.03 12.44  5.59 -6.22 -11.97 -12.87 -9.35 -23.33 -9.32  3.73 -6.02 10.94 
INFO: cmn.c(133): CMN: 68.29  9.44  6.97 12.23 -7.61 -4.72 -9.10 -6.91 -21.08 -13.40  2.24 -1.38  6.64 
INFO: cmn.c(133): CMN: 67.66  6.17 13.94 18.62 -10.90 -4.55 -4.72 -7.58 -22.04 -14.46 -2.18  0.49  9.06 
INFO: cmn.c(133): CMN: 68.58  8.28  8.52  7.10 -15.17 -6.90 -20.41 -15.51 -10.70  2.98 -6.02 -9.91  1.64 
INFO: cmn.c(133): CMN: 67.47 11.20  9.49 -1.72 -17.21 -7.53 -6.93  0.99 -16.99 -0.19  1.18 -2.81  1.39 
INFO: cmn.c(133): CMN: 75.47  1.32  3.31  9.91 -2.20 -16.39 -35.50 -7.12 -9.43  9.61  4.08  6.35  0.50 
INFO: cmn.c(133): CMN: 72.04 11.60  7.87  6.66 -11.73 -4.43 -22.85 -19.70 -27.36 -4.87  8.48  2.04 12.56 
INFO: cmn.c(133): CMN: 73.55  8.54  7.04  3.02 -9.09 -12.22 -24.74 -5.95 -17.99  3.29  7.41 -7.08  3.90 
INFO: cmn.c(133): CMN: 67.11  5.53 14.94 14.29 -11.68 -21.06 -28.40  5.30 -17.19  4.46 -0.14 -3.97  2.93 
INFO: cmn.c(133): CMN: 67.42  1.78  8.84  6.86  5.57 -15.71 -23.59 -2.18 -17.96 -0.69  1.20 -4.16  5.23 
INFO: cmn.c(133): CMN: 69.77  9.74  7.80  2.10 -10.57 -15.51 -28.41 -7.33 -22.54  3.36  7.28 -5.44  4.99 
INFO: cmn.c(133): CMN: 74.72  4.15  2.06  1.50 -8.87 -8.48 -35.95 -4.46 -23.02  5.42 16.19 -10.56  7.53 
INFO: cmn.c(133): CMN: 74.72  4.15  2.06  1.50 -8.87 -8.48 -35.95 -4.46 -23.02  5.42 16.19 -10.56  7.53 
INFO: cmn.c(133): CMN: 68.91  1.40 14.47 10.08 -8.85 -17.23 -31.09 -3.96 -17.20 -5.23  7.07 -5.28  4.97 
INFO: cmn.c(133): CMN: 72.08  9.74  4.08  4.54 -1.87 -10.13 -22.12 -4.01 -24.06 -9.63 14.20 -5.72 -4.88 
INFO: cmn.c(133): CMN: 70.92 11.43  4.57  7.49 -12.12 -8.07 -17.60 -16.94 -29.59 -1.01 11.77  2.25  4.04 
INFO: cmn.c(133): CMN: 70.38  2.00  9.25 12.03  7.66 -22.86 -28.04 -0.17 -28.54 -0.11  0.11 -6.65  4.26 
INFO: cmn.c(133): CMN: 66.77 13.47  7.47  1.00 -13.79 -19.53 -16.32 -1.26 -25.41  4.89  1.90 -7.40  7.89 
INFO: cmn.c(133): CMN: 68.66  7.89 12.00  4.21 -16.56 -20.77 -24.11  5.75 -23.51 12.06  8.08 -16.96  6.76 
INFO: cmn.c(133): CMN: 71.76 10.13  1.49  9.14  1.79 -13.85 -31.25 -13.66 -24.40 -6.44 16.09 -2.87  3.69 
INFO: cmn.c(133): CMN: 72.17  9.29  4.44 -2.63 -11.75 -10.80 -23.47 -14.94 -24.27 -0.92 17.74 -7.85 -4.21 
INFO: cmn.c(133): CMN: 67.99 10.75  4.39 11.27 -11.85 -16.52 -5.65 -4.87 -23.97  0.37  8.34 -8.99 -5.51 
INFO: cmn.c(133): CMN: 63.65 10.30 12.78  7.80 -18.84 -23.11 -9.96  1.67 -18.09  2.17  1.92 -16.09 -4.64 
INFO: cmn.c(133): CMN: 66.20  7.70  5.40 13.60  0.82 -14.81 -15.23 -1.41 -21.41 -7.37  7.32 -7.35 -5.63 
INFO: cmn.c(133): CMN: 67.47  7.56  6.95 16.21  1.44 -13.32 -23.25 -11.72 -24.38 -1.53  5.57 -5.21  5.75 
INFO: cmn.c(133): CMN: 63.39  9.94 -0.31  4.21 -10.21 -7.36 -5.20 -0.29 -14.94  4.23 -2.61  2.61  3.22 
INFO: cmn.c(133): CMN: 64.02 10.27 -2.44  7.35 -14.18  6.73 -2.72  6.66 -21.32  9.92  4.53 -0.03 13.68 
INFO: cmn.c(133): CMN: 62.57 14.35 -3.14 12.72 -20.05 11.41 -5.72  5.09 -14.65  3.91  6.19 -3.11 14.84 
INFO: cmn.c(133): CMN: 67.07 13.19 -13.03  3.56 -17.06 -8.49 -12.05  4.90 -2.66  3.14 -11.58  3.44  6.41 
INFO: cmn.c(133): CMN: 61.78 13.84 -7.30 -1.39 -13.81 10.32 -10.85  8.96 -10.26 10.91 -4.11 -7.95  4.26 
INFO: cmn.c(133): CMN: 70.73  4.25 -2.91  1.49 -10.60  1.63 -20.06 11.53  1.23 10.07 -2.81  2.57  9.42 
INFO: cmn.c(133): CMN: 64.25 15.63 -1.38 -2.84 -22.97 14.80 -15.81 -0.22 -11.09  7.37  7.47 -1.80 14.75 
INFO: cmn.c(133): CMN: 66.04  7.79 -1.59 -1.31 -16.64  7.11 -17.31  2.41 -2.58 15.46 -4.71 -0.40  0.90 
INFO: cmn.c(133): CMN: 65.56  5.40  3.16 12.07 -20.28  7.28 -8.41  4.73 -9.93  2.61 -1.39 -4.67 17.12 
INFO: cmn.c(133): CMN: 66.24  4.18 -0.06 15.84 -20.01  6.02 -9.76  7.35 -9.80  4.40  9.26 -6.25 21.09 
INFO: cmn.c(133): CMN: 71.04 14.47 -10.42 -2.63 -16.90 -2.34 -11.77  9.56 -7.00  8.25 -1.92  6.60  7.63 
INFO: cmn.c(133): CMN: 71.10  5.79 -8.48  1.72 -16.62  4.62 -14.39  6.67 -2.94  2.11 -7.28 -0.88  9.47 
INFO: cmn.c(133): CMN: 70.34 -1.72  1.97 11.43 -14.01 13.13 -7.54 -1.98 -6.66  6.43  0.36 -2.45 16.45 
INFO: cmn.c(133): CMN: 68.05  1.64  5.28  4.07 -22.42  1.98 -10.53 -2.96 -18.14 -2.22 -2.50 -3.08 12.81 
INFO: cmn.c(133): CMN: 69.04 14.18 -7.22 10.72 -18.06  8.64 -13.26  3.52 -6.86  2.73  3.23 -6.70 17.84 
INFO: cmn.c(133): CMN: 64.66 12.78 -3.38  3.08 -16.99  9.20 -8.34 -5.73 -8.26  0.03  2.21  0.16 10.67 
INFO: cmn.c(133): CMN: 66.83 -0.24  4.00 10.69 -13.95  1.66 -4.89 -3.29 -11.23  8.26 -7.99 -4.17 11.79 
INFO: cmn.c(133): CMN: 66.46 15.13 -4.93 -1.62 -22.57 -2.09 -16.42  9.09 -5.79  5.97 -0.85  3.84  9.68 
INFO: cmn.c(133): CMN: 69.14 10.84 -5.07 -1.77 -23.15 -4.74 -17.43 13.45 -1.16 10.51 -1.04  1.24 12.50 
INFO: cmn.c(133): CMN: 66.65 13.27 -4.84  4.81 -15.15 11.83 -20.44 -1.26 -11.19  8.42  1.59 -3.67  7.75 
INFO: cmn.c(133): CMN: 69.41 14.43 -10.70  0.58 -28.76 10.22 -11.62 -12.86 -0.97 13.40  0.25 -3.84  6.23 
INFO: cmn.c(133): CMN: 63.21 17.15 -5.78  4.91 -20.60  7.75 -3.13  1.17 -9.51  8.09 -0.32 -7.44  9.19 
INFO: cmn.c(133): CMN: 65.54 11.74 -6.60  2.34 -30.25 -0.35 -9.10 -0.17  0.27  5.25 -5.41 -4.14 10.48 
INFO: cmn.c(133): CMN: 63.53  8.36 -3.21 17.33 -14.89 10.36 -9.26  5.46 -9.43  4.88 -0.29 -1.62 10.38 
INFO: cmn.c(133): CMN: 63.14  1.94 -6.32  8.19 -14.18  6.34 -10.43  0.48 -3.37  2.37  1.82  3.77  7.89 
INFO: cmn.c(133): CMN: 63.08  9.19 -6.00  5.39 -26.74  3.78 -6.54 -4.82 -8.38 14.95  0.42  6.99  3.19 
INFO: cmn.c(133): CMN: 65.56  8.31 -6.66 13.86 -29.81 10.21 -7.82 -4.35 -12.83 19.60  0.12  6.99  4.96 
INFO: cmn.c(133): CMN: 66.56  9.38 -4.66 13.24 -32.21  9.26 -10.38  1.28 -14.86 22.94  1.09  8.68 12.92 
INFO: cmn.c(133): CMN: 65.81  5.48 -20.83  5.93 -28.60  4.19 -5.60  0.17 -0.68  4.47 -3.63 -1.82  6.53 
INFO: cmn.c(133): CMN: 65.22  4.26 -11.75 10.05 -29.52  6.14 -5.31  0.23 -1.66  8.11 -8.73 -4.39 -1.48 
INFO: cmn.c(133): CMN: 72.93  3.84 -10.88  7.25 -15.82  7.17 -22.20 19.07 -5.48 18.15 -3.25  6.66  2.37 
INFO: cmn.c(133): CMN: 73.65 11.34 -11.20  1.02 -34.09 14.84 -14.84 -2.05 -6.24 27.74 -1.95  4.93 13.11 
INFO: cmn.c(133): CMN: 72.11 10.42 -18.82  4.75 -24.50  4.71 -11.12  1.95  4.13 14.16  0.38 -2.28 10.30 
INFO: cmn.c(133): CMN: 72.62  5.33 -13.67 12.10 -26.97  3.46 -2.28  3.85 -6.81 22.18  0.88  1.10 -2.77 
INFO: cmn.c(133): CMN: 69.98  2.05 -7.08 19.39 -27.68 -4.19 -11.07  3.38 -12.10 21.34 -0.16  6.10 -0.00 
INFO: cmn.c(133): CMN: 71.88 12.09 -17.29  6.42 -26.71 12.82 -9.56  6.11 -4.03 12.11  6.50  2.77 11.41 
INFO: cmn.c(133): CMN: 72.75  4.87 -23.19  6.26 -18.95 -1.72 -18.47 10.21 -1.37 12.56  1.74 -0.99 12.47 
INFO: cmn.c(133): CMN: 72.91  2.66 -11.03 17.56 -20.71 -3.80 -7.85  1.29 -2.08 13.86 -4.19  1.20 -6.83 
INFO: cmn.c(133): CMN: 70.41  2.95 -1.85  9.37 -27.02 -3.79 -3.89  1.97 -11.07 14.41 -0.24  6.31  1.22 
INFO: cmn.c(133): CMN: 71.82 10.56 -15.99  8.52 -21.51  5.10 -7.67  2.33 -5.68 16.39  0.79  2.52 15.14 
INFO: cmn.c(133): CMN: 72.60 12.55 -12.29  1.09 -30.31  9.35 -14.19  0.08  0.47 19.36  1.53  8.79 11.61 
INFO: cmn.c(133): CMN: 72.40  4.76 -8.99 11.51 -18.79 -8.72 -6.60  6.55 -6.27 15.94  1.53  9.93  3.90 
INFO: cmn.c(133): CMN: 70.09 11.28 -18.00 -3.20 -24.02  7.88 -3.41  7.53  0.34  5.41  8.93  2.04  7.49 
INFO: cmn.c(133): CMN: 71.10  7.03 -18.33 -0.60 -25.17  8.16 -6.93 17.24 -0.58  6.60  4.75 -0.01  6.37 
INFO: cmn.c(133): CMN: 73.37 10.20 -17.82  9.54 -20.08  8.55 -21.97  2.37 -3.24 14.24  2.46  3.69 13.72 
INFO: cmn.c(133): CMN: 75.04 11.34 -21.21 -1.09 -24.59 10.13 -18.22  4.16  0.61 20.81  2.28 -5.12 15.49 
INFO: cmn.c(133): CMN: 71.97 11.39 -13.23  3.35 -18.84  5.80 -5.25  6.79 -7.78 15.78 -4.32  0.37 12.44 
INFO: cmn.c(133): CMN: 68.87 10.45 -12.72 -0.24 -22.93  7.76 -2.79  4.11  0.49 14.12 -0.44  4.17  6.74 
INFO: cmn.c(133): CMN: 71.44  1.90 -9.39 10.82 -23.10  6.92 -11.57  6.54 -8.77 12.27 -0.49  3.27 -0.22 
INFO: cmn.c(133): CMN: 75.09  6.06 -10.85  5.91 -21.35 14.20 -21.25  4.84 -0.00  7.67 -1.31 10.69  8.21 
INFO: cmn.c(133): CMN: 67.11 11.24 -10.34  6.16 -27.34  2.11 -11.62  1.06 -14.49  0.45 -3.46  0.10  1.84 
INFO: cmn.c(133): CMN: 65.59 12.36 -9.23 11.49 -29.44 15.39 -9.89  0.84 -18.48 12.29 -2.50  0.43  4.77 
INFO: cmn.c(133): CMN: 63.48  9.64 -5.63 15.42 -25.36  8.14 -5.03 -1.55 -15.90 12.43 -4.47  0.92  3.43 
INFO: cmn.c(133): CMN: 65.63  9.92 -14.56  1.63 -27.02  4.25 -14.22 -1.21 -6.10  2.79 -0.06 -0.01 11.02 
INFO: cmn.c(133): CMN: 64.39 12.77 -14.25  2.67 -22.20  9.19 -15.43  3.42 -13.75 11.87 -0.43 -2.91 11.76 
INFO: cmn.c(133): CMN: 69.05  8.25 -14.83  0.20 -24.00  3.22 -16.28  2.48 -2.99  0.44 -12.95 -2.64  1.53 
INFO: cmn.c(133): CMN: 67.56 16.88 -11.78  5.46 -32.23 13.49 -12.54 -8.31 -5.14  5.04  2.40  9.19 14.09 
INFO: cmn.c(133): CMN: 67.80 11.55 -19.36  8.31 -30.44  9.42 -9.06 -6.44 -2.85  8.33 -5.45 -3.81 10.76 
INFO: cmn.c(133): CMN: 67.42  0.92 -3.99 10.34 -30.10  7.11 -0.62 -10.26 -10.28  6.53 -1.09 -2.84  3.99 
INFO: cmn.c(133): CMN: 64.29  3.29 -5.43  3.34 -24.55  1.19 -1.20 -1.68 -12.62  4.70 -2.71 -2.74 -4.99 
INFO: cmn.c(133): CMN: 65.34 14.23 -14.69  4.20 -28.62 13.04 -15.62  6.54 -8.57  9.21 -2.50  3.81  5.95 
INFO: cmn.c(133): CMN: 65.84  8.79 -10.16  1.05 -19.18  0.10 -22.76  4.74 -9.68  2.89 -6.51  3.40  8.24 
INFO: cmn.c(133): CMN: 66.51  5.73 -7.61  8.19 -15.54  8.18 -13.96  9.20 -10.21  3.33 -8.53 -3.66  1.93 
INFO: cmn.c(133): CMN: 63.91  3.69 -0.13 -1.84 -26.05  3.40 -11.95 -0.99 -13.99  3.99 -2.29  3.66  1.57 
INFO: cmn.c(133): CMN: 65.31 14.93 -5.29  8.81 -25.15 10.17 -13.76  4.75 -3.86  8.53 -1.75  0.01 12.83 
INFO: cmn.c(133): CMN: 64.36 18.56 -8.51  3.81 -21.32 11.57 -8.98 -11.39 -5.60 -1.41 -6.95  4.99  9.40 
INFO: cmn.c(133): CMN: 63.83  8.29 -2.13  7.46 -18.69 -4.26 -7.82 -4.24 -6.61 -0.27 -7.70 -0.46  6.66 
INFO: cmn.c(133): CMN: 66.58 11.83 -12.80  2.11 -28.14  7.26 -8.45 -6.48 -5.82  8.04  1.79  5.77 11.53 
INFO: cmn.c(133): CMN: 65.91  8.20 -12.66  4.57 -29.98  7.20 -7.63 -4.83  3.53  3.03  0.32  3.87  9.08 
INFO: cmn.c(133): CMN: 65.75 12.20 -9.27 12.34 -21.42  7.32 -16.69 -5.14 -4.52  0.50 -4.09  6.41 12.16 
INFO: cmn.c(133): CMN: 61.77 12.00 -10.91 -0.45 -24.59  9.17 -14.74 -6.27 -0.73  4.96 -4.60  5.74  6.59 
INFO: cmn.c(133): CMN: 59.78  7.04 -5.09  8.42 -27.01  8.26 -7.36  1.13  0.12  3.52 -6.87  3.74  5.54 
INFO: cmn.c(133): CMN: 65.57  9.09 -9.72  0.70 -28.13  4.37 -5.76 -4.55 -9.36  5.30  4.94 -3.30  2.59 
INFO: cmn.c(133): CMN: 63.68  4.35 -7.84 10.29 -16.02  3.06 -6.17  1.87 -10.34  7.49  0.26  2.20  4.25 
INFO: cmn.c(133): CMN: 63.20 11.08 -6.57 11.88 -14.65  0.88 -10.82 -4.98 -14.60  4.63 -5.15 11.46  3.88 
INFO: cmn.c(133): CMN: 66.61  6.22  2.10 17.54 -7.09  5.71 -13.56 -12.31 -23.86 -17.33 10.90 -9.18 -6.71 
INFO: cmn.c(133): CMN: 61.02 11.74 -4.35 21.18 -6.87 13.68 -13.87 -12.68 -18.27 -10.20  2.76 -6.01 -6.18 
INFO: cmn.c(133): CMN: 65.75 11.60 -4.51 22.57 -9.36 17.88 -22.08 -6.17 -37.41 -16.18 10.98 -9.00 -4.64 
INFO: cmn.c(133): CMN: 64.20 13.50 -8.53 17.64 -21.71 15.40 -26.91 -3.88 -16.60  3.43 11.65 -3.41  0.69 
INFO: cmn.c(133): CMN: 58.21 13.21  3.33 14.63 -9.23 14.87 -15.48 -0.81 -19.55  4.03  8.68 -11.51 -2.07 
INFO: cmn.c(133): CMN: 67.53  9.90 -6.02 -0.78 -9.08 10.76 -30.69 -0.43 -14.41 -1.01  4.51  2.20 -4.81 
INFO: cmn.c(133): CMN: 63.83 18.84 -0.69  6.60 -20.31 26.59 -16.02 -4.89 -30.51 -4.70  9.12  8.61 -4.12 
INFO: cmn.c(133): CMN: 69.03 13.62 -4.86  9.18 -23.94 19.57 -21.49 -3.03 -20.81 -3.43 12.89  0.95 -5.01 
INFO: cmn.c(133): CMN: 65.23  7.28  0.16 39.65 -10.23 20.86 -25.59 -3.83 -10.94 -14.55 12.20  7.58 -4.76 
INFO: cmn.c(133): CMN: 64.40  0.59  3.07 18.94 -4.86 15.19 -26.19  0.13 -16.97 -10.71  8.87  0.52 -2.94 
INFO: cmn.c(133): CMN: 66.20 17.24 -10.87  5.38 -14.41 18.37 -22.10 -5.32 -23.31 -0.42  5.07  0.90  1.92 
INFO: cmn.c(133): CMN: 67.04  8.45 -6.07  2.70 -8.82 13.16 -32.86 -6.70 -15.16  2.83  5.98 -2.25  6.31 
INFO: cmn.c(133): CMN: 64.66  8.05  0.48 18.04 -6.72 10.94 -24.87 -2.03 -17.42 -6.61  5.17 -1.13  5.39 
INFO: cmn.c(133): CMN: 65.77  2.01  0.83 18.38 -10.21  9.13 -25.82 -1.82 -16.73 -8.76  6.74 -7.70  4.15 
INFO: cmn.c(133): CMN: 60.97 14.03 -1.47 15.91 -10.19 16.61 -23.98 -2.22 -17.13 -4.07  5.61 -7.30  2.14 
INFO: cmn.c(133): CMN: 61.44 13.38  1.01 11.45 -9.70 22.54 -21.38 -11.31 -19.82  5.52 10.81 -1.23  3.91 
INFO: cmn.c(133): CMN: 62.94  4.16 -1.91  9.81  2.60  2.70 -26.45 -2.27 -9.76  4.41 -0.34 -9.40  0.74 
INFO: cmn.c(133): CMN: 62.43 14.43 -8.56  4.86 -7.79  9.57 -22.52 -0.90 -19.56  6.98  8.01 -2.73 -0.54 
INFO: cmn.c(133): CMN: 60.84 13.68 -9.34  7.59 -18.66  9.25 -11.43  3.40 -17.67 -0.42  8.61  5.58 -8.56 
INFO: cmn.c(133): CMN: 62.65 13.21 -3.27 14.55 -9.09 22.85 -21.33 -4.03 -19.66  0.68 10.71  3.79 -6.37 
INFO: cmn.c(133): CMN: 65.63 16.00 -5.28  7.69 -19.10 20.67 -30.13 -11.40 -19.11 -0.28 11.51  4.36 -4.15 
INFO: cmn.c(133): CMN: 61.61 15.28  0.23 13.07 -17.80 17.04 -24.10  4.97 -23.20 -6.22  9.43 -2.71 -3.79 
INFO: cmn.c(133): CMN: 61.22 13.16 -5.32 14.56 -17.42 12.78 -19.75 -3.55 -11.99 -4.84 10.35  0.60 -4.81 
INFO: cmn.c(133): CMN: 59.15  4.45  2.60 16.95 -0.80 13.24 -20.28  0.49 -19.29 -6.63  0.22 -6.80 -0.11 
INFO: cmn.c(133): CMN: 60.67  5.57  5.52 13.07 -5.78 22.38 -26.61 -1.77 -20.06  1.54  7.51 -5.27  3.11 
INFO: cmn.c(133): CMN: 71.78 10.09 -3.30 -0.26 -27.68  6.92 -5.97  2.78 -13.09  8.34 -8.33  1.12 -8.91 
INFO: cmn.c(133): CMN: 71.41  8.22 -3.41  4.69 -29.57 12.56 -5.96  2.99 -14.26  4.27 -12.11 -2.64 -11.85 
INFO: cmn.c(133): CMN: 70.49  8.40  0.65  7.87 -25.60 13.38 -10.11  8.09 -11.95 11.01 -5.59 -1.36 -8.59 
INFO: cmn.c(133): CMN: 69.21  8.23 -13.33 -11.45 -25.98  9.36 -10.81 13.51 -4.11 10.41  0.30  4.11  4.26 
INFO: cmn.c(133): CMN: 65.63  6.69 -8.39 -1.05 -20.59  9.92 -3.85  3.85 -9.11  6.00 -8.02 -6.31 -2.76 
INFO: cmn.c(133): CMN: 75.40  1.78 -12.53  1.43 -17.84  3.14 -11.37 15.66 -2.75 -0.06 -8.49 -1.23 -8.42 
INFO: cmn.c(133): CMN: 71.62 12.23 -6.39 -2.06 -27.81 11.47 -8.81  8.94 -6.07 15.32  0.97  4.55 -0.97 
INFO: cmn.c(133): CMN: 64.15  5.87 -11.34 -1.59 -16.35  5.73 -6.38 -2.52 -4.48  9.93  0.89  3.31 -4.94 
INFO: cmn.c(133): CMN: 72.87  1.14  0.52 -1.78 -32.99 11.95 -9.35  6.56 -8.19  9.96 -10.36 -1.69 -15.87 
INFO: cmn.c(133): CMN: 68.97  0.85 -2.95  5.86 -24.04  8.53 -9.20  2.57 -15.76  2.86 -12.97 -4.86 -18.17 
INFO: cmn.c(133): CMN: 72.88 12.32 -14.55 -1.88 -32.43 11.96 -4.79  8.03 -6.88 -0.62 -9.13 -7.45 -8.12 
INFO: cmn.c(133): CMN: 72.04  2.72 -13.27 -3.37 -17.84  4.33 -12.10  8.61  0.28  0.29 -0.78  2.87  0.92 
INFO: cmn.c(133): CMN: 73.28  2.43 -2.87  7.45 -22.23  7.90 -7.43  5.90 -11.17  1.98 -15.75 -5.03 -11.44 
INFO: cmn.c(133): CMN: 72.56 -1.11  0.22 -0.78 -29.19  0.59 -5.60  2.63 -10.82  9.12 -5.92 -3.00 -6.88 
INFO: cmn.c(133): CMN: 68.82 10.04 -4.65  9.02 -23.09 11.06 -2.86  5.76 -7.29  5.87 -12.61  1.80 -1.00 
INFO: cmn.c(133): CMN: 69.60 11.95 -9.31 -1.35 -25.17 12.20 -7.78  4.05 -2.85 10.75 -3.88  0.19 -1.98 
INFO: cmn.c(133): CMN: 70.80  2.55  0.01  6.88 -17.65 -1.66 -7.05  0.98 -8.65  1.26 -4.15  2.18 -2.51 
INFO: cmn.c(133): CMN: 67.37  8.82 -9.30 -1.94 -30.23  4.55 -5.69  8.25 -2.91  1.89 -4.50 -5.32 -1.50 
INFO: cmn.c(133): CMN: 69.36  6.25 -10.00 -6.32 -26.32  3.33 -6.98  9.21 -0.21  6.04 -5.80 -5.91 -2.60 
INFO: cmn.c(133): CMN: 69.47 11.43 -6.83  9.26 -20.64  9.31 -15.24  9.61 -4.71 14.76 -1.97  4.74  2.43 
INFO: cmn.c(133): CMN: 71.65  9.46 -12.36 -5.65 -21.98  6.67 -17.10  9.85 -4.74 13.01 -3.82 -1.94  0.18 
INFO: cmn.c(133): CMN: 71.66  9.45 -12.36 -5.65 -21.98  6.67 -17.10  9.86 -4.75 13.02 -3.83 -1.92  0.16 
INFO: cmn.c(133): CMN: 68.52  8.60 -11.16 -8.90 -26.80 14.30 -4.78  4.59 -6.19  9.53 -2.76  3.85 -0.19 
INFO: cmn.c(133): CMN: 68.88  0.89 -2.80  8.94 -23.18 12.08 -6.79  0.89 -8.34  9.63 -8.50 -0.68 -9.85 
INFO: cmn.c(133): CMN: 64.31  5.72  1.80 11.98 -15.30  8.00 -11.35  7.73 -7.51 12.02 -1.13  7.13  0.22 
INFO: cmn.c(133): CMN: 69.52  5.71 -0.72  8.92 -2.17 -2.00  3.18 -9.00  7.23 -29.88 -10.66 -0.54 -7.21 
INFO: cmn.c(133): CMN: 66.54 10.39 -5.34 10.43 -5.89 -0.14  9.30 -10.66  7.61 -28.91 -8.89  5.43 -8.03 
INFO: cmn.c(133): CMN: 66.14 10.37 -3.45 10.28 -10.53 -0.20 11.28 -9.06  8.47 -25.25 -11.91  3.82 -8.56 
INFO: cmn.c(133): CMN: 65.05 11.01 -5.24 -5.63 -13.34 -4.25 -3.55 -10.79 11.81 -13.49 -1.63  0.25 -4.97 
INFO: cmn.c(133): CMN: 60.67  8.81 -2.90  4.68 -14.20  1.26  3.17 -4.74  4.65 -12.75  2.03  3.17 -7.22 
INFO: cmn.c(133): CMN: 65.94  5.28 -10.76 -0.59 -5.85  6.51 -6.91 -9.03  3.47 -5.09  3.43 -4.09 -4.23 
INFO: cmn.c(133): CMN: 64.69 14.55 -4.16  1.68 -19.21  1.78  6.44 -8.35  0.22 -15.06 -2.63  1.71 -0.66 
INFO: cmn.c(133): CMN: 65.06 11.87 -4.68 -1.42 -13.45  6.02 -2.13 -8.96  9.01 -17.68  0.38  3.43 -5.76 
INFO: cmn.c(133): CMN: 63.38 -0.13  0.48 17.82 -0.28  0.91  2.28 -8.53  7.37 -19.81 -11.12  1.44 -10.19 
INFO: cmn.c(133): CMN: 62.37 -1.98 -1.61 13.65  1.77  8.45 -6.58 -8.35  9.68 -19.84 -10.00 -1.62 -5.99 
INFO: cmn.c(133): CMN: 65.84  8.53 -6.90  1.46 -9.77  4.54 -5.16 -7.02  8.38 -15.14  0.49 -4.02 -0.72 
INFO: cmn.c(133): CMN: 65.42  7.91 -6.67 -1.15 -10.50  3.49 -5.67 -10.84  6.64 -12.00  3.24 -0.61 -1.51 
INFO: cmn.c(133): CMN: 63.39 -0.82 -1.89  9.68  1.71  4.19  4.27 -7.39  4.63 -17.57 -4.99  1.62 -10.64 
INFO: cmn.c(133): CMN: 63.25 -0.86  4.49  7.46 -1.15 -0.40 -3.07 -6.83  7.35 -23.96 -7.73 -2.29 -1.43 
INFO: cmn.c(133): CMN: 63.63 12.09 -5.80  1.83 -4.44 -0.15  3.33 -12.04 11.59 -18.59  0.34  8.48 -11.90 
INFO: cmn.c(133): CMN: 65.58 14.29 -2.42 -3.13 -13.95  8.20  2.54 -14.19  2.76 -25.62  2.36 -1.78  1.27 
INFO: cmn.c(133): CMN: 66.27 -1.64  0.77 10.24 -0.59  7.46 -3.92 -8.78  9.21 -20.89 -8.55 -1.96 -6.33 
INFO: cmn.c(133): CMN: 63.01 13.59 -4.02 -3.27 -12.43  2.24 -7.82 -9.51  6.55 -12.74 -0.04 -2.00  2.51 
INFO: cmn.c(133): CMN: 64.54  7.83 -6.62 -4.03 -9.35  4.00 -10.36 -10.24 11.39 -15.66 -1.47  0.53  3.79 
INFO: cmn.c(133): CMN: 64.48 12.58 -7.28  1.19 -4.53  3.12  3.13 -17.37  4.20 -17.20 -4.95  5.72 -4.39 
INFO: cmn.c(133): CMN: 64.52 16.51 -5.06 -7.67 -15.93  3.36  7.29 -17.64  2.35 -16.16  7.55  4.65 -7.11 
INFO: cmn.c(133): CMN: 61.16 11.98 -3.55  5.47 -4.60  0.18  4.48 -7.06  6.00 -17.11  0.83  4.57 -7.26 
INFO: cmn.c(133): CMN: 60.44  8.88 -0.59  2.76 -10.31  2.87  2.34 -6.90  6.02 -14.19 -2.89  2.73  1.69 
INFO: cmn.c(133): CMN: 60.06  4.65 -2.60 12.67 -0.81  7.81 -5.11 -10.22  8.86 -17.85 -9.36  2.17 -5.13 
INFO: cmn.c(133): CMN: 63.22  5.77 -7.07  6.69 -4.08  8.45 -1.59 -10.02  3.35 -13.04 -8.32  4.26 -5.54 
INFO: cmn.c(133): CMN: 66.25 12.69 -5.40 11.29 -15.09 -11.59  2.00 -9.19 -7.52 -10.07 -5.83 10.43  1.00 
INFO: cmn.c(133): CMN: 67.02 14.66 -7.20 17.28 -12.04 -11.87  5.49 -10.04 -10.43 -12.50 -9.82  9.07 -6.14 
INFO: cmn.c(133): CMN: 63.38 12.02 -0.07 19.19 -9.50 -13.10 10.14 -7.89 -8.80 -10.91 -13.27 12.30 -4.01 
INFO: cmn.c(133): CMN: 65.80 17.65 -15.65  7.87 -25.51 -13.91  7.35 -14.36 -3.03  1.87  0.95 13.00 -8.36 
INFO: cmn.c(133): CMN: 61.19 17.11 -5.85  8.86 -13.06 -12.10  8.38 -7.65  0.42 -3.03 -0.62  4.05 -6.97 
INFO: cmn.c(133): CMN: 67.00 15.50 -12.05  5.41 -16.85 -10.30  4.20 -16.59 -2.90  5.35  1.48  2.38 -4.92 
INFO: cmn.c(133): CMN: 63.34 20.40 -5.67  9.88 -16.73 -4.17  2.83 -10.76 -9.91 -3.05 -4.86  8.93 -3.86 
INFO: cmn.c(133): CMN: 62.66 17.85 -3.65  8.70 -10.46 -5.86  3.78 -5.59 -6.87 -1.95 -0.24 10.53 -6.15 
INFO: cmn.c(133): CMN: 65.33 15.48 -12.89 19.14 -8.99 -9.62 -3.09 -9.60 -4.64 -8.46 -9.07 13.09 -8.50 
INFO: cmn.c(133): CMN: 68.96 14.35 -15.24 18.53 -1.66 -10.52 -5.19 -11.47 -6.53 -5.27 -12.85 13.49 -8.94 
INFO: cmn.c(133): CMN: 64.70 28.36 -14.10 -0.05 -14.83 -18.25 12.96 -14.04 -4.62 -3.79 -11.02 12.30 -9.38 
INFO: cmn.c(133): CMN: 64.17 19.51 -14.44  3.40 -15.87 -5.97  0.66 -15.36 -4.66  0.00  2.03 10.51 -2.83 
INFO: cmn.c(133): CMN: 64.43 14.81 -6.65 11.56  1.30 -8.51 -4.76 -6.69 -9.87 -6.30 -9.69  9.83 -5.21 
INFO: cmn.c(133): CMN: 63.32 11.56 -0.53  9.48 -6.42 -8.63 -4.38 -8.75 -7.79 -6.60 -10.83  7.78 -1.55 
INFO: cmn.c(133): CMN: 66.57 21.04 -6.55 10.00 -10.71 -8.30 -0.66 -9.18 -11.92 -6.81 -6.67 10.78 -5.59 
INFO: cmn.c(133): CMN: 64.47 18.87 -5.93  4.43 -11.96 -3.95  0.26 -8.92 -12.76 -5.09 -5.54 16.01 -4.79 
INFO: cmn.c(133): CMN: 66.77 10.53 -2.73  3.59 -0.61 -10.79 -1.71 -10.27 -11.40 -4.38 -9.13  9.03 -1.62 
INFO: cmn.c(133): CMN: 62.03 31.99 -12.34 -1.38 -21.33 -13.65  2.32 -5.45 -6.91 -1.85 -3.51 11.31 -7.13 
INFO: cmn.c(133): CMN: 68.91 19.44 -13.69  3.22 -16.77 -15.74  2.19 -9.20 -4.41  6.27 -0.32  9.05 -8.84 
INFO: cmn.c(133): CMN: 67.46 19.70 -13.09  9.16 -7.24 -5.08 -5.71 -15.89 -11.92  2.14 -7.06 16.57 -6.05 
INFO: cmn.c(133): CMN: 63.19 23.49 -13.81  4.50 -15.76  0.28 -5.70 -10.82 -7.94  1.86 -5.38 17.50 -5.03 
INFO: cmn.c(133): CMN: 62.31 22.73 -7.02 12.46 -13.17 -9.27 -0.24 -1.31 -8.01 -9.39 -7.67 15.27 -5.68 
INFO: cmn.c(133): CMN: 64.17 18.45 -8.39  6.26 -13.05 -9.95 -2.24 -5.04 -10.52 -1.65 -1.14 15.79 -3.77 
INFO: cmn.c(133): CMN: 65.45 20.82 -15.36 21.00 -6.37 -8.51 -5.68 -8.04 -11.64 -3.93 -13.11 13.77 -7.15 
INFO: cmn.c(133): CMN: 64.84 12.98 -7.94 17.33 -9.72 -1.99 -7.98 -12.55 -8.78 -2.56 -6.54 12.17 -2.58 
INFO: cmn.c(133): CMN: 66.52  8.33  0.44 13.42 -18.96 -6.79 -5.39 -10.31 -8.66 -21.19 -0.99 11.67 -9.47 
INFO: cmn.c(133): CMN: 68.55  6.46  0.09 19.24 -15.03 -9.35 -7.50  4.38 -13.81 -14.57 -6.76 17.30 -8.16 
INFO: cmn.c(133): CMN: 66.87 10.47 -2.20 21.56 -18.63 -6.98 -2.45 -7.80 -6.01 -18.61 -14.99 25.11 -11.15 
INFO: cmn.c(133): CMN: 71.31  7.34 -2.27  9.43 -15.89 -24.54 -9.27 -8.22 -2.45 -8.65 -7.33 21.00 -16.81 
INFO: cmn.c(133): CMN: 69.28  8.42 -4.15 11.53 -19.46 -10.79 -3.12  3.76 -10.83 -7.92  2.93 21.85 -27.69 
INFO: cmn.c(133): CMN: 69.48  7.77 -5.70  7.77 -11.86 -11.58 -13.34 -6.51 -13.46  2.15  4.56 14.62 -15.51 
INFO: cmn.c(133): CMN: 66.85 14.15 -0.73  8.30 -19.89 -9.55 -2.24 -5.87 -13.30 -14.65 -7.73 21.92 -11.17 
INFO: cmn.c(133): CMN: 66.31 11.16 -5.27  8.00 -22.60 -10.59 -9.11 -2.49 -1.76 -9.38  1.19 24.82 -21.77 
INFO: cmn.c(133): CMN: 68.06  1.61  4.32 10.29 -14.36 -14.59 -8.64 -0.98 -11.92 -6.38 -11.03 16.73 -16.26 
INFO: cmn.c(133): CMN: 66.17  2.15 -1.04 10.93 -9.15 -11.27 -16.04 -1.09 -7.99 -3.91 -12.39 11.76 -8.86 
INFO: cmn.c(133): CMN: 67.65 10.26 -4.27 10.79 -20.10 -10.31 -6.41  0.21 -9.39 -10.36 -1.16 10.62 -14.24 
INFO: cmn.c(133): CMN: 68.78 10.27 -8.23  5.06 -16.55 -6.72 -13.71 -10.54 -3.86 -4.59 -0.30 21.57 -16.07 
INFO: cmn.c(133): CMN: 67.28  5.37 -3.90 14.38 -11.60 -6.03 -11.70 -0.91 -12.44 -6.06 -1.92 16.69 -13.26 
INFO: cmn.c(133): CMN: 67.62 -0.78  2.67  6.79 -15.45 -13.14 -8.49 -0.98 -6.02 -15.00 -10.39 15.49 -11.59 
INFO: cmn.c(133): CMN: 68.95  6.97 -1.98 14.05 -14.47 -15.06 -6.11  0.49 -9.40 -13.40  3.96 17.35 -23.14 
INFO: cmn.c(133): CMN: 68.93  8.26 -0.25 13.46 -22.93 -3.71 -3.41 -13.63 -12.44 -15.45  0.61 16.96 -15.48 
INFO: cmn.c(133): CMN: 66.77  4.19 -2.74  7.64 -6.16 -8.21 -18.45  1.37 -11.77 -7.08 -5.68 12.79 -9.37 
INFO: cmn.c(133): CMN: 68.72 12.74 -9.25  5.71 -23.44 -11.35 -11.96 -1.26 -6.12 -4.24 -4.38 12.81 -11.94 
INFO: cmn.c(133): CMN: 69.85  6.94 -6.87  8.34 -26.53 -17.42 -9.11  0.41 -8.32  2.40  0.45 10.99 -11.56 
INFO: cmn.c(133): CMN: 68.77 10.45 -7.00 19.74 -8.03 -8.56 -14.30 -9.79 -11.96 -8.82 -3.34 14.50 -18.91 
INFO: cmn.c(133): CMN: 71.15 10.89 -2.33  3.45 -20.00 -4.14 -16.23 -0.37 -15.58 -10.52  1.30 23.02 -15.03 
INFO: cmn.c(133): CMN: 67.50  6.43  0.41 11.82 -16.08 -9.06 -15.72  9.37 -11.12 -12.26  5.35 14.79 -10.57 
INFO: cmn.c(133): CMN: 69.66  3.96  2.28  6.50 -20.41 -11.06 -14.07  1.40 -11.44 -8.76 -0.51 18.02 -7.37 
INFO: cmn.c(133): CMN: 69.46  2.83 -4.52 18.59 -8.93 -4.20 -17.43  4.14 -13.55 -5.04 -3.74  8.72 -14.25 
INFO: cmn.c(133): CMN: 69.21  4.16 -1.03 12.24 -10.22  0.65 -13.88 -3.71 -13.99 -9.78  1.11 11.39 -18.51 
INFO: cmn.c(133): CMN: 62.39 10.10 -3.74 -0.45 -4.41 -11.36 -13.34 -3.58 -7.30 -13.64 -4.65  9.03 -0.68 
INFO: cmn.c(133): CMN: 61.75 13.41 -5.10  1.62 -7.80 -6.21 -8.47 -2.22 -6.74 -15.12 -3.94  7.86 -4.48 
INFO: cmn.c(133): CMN: 65.14 11.43 -4.96  4.22 -7.49 -3.88 -7.68 -3.12 -4.25 -21.91  2.73 10.46 -12.72 
INFO: cmn.c(133): CMN: 64.47  4.97 -10.04 -3.94 -8.13 -7.53 -17.13  0.73 -6.30 -3.48  5.88  2.95 -3.85 
INFO: cmn.c(133): CMN: 61.03  8.95 -6.42  0.78 -10.24 -4.11 -10.85  1.48 -3.82 -9.62  6.98  2.22 -5.26 
INFO: cmn.c(133): CMN: 62.59  7.56 -5.95 -7.28 -3.39 -7.95 -20.10 -3.04 -4.24 -7.91 10.61 -4.81  2.98 
INFO: cmn.c(133): CMN: 55.35 17.46  1.91 -6.57 -18.04 -0.90 -10.38 -7.89 -7.19 -19.84 11.10 12.49 -4.54 
INFO: cmn.c(133): CMN: 59.59 14.19 -5.72 -6.94 -8.62 -6.70 -16.63  1.94 -1.10 -20.08 17.75  1.60 -11.52 
INFO: cmn.c(133): CMN: 54.80 11.24 12.35 -4.57 -8.30 -14.59 -8.70 -3.83  6.85 -16.00 -0.52  4.52 -10.56 
INFO: cmn.c(133): CMN: 52.28 10.69  2.70  1.33 -2.92 -7.68 -9.00 -3.74 -5.74 -16.34  6.47  2.14 -6.38 
INFO: cmn.c(133): CMN: 59.61 14.00 -8.27 -1.32 -8.85 -4.70 -15.92  2.47 -3.47 -7.52 -1.30 12.22 -9.91 
INFO: cmn.c(133): CMN: 65.12 12.97 -9.03 -9.39 -8.35  1.65 -14.60 -14.14 -0.73 -3.74 -0.28 13.40 -11.20 
INFO: cmn.c(133): CMN: 61.91  5.32 -5.28 14.34 -8.14  1.94 -11.83 -7.10  2.23 -13.44  0.94 15.98 -16.45 
INFO: cmn.c(133): CMN: 58.17  5.34  5.72 10.22 -7.68 -8.24 -13.20 -5.34 -2.76 -19.74 -4.07 16.05 -15.50 
INFO: cmn.c(133): CMN: 53.12 23.01 -0.91  5.01 -12.04  1.02 -8.03 -5.81  0.71 -9.29  0.20  6.95 -10.15 
INFO: cmn.c(133): CMN: 61.79 18.77 -3.73 -8.16 -16.41 -2.18 -4.71 -12.43 -8.25 -19.06 10.16 19.12 -16.28 
INFO: cmn.c(133): CMN: 57.46  3.45  0.71  3.27  8.50 -7.20 -16.42 -5.59 -5.87 -12.88  2.11 12.79 -9.39 
INFO: cmn.c(133): CMN: 59.03 17.37 -9.69 -9.88 -9.36 -5.05 -13.00 -10.72  1.78 -12.69  8.39 13.89 -14.15 
INFO: cmn.c(133): CMN: 57.30 20.33 -1.98 -9.34 -13.81 -4.88 -10.35 -8.77 14.42 -13.27  4.35 11.44 -7.91 
INFO: cmn.c(133): CMN: 60.01 18.16 -9.79 -0.49  2.12  4.57 -18.36 -11.14 -0.67 -8.55  8.05  9.41 -13.63 
INFO: cmn.c(133): CMN: 64.39 15.77 -7.29 -10.69 -8.48 -2.98 -17.88 -8.83  1.53 -15.66 25.26  9.32 -20.34 
INFO: cmn.c(133): CMN: 59.77 14.45 -8.49  2.79 -7.51 -3.96 -10.63 -5.80  4.67 -27.47 15.85 16.13 -21.20 
INFO: cmn.c(133): CMN: 57.83 12.88  1.65 -6.28 -16.12 -5.16 -9.06 -5.67  7.47 -19.67  3.55  8.94 -18.54 
INFO: cmn.c(133): CMN: 58.23 15.66 -7.77  6.39  2.95  3.26 -14.56 -7.64 -7.36 -16.78  1.34 15.90 -13.41 
INFO: cmn.c(133): CMN: 67.29 13.63 -4.58 -9.63 18.41 -19.28 -13.50  1.70 -17.42 -1.71 -2.38 11.76  3.30 
INFO: cmn.c(133): CMN: 65.09  2.13  1.03 20.74 -12.98 19.50 -12.73 -0.31 -9.35 -31.31  6.08 -12.95  6.74 
INFO: cmn.c(133): CMN: 61.23 15.76 -9.48 38.12 -13.52 16.11  2.88 -12.91 -9.96 -38.82  2.43 -11.85  1.01 
INFO: cmn.c(133): CMN: 57.84 16.60 -1.75 37.94 -11.12 20.13  4.32 -4.32 -4.02 -29.14 -0.12 -10.86  4.84 
INFO: cmn.c(133): CMN: 66.37  4.05 -16.42 19.63 -16.85 25.01 -15.36 -6.57 -16.82 -19.57 12.01 -15.96 17.86 
INFO: cmn.c(133): CMN: 64.90  7.54 -10.78 24.12 -11.60 20.21 -3.29 -3.70 -10.03 -23.06 19.72 -14.50  8.61 
INFO: cmn.c(133): CMN: 69.25  3.82 -12.09 16.42 -10.93 18.13 -19.05 -7.47 -7.22 -13.66 11.03 -13.57 11.28 
INFO: cmn.c(133): CMN: 62.41 17.64 -2.72 27.93 -25.56 22.79  2.34 -8.64 -15.52 -20.37  4.22 -10.12 12.49 
INFO: cmn.c(133): CMN: 64.15 10.75 -6.57 26.02 -14.53 13.25 -4.95 -6.40 -12.83 -15.36  2.68 -2.49  7.57 
INFO: cmn.c(133): CMN: 65.72  1.22 -7.54 34.04 -10.18  5.46  3.94 -13.80 -14.96 -11.86 -13.11 -0.43  3.71 
INFO: cmn.c(133): CMN: 64.94  6.42 -15.50 36.65 -1.30 19.58 -17.15 -16.05 -8.58 -18.75 -7.67  0.28 -3.39 
INFO: cmn.c(133): CMN: 59.97 18.20 -12.00 23.68 -9.99 13.07 -3.45 -2.58 -13.03 -11.75  0.09 -10.21 18.92 
INFO: cmn.c(133): CMN: 58.48  4.40 -7.99 21.94 -6.43  9.08 -8.75 -10.19 -11.04 -5.09  1.82 -5.39  7.72 
INFO: cmn.c(133): CMN: 62.63  3.60 -7.41 36.07  0.45  9.67 -9.17 -8.03 -9.15 -16.44 -9.88 -6.13  3.44 
INFO: cmn.c(133): CMN: 62.44 -1.84 -3.53 25.22 -5.31  7.95 -16.34  0.40 -21.91 -10.69 -8.41 -5.93  9.31 
INFO: cmn.c(133): CMN: 64.73 20.21 -14.28 35.32 -13.59  9.48  2.39 -16.08 -6.89 -25.48  1.40 -6.36  2.02 
INFO: cmn.c(133): CMN: 62.37 14.11 -3.74 26.73 -18.27 14.89  4.35 -6.64 -20.86 -14.85  1.44 -6.40 11.07 
INFO: cmn.c(133): CMN: 61.35 -1.54 -1.41 26.14 -3.69 10.09 -17.11 -0.16 -7.28 -11.29 -2.33 -6.19 10.73 
INFO: cmn.c(133): CMN: 61.13 13.52 -13.01 22.63 -14.09 12.39 -8.94 -2.44 -12.15 -16.61  3.11 -3.10 10.67 
INFO: cmn.c(133): CMN: 63.28  8.04 -16.38 23.02 -13.57  8.64  1.06 -15.29 -12.11 -3.20 -3.91 -3.28 13.79 
INFO: cmn.c(133): CMN: 61.75 15.39 -4.66 37.34 -6.49 11.79  1.84 -15.80 -15.70 -10.42  0.05  1.28  0.68 
INFO: cmn.c(133): CMN: 64.65 13.64 -7.03 26.39 -22.24 14.02 -0.97 -14.77 -16.52 -17.37  7.87 -6.60  7.83 
INFO: cmn.c(133): CMN: 61.98 18.58 -11.35 32.77 -18.22  8.77  4.34 -7.44 -13.25 -16.49  2.93 -1.09  8.15 
INFO: cmn.c(133): CMN: 60.72 12.63 -9.66 27.68 -21.94 12.94 -1.32  3.66 -19.11 -12.66  0.57 -5.65  9.06 
INFO: cmn.c(133): CMN: 59.73  1.29 -4.97 35.24  3.34  9.48 -5.29 -7.96 -4.31 -13.13 -14.19  0.40  6.49 
INFO: cmn.c(133): CMN: 61.73  9.35 -1.54 33.37 -9.95 15.13  3.40 -10.22 -21.79 -15.73 -1.99 -4.94  7.78 
INFO: cmn.c(133): CMN: 58.03 28.93 -10.85 -6.18 -30.77  2.17 22.28  3.79 -11.47 -19.42 18.16 13.94 -9.91 
INFO: cmn.c(133): CMN: 55.44 29.07 -11.03  4.22 -37.52  3.49 18.13  0.49 -13.51 -28.88  6.14  6.93 -1.34 
INFO: cmn.c(133): CMN: 59.21 18.60 -3.98  4.28 -32.98 -4.89 30.90 -10.76 -13.23 -27.42  8.49 13.18 -4.47 
INFO: cmn.c(133): CMN: 57.71 24.98 -21.52 -1.03 -29.64  9.76 -4.34 -6.55  0.89 -28.97 19.25 -5.02  1.03 
INFO: cmn.c(133): CMN: 56.71 31.26 -15.53 -6.76 -29.48  9.11 18.80 -1.94 -13.03 -35.84 33.27 -7.36 -8.98 
INFO: cmn.c(133): CMN: 60.03 22.58 -17.89 -3.25 -21.81  2.03  4.38  2.62 -15.73 -5.16 17.27 -11.24  8.99 
INFO: cmn.c(133): CMN: 56.07 39.21 -12.04 -15.16 -28.26 -2.38 26.59 -4.33 -19.76 -24.36 12.12  0.99  4.32 
INFO: cmn.c(133): CMN: 59.04 30.07 -13.96 -10.02 -29.29  2.88 18.60 -1.17 -17.30 -26.11 41.04 -18.67  3.10 
INFO: cmn.c(133): CMN: 53.22 25.27 -12.82 -6.39 -19.13  1.36 11.28 -6.67 -1.16 -32.76  8.19  0.93 -0.14 
INFO: cmn.c(133): CMN: 50.45 25.97 -17.21 -4.65 -5.94  4.58 13.81 -6.90 -9.65 -30.22  2.43 -1.29  4.00 
INFO: cmn.c(133): CMN: 66.01  7.67 -10.16 -7.80 -13.87 -19.24 15.57 -3.42 10.19 -13.64  0.44 -3.48 16.39 
INFO: cmn.c(133): CMN: 64.63  2.49 -0.91 -13.95 -2.67 -0.95  1.79 -6.76 -2.64 -14.39  8.69 -8.12 11.41 
INFO: cmn.c(133): CMN: 63.84  0.40 -0.39 -3.54 -0.66 -6.34  8.93  1.27  3.02 -14.54  3.40  6.08 10.54 
INFO: cmn.c(133): CMN: 62.38 -4.41 13.76 -4.86 -7.58 -8.20 -2.35  0.21  1.37 -32.47 14.89 -13.36  5.52 
INFO: cmn.c(133): CMN: 64.26 15.10 -4.90 -1.73 -12.92 -9.43 11.41 -17.22  1.86 -40.16 13.27 -4.98  2.35 
INFO: cmn.c(133): CMN: 54.07 30.15 -10.14 -14.01 -27.87 10.77 23.62 -23.01 -2.49 -20.21  6.44  7.90  6.28 
INFO: cmn.c(133): CMN: 52.96 18.61  3.23 -15.67 -6.78 -3.09 13.71 -3.00 -10.28 -18.44  3.63 -2.84 16.06 
INFO: cmn.c(133): CMN: 52.94 31.02 -13.44 -19.54 -21.85 -1.08 16.19 -11.38  1.93 -13.65  7.86  1.49 14.39 
INFO: cmn.c(133): CMN: 57.51 22.62 -19.94 -14.62 -27.28 -1.00  6.31 -10.41 18.16 -24.43 10.03  9.29 11.43 
INFO: cmn.c(133): CMN: 56.70 26.36 -11.77 -10.79 -17.89  5.48  7.87 -18.51  6.99 -31.76  9.75  7.56  4.93 
INFO: cmn.c(133): CMN: 66.93 10.81 -7.60 -3.56 -36.91  1.11 19.54 -19.86 -3.97 -18.82 26.56 -5.88  6.22 
INFO: cmn.c(133): CMN: 61.22 13.20 -3.19 -4.03 -20.03  3.37  6.82 -6.56  0.50 -28.31 16.46  0.25 -2.39 
INFO: cmn.c(133): CMN: 62.41  0.97  4.74 -11.23 -22.15 -3.18  9.65 -10.19  3.43 -30.57 19.41 -11.06 -0.23 
INFO: cmn.c(133): CMN: 61.77 -1.21 -0.66 -0.90 -7.98 -4.52 14.89 -2.91  6.56 -27.91  8.59 -6.81 10.80 
INFO: cmn.c(133): CMN: 63.32  4.54  1.17 -1.37 -9.30 -0.53  9.80 -15.08 -5.46 -23.90 15.11 -8.67 13.22 
INFO: cmn.c(133): CMN: 53.55  9.88  3.89 30.17 -7.30 -16.50  2.21  0.91 -6.91 -28.14  1.98 -5.81 -12.74 
INFO: cmn.c(133): CMN: 54.29 12.87  4.39 43.77 -10.54 -9.10 11.11  0.92 -5.19 -35.16  9.60 -4.77 -20.39 
INFO: cmn.c(133): CMN: 56.58 16.95  4.98 43.08 -15.68 -11.68 16.05 -8.52 -1.47 -45.62 13.48 -0.72 -24.06 
INFO: cmn.c(133): CMN: 58.04 17.44 -12.08 13.65 -17.39 -6.47  3.64 -10.58 -1.59 -25.70  7.75  5.75 -20.17 
INFO: cmn.c(133): CMN: 56.54 20.68 -9.82 21.50 -15.14 -2.16 11.60 -3.71  0.66 -18.98  3.32  7.85 -19.40 
INFO: cmn.c(133): CMN: 60.02 16.15 -13.22 10.55 -3.99 -6.37  3.03 -19.95  2.55 -18.84  5.88 -3.99 -17.16 
INFO: cmn.c(133): CMN: 65.34 15.26  1.30  5.33 -18.64 -2.60 10.51 -1.96 -24.02 -10.03 -4.21 -2.48 -9.41 
INFO: cmn.c(133): CMN: 61.75 15.34 -0.66 15.38 -17.50 -5.52 13.13 -14.93 -4.07 -27.64  6.49  0.06 -17.63 
INFO: cmn.c(133): CMN: 58.47  5.31  7.66 38.58 -20.28 -11.21 17.76 -3.15 -5.43 -27.51  9.48 -0.86 -14.38 
INFO: cmn.c(133): CMN: 56.24  2.71  4.48 33.76 -7.79 -3.15 15.87 -3.70 -14.15 -26.11  5.15 -1.19 -18.25 
INFO: cmn.c(133): CMN: 61.42 24.91 -3.34  8.39 -14.27 -10.58  8.10 -10.75 -3.40 -12.98 -6.78  7.12 -20.76 
INFO: cmn.c(133): CMN: 61.27 17.86 -1.79  3.87 -11.58 -2.66  2.93 -17.79 -10.22 -5.97 -7.76 -1.66 -17.32 
INFO: cmn.c(133): CMN: 56.31  6.75 12.47 30.10 -12.58 -1.57 13.07 -17.85 -4.25 -16.41 -3.82 -1.74 -11.94 
INFO: cmn.c(133): CMN: 56.76  4.92 15.12 22.71 -10.11 -8.34  4.09 -3.76 -10.13 -19.42 -7.92  6.21 -10.66 
INFO: cmn.c(133): CMN: 62.69 22.99 -6.13 16.60 -15.03 -2.79  9.25 -13.15 -8.46 -27.81  1.73  9.22 -16.67 
INFO: cmn.c(133): CMN: 58.76 24.96  3.62 -4.76 -17.22 -2.50  6.48 -5.88 -9.87 -16.25 -1.11  1.90 -12.46 
INFO: cmn.c(133): CMN: 58.00  4.56 11.65 21.80 -0.84 -12.38  4.25 -8.69 -13.32 -15.02 -0.80 -3.74 -9.08 
INFO: cmn.c(133): CMN: 57.80 19.68 -5.74  6.21 -11.52 -4.76  0.16 -2.18 -4.41 -9.76 -6.06  0.53 -8.07 
INFO: cmn.c(133): CMN: 56.57 14.34 -8.00  4.88 -8.71 -3.35 -1.23 -1.18  3.17 -5.94 -6.15  2.07 -7.60 
INFO: cmn.c(133): CMN: 61.47 19.11 -8.33 10.69 -4.05  0.85  1.45 -12.57 -7.48 -15.17 -1.21  5.89 -11.08 
INFO: cmn.c(133): CMN: 62.75 23.99 -6.55  0.39 -19.36  0.67  8.99 -20.62 -9.02 -19.50  5.45 13.58 -15.50 
INFO: cmn.c(133): CMN: 61.16 17.94 -3.63 24.89 -16.78 -9.52 10.03 -3.88 -16.03 -21.98 -2.45  8.20 -15.95 
INFO: cmn.c(133): CMN: 58.58 14.01 -2.10 12.60 -20.20 -7.00 11.53  1.83 -10.65 -5.98 -10.31  2.98 -11.89 
INFO: cmn.c(133): CMN: 57.44  4.91  3.73 30.66 -3.60 -8.00 18.32 -6.58 -13.93 -9.22 -6.06  0.99 -14.85 
INFO: cmn.c(133): CMN: 62.84 14.14  0.10 17.82 -11.42 -4.16  6.01 -9.87 -13.01 -15.08 -1.66  2.80 -10.00 
INFO: cmn.c(133): CMN: 55.32 28.03  9.32  8.90 -26.10 -3.84  7.25  3.08 -17.82 20.25 19.54 -14.97  3.50 
INFO: cmn.c(133): CMN: 53.95 24.94 16.05 17.73 -36.12 11.33 12.49  3.19 -10.51 20.34 13.54 -20.06 -0.24 
INFO: cmn.c(133): CMN: 52.88 23.26 18.92 18.01 -30.46  4.76  0.39  4.97 -13.98 21.09 22.12 -14.80  2.49 
INFO: cmn.c(133): CMN: 55.68 18.48 11.32 12.82 -42.16  5.92  6.64  7.07 -4.88 11.84 -9.79 -6.80  0.68 
INFO: cmn.c(133): CMN: 54.16 21.14  4.26 -6.54 -17.47 11.89 -0.50 -4.15 -1.55 27.05  4.83 -6.92  5.95 
INFO: cmn.c(133): CMN: 59.68 18.90  2.57 -1.34 -11.07 -7.68 -2.65  4.63 14.71 24.22 -3.89 -6.89  2.26 
INFO: cmn.c(133): CMN: 54.83 31.13 14.54 -10.13 -22.23  9.95 -10.89 -0.95  0.92 18.46  8.54 -17.79  2.28 
INFO: cmn.c(133): CMN: 53.79 24.70  6.39 -7.46 -9.25  6.63 -2.65 10.07 -6.40 29.55  0.63 -28.44  6.29 
INFO: cmn.c(133): CMN: 52.19 15.47 22.77 19.90 -40.34 14.00  2.28 11.97 -27.05 13.20 18.48 -16.18  8.29 
INFO: cmn.c(133): CMN: 51.95 15.36 16.64 21.59 -28.81  7.01 -1.73  8.62 -15.27 26.12 12.87 -7.85  6.79 
INFO: cmn.c(133): CMN: 57.51 33.93  2.53 -11.64 -17.02  8.89 -12.57  4.77  2.40 14.19 12.04 -17.22  2.84 
INFO: cmn.c(133): CMN: 57.05 20.49  5.55  0.70 -15.80 -2.81 -13.45 10.78  4.39  9.96 -0.82 -14.60  5.50 
INFO: cmn.c(133): CMN: 53.55 14.46 14.70 24.99 -15.42 -3.85  5.12  7.30 -5.82 26.11  3.14 -13.40  8.42 
INFO: cmn.c(133): CMN: 54.74 16.16 18.56 15.73 -40.49 -2.75 11.59 11.46 -21.75 14.40 12.56 -20.13  6.78 
INFO: cmn.c(133): CMN: 54.16 23.02  6.52 13.10 -18.34  4.83 -2.08 11.39  5.32 28.92  9.82 -18.52  7.83 
INFO: cmn.c(133): CMN: 57.01 26.91  8.08 -7.28 -16.08  9.59 -13.44  3.12  8.03 25.66 -0.30 -1.70 10.19 
INFO: cmn.c(133): CMN: 54.28 15.73 11.90 17.86 -2.71 -23.64 -4.56  3.69 -14.07 19.01 11.38 -18.27  4.21 
INFO: cmn.c(133): CMN: 56.54 27.95  2.18 -15.60 -21.17  4.86 -4.19 13.73  1.33 14.36  7.49 -10.06 -4.05 
INFO: cmn.c(133): CMN: 57.12 27.85  3.45 -11.79 -25.60  0.13 -5.32 31.60 -11.85  9.48  8.39 -11.97  4.47 
INFO: cmn.c(133): CMN: 54.79 26.93  4.59 -0.77 -4.93 -1.70 -15.89 21.40  1.83 28.83  5.58 -14.14  2.54 
INFO: cmn.c(133): CMN: 59.92 30.32 -0.19 -10.15 -10.53  2.57 -10.04 17.59 -5.25 30.39  3.26 -21.43 10.53 
INFO: cmn.c(133): CMN: 58.02 28.80  0.00  2.94 -18.25  3.39  2.32 14.10 -7.33 25.30  4.18 -20.90  4.31 
INFO: cmn.c(133): CMN: 57.36 24.32  7.03 -2.36 -32.70 12.73  1.26 11.39 -11.88 24.73 -5.86 -9.34  5.52 
INFO: cmn.c(133): CMN: 51.35 16.02 -4.50 15.47 -35.71 13.98  2.79  0.59  6.88 -3.27 -4.54  7.80 -10.37 
INFO: cmn.c(133): CMN: 52.00 22.44  7.99  2.97 -8.10  2.47 -7.41  5.20  4.98 24.75 12.91 -18.05 -1.48 
INFO: cmn.c(133): CMN: 54.40 21.10  8.18  1.82 -16.74 -4.71  2.12 26.25 -5.51 -9.18 19.85 10.56 -2.27 
INFO: cmn.c(133): CMN: 52.79 31.57 -4.04  9.65 -8.17 -11.38  4.37 15.56 -9.24  9.81 27.14 13.02 -10.47 
INFO: cmn.c(133): CMN: 51.55 30.42 -6.77  6.07 -4.43 -9.31  0.57  8.09 -5.56 11.98 18.33 10.30 -1.73 
INFO: cmn.c(133): CMN: 56.01 27.81 -14.80 -0.22 -15.02  0.15 -6.99  7.61  1.49 10.51 14.66  8.37  2.01 
INFO: cmn.c(133): CMN: 53.16 21.79 -2.37 -5.93  3.68  0.20 -13.51  8.88 -2.54  4.93 18.16  1.86 -10.52 
INFO: cmn.c(133): CMN: 60.66 17.22 -6.45  3.86 -16.44 -3.34 -3.80 16.07  6.24 13.78 17.12  8.45 -4.33 
INFO: cmn.c(133): CMN: 54.13 28.36 -7.58  0.91 -13.03  5.25 -1.86 11.96 -5.27  8.35 20.96 16.26 -5.37 
INFO: cmn.c(133): CMN: 52.43 30.56 -1.01 -10.93 -10.02 -1.51 -12.69 20.20 -4.84  4.74 23.61  6.17 -7.29 
INFO: cmn.c(133): CMN: 55.02 14.87 15.13 21.35 -20.86  5.79 -20.70 33.79 -15.95 11.47 28.52 -1.71  3.70 
INFO: cmn.c(133): CMN: 58.55  8.91 -2.52 23.08 -14.44 -1.28 -36.34 28.94 -18.25 13.65  7.77  7.18 -4.48 
INFO: cmn.c(133): CMN: 56.30 31.11 -16.08 -2.18 -9.50  2.33 -8.80 25.66  2.12  6.47 23.13 -1.48 -9.42 
INFO: cmn.c(133): CMN: 61.46 12.49 -2.64 -10.14 -17.90 10.95 -21.17 26.08  9.24 10.85 15.44  3.49 -6.49 
INFO: cmn.c(133): CMN: 57.85  8.67  7.14 10.87 -16.63 -0.16 -15.71 34.52 -6.17 14.37 17.78  8.83 -7.78 
INFO: cmn.c(133): CMN: 59.85  8.95  7.88 11.10 -21.44 -1.56 -14.18 26.14 -18.57  5.25 17.01 15.72  7.29 
INFO: cmn.c(133): CMN: 59.16 24.39 -10.10 10.46 -26.80 -5.09 -3.71 11.79 -16.41 12.48 21.14 13.40 -6.03 
INFO: cmn.c(133): CMN: 60.71 22.80 -8.28  5.79 -12.10  9.31 -8.64  8.97 -10.33 13.59 16.90 13.65 -14.77 
INFO: cmn.c(133): CMN: 60.81 10.97  4.73  9.24 -10.89 -1.41 -7.97 23.03 -12.51  1.80 16.59 11.00  1.23 
INFO: cmn.c(133): CMN: 57.69 24.49 -13.79  7.23 -20.71  8.72 -9.13 24.98  0.11  2.45 23.42  8.81 -5.20 
INFO: cmn.c(133): CMN: 62.33 15.49 -10.28  3.02 -20.81 -0.51 -17.44 30.26 -2.67 12.66 16.48  8.42 -12.77 
INFO: cmn.c(133): CMN: 60.72 22.23 -6.55  5.28 -19.12 10.03 -24.14 16.60 -1.30  7.05 23.27  6.11 -4.06 
INFO: cmn.c(133): CMN: 61.20 15.43  1.16  0.06 -16.53 26.11 -28.59 27.24 -8.69 14.16 18.33  2.40 -10.45 
INFO: cmn.c(133): CMN: 56.82 30.99 -5.62  2.81 -15.06 -0.67 -3.34 23.81 -9.29  8.48 15.85 -0.08 -5.29 
INFO: cmn.c(133): CMN: 60.06 22.32 -6.04  2.77 -22.83 -2.61 -18.87 28.90 -17.08 16.55 13.66 19.62 -10.26 
INFO: cmn.c(133): CMN: 58.71 11.28 -0.93 20.09 -2.30  3.61 -13.10 12.16 -6.49  0.47 17.98  4.41 -8.57 
INFO: cmn.c(133): CMN: 59.71 14.57 -3.56 15.80 -17.07  8.66 -14.84 13.16 -8.29  7.67 16.79  3.70 -10.64 
INFO: cmn.c(133): CMN: 63.49  9.62  9.86 15.75 -27.01 13.51 -8.35 -7.28 -1.91 -8.70  6.72 -0.83 11.05 
INFO: cmn.c(133): CMN: 61.30 13.77 13.22 29.55 -20.27 17.17 -3.81 -23.93  0.39 -12.22  4.10 -12.14  1.59 
INFO: cmn.c(133): CMN: 60.34 24.15 14.00 23.74 -20.05 10.08 -5.41 -16.09 -9.88 -16.96 14.78 -17.44  0.36 
INFO: cmn.c(133): CMN: 67.16  6.49  1.68 14.04 -9.21 -3.96 -8.25 -8.15 -18.76  9.27  0.78 -7.42  3.26 
INFO: cmn.c(133): CMN: 61.02 18.39  6.66 17.25 -9.59  6.51  3.36 -23.26 -4.26  3.24 16.28 -15.82  3.90 
INFO: cmn.c(133): CMN: 65.48 12.11  5.12  6.59 -8.58  1.54 -11.90 -17.16  9.53  4.70 -5.14 -1.86 12.88 
INFO: cmn.c(133): CMN: 60.92 22.11 14.36  8.06 -23.66 24.03 -3.48 -26.38 -6.36 -1.73  6.48 -11.11  4.76 
INFO: cmn.c(133): CMN: 62.45 14.17  6.37 14.55 -17.00 -2.64 -2.77 -15.05 -2.87  3.72  8.72 -14.34  7.21 
INFO: cmn.c(133): CMN: 65.40  7.09  7.60 23.78 -4.02  1.57 -3.36 -7.84 -15.13 -8.73 12.38 -14.79  2.72 
INFO: cmn.c(133): CMN: 63.72  3.11  9.53 24.07 -4.93 -1.34 -3.27 -10.89 -9.18 -2.66  3.39 -6.28  2.76 
INFO: cmn.c(133): CMN: 64.01 20.19  1.64  9.34 -17.85  8.41 -0.17 -21.30  2.89 -6.45  3.41 -4.37  8.65 
INFO: cmn.c(133): CMN: 63.90  7.44  4.93 10.81 -10.43 -0.96 -12.42 -17.65  7.63  5.04 -1.45 -4.36  6.10 
INFO: cmn.c(133): CMN: 63.50  6.31 15.77 26.23 -4.12 -2.09 -12.85 -8.35 -12.35 -8.83  1.55 -6.49  5.41 
INFO: cmn.c(133): CMN: 67.56  1.15 12.22 23.27 -13.37 -14.97 -12.26 -2.07 -16.78 -3.38 11.41 -8.81  8.10 
INFO: cmn.c(133): CMN: 61.27 25.31  6.44 17.25 -16.18 -1.38  1.82 -14.98 -14.29 -5.15 18.61 -19.42  4.77 
INFO: cmn.c(133): CMN: 63.05 18.58  9.85  3.33 -9.93  6.88  2.45 -26.83 -7.51 -5.74 14.43 -10.62  5.44 
INFO: cmn.c(133): CMN: 65.91  7.03 12.93 21.72 -5.37 -12.29 -11.61 -5.02 -4.36 -11.21  2.12  1.43  5.00 
INFO: cmn.c(133): CMN: 63.97 18.46  3.96  1.63 -16.99  7.66 -7.49 -16.77 -0.58  0.66  8.81 -13.83  7.61 
INFO: cmn.c(133): CMN: 65.64 13.42  2.43 11.00 -11.51 10.22 -0.02 -18.00 -0.27  2.54  4.97 -15.25  8.16 
INFO: cmn.c(133): CMN: 63.44 19.57  7.25 22.69 -9.72  8.71 -23.00 -22.20 -5.55 -4.28 14.47 -19.47  7.38 
INFO: cmn.c(133): CMN: 64.69 21.17 10.35  1.54 -20.26 18.92 -21.33 -17.92 -5.33 -1.19 20.96 -19.30  5.16 
INFO: cmn.c(133): CMN: 62.50 20.27  9.17 16.23 -18.73  1.39 -0.24 -3.96 -19.08  0.80 20.26 -21.17  6.69 
INFO: cmn.c(133): CMN: 64.88  7.59  2.03  9.93 -13.89 -0.31 -5.90 -9.71 -9.72  2.31  7.27 -13.77  5.58 
INFO: cmn.c(133): CMN: 62.56  6.39  9.26 26.39 -2.00 -2.29 -5.73 -8.40 -7.38 -6.56  1.09 -22.08 -3.67 
INFO: cmn.c(133): CMN: 63.28 11.14 15.50 22.33 -15.39  7.79 -7.16 -19.51 -10.57 -5.05  6.93 -12.90  6.46 
INFO: cmn.c(133): CMN: 61.54 16.30  5.70 13.30 -19.40  7.00  8.77 -1.81  1.65 -6.52 -7.97 -5.86  3.80 
INFO: cmn.c(133): CMN: 59.52 16.68  8.75 17.23 -19.98  8.69 14.92  1.72 -4.82 -4.19 -5.45 -7.45  2.51 
INFO: cmn.c(133): CMN: 60.25 17.47  3.01 23.27 -18.08  9.51  9.11  5.61 -6.56 -6.63 -5.72 -7.57  9.48 
INFO: cmn.c(133): CMN: 59.24 19.50  0.92  9.47 -12.82  5.42 -0.97 -2.79 -3.79  4.67  1.32 -8.19  2.28 
INFO: cmn.c(133): CMN: 54.80 14.26  0.59  9.88 -12.01  7.23  7.66 10.37 -6.50  4.34  1.32  2.30  0.05 
INFO: cmn.c(133): CMN: 63.35 12.45 -0.95  5.86 -10.50 10.97 -1.65 -0.11  1.65  2.97  2.81 -11.64  6.91 
INFO: cmn.c(133): CMN: 59.17 20.40  4.53 10.89 -21.70 19.36  8.40 -3.97 -3.57  3.12 -1.38 -13.90 10.58 
INFO: cmn.c(133): CMN: 60.47 14.19  3.95  7.37 -14.57  4.85  6.24  5.66 -3.02  1.79  2.13 -8.57  3.16 
INFO: cmn.c(133): CMN: 62.02 16.90  3.63 16.80 -9.31 -1.03 10.51  6.05 -7.12 -4.76 -5.39 -5.41 -2.51 
INFO: cmn.c(133): CMN: 57.78  5.31  6.18  9.50 -4.65  2.86  6.29  2.60 -7.75 -6.43 -0.84 -5.40 -3.58 
INFO: cmn.c(133): CMN: 60.72 18.57 -3.53 10.53 -24.53  7.66  8.32  4.55  4.87  3.96 -0.04 -6.10  9.40 
INFO: cmn.c(133): CMN: 55.97 12.33 -3.40  4.16 -13.07 11.29 -5.30 -4.14 -2.35  1.41  3.49 -16.80  6.52 
INFO: cmn.c(133): CMN: 51.82  2.81  8.09 21.26 -9.60 20.34  1.73  8.23 -9.20  3.51 -5.24 -8.47  2.81 
INFO: cmn.c(133): CMN: 55.63  1.02 10.14 18.27 -14.79  4.22  7.63  1.11 -6.34 -5.34 -5.62 -3.00 -7.22 
INFO: cmn.c(133): CMN: 56.79 14.26  2.54 16.96 -16.03 11.04  9.73  4.49 -3.88  3.50 -8.53 -4.81  1.39 
INFO: cmn.c(133): CMN: 57.26 18.32  3.13  6.20 -20.20 20.80  0.20  0.65 -12.44  6.30  0.41 -10.56 11.52 
INFO: cmn.c(133): CMN: 55.86  3.19  7.80 16.03 -5.04  6.27  8.97  3.53 -1.67 -3.41 -0.38 -10.75  0.50 
INFO: cmn.c(133): CMN: 54.08  9.20 -0.29 11.11 -21.33 12.21  7.61 -0.00 -3.99 13.04 -7.94 -2.34  1.03 
INFO: cmn.c(133): CMN: 60.24  6.92 -3.76  4.06 -5.14 10.27 -5.30  4.74 -10.71 17.37 -4.19 -0.52  3.01 
INFO: cmn.c(133): CMN: 62.28 20.46 -6.35 13.87 -9.68  9.87 -0.96  4.84 -12.24  1.28 -1.31 -3.49 -0.43 
INFO: cmn.c(133): CMN: 62.19 23.11 -3.65  9.03 -21.32 14.56  1.88  4.21 -16.40  1.58  0.60 -4.60  2.76 
INFO: cmn.c(133): CMN: 58.66 17.40 -3.54 20.61 -17.77  2.19 10.39  7.03 -8.20  1.53 -4.03 -4.54  1.03 
INFO: cmn.c(133): CMN: 60.49 11.23 -3.52  6.76 -19.15  5.68  7.47  3.34 -8.48  0.46 -5.39 -4.09 -2.55 
INFO: cmn.c(133): CMN: 60.88 13.55 -0.39 12.41 -2.07  5.28  6.19  1.04  3.33 -1.81 -5.64 -4.43 -2.06 
INFO: cmn.c(133): CMN: 63.84 12.95  3.20 13.17 -16.95 12.89  3.14 -3.26 -5.56  0.42 -0.67 -11.55  5.50 
INFO: cmn.c(133): CMN: 63.51  6.27 -6.14 16.46 -19.37 -6.16 -23.81 -25.13  0.50 -6.22 -7.02  0.28  4.28 
INFO: cmn.c(133): CMN: 61.52  8.75 -1.64 22.72 -22.39 -2.92 -9.47 -23.53  6.45 -8.69 -10.14  2.44 -0.70 
INFO: cmn.c(133): CMN: 61.75  9.66  1.32 25.88 -25.07  3.76 -6.27 -29.91  4.37 -9.19 -12.93 -0.72  0.57 
INFO: cmn.c(133): CMN: 62.41  3.37 -9.63 -9.36 -26.80  7.83 -26.04 -19.30 -5.23 14.41 -11.70 -7.48  1.11 
INFO: cmn.c(133): CMN: 65.78 11.03 -11.79  8.75 -25.47  5.06 -14.00 -16.16 -5.33 11.06  0.10 -5.80  5.19 
INFO: cmn.c(133): CMN: 68.02  3.25 -14.21  3.98 -11.15  6.90 -30.30 -18.89 -2.33 23.07 -4.61 -4.56  7.21 
INFO: cmn.c(133): CMN: 62.98 17.77 -4.93  2.70 -31.73 12.75 -8.45 -33.65 -9.53  4.73 -11.89  4.09  8.48 
INFO: cmn.c(133): CMN: 65.19 12.08 -8.69  7.60 -27.79  2.89 -25.43 -17.11 -6.82  6.19  1.73 -0.20 -4.61 
INFO: cmn.c(133): CMN: 60.99  0.66 -8.58 20.83 -11.57 -2.72 -27.69 -17.63  3.23 -6.61 -8.92  0.23 -1.47 
INFO: cmn.c(133): CMN: 57.09 -7.05 -0.34 16.60 -6.93  4.94 -22.97 -21.84  5.89 -10.73 -11.28  3.41 -1.63 
INFO: cmn.c(133): CMN: 61.57 12.58 -9.08  3.59 -33.58  7.07 -21.35 -18.82 -3.78 13.02 -13.72 -0.47  8.21 
INFO: cmn.c(133): CMN: 64.19  4.88 -10.71  3.77 -19.57  5.74 -38.65 -16.88 -8.49  9.84 -11.49 -0.40 -4.99 
INFO: cmn.c(133): CMN: 60.17  0.42  1.89 23.27 -10.59 -3.64 -26.02 -14.91  5.82  1.84 -12.90 -1.37  2.85 
INFO: cmn.c(133): CMN: 62.40 -8.38 -0.51  9.17 -3.60 -5.67 -41.70 -15.06  0.29  1.14 -7.75  2.83 -1.79 
INFO: cmn.c(133): CMN: 61.13 18.29 -6.93 10.01 -13.61 -8.46 -13.30 -28.31  3.27  2.21 -6.94 -5.14  0.56 
INFO: cmn.c(133): CMN: 61.57 14.10  1.50  3.93 -33.87  9.91 -17.26 -23.28 -14.15  9.55 -8.46 -1.88  5.95 
INFO: cmn.c(133): CMN: 60.62 -3.34 -1.90 13.20 -7.58 -3.62 -37.75 -13.56 -8.30 -2.12 -10.76 -1.19 -0.40 
INFO: cmn.c(133): CMN: 57.77  8.17 -10.21  1.03 -28.47 -4.18 -22.01 -16.12 -5.60 10.43 -11.00 -2.45  2.46 
INFO: cmn.c(133): CMN: 61.67  2.84 -15.54 -3.67 -22.92  3.77 -32.04 -16.05 -0.85 22.77 -11.88  7.56  2.82 
INFO: cmn.c(133): CMN: 64.47 11.94 -10.58 18.42 -18.37 -0.06 -20.56 -29.99  2.68  3.65  1.13 -4.69  1.27 
INFO: cmn.c(133): CMN: 63.32 14.57 -3.00  3.26 -27.56  5.12 -19.81 -23.58 -5.83  4.92  5.21 -3.63 -0.77 
INFO: cmn.c(133): CMN: 61.86 14.56 -9.09 13.29 -24.54 -10.90 -19.10 -13.97  6.87 -6.90  1.19 -5.14 -5.89 
INFO: cmn.c(133): CMN: 62.95  9.19 -11.95  2.52 -26.94 -0.08 -27.09 -18.15  4.85  4.55 -4.13 -8.32 -5.87 
INFO: cmn.c(133): CMN: 65.77 13.57 -11.91 21.38 -13.78 16.34 -24.38 -18.52  3.35  1.61 -0.39 -2.48 -2.74 
INFO: cmn.c(133): CMN: 64.51  9.68 -0.64 11.73 -16.61 11.91 -26.26 -21.24  3.16  3.48 -13.16  4.84  1.77 
INFO: cmn.c(133): CMN: 54.02 14.25 18.70  9.09 -41.21  8.28 -10.34 15.41  4.29 -19.78 -1.98 -1.09  9.43 
INFO: cmn.c(133): CMN: 52.91 19.71 13.05 16.46 -45.44 20.00 -2.67 22.16 -3.49 -23.65  5.42  3.66  3.12 
INFO: cmn.c(133): CMN: 52.44 23.37 19.00  8.19 -43.75 23.30 -16.00 17.22 -6.05 -15.77  3.23 -6.23  1.87 
INFO: cmn.c(133): CMN: 57.17 12.04  1.26 -10.59 -40.52 29.25 -28.95 10.04 -5.77 -2.00 -8.42 14.71  2.42 
INFO: cmn.c(133): CMN: 54.51 18.09 11.41  2.91 -28.48 23.12 -14.19 27.96 -4.88 -0.57  0.07  2.01  5.73 
INFO: cmn.c(133): CMN: 59.25  8.40 -4.44 -8.32 -25.67 24.14 -27.99  2.04 11.01  6.18 -0.13  0.59  1.01 
INFO: cmn.c(133): CMN: 53.34 23.46 16.58 -10.46 -40.69 35.23 -17.82  6.46 -11.15 -11.67 17.19 -3.11  8.27 
INFO: cmn.c(133): CMN: 56.83 17.45 10.30 -10.03 -25.48 23.09 -34.68 17.93 -3.69 -14.34 14.19  2.15 -2.81 
INFO: cmn.c(133): CMN: 58.21  8.89 10.67 14.85 -11.49 19.94 -36.17 15.74 -9.02 -14.88 -9.21 13.94 -6.11 
INFO: cmn.c(133): CMN: 55.42  5.20 15.04  3.45 -8.55 16.20 -27.29 15.19 -9.18 -16.07 -6.33 12.72  1.36 
INFO: cmn.c(133): CMN: 55.35 18.97  3.29 -15.78 -32.24 20.24 -18.31 18.45 -6.42 -6.06  3.28 15.92 -6.03 
INFO: cmn.c(133): CMN: 58.27 11.16  4.82 -16.55 -27.89 22.67 -28.11  6.52  3.74 -5.08  4.95 -2.13 -5.24 
INFO: cmn.c(133): CMN: 56.55  5.11 14.72 18.94 -24.04 15.05 -21.58 14.38 -6.03 -7.15  5.99  2.26  2.10 
INFO: cmn.c(133): CMN: 54.72  6.10 20.76 -3.72 -14.62 12.51 -32.90 17.87 -12.22 -9.19 -3.97 18.40  6.09 
INFO: cmn.c(133): CMN: 56.75 26.51  8.16 -1.97 -26.49 17.63 -22.14 18.40 -8.17 -12.24 -1.98 12.18 -3.92 
INFO: cmn.c(133): CMN: 55.98 20.18 10.27 -7.09 -23.24 25.98 -19.50  6.81 -14.82 -9.79 14.34  1.59  0.31 
INFO: cmn.c(133): CMN: 55.23  3.73 20.49  0.08 -11.30  9.04 -37.89 15.79 -7.32 -13.72  9.24 -4.81  5.77 
INFO: cmn.c(133): CMN: 56.64 20.75  0.54 -15.50 -34.94 16.94 -23.90  9.32 -0.21 -4.56  5.30  6.88 -1.62 
INFO: cmn.c(133): CMN: 56.12 11.60 -0.95 -12.21 -19.54 20.69 -30.77 12.16 -6.02  2.84 -5.04 16.35 -0.22 
INFO: cmn.c(133): CMN: 57.74 22.86  4.08  1.59 -15.61 23.79 -33.94 -0.22 -9.68 -11.00  6.92  8.29 -3.81 
INFO: cmn.c(133): CMN: 57.87 18.71  9.41 -17.16 -33.88 24.70 -28.65 12.41 -14.29 -4.48 17.30  3.63 -0.07 
INFO: cmn.c(133): CMN: 55.33 24.77  7.55 -2.37 -27.61 12.38 -23.41 31.51 -16.19 -18.03 12.74 12.62 -4.14 
INFO: cmn.c(133): CMN: 52.34 19.54 10.36 -9.25 -27.07 10.70 -30.10 21.18 -18.10 -7.97  3.10 13.52 -4.59 
INFO: cmn.c(133): CMN: 53.64  9.78 20.81 10.78 -15.41 15.95 -13.00 13.68 -27.70 -13.44 11.97  0.89 -8.07 
INFO: cmn.c(133): CMN: 58.47 10.90  9.04  6.05 -18.31 21.07 -21.01  0.12 -5.01 -7.11  1.92 -2.15 -5.40 
INFO: cmn.c(133): CMN: 60.97 12.06  2.24  9.80  3.60  0.35  7.03  3.25 -24.94 -14.29  6.71 -4.03  7.57 
INFO: cmn.c(133): CMN: 58.30 18.56  2.04 20.12 -2.03  7.23 10.06  3.74 -17.61 -13.64  7.23 -3.98  4.69 
INFO: cmn.c(133): CMN: 57.46 19.83  3.00 11.92 -6.83  8.18 10.23  4.49 -16.39 -12.86  3.89 -4.39  7.09 
INFO: cmn.c(133): CMN: 59.53 15.04 -5.80  4.13 -7.54 -1.28  6.19  0.58 -12.67 -6.99  6.41  4.47  1.48 
INFO: cmn.c(133): CMN: 53.78  8.99 -2.87 11.36  6.10  8.68  9.12  2.87 -14.83 -2.00  8.84  4.27 -2.47 
INFO: cmn.c(133): CMN: 64.87 11.11 -4.38  3.28  2.49 -0.06 -6.22  0.74 -8.37 -4.55  8.31 -4.45  7.84 
INFO: cmn.c(133): CMN: 58.68 19.15  1.70  7.18 -6.94  9.23 10.41 -0.61 -16.98 -10.29  6.89  2.26  5.45 
INFO: cmn.c(133): CMN: 58.59 11.72  2.75  4.34  4.34  0.28  4.46  6.26 -13.16 -4.33  7.40  6.39 -0.33 
INFO: cmn.c(133): CMN: 57.23 11.21  1.31 27.63  7.99  1.00 10.21  3.44 -13.91 -12.87  5.01  2.39 -0.69 
INFO: cmn.c(133): CMN: 54.78  2.22 -4.31 15.67 13.89  4.89  3.53 -4.91 -11.83 -2.97  0.39 -0.47 -0.56 
INFO: cmn.c(133): CMN: 63.30 22.57 -13.61  6.14  1.55  0.26  5.81 -0.35 -14.43 -9.06  9.19 -4.89  7.21 
INFO: cmn.c(133): CMN: 63.42  9.66 -1.19  3.41  0.14 -0.20  0.71 -6.42 -6.08 -4.40  3.80  2.63  3.49 
INFO: cmn.c(133): CMN: 64.37  8.22  1.04 13.72  9.35 -0.35  2.35 -2.63 -6.07 -11.37 -0.10  3.84  3.65 
INFO: cmn.c(133): CMN: 60.87  3.99 -0.41 12.44  7.37  2.58  2.45  4.05 -11.97 -4.89  4.22  1.28  2.41 
INFO: cmn.c(133): CMN: 58.59 17.23 -6.08 13.62  7.85  3.18  6.75  4.84 -14.77 -10.04 12.57  3.49  3.83 
INFO: cmn.c(133): CMN: 61.92 16.60 -1.78 10.16 -4.21  8.13 12.56 -6.91 -19.73 -12.64  9.81 -1.85  7.35 
INFO: cmn.c(133): CMN: 60.71  3.89  5.11  8.29  9.38 -4.61 -1.54 -1.10 -8.68 -6.60 -0.33  2.66  7.00 
INFO: cmn.c(133): CMN: 58.95 18.29 -9.98  0.65 -1.03  1.91  8.25  3.74 -9.91 -2.49  9.36  2.11  6.86 
INFO: cmn.c(133): CMN: 61.34 16.62 -14.59 -1.29  5.95  3.12  2.84  4.01 -12.83  4.98 10.42  1.92  7.75 
INFO: cmn.c(133): CMN: 59.27 17.74 -5.22 13.75  8.68  7.90  4.36 -9.33 -17.14 -1.23 12.97 -1.69  4.79 
INFO: cmn.c(133): CMN: 61.17 16.50 -0.85  6.10  0.19  5.69  2.55 -7.46 -16.08  0.12 15.40 -2.61 -1.04 
INFO: cmn.c(133): CMN: 57.96 18.77 -0.77  9.57 -0.80 -3.09  8.31  0.75 -12.81 -6.79  9.74  4.24 -0.01 
INFO: cmn.c(133): CMN: 54.52 14.81 -3.50  7.02  4.21  6.09 10.17  1.00 -8.91 -1.64  7.71  2.67  1.42 
INFO: cmn.c(133): CMN: 56.47 17.67 -5.33 19.97 16.79  9.84  7.57 -13.61 -7.26 -10.20  1.97 -4.68  1.87 
INFO: cmn.c(133): CMN: 57.84 10.69 -0.90 11.84  7.71  6.04  9.09 -1.97 -16.23 -6.84  2.46 -2.57  6.77 
INFO: cmn.c(133): CMN: 56.59 27.00  9.06  0.23 -2.44 -9.62 -13.51 17.81 -3.14 -3.99 -7.37 -1.33  7.35 
INFO: cmn.c(133): CMN: 56.92 31.48 -2.29 -0.59 -0.83 -12.72 -6.92  7.82 -5.64 -3.12  0.95  1.05  4.65 
INFO: cmn.c(133): CMN: 52.80 28.38  9.78  7.53 -3.13 -14.22 -3.58  8.96 -8.97 -11.20 -1.47  3.35  5.69 
INFO: cmn.c(133): CMN: 57.00 22.71 -0.72 -5.97 -7.83 -17.73 -14.68  5.67 -1.19 -4.73 -3.03 -1.27  3.54 
INFO: cmn.c(133): CMN: 54.53 26.26 -1.29 -5.55 -12.52 -14.81 -5.00 11.94 -6.76  3.86  7.24  4.50  2.46 
INFO: cmn.c(133): CMN: 56.76 27.02 -2.86 -11.22 -5.57 -8.62 -16.15  4.83  4.95 12.04  7.46  3.07 -1.88 
INFO: cmn.c(133): CMN: 54.41 30.11  5.01 -5.78 -9.35 -5.41 -10.59  3.67 -4.10 -10.95 -1.54  2.12  5.13 
INFO: cmn.c(133): CMN: 56.82 29.56 -1.38 -4.51 -8.86 -14.58 -12.22 12.86 -9.82 -4.40  4.75  1.48 -3.66 
INFO: cmn.c(133): CMN: 53.82 22.55  2.86  9.88  0.12 -15.43 -10.32 12.43 -18.73 -4.86  4.61 -3.64  4.45 
INFO: cmn.c(133): CMN: 57.82 23.90 -4.42  6.68  0.59 -11.08 -10.00 -0.13 -10.20 -3.79  5.66 -9.28 -4.49 
INFO: cmn.c(133): CMN: 55.87 33.58  0.37 -8.57 -7.41 -17.68 -9.51 14.63  1.81  2.43 -0.56  4.05  5.51 
INFO: cmn.c(133): CMN: 57.79 19.18 -8.08 -4.48 -7.34 -10.89 -15.24  2.85 -3.11 -0.94 -0.67  0.30 -4.85 
INFO: cmn.c(133): CMN: 51.72 23.20  4.35  4.91  0.28 -7.86 -7.29 -0.56 -12.33 -0.74  1.90 -1.62 -3.18 
INFO: cmn.c(133): CMN: 53.81 24.70  0.33 -14.33 -3.02 -11.70 -17.09 10.23 -12.15  2.02 -1.65  8.81  0.28 
INFO: cmn.c(133): CMN: 54.04 30.02  8.45 -0.86 -1.15 -6.12 -13.19  3.80 -8.98 -0.94  1.67  0.78  1.73 
INFO: cmn.c(133): CMN: 57.10 28.92 -0.77  0.81 -9.53 -7.90 -5.38  4.22 -6.37 -8.99 -1.60 -4.94  0.17 
INFO: cmn.c(133): CMN: 53.25 27.34 -1.48  0.97 -5.41 -7.87 -17.24  5.24 -11.08  2.53  3.10 -0.88 -4.96 
INFO: cmn.c(133): CMN: 51.95 26.26  0.64 -9.41 -10.57 -8.04 -18.06 16.65 -5.83  4.47  7.24 -2.23 -0.88 
INFO: cmn.c(133): CMN: 56.81 21.88 -3.48 -8.06 -7.17 -5.81 -27.06 16.66 -0.31 11.97  4.01 -0.69 -4.36 
INFO: cmn.c(133): CMN: 52.91 28.54  4.58  3.30  2.23  0.33 -18.10 -0.44 -11.35  5.79  5.00 -17.20 -1.62 
INFO: cmn.c(133): CMN: 55.17 31.44  0.53 -7.94 -4.18  5.58 -21.77  7.55 -4.75  1.44 -1.95  3.47 -5.48 
INFO: cmn.c(133): CMN: 52.52 27.46  2.08 -2.47 -5.94 -6.45 -19.09 19.51 -1.89  2.63  0.89 -4.26 -1.96 
INFO: cmn.c(133): CMN: 55.67 27.69 -0.55 -9.50 -4.94 -0.69 -26.38 15.78 -11.65  4.83 -0.10  2.78 -2.92 
INFO: cmn.c(133): CMN: 53.50 26.72  3.87  7.75  0.17 -6.67 -14.82  5.03 -9.47  7.28  4.53 -4.78 -10.29 
INFO: cmn.c(133): CMN: 52.91 26.03  1.93  3.40 -4.40  4.10 -18.21  5.96 -4.13  2.58 -1.73 -10.15 -2.98 
INFO: cmn.c(133): CMN: 54.21 20.66  8.09 11.66 -10.61 -5.00  3.13  3.01 -5.64 10.43  0.82  3.48  0.99 
INFO: cmn.c(133): CMN: 52.93 22.60  9.51 14.35 -11.13  2.72 -0.61 -1.79 -12.67 11.14  1.86  4.26  5.31 
INFO: cmn.c(133): CMN: 52.02 20.14 19.27 12.58 -5.44  3.66  4.55 -2.43 -16.13  6.38 12.51  6.61  7.69 
INFO: cmn.c(133): CMN: 55.29 13.63  2.05  3.40 -13.73 -5.40 -1.97 -0.05 -2.67 10.19  2.35  2.18  6.01 
INFO: cmn.c(133): CMN: 48.06 20.97  4.04  8.35 -3.84  1.26  3.45 -0.70 -0.18  6.00 -0.63 -5.57 -0.90 
INFO: cmn.c(133): CMN: 61.19 12.90  0.53  6.42 -6.97 -4.17 -4.34  2.05 -2.68 12.27 -6.86  3.29  1.07 
INFO: cmn.c(133): CMN: 55.19 27.31 11.01  3.79 -5.50  7.94 -0.95 -3.81 -13.30 12.62  7.89  1.41  8.25 
INFO: cmn.c(133): CMN: 56.64 20.93  4.93  5.86 -5.69 -2.51  3.72 -0.87 -12.42 19.14  3.07 -6.71  5.97 
INFO: cmn.c(133): CMN: 55.21 12.18 10.99 23.25 -13.51  2.86  6.29 -3.50 -15.55 21.59 -1.03 -3.14  4.22 
INFO: cmn.c(133): CMN: 48.02 11.11  1.05 -0.56 -19.54  4.48  8.24  5.44 -11.14  7.47 -1.69 -8.17  0.03 
INFO: cmn.c(133): CMN: 56.26 22.98  0.96  3.18 -13.47  0.26  4.26 -1.82 -6.06 15.60 -1.33  3.66  0.02 
INFO: cmn.c(133): CMN: 60.41 14.07  2.19  4.13 -9.18 -1.48 -7.35 -3.58 -8.12  7.15 -4.29 -3.31  6.19 
INFO: cmn.c(133): CMN: 57.77  6.54 14.89 16.13 -6.06  2.68  5.34 -4.32 -8.37 13.84 -4.55 -5.92 -4.54 
INFO: cmn.c(133): CMN: 57.36  8.07  3.30 14.16 -13.29 -7.80  3.53 -3.51 -14.77 14.57 -1.25 -1.02  1.83 
INFO: cmn.c(133): CMN: 56.38 22.65  6.35 13.13 -7.30  2.79  4.48 -3.79 -12.96 14.26  5.20  4.40  8.88 
INFO: cmn.c(133): CMN: 54.76 21.84  9.52  4.14 -2.44  8.45 -2.80 -7.32 -15.67 15.18  0.57  1.73  4.82 
INFO: cmn.c(133): CMN: 60.86  8.94  5.59  7.94 -7.09 -8.64 -2.24 -0.33 -7.45  4.00 -2.61 -1.00 -1.62 
INFO: cmn.c(133): CMN: 56.14 19.65 -1.93  2.31 -12.00 -3.50 -3.18  1.82 -5.49 13.33 -3.38  0.52 -1.23 
INFO: cmn.c(133): CMN: 54.84 13.95 -4.03  7.80 -11.80 -4.80 -2.45  5.66 -1.34 14.33 -4.09  0.62  6.85 
INFO: cmn.c(133): CMN: 55.05 18.76  6.71 12.56 -4.02 -0.73 -3.14 -8.81 -12.61 17.88  5.16 -2.88  7.66 
INFO: cmn.c(133): CMN: 57.71 23.84  5.73  1.60 -7.19  1.47 -6.12 -3.81 -6.61 22.60 -0.76 -2.10  6.60 
INFO: cmn.c(133): CMN: 54.09 23.82  6.84  7.07 -7.44  5.43  5.65 -2.43 -12.87 18.75  2.91 -6.33  8.83 
INFO: cmn.c(133): CMN: 54.62 16.22  2.38  4.51 -13.02 -1.00  4.62 -2.33 -12.72 12.47 -0.34 -4.33  8.49 
INFO: cmn.c(133): CMN: 50.70 10.96 14.98 27.95 -8.95  4.26  2.98 -3.46 -15.52 13.08 -6.26 -4.68 -1.85 
INFO: cmn.c(133): CMN: 56.57 14.08 11.38 11.66 -7.87  4.93 -3.18 -4.74 -18.50 14.88  0.03  2.47 -1.33 
INFO: cmn.c(133): CMN: 58.47 20.34  5.49 10.16 -13.26  9.85 -6.39  3.46 13.39 -10.68  9.73  4.89  1.78 
INFO: cmn.c(133): CMN: 55.37 26.39  7.14 13.21 -13.56 21.25 -4.30 -2.15  7.29 -6.50  8.27  2.03  4.93 
INFO: cmn.c(133): CMN: 54.35 27.68 14.68  3.68 -17.88 26.51 -12.83 -5.87  6.24 -5.44  7.13  0.92  3.76 
INFO: cmn.c(133): CMN: 62.19 13.30 -7.11  4.17 -11.46 10.62 -14.34 -7.72 26.22 -16.44 13.00  8.05  6.76 
INFO: cmn.c(133): CMN: 54.35 24.22  6.62 10.25 -10.69 14.55 -9.56 -5.01 17.95  3.33  0.75 -3.94  2.89 
INFO: cmn.c(133): CMN: 60.51 15.63  7.12  7.80 -10.28 18.21 -12.89 -5.33 24.47 -10.14  3.67 18.26  3.84 
INFO: cmn.c(133): CMN: 55.85 25.14  7.06  0.82 -11.64 28.12 -16.95 -15.62 11.43 -1.36  5.57  9.21 -1.98 
INFO: cmn.c(133): CMN: 60.67 24.22  6.88  7.55 -18.70 16.05 -9.31 -20.53 27.78 -7.02 -1.93  5.59 -2.06 
INFO: cmn.c(133): CMN: 58.73 24.58  2.96 21.89 -32.86 18.15 -7.54 -23.55 18.77 -8.09 -0.21  5.94 11.35 
INFO: cmn.c(133): CMN: 56.17 23.78  3.16 22.33 -16.66  3.51 -18.56 -10.70 10.05 -3.03 -10.06  0.75  3.05 
INFO: cmn.c(133): CMN: 56.89 35.16 -2.43  5.18 -13.17 14.71 -8.81 -5.60  9.18 -1.35  2.67  6.81  6.19 
INFO: cmn.c(133): CMN: 60.63 13.18  2.71 11.36 -9.62 12.21 -22.58 -10.13 24.13 -9.12  4.40  9.20  0.77 
INFO: cmn.c(133): CMN: 60.01 11.30 16.69 18.46 -10.56  6.62 -12.77 -7.39 14.52 -3.21 -2.08 -0.66  1.01 
INFO: cmn.c(133): CMN: 57.99 13.11  0.46 14.82 -17.94  2.81 -19.45 -2.27 21.71 -12.22  4.53  5.40  7.56 
INFO: cmn.c(133): CMN: 54.88 30.86  6.06  5.97 -8.87 10.02 -16.92 -8.61 24.89 -4.32 -0.95  9.93  1.91 
INFO: cmn.c(133): CMN: 57.73 24.63  9.92  6.64 -16.15 28.31 -22.36 -30.52 17.75  0.27 -1.46  9.24  2.94 
INFO: cmn.c(133): CMN: 59.90 12.06 15.53 18.15 -15.25 -2.09 -9.52 -7.43 16.17 -11.74  5.67 12.66 -7.61 
INFO: cmn.c(133): CMN: 55.38 28.04 -5.59  5.74 -12.94 14.14 -11.39 -10.20 12.73  1.77 -0.74 10.97  2.73 
INFO: cmn.c(133): CMN: 55.59 25.65 -15.06 -1.60 -7.95 22.84 -24.07 -7.70 30.49 -7.23  5.58 10.04 -4.52 
INFO: cmn.c(133): CMN: 58.87 19.36  2.90 17.30 -11.70 11.05 -17.42 -9.48 16.57 -9.45  6.08  6.52  0.42 
INFO: cmn.c(133): CMN: 61.98 25.45  4.44  8.37 -16.49 30.35 -31.66 -15.88 32.51 -5.08 -0.09  8.81  8.25 
INFO: cmn.c(133): CMN: 55.29 32.73  4.06  2.86 -20.32 19.84 -4.53 -18.59 22.20 -3.45 -3.87 10.07 -0.67 
INFO: cmn.c(133): CMN: 57.49 26.59 -5.50 12.06 -20.34 20.71 -19.69 -9.19 22.91 -12.61  5.55  6.08  1.17 
INFO: cmn.c(133): CMN: 56.17 31.50 -0.48 11.96 -13.98 16.68 -16.29 -10.29  6.23 -11.41  3.86  0.76  3.40 
INFO: cmn.c(133): CMN: 57.89 20.17  7.62 11.49 -17.94 18.64 -15.31 -18.49 23.55 -7.29  0.25  9.47  3.86 
INFO: agg_all_seg.c(180): Wrote 74706 frames to /home/sourav/workdir/acoustic_model_final/bwaccumdir/final_buff_1/final.dmp
Thu Dec  5 21:23:51 2019
