        INFO: main.c(229): Compiled on Jul 21 2019 at 15:43:35
Current configuration:
[NAME]		[DEFLT]		[VALUE]
-2passvar	no		yes
-abeam		1e-100		1.000000e-90
-accumdir			/home/sourav/workdir/acoustic_model_final/bwaccumdir/final_buff_1
-agc		none		none
-agcthresh	2.0		2.000000e+00
-bbeam		1e-100		1.000000e-10
-cb2mllrfn	.1cls.		.1cls.
-cepdir				/home/sourav/workdir/acoustic_model_final/feat
-cepext		mfc		mfc
-ceplen		13		13
-ckptintv			0
-cmn		live		batch
-cmninit	40,3,-1		40,3,-1
-ctlfn				/home/sourav/workdir/acoustic_model_final/etc/final_train.fileids
-diagfull	no		no
-dictfn				/home/sourav/workdir/acoustic_model_final/etc/final.dic.full
-example	no		no
-fdictfn			/home/sourav/workdir/acoustic_model_final/etc/final.filler
-feat		1s_c_d_dd	s2_4x
-fullvar	no		no
-help		no		no
-hmmdir				
-latdir				
-latext				
-lda				
-ldadim		0		0
-lsnfn				/home/sourav/workdir/acoustic_model_final/etc/final_train.transcription
-lw		11.5		1.150000e+01
-maxuttlen	0		0
-meanfn				/home/sourav/workdir/acoustic_model_final/model_parameters/final.ci_ptm/means
-meanreest	yes		yes
-mixwfn				/home/sourav/workdir/acoustic_model_final/model_parameters/final.ci_ptm/mixture_weights
-mixwreest	yes		yes
-mllrmat			
-mmie		no		no
-mmie_type	rand		rand
-moddeffn			/home/sourav/workdir/acoustic_model_final/model_architecture/final.ci.mdef
-mwfloor	0.00001		1.000000e-08
-npart				5
-nskip				0
-outphsegdir			
-outputfullpath	no		no
-part				1
-pdumpdir			
-phsegdir			
-phsegext	phseg		phseg
-runlen		-1		-1
-sentdir			
-sentext	sent		sent
-spthresh	0.0		0.000000e+00
-svspec				
-timing		yes		no
-tmatfn				/home/sourav/workdir/acoustic_model_final/model_parameters/final.ci_ptm/transition_matrices
-tmatreest	yes		yes
-topn		4		256
-tpfloor	0.0001		1.000000e-04
-ts2cbfn			.ptm.
-varfloor	0.00001		1.000000e-04
-varfn				/home/sourav/workdir/acoustic_model_final/model_parameters/final.ci_ptm/variances
-varnorm	no		no
-varreest	yes		yes
-viterbi	no		no

INFO: feat.c(713): Initializing feature stream to type: 's2_4x', ceplen=13, CMN='batch', VARNORM='no', AGC='none'
INFO: main.c(318): Reading /home/sourav/workdir/acoustic_model_final/model_architecture/final.ci.mdef
INFO: model_def_io.c(573): Model definition info:
INFO: model_def_io.c(574): 35 total models defined (35 base, 0 tri)
INFO: model_def_io.c(575): 140 total states
INFO: model_def_io.c(576): 105 total tied states
INFO: model_def_io.c(577): 105 total tied CI states
INFO: model_def_io.c(578): 35 total tied transition matrices
INFO: model_def_io.c(579): 4 max state/model
INFO: model_def_io.c(580): 4 min state/model
INFO: s3mixw_io.c(116): Read /home/sourav/workdir/acoustic_model_final/model_parameters/final.ci_ptm/mixture_weights [105x4x256 array]
INFO: mod_inv.c(408): Failed to norm for 15 mixw: 45 46 47 66 67 68 84 85 86 87 88 89 102 103 104
INFO: s3tmat_io.c(117): Read /home/sourav/workdir/acoustic_model_final/model_parameters/final.ci_ptm/transition_matrices [35x3x4 array]
INFO: mod_inv.c(300): inserting tprob floor 1.000000e-04 and renormalizing
INFO: s3gau_io.c(168): Read /home/sourav/workdir/acoustic_model_final/model_parameters/final.ci_ptm/means [35x4x256 array]
INFO: s3gau_io.c(168): Read /home/sourav/workdir/acoustic_model_final/model_parameters/final.ci_ptm/variances [35x4x256 array]
INFO: gauden.c(176): 35 total mgau
INFO: gauden.c(150): 4 feature streams (|0|=12 |1|=24 |2|=3 |3|=12 )
INFO: gauden.c(187): 256 total densities
INFO: gauden.c(90): min_var=1.000000e-04
INFO: gauden.c(165): compute 256 densities/frame
INFO: main.c(430): Will reestimate mixing weights.
INFO: main.c(432): Will reestimate means.
INFO: main.c(434): Will reestimate variances.
INFO: main.c(442): Will reestimate transition matrices
INFO: main.c(455): Reading main dictionary: /home/sourav/workdir/acoustic_model_final/etc/final.dic.full
INFO: lexicon.c(220): 40 entries added from /home/sourav/workdir/acoustic_model_final/etc/final.dic.full
INFO: main.c(465): Reading filler dictionary: /home/sourav/workdir/acoustic_model_final/etc/final.filler
INFO: lexicon.c(220): 3 entries added from /home/sourav/workdir/acoustic_model_final/etc/final.filler
INFO: corpus.c(1065): Will process 149 utts starting at 0
INFO: main.c(664): Reestimation: Baum-Welch
INFO: cmn.c(133): CMN: 50.83  9.59  4.21  5.23  6.27  0.40  2.68  1.76 -3.18  4.09 -10.00  0.98 -11.30 
column defns
	<seq>
	<id>
	<n_frame_in>
	<n_frame_del>
	<n_state_shmm>
	<avg_states_alpha>
	<avg_states_beta>
	<avg_states_reest>
	<avg_posterior_prune>
	<frame_log_lik>
	<utt_log_lik>
	... timing info ... 
utt>     0                    1-1-01  138    0INFO: cvt2triphone.c(199): no multiphones defined, no conversion done
    44 9  1 2 2.461139e-12 -1.906120e+02 -2.630445e+04
INFO: cmn.c(133): CMN: 54.16 11.76 -2.11 10.47 -1.47  3.52 11.41  2.25 -5.54  6.25 -13.45 -3.29 -5.12 
utt>     1                    1-1-02  133    0    48 10  1 3 1.550757e-12 -1.894783e+02 -2.520061e+04
INFO: cmn.c(133): CMN: 51.98 10.19  1.67 12.82 -8.50  3.82  4.63 -1.16  2.84  3.91 -10.19  2.81 -2.83 
utt>     2                    1-1-03  179    0    64 9  1 3 1.952363e-12 -1.888170e+02 -3.379824e+04
INFO: cmn.c(133): CMN: 53.70 10.40 -15.98 -0.24 -5.27  3.79  5.03  0.47 -0.10  9.41 -5.97 -2.86  2.69 
utt>     3                    1-1-04  112    0    28 9  1 2 2.143373e-12 -1.725968e+02 -1.933084e+04
INFO: cmn.c(133): CMN: 48.51 10.73 -4.91  4.70 -1.47  2.78 11.32 -0.64 -0.24 11.59 -8.51 -3.60 -4.03 
utt>     4                    1-1-05  114    0    32 10  1 3 2.783508e-12 -1.817695e+02 -2.072172e+04
INFO: cmn.c(133): CMN: 58.89 10.47 -12.06 -0.74  6.11  5.57 -0.32 -3.92 -3.76  6.07 -10.41 -8.59 -1.73 
utt>     5                    1-2-01  101    0    36 10  1 3 1.653292e-12 -1.800301e+02 -1.818304e+04
INFO: cmn.c(133): CMN: 54.78 16.18  4.60 -10.19 -14.68 11.34 13.80 -12.97  4.40  9.16 -16.47  2.62  8.80 
utt>     6                    1-2-02  177    0    68 10  1 3 3.385817e-12 -1.873360e+02 -3.315847e+04
INFO: cmn.c(133): CMN: 52.98 13.28  0.71 -3.31 -1.29 -2.39 10.86 -2.54 -3.65  8.07 -12.07 -5.50  4.68 
utt>     7                    1-2-03  122    0    44 9  1 2 2.948813e-12 -1.774641e+02 -2.165062e+04
INFO: cmn.c(133): CMN: 55.79  6.49  2.33 13.45 -0.87 -13.82 17.75 -1.74  0.92 -3.42 -13.52  0.12 -5.00 
utt>     8                    1-2-04   83    0    32 9  1 3 7.447106e-13 -1.918610e+02 -1.592447e+04
INFO: cmn.c(133): CMN: 51.53  5.28 -1.23  4.19  2.57 -5.23 14.19 -6.18  5.22 -1.66 -11.10 -0.30 -6.99 
utt>     9                    1-2-05  116    0    52 9  1 3 4.673098e-12 -1.872666e+02 -2.172293e+04
INFO: cmn.c(133): CMN: 54.38 14.04 -1.67 -6.64 -11.33 13.35 -3.15 -4.50 11.42 -7.95 -11.95 -2.84 -4.83 
utt>    10                    1-3-01  131    0    44 10  1 3 1.380329e-12 -1.993491e+02 -2.611474e+04
INFO: cmn.c(133): CMN: 54.88  8.78 -8.37  3.14 -11.17  0.93  7.10 -8.32  3.28 -0.21 -11.47 -0.57  0.45 
utt>    11                    1-3-02  120    0    36 8  1 2 1.140204e-12 -1.893435e+02 -2.272122e+04
INFO: cmn.c(133): CMN: 51.16  2.93  1.12 11.69  5.49 -5.90 11.04  1.08 -1.42  3.02 -7.09 -2.49 -9.31 
utt>    12                    1-3-03  132    0    40 10  1 2 4.311904e-12 -1.910597e+02 -2.521988e+04
INFO: cmn.c(133): CMN: 50.18  3.62  7.56 11.86 -7.45 -17.19 10.06 -0.58  3.85 -2.06 -11.47 -0.38 -1.97 
utt>    13                    1-3-04   99    0    28 8  1 3 9.684550e-13 -1.892413e+02 -1.873489e+04
INFO: cmn.c(133): CMN: 50.17 17.05 -0.39  6.33 -0.86 -8.26 11.08 -6.91  2.25 -2.63 -9.71 -1.80 -3.60 
utt>    14                    1-3-05  229    0    68 9  1 3 3.447724e-12 -1.834980e+02 -4.202104e+04
INFO: cmn.c(133): CMN: 55.03 12.83 -0.73 -5.78 -12.27  4.87  5.74 -11.85  2.51  2.86 -12.35  3.98 12.33 
utt>    15                    1-4-01  136    0    52 8  1 3 2.036318e-12 -1.783669e+02 -2.425790e+04
INFO: cmn.c(133): CMN: 55.46  3.32 -3.40  7.23  0.13 -9.00  1.66 -0.16 -6.01 -4.35 -9.69 -7.59  0.08 
utt>    16                    1-4-02  119    0    36 9  1 3 1.659199e-12 -1.809586e+02 -2.153408e+04
INFO: cmn.c(133): CMN: 55.83 13.90 -6.28 -8.07 -8.28  1.49 -3.85  3.72  2.71  5.40 -12.24 -12.27 17.87 
utt>    17                    1-4-03  128    0    44 14  2 4 3.391685e-12 -1.956413e+02 -2.504209e+04
INFO: cmn.c(133): CMN: 58.89 13.42 -8.40 -10.38 -4.45 -10.54  6.56  3.29 -3.64 13.01 -16.14 -5.09  7.91 
utt>    18                    1-4-04   84    0    28 10  2 3 3.093993e-12 -1.794832e+02 -1.507659e+04
INFO: cmn.c(133): CMN: 53.46 16.71 -4.93  2.88 -1.99 -4.46  7.88 -10.62 -1.40  6.25 -8.68  2.17  3.62 
utt>    19                    1-4-05  221    0    76 8  1 2 2.041795e-12 -1.722199e+02 -3.806059e+04
INFO: cmn.c(133): CMN: 52.54 15.40 -1.96 -3.88 -13.37  4.89 14.17 -27.80  3.24  8.91 -10.76 -3.26  3.26 
utt>    20                    1-5-01  132    0    44 9  1 3 2.991438e-12 -1.809677e+02 -2.388773e+04
INFO: cmn.c(133): CMN: 49.45 12.58 -0.06  7.92 -9.16 -10.05 19.18 -6.18 -0.92 -4.43 -5.01 -9.41 -2.07 
utt>    21                    1-5-02  134    0    48 9  1 3 4.045284e-12 -1.841047e+02 -2.467003e+04
INFO: cmn.c(133): CMN: 48.86  9.17 -1.27 -1.41 -10.37 -14.41 20.79  1.24 -1.23 12.14 -11.27 -8.11  4.74 
utt>    22                    1-5-03  110    0    32 11  2 3 2.378122e-12 -1.967901e+02 -2.164691e+04
INFO: cmn.c(133): CMN: 50.14 10.21 -6.20 11.64 -0.48 -4.18 13.63 -7.98  8.24 -6.04 -6.45 -8.35 -1.06 
utt>    23                    1-5-04  118    0    52 8  1 3 3.863946e-12 -1.808456e+02 -2.133978e+04
INFO: cmn.c(133): CMN: 54.26  9.45 -6.66  4.82 -4.74 -5.17  3.44 -13.34  4.39  1.85 -6.36  0.80  5.43 
utt>    24                    1-5-05  191    0    80 10  1 3 2.378727e-12 -1.816185e+02 -3.468913e+04
INFO: cmn.c(133): CMN: 58.80  8.36  2.35 15.30 -13.39  1.34  4.70  4.64 -2.71 -11.46 -6.32 -5.32 -7.41 
utt>    25                    2-1-01  122    0    44 11  2 3 3.800112e-12 -1.938205e+02 -2.364610e+04
INFO: cmn.c(133): CMN: 60.33  9.73  0.66 20.14 -12.55  2.71  7.07  7.82  1.32 -15.65  2.17 -2.93 -7.59 
utt>    26                    2-1-02  110    0    48 12  2 4 3.231767e-12 -1.948052e+02 -2.142857e+04
INFO: cmn.c(133): CMN: 56.80 11.50  0.65 25.87 -10.04  1.44 10.56  5.46 -1.73 -13.28 -4.09 -4.51 -3.65 
utt>    27                    2-1-03  140    0    64 11  2 3 2.700988e-12 -1.787399e+02 -2.502359e+04
INFO: cmn.c(133): CMN: 64.23  9.09 -5.37 12.59 -15.67 -3.05 -2.23 -1.28  4.43 -17.41  0.00 -6.79 -9.24 
utt>    28                    2-1-04   69    0    28 9  1 2 1.624757e-12 -1.888334e+02 -1.302950e+04
INFO: cmn.c(133): CMN: 59.23 11.49 -2.26  9.60 -3.94  1.78  7.08  5.01  4.43 -14.60  5.56 -5.23 -7.75 
utt>    29                    2-1-05   76    0    32 10  2 3 3.982034e-12 -1.969668e+02 -1.496948e+04
INFO: cmn.c(133): CMN: 67.08 10.05 -7.39  2.73 -3.62 -1.17 -4.76  3.10  0.94 -11.13 -2.91  0.31 -4.38 
utt>    30                    2-2-01   87    0    36 9  2 3 3.043658e-12 -1.758011e+02 -1.529470e+04
INFO: cmn.c(133): CMN: 63.37 16.32 -0.81  8.15 -12.61  4.34 13.40 -8.43 -5.72 -12.32  1.39  4.52 -9.73 
utt>    31                    2-2-02  117    0    68 11  2 4 2.740629e-12 -1.875509e+02 -2.194345e+04
INFO: cmn.c(133): CMN: 66.10 10.33 -3.46 -0.32 -6.44  1.86  1.55  4.91  3.81 -20.42 13.51 -5.69 -6.04 
utt>    32                    2-2-03   83    0    44 11  2 4 4.466115e-12 -1.971634e+02 -1.636456e+04
INFO: cmn.c(133): CMN: 61.61  4.67  0.89 16.49 -0.07 -1.98  3.59  2.91 -4.26 -27.14  4.84 -0.58 -13.00 
utt>    33                    2-2-04   74    0    32 10  1 3 3.072412e-12 -1.880299e+02 -1.391421e+04
INFO: cmn.c(133): CMN: 58.22  2.62 -8.24 23.35  7.11 -6.06  1.85  0.11  1.65 -23.33 -3.78  0.28 -17.36 
utt>    34                    2-2-05   91    0    52 9  1 3 2.827291e-12 -1.911270e+02 -1.739256e+04
INFO: cmn.c(133): CMN: 63.61 13.90 -2.82  6.74 -14.66 -6.67  6.19  1.38 -2.21 -5.01 -2.26  3.04 -4.95 
utt>    35                    2-3-01   99    0    44 11  2 4 2.335258e-12 -1.934549e+02 -1.915204e+04
INFO: cmn.c(133): CMN: 64.62  8.89 -5.21 -7.28 -1.52 -4.83 -6.46  0.74  0.61 -15.92  2.87  1.25 -14.67 
utt>    36                    2-3-02   84    0    36 9  1 2 3.290297e-13 -1.946884e+02 -1.635382e+04
INFO: cmn.c(133): CMN: 61.25  5.05  0.33 11.52  0.90 -0.93  3.82  6.99 -5.14 -8.87 -3.99  2.00 -9.09 
utt>    37                    2-3-03   78    0    40 11  1 3 3.646211e-12 -1.921437e+02 -1.498721e+04
INFO: cmn.c(133): CMN: 61.70  3.62  4.12  7.90 -1.45 -8.93 -5.56  4.79 -3.90 -28.25  2.80 -2.63 -9.54 
utt>    38                    2-3-04   66    0    28 10  2 4 7.129709e-12 -1.830334e+02 -1.208020e+04
INFO: cmn.c(133): CMN: 58.48 15.94 -1.92 11.96  0.30  0.80  2.20  5.23  0.78 -23.24 10.47 -1.52 -13.67 
utt>    39                    2-3-05  125    0    68 10  1 3 4.506031e-12 -1.803473e+02 -2.254342e+04
INFO: cmn.c(133): CMN: 59.65 19.15 -4.03  6.24 -3.30 -0.97  9.32 -7.17 -4.24 -9.18 -5.55  4.31 -13.71 
utt>    40                    2-4-01   91    0    52 8  1 3 3.160689e-12 -1.829519e+02 -1.664862e+04
INFO: cmn.c(133): CMN: 59.13 10.39 -3.46 -0.11 -5.65 -4.47  3.46  2.50 -5.08 -8.62 -0.67  2.47 -15.72 
utt>    41                    2-4-02   57    0    36 8  1 3 4.533021e-12 -1.865449e+02 -1.063306e+04
INFO: cmn.c(133): CMN: 63.00 16.59 -5.19  0.69 -13.36 -10.20  8.80  3.09 -3.95 -8.38 -3.74  0.94 -10.44 
utt>    42                    2-4-03   94    0    44 11  2 4 2.889851e-12 -1.838676e+02 -1.728355e+04
INFO: cmn.c(133): CMN: 61.78  5.65 -10.24 -3.40 -9.32 -4.88 -0.49 -1.34 -1.01 -3.36  0.87  1.22 -12.25 
utt>    43                    2-4-04   78    0    28 10  2 4 4.457196e-12 -1.850972e+02 -1.443758e+04
INFO: cmn.c(133): CMN: 62.55 13.20 -4.44 18.40  0.69  2.64  2.65 -9.91  2.91 -20.21  3.22 -0.19 -9.54 
utt>    44                    2-4-05  138    0    76 7  1 2 3.096471e-12 -1.690097e+02 -2.332333e+04
INFO: cmn.c(133): CMN: 65.40 18.84 -4.24  5.33 -5.57  0.72 -0.80 -8.19 -2.47 -15.81 14.13 -0.89 -13.61 
utt>    45                    2-5-01   78    0    44 9  1 3 4.404351e-12 -1.905687e+02 -1.486436e+04
INFO: cmn.c(133): CMN: 59.40 15.38 -4.63 10.88 -2.58 -0.85  5.48  4.48  0.67 -14.52  1.98  3.57 -11.59 
utt>    46                    2-5-02   91    0    48 11  2 4 2.704929e-12 -1.870992e+02 -1.702603e+04
INFO: cmn.c(133): CMN: 62.03 12.93 -0.60  1.94 -11.77 -6.41 -2.13  3.59 -1.08 -21.82 10.60  3.83 -17.93 
utt>    47                    2-5-03   65    0    32 11  2 4 1.806720e-12 -1.948446e+02 -1.266490e+04
INFO: cmn.c(133): CMN: 56.44  8.34 -6.85 25.86  7.87  1.80  3.07  7.43 -5.42 -9.19 -4.94 -0.40 -13.90 
utt>    48                    2-5-04  111    0    52 9  1 3 2.863021e-12 -1.762978e+02 -1.956906e+04
INFO: cmn.c(133): CMN: 60.05 10.13 -5.09 13.97  3.47 -3.71 -0.29 -4.30 -0.83 -11.22 -5.97  1.13 -5.73 
utt>    49                    2-5-05  133    0    80 9  2 3 3.671010e-12 -1.831430e+02 -2.435802e+04
INFO: cmn.c(133): CMN: 59.33 11.64 -9.18 25.02 -4.06  4.63 -16.33 -5.31 -9.18 -0.44 -5.34 -2.81  7.19 
utt>    50                    4-1-01  107    0    44 13  2 4 4.522428e-12 -1.931597e+02 -2.066809e+04
INFO: cmn.c(133): CMN: 59.06 16.14 -12.39 38.67 -11.30 11.23 -13.26 -11.23 -10.54 -4.40 -0.65 -8.56  6.64 
utt>    51                    4-1-02  113    0    48 14  2 4 4.774075e-12 -1.867963e+02 -2.110798e+04
INFO: cmn.c(133): CMN: 58.53 19.17 -10.58 29.35 -4.95 12.23 -18.51 -12.72 -12.65 -2.11  2.33 -5.74  9.25 
utt>    52                    4-1-03  124    0    64 14  2 4 3.003505e-12 -1.781869e+02 -2.209517e+04
INFO: cmn.c(133): CMN: 62.12 17.42 -21.23 24.45 -26.32  1.74 -19.26 -13.34 -8.86 11.52 -2.02 -6.70 10.65 
utt>    53                    4-1-04   87    0    28 10  1 3 1.056972e-12 -1.817794e+02 -1.581481e+04
INFO: cmn.c(133): CMN: 57.99 19.10 -16.30 22.37 -18.36  5.95 -4.80 -12.79 -4.00  0.47 -1.50 -8.00  2.93 
utt>    54                    4-1-05   91    0    32 12  2 4 1.968664e-12 -1.830510e+02 -1.665765e+04
INFO: cmn.c(133): CMN: 64.90 17.41 -15.62 13.05 -1.22  7.13 -23.88 -11.73 -11.23 12.31  1.02 -4.20  2.97 
utt>    55                    4-2-01   89    0    36 12  2 4 4.877775e-12 -1.840586e+02 -1.638121e+04
INFO: cmn.c(133): CMN: 60.33 22.79 -10.76 20.81 -12.57 17.90 -14.26 -23.23 -18.01 -0.91  6.13 -1.72 13.70 
utt>    56                    4-2-02  137    0    68 13  2 4 3.164007e-12 -1.786912e+02 -2.448070e+04
INFO: cmn.c(133): CMN: 61.95 17.93 -16.51 17.68 -16.40 11.92 -14.24 -20.25 -6.70  8.63  4.29 -2.87  0.87 
utt>    57                    4-2-03  112    0    44 11  2 3 2.811720e-12 -1.740022e+02 -1.948825e+04
INFO: cmn.c(133): CMN: 59.62 12.01 -9.83 45.24 -21.71  4.75 -4.67 -17.70 -10.89 -2.23  0.93 -7.45 12.44 
utt>    58                    4-2-04   86    0    32 12  2 4 4.618310e-12 -1.694660e+02 -1.457408e+04
INFO: cmn.c(133): CMN: 58.36 12.19 -12.12 38.14 -6.25  4.76 -9.94 -21.42 -8.01 -9.56 -3.88 -4.64  4.63 
utt>    59                    4-2-05   79    0    52 11  2 3 2.279849e-12 -1.861486e+02 -1.470574e+04
INFO: cmn.c(133): CMN: 63.33 22.78 -23.73 23.48 -11.53 13.48 -24.16 -15.98 -10.77  1.23  2.59  1.36 14.20 
utt>    60                    4-3-01  101    0    44 14  2 4 3.805713e-12 -1.731063e+02 -1.748374e+04
INFO: cmn.c(133): CMN: 62.18 13.18 -19.39 20.09 -5.78  5.82 -20.05 -21.67 -4.59  4.56 -1.13 -4.41  8.46 
utt>    61                    4-3-02   94    0    36 10  2 3 1.669647e-12 -1.877435e+02 -1.764789e+04
INFO: cmn.c(133): CMN: 61.16  9.84 -9.79 34.35  0.86  6.02 -11.93 -20.32 -2.34 -2.32  0.33 -1.37  7.55 
utt>    62                    4-3-03   98    0    40 11  1 3 3.447730e-12 -1.735309e+02 -1.700603e+04
INFO: cmn.c(133): CMN: 60.63  6.77 -5.15 28.90 -9.26 -4.10 -16.70 -20.91 -9.00 -6.53 -4.43 -1.30  9.95 
utt>    63                    4-3-04   83    0    28 11  2 4 3.381410e-12 -1.764540e+02 -1.464569e+04
INFO: cmn.c(133): CMN: 60.14 20.30 -15.80 28.96 -6.79  5.08 -11.22 -25.57 -2.75  1.30  3.69 -3.59  7.99 
utt>    64                    4-3-05  121    0    68 13  2 4 4.438980e-12 -1.879604e+02 -2.274321e+04
INFO: cmn.c(133): CMN: 61.77 19.79 -11.18 25.81 -12.62 19.04 -10.73 -31.68 -14.22 -0.18  2.92 -1.10 11.69 
utt>    65                    4-4-01   91    0    52 11  2 4 5.348641e-12 -1.825407e+02 -1.661121e+04
INFO: cmn.c(133): CMN: 61.04  9.67 -10.41 20.43  8.67  2.11 -26.70 -13.40 -4.51  0.23 -8.61  1.41  9.52 
utt>    66                    4-4-02  104    0    36 9  1 3 1.575382e-12 -1.778581e+02 -1.849724e+04
INFO: cmn.c(133): CMN: 62.37 22.36 -20.23 20.62 -17.73  2.67 -17.22 -17.50 -6.04  2.07  4.34  1.90 16.66 
utt>    67                    4-4-03  108    0    44 15  2 4 3.471068e-12 -1.792412e+02 -1.935805e+04
INFO: cmn.c(133): CMN: 68.81 21.78 -24.35 22.10 -20.80  7.97 -27.57 -16.48 -2.38 14.04 10.96  1.52  9.87 
utt>    68                    4-4-04   57    0    28 14  2 5 1.179425e-12 -1.705010e+02 -9.718559e+03
INFO: cmn.c(133): CMN: 65.30 17.16 -20.76 32.82 -5.62  9.64 -29.83 -30.46 -6.05  6.63  2.92 -0.33  9.26 
utt>    69                    4-4-05  136    0    76 10  1 3 2.582375e-12 -1.806928e+02 -2.457421e+04
INFO: cmn.c(133): CMN: 70.51 19.03 -22.18 22.01 -20.33 16.99 -29.32 -32.80 -4.30 10.70 10.96  1.62  6.32 
utt>    70                    4-5-01   81    0    44 11  1 3 3.968997e-12 -1.840492e+02 -1.490798e+04
INFO: cmn.c(133): CMN: 65.54 23.13 -17.91 28.61 -22.64  4.50 -8.12 -26.33 -2.25  7.44 10.35 -1.65 12.09 
utt>    71                    4-5-02   51    0    48 19  2 5 1.924291e-13 -1.728883e+02 -8.817305e+03
INFO: cmn.c(133): CMN: 64.94 14.70 -13.73 31.84 -26.01  3.24 -9.08 -26.65 -8.14 -2.88  0.45 -0.93 14.25 
utt>    72                    4-5-03   48    0    32 12  2 4 5.107942e-12 -1.865079e+02 -8.952379e+03
INFO: cmn.c(133): CMN: 60.78 17.45 -17.83 40.69 -17.05 10.90 -13.50 -24.71 -2.01 -9.07 -2.25 -5.60  6.52 
utt>    73                    4-5-04   95    0    52 9  1 2 1.839059e-12 -1.716047e+02 -1.630245e+04
INFO: cmn.c(133): CMN: 62.30 16.11 -11.25 28.52 -7.21 12.65 -22.35 -29.52 -7.80 -3.74  1.73  1.65  9.51 
utt>    74                    4-5-05  112    0    80 11  1 3 2.380161e-12 -1.850917e+02 -2.073027e+04
INFO: cmn.c(133): CMN: 58.69 14.71 18.40  5.24 -7.76 14.55 -16.07 -0.71 -24.44  6.67 -2.30 15.74 -4.44 
utt>    75                    5-1-01  109    0    44 9  1 3 3.397273e-12 -2.000145e+02 -2.180158e+04
INFO: cmn.c(133): CMN: 58.62 17.61 19.71 13.07 -12.70 23.35 -9.63 -1.27 -27.51 20.28 -13.10 15.09 -9.77 
utt>    76                    5-1-02  109    0    48 9  1 3 3.661728e-12 -1.896391e+02 -2.067066e+04
INFO: cmn.c(133): CMN: 60.89 17.66 19.38 12.88 -8.47 20.51 -18.04  3.71 -28.19 25.58 -5.26 23.40  2.49 
utt>    77                    5-1-03  108    0    64 9  1 3 3.382568e-12 -1.860577e+02 -2.009423e+04
INFO: cmn.c(133): CMN: 63.34 17.17  5.42  3.87 -6.68  6.09 -3.28  1.43 -24.35 11.75 -12.20 21.36  3.54 
utt>    78                    5-1-04   79    0    28 9  1 3 4.917685e-12 -1.910814e+02 -1.509543e+04
INFO: cmn.c(133): CMN: 56.36 16.30 12.14  3.41 -0.55  2.02  5.77 -7.18 -15.86 16.59 -15.03  9.78 -3.59 
utt>    79                    5-1-05   99    0    32 10  1 3 3.925462e-12 -1.819463e+02 -1.801269e+04
INFO: cmn.c(133): CMN: 66.41 12.54  7.89  8.75 -0.34 -6.46 -19.44 37.34 -12.72 25.91 -22.25 10.37 -2.41 
utt>    80                    5-2-01   77    0    36 10  2 3 8.257565e-12 -1.855223e+02 -1.428522e+04
INFO: cmn.c(133): CMN: 63.42 18.15 11.86 -1.48  0.41 16.51 -23.73 25.76 -17.21 29.29 -13.96  9.65  2.81 
utt>    81                    5-2-02  121    0    68 11  2 4 3.176444e-12 -1.967346e+02 -2.380488e+04
INFO: cmn.c(133): CMN: 62.07 16.69  6.44  2.27 -0.34 -5.66 -4.45 24.76 -13.20 24.32 -17.87  6.04  3.88 
utt>    82                    5-2-03   96    0    44 10  2 4 2.913525e-12 -1.782483e+02 -1.711183e+04
INFO: cmn.c(133): CMN: 61.19  8.96 18.19 21.84 -19.77  5.07 -4.93 40.00 -31.70 19.81 -21.92  0.73 -8.28 
utt>    83                    5-2-04   70    0    32 11  1 3 3.067530e-12 -1.961171e+02 -1.372820e+04
INFO: cmn.c(133): CMN: 61.22  2.28  9.64 24.67 -8.71 -2.25 -9.50 29.67 -28.01 16.18 -13.88  4.85 -0.93 
utt>    84                    5-2-05  111    0    52 9  1 3 2.495125e-12 -1.761195e+02 -1.954926e+04
INFO: cmn.c(133): CMN: 61.81 19.69  8.63  1.62 -2.81  3.89 -6.77 14.75 -25.15 21.78 -17.54 12.26  8.12 
utt>    85                    5-3-01  109    0    44 12  2 3 2.137185e-12 -1.963698e+02 -2.140431e+04
INFO: cmn.c(133): CMN: 64.95  9.36  5.81  2.25  4.21 -5.08 -10.88 17.19 -23.31 14.89 -18.42  6.27  9.92 
utt>    86                    5-3-02  100    0    36 8  1 2 1.700287e-12 -1.810921e+02 -1.810921e+04
INFO: cmn.c(133): CMN: 61.22  8.49 16.13 17.41 -0.77 -0.11 -6.36 26.36 -32.22 25.31 -17.17  6.96 -0.41 
utt>    87                    5-3-03   82    0    40 10  1 3 5.343848e-12 -1.971683e+02 -1.616780e+04
INFO: cmn.c(133): CMN: 59.64  6.27 19.38 11.66 -6.19 -1.70 -1.54 19.52 -40.24 18.90 -11.06  8.20  4.16 
utt>    88                    5-3-04   80    0    28 10  2 3 3.984264e-12 -1.866063e+02 -1.492850e+04
INFO: cmn.c(133): CMN: 60.53 16.04 11.38 17.35 -4.55 -1.71 -5.86 11.41 -25.71 18.45 -10.35  5.14  2.96 
utt>    89                    5-3-05  125    0    68 8  1 3 3.779272e-12 -1.774990e+02 -2.218737e+04
INFO: cmn.c(133): CMN: 60.88 18.07 11.93 -2.11  7.49  7.12 -21.18 22.83 -19.07 17.41 -5.82 -0.09  5.39 
utt>    90                    5-4-01   88    0    52 8  2 3 1.731528e-12 -1.907485e+02 -1.678587e+04
INFO: cmn.c(133): CMN: 65.04  9.46  6.32 10.60  5.22 -7.88 -12.86 24.78 -24.38 14.76 -13.66  5.63 -4.60 
utt>    91                    5-4-02   78    0    36 10  1 3 2.443845e-12 -1.945345e+02 -1.517369e+04
INFO: cmn.c(133): CMN: 60.90 17.14  3.42 -0.75 -2.39  6.75 -13.34 25.14 -23.63 17.31 -5.09  0.87  5.11 
utt>    92                    5-4-03  114    0    44 11  2 3 3.839509e-12 -1.810963e+02 -2.064498e+04
INFO: cmn.c(133): CMN: 62.79 20.42  3.41  4.85 -14.10  2.62 -10.21 32.29 -26.42 21.55 -11.56  9.06  4.37 
utt>    93                    5-4-04   67    0    28 11  2 4 5.107499e-12 -1.815232e+02 -1.216206e+04
INFO: cmn.c(133): CMN: 61.70 16.14  7.13 15.03  3.15 -1.45 -18.57 24.01 -21.82 19.26 -9.57  1.12  5.30 
utt>    94                    5-4-05  151    0    76 6  1 2 1.997505e-12 -1.588027e+02 -2.397920e+04
INFO: cmn.c(133): CMN: 67.53 11.83  3.87  3.78 -0.52  2.17 -25.90 33.74 -14.64 29.67 -9.95 -5.31  5.43 
utt>    95                    5-5-01   79    0    44 7  1 2 8.601436e-14 -1.751809e+02 -1.383929e+04
INFO: cmn.c(133): CMN: 62.96 15.89  6.44 13.16 -5.59 -0.70 -6.58 36.30 -10.78 22.21 -7.16 -9.66  4.54 
utt>    96                    5-5-02   83    0    48 10  2 3 5.533887e-12 -1.929016e+02 -1.601083e+04
INFO: cmn.c(133): CMN: 61.47 15.14  4.17 -0.81 -1.82  0.25 -11.36 31.57 -16.51 12.04 -6.28 -9.11  0.74 
utt>    97                    5-5-03   96    0    32 10  2 3 2.478994e-12 -1.946324e+02 -1.868471e+04
INFO: cmn.c(133): CMN: 60.96  8.98 10.79 22.68 -0.95 -3.66 -11.80 32.70 -23.80 21.42 -1.69 -4.65  2.84 
utt>    98                    5-5-04  107    0    52 9  1 3 3.566650e-12 -1.883578e+02 -2.015428e+04
INFO: cmn.c(133): CMN: 60.98 11.59  8.94  8.75  1.39 -1.97 -21.40 30.20 -21.00 16.03 -8.74 -1.86 -0.88 
utt>    99                    5-5-05  127    0    80 8  1 3 1.267387e-12 -1.828839e+02 -2.322626e+04
INFO: cmn.c(133): CMN: 69.70 19.14  0.81  0.22 -20.80  0.80  0.44  4.77 -15.50 -5.17  1.67 -1.08  2.30 
utt>   100                    6-1-01  139    0    44 9  1 3 1.403199e-12 -1.812950e+02 -2.520000e+04
INFO: cmn.c(133): CMN: 66.52 17.90  4.15  4.67 -25.25  7.02  2.16 -0.45 -11.71 -2.10  0.58 -2.37  1.70 
utt>   101                    6-1-02  145    0    48 10  1 3 2.474325e-12 -1.840943e+02 -2.669367e+04
INFO: cmn.c(133): CMN: 64.65 18.60 11.18  4.60 -23.23  9.08  3.55  2.60 -12.08 -3.55  2.39 -7.10  2.51 
utt>   102                    6-1-03  145    0    64 9  1 3 3.027464e-12 -1.904145e+02 -2.761011e+04
INFO: cmn.c(133): CMN: 67.93 18.70 -3.47 -7.55 -22.74 -0.22 -5.74  7.16 -4.00 -0.23  5.44 -4.14 10.04 
utt>   103                    6-1-04   94    0    28 9  1 3 3.549624e-12 -1.874520e+02 -1.762049e+04
INFO: cmn.c(133): CMN: 61.32 16.23 -3.43 -0.62 -12.52  4.82  0.26 -0.01  0.44  4.35 -2.59  1.00  4.28 
utt>   104                    6-1-05  130    0    32 10  1 3 3.150186e-12 -1.869507e+02 -2.430360e+04
INFO: cmn.c(133): CMN: 73.88 16.44 -8.86 -2.08 -16.50 -5.13 -8.32 14.80 -5.96 -8.49 -8.49 -2.25  4.61 
utt>   105                    6-2-01   93    0    36 10  1 3 2.250173e-12 -1.889799e+02 -1.757513e+04
INFO: cmn.c(133): CMN: 67.70 21.14  4.29 -9.60 -17.00  4.42 -0.08  2.54 -6.19  2.76  5.82  5.05  6.18 
utt>   106                    6-2-02  143    0    68 8  1 2 1.686958e-12 -1.916713e+02 -2.740899e+04
INFO: cmn.c(133): CMN: 71.05 15.04 -7.29 -2.11 -13.65  2.88 -10.44 11.31 -3.34  6.07  4.29 -9.88  9.02 
utt>   107                    6-2-03  110    0    44 10  1 3 1.001768e-12 -1.893100e+02 -2.082411e+04
INFO: cmn.c(133): CMN: 67.29 15.81 12.36 10.89 -39.57  3.16  3.65  4.91 -14.13  5.46  8.93 -10.02  8.96 
utt>   108                    6-2-04   85    0    32 10  1 3 2.372848e-12 -1.707489e+02 -1.451366e+04
INFO: cmn.c(133): CMN: 63.76 13.14  3.18 14.16 -20.66 -3.49 -1.49  7.76 -11.51 10.00  6.82 -2.70  9.36 
utt>   109                    6-2-05   98    0    52 8  1 2 2.331552e-12 -1.817729e+02 -1.781375e+04
INFO: cmn.c(133): CMN: 68.14 25.39 -3.71 -4.99 -25.15  0.64  3.67  5.46 -4.09  0.52 -1.89  3.10  7.14 
utt>   110                    6-3-01  122    0    44 11  1 3 3.415086e-12 -1.939198e+02 -2.365822e+04
INFO: cmn.c(133): CMN: 69.68 19.12 -4.68 -0.18 -10.93 -2.99 -13.50 13.08  0.53 -5.08 -5.18  1.50  9.07 
utt>   111                    6-3-02  105    0    36 8  1 2 3.721416e-12 -1.887473e+02 -1.981846e+04
INFO: cmn.c(133): CMN: 66.37 14.43  7.90 13.55 -19.79 -2.47 -2.77  5.23 -12.46  1.67 -10.01 -6.96  1.06 
utt>   112                    6-3-03  106    0    40 9  1 3 1.823337e-12 -1.845331e+02 -1.956050e+04
INFO: cmn.c(133): CMN: 66.78 15.62  5.63  6.44 -30.56 -9.85  5.07  1.83 -17.01  2.44  2.58 -3.80  8.25 
utt>   113                    6-3-04   95    0    28 10  1 3 2.410572e-12 -1.793471e+02 -1.703797e+04
INFO: cmn.c(133): CMN: 63.80 20.34  4.84  7.12 -15.60 -1.59 -0.42  7.15 -5.68  8.76  1.84  4.04  8.44 
utt>   114                    6-3-05  147    0    68 8  1 3 1.817872e-12 -1.929799e+02 -2.836805e+04
INFO: cmn.c(133): CMN: 67.30 17.77  6.40 -6.71 -17.39  1.42 -0.83  3.09 -4.07 -4.20  0.58  5.82  3.00 
utt>   115                    6-4-01  109    0    52 8  1 3 2.330686e-12 -1.827369e+02 -1.991832e+04
INFO: cmn.c(133): CMN: 65.77 13.75  2.02  7.47 -12.90 -10.33 -5.80 13.53 -12.70 -2.58 -10.56 -0.34  1.03 
utt>   116                    6-4-02  109    0    36 8  1 2 2.765719e-12 -1.829742e+02 -1.994419e+04
INFO: cmn.c(133): CMN: 64.66 24.04 -2.17 -9.79 -31.10 -0.76  2.43  9.09 -10.12 -2.27 -1.84  5.68  4.85 
utt>   117                    6-4-03  126    0    44 13  2 4 4.567039e-12 -1.903658e+02 -2.398609e+04
INFO: cmn.c(133): CMN: 71.76 20.54 -6.33 -6.43 -35.26 -5.94 -2.20 12.68 -6.85  5.82  4.07  3.15  9.74 
utt>   118                    6-4-04   85    0    28 12  1 3 2.681787e-12 -1.708416e+02 -1.452154e+04
INFO: cmn.c(133): CMN: 66.41 17.25 -1.09  7.13 -12.19 -6.36 -9.67 11.49 -9.68 12.58  1.19  2.04  3.43 
utt>   119                    6-4-05  155    0    76 7  1 2 2.483645e-12 -1.685412e+02 -2.612389e+04
INFO: cmn.c(133): CMN: 73.30 19.33 -6.21 -3.70 -22.73  1.53 -8.20 15.68 -4.89 10.61  2.84  1.39  4.54 
utt>   120                    6-5-01  113    0    44 7  1 2 1.231668e-12 -1.662944e+02 -1.879126e+04
INFO: cmn.c(133): CMN: 66.30 17.17 -5.28  0.78 -19.62  7.18 -0.27 12.53 -12.87 11.89  4.80 -3.75  5.52 
utt>   121                    6-5-02  114    0    48 9  1 3 3.151228e-12 -1.753322e+02 -1.998787e+04
INFO: cmn.c(133): CMN: 66.72 19.85 -3.77 -6.22 -32.73  2.44  3.09  0.83 -10.26  3.47  2.60 -0.72  4.66 
utt>   122                    6-5-03   91    0    32 10  2 3 2.805818e-12 -1.855304e+02 -1.688326e+04
INFO: cmn.c(133): CMN: 64.23 14.35  6.52 10.34 -24.07  2.29  4.77  3.53 -9.98  8.98  2.03 -0.46  0.87 
utt>   123                    6-5-04  118    0    52 9  1 3 2.287230e-12 -1.811305e+02 -2.137339e+04
INFO: cmn.c(133): CMN: 60.07 14.40 10.17  9.45 -12.10 -2.03 -6.44  3.72 -10.71  0.96 -0.04  3.08 -3.89 
utt>   124                    6-5-05  145    0    80 8  1 2 3.222858e-12 -1.850086e+02 -2.682625e+04
INFO: cmn.c(133): CMN: 66.89  9.21  8.43  7.27 -14.93 -1.53 -16.42  5.25 -13.24 12.92 -0.29  5.78 -1.29 
utt>   125                    7-1-01  139    0    44 12  2 3 2.209238e-12 -1.761809e+02 -2.448914e+04
INFO: cmn.c(133): CMN: 68.20  7.41  4.42 11.78 -19.83  4.11 -12.06  0.70 -13.46 16.55 -2.40 -0.38 -4.98 
utt>   126                    7-1-02  147    0    48 12  2 4 3.871783e-12 -1.806162e+02 -2.655058e+04
INFO: cmn.c(133): CMN: 64.21 12.05  4.13 13.48 -22.17  9.37 -14.67  6.88 -14.09 22.73  1.42  7.77  1.83 
utt>   127                    7-1-03  137    0    64 11  2 3 3.392520e-12 -1.911498e+02 -2.618752e+04
INFO: cmn.c(133): CMN: 66.61 12.74 -6.49  1.27 -21.25 -4.36 -13.44 16.50 -7.89 16.94 -0.68  4.33 10.39 
utt>   128                    7-1-04   78    0    28 11  1 3 7.451118e-13 -1.829014e+02 -1.426631e+04
INFO: cmn.c(133): CMN: 61.17 10.48  1.26  0.11 -8.13  2.00 -10.58  3.14 -6.90 19.28  3.68  3.05  2.96 
utt>   129                    7-1-05   97    0    32 13  2 4 4.927494e-12 -1.758854e+02 -1.706089e+04
INFO: cmn.c(133): CMN: 66.33  8.15 -5.77  7.63 -9.24 -7.13 -12.48  5.69 -2.03  9.69 -3.86  2.24  0.47 
utt>   130                    7-2-01   94    0    36 12  2 3 1.808808e-12 -1.878245e+02 -1.765550e+04
INFO: cmn.c(133): CMN: 64.67 14.97  1.98  2.15 -20.76  1.87 -12.17  5.15 -6.99 23.92  2.57  8.50  6.51 
utt>   131                    7-2-02  144    0    68 12  2 4 3.752025e-12 -1.830615e+02 -2.636086e+04
INFO: cmn.c(133): CMN: 62.96 12.30 -0.52  5.15 -11.48 -8.83 -10.10 -0.21 -6.67 18.86  0.20  5.81  3.25 
utt>   132                    7-2-03  105    0    44 11  2 4 2.798539e-12 -1.878694e+02 -1.972628e+04
INFO: cmn.c(133): CMN: 67.52  6.67  7.83 13.73 -32.86  3.99 -12.70  8.58 -25.51 26.79  0.18  5.26  7.24 
utt>   133                    7-2-04   80    0    32 13  2 3 3.100999e-12 -1.784765e+02 -1.427812e+04
INFO: cmn.c(133): CMN: 64.23  8.00  3.20 25.11 -26.15 -0.53 -23.65 12.94 -30.13 22.75  1.09  3.47 13.67 
utt>   134                    7-2-05  100    0    52 10  2 4 2.819228e-12 -1.675978e+02 -1.675978e+04
INFO: cmn.c(133): CMN: 61.90 10.68 -5.49  5.25 -18.79  3.23 -7.02  8.03 -8.01  4.68 -3.23 -0.82 -0.49 
utt>   135                    7-3-01  171    0    44 14  1 3 2.983856e-12 -1.915149e+02 -3.274904e+04
INFO: cmn.c(133): CMN: 62.23  5.98 -6.13  3.54 -9.79 -3.57 -10.93  4.39 -6.06  8.79 -3.43  4.44  5.04 
utt>   136                    7-3-02  145    0    36 10  1 2 2.283490e-12 -1.874885e+02 -2.718584e+04
INFO: cmn.c(133): CMN: 62.16  4.79  4.18 13.74 -15.56 -3.70 -11.45  5.13 -16.81  5.83 -4.08  3.92  2.27 
utt>   137                    7-3-03  125    0    40 10  1 3 5.184695e-12 -1.954972e+02 -2.443716e+04
INFO: cmn.c(133): CMN: 57.04  6.99  5.43  2.53 -18.55 -2.87 -13.11  4.93 -18.81 12.95 -1.52  9.73  1.47 
utt>   138                    7-3-04  126    0    28 10  1 3 1.989403e-12 -1.902936e+02 -2.397700e+04
INFO: cmn.c(133): CMN: 62.99 13.47  1.49 12.65 -21.68  0.54 -5.39  7.52 -8.81 15.33  3.23  3.98 11.88 
utt>   139                    7-3-05  133    0    68 10  2 3 2.660231e-12 -1.847767e+02 -2.457530e+04
INFO: cmn.c(133): CMN: 67.05 14.26 -0.71  7.83 -22.43 -0.28 -13.26  2.44 -9.77 22.30  3.79  4.80  8.45 
utt>   140                    7-4-01   99    0    52 8  1 3 4.242552e-12 -1.825199e+02 -1.806947e+04
INFO: cmn.c(133): CMN: 66.86  4.69  3.56 14.52 -17.44 -12.55 -9.58 -0.72 -13.37  5.95 -2.92  4.75  3.84 
utt>   141                    7-4-02  103    0    36 10  1 2 3.523918e-13 -1.916117e+02 -1.973600e+04
INFO: cmn.c(133): CMN: 67.36 13.63 -2.28  1.66 -29.93 -3.03 -2.31 10.09 -3.75  4.30  6.42  2.04  4.37 
utt>   142                    7-4-03  124    0    44 15  2 4 3.024542e-12 -1.893189e+02 -2.347554e+04
INFO: cmn.c(133): CMN: 70.53 12.27 -5.96  7.46 -33.30 -2.17 -0.97 24.41 -1.34  8.44  3.93  4.69  9.17 
utt>   143                    7-4-04   63    0    28 14  2 4 4.879330e-12 -1.862988e+02 -1.173682e+04
INFO: cmn.c(133): CMN: 63.76 15.05  3.26 11.64 -17.25 -2.05 -13.24  5.03 -10.93 18.59 -1.24  1.85 10.02 
utt>   144                    7-4-05  160    0    76 8  1 2 1.149228e-12 -1.685230e+02 -2.696367e+04
INFO: cmn.c(133): CMN: 68.60 15.15 -3.81  2.66 -24.22  1.36 -13.62  1.20 -4.42 17.94 -2.20 -0.10  7.72 
utt>   145                    7-5-01   98    0    44 8  1 2 3.760787e-12 -1.759030e+02 -1.723849e+04
INFO: cmn.c(133): CMN: 64.56 12.81  2.09  9.61 -22.52 -0.61 -2.99  1.34 -7.08 12.40 -2.37 -0.47  4.39 
utt>   146                    7-5-02  120    0    48 11  1 3 7.537834e-13 -1.844485e+02 -2.213381e+04
INFO: cmn.c(133): CMN: 64.21 16.74 -1.90  2.25 -29.14 -4.71 -7.74  5.56 -12.90 11.49  3.63  2.35 14.78 
utt>   147                    7-5-03   78    0    32 12  2 4 2.507960e-12 -1.841152e+02 -1.436099e+04
INFO: cmn.c(133): CMN: 62.32  8.34 10.24 19.09 -27.49 -1.76 -5.23  8.90 -11.75 15.26  0.96  2.38  9.21 
utt>   148                    7-5-04   92    0    52 10  1 3 1.306871e-12 -1.796097e+02 -1.652409e+04
overall> stats 16266 (-0) -1.840887e+02 -2.994387e+06
WARN: "accum.c", line 642: The following senones never occur in the input data
	45 46 47 66 67 68 84 85 86 87 
	88 89 102 103 104 
INFO: s3mixw_io.c(232): Wrote /home/sourav/workdir/acoustic_model_final/bwaccumdir/final_buff_1/mixw_counts [105x4x256 array]
INFO: s3tmat_io.c(175): Wrote /home/sourav/workdir/acoustic_model_final/bwaccumdir/final_buff_1/tmat_counts [35x3x4 array]
INFO: s3gau_io.c(480): Wrote /home/sourav/workdir/acoustic_model_final/bwaccumdir/final_buff_1/gauden_counts with means with vars (2pass) [35x4x256 vector arrays]
INFO: main.c(999): Counts saved to /home/sourav/workdir/acoustic_model_final/bwaccumdir/final_buff_1
Thu Dec  5 21:25:07 2019
