        INFO: main.c(229): Compiled on Jul 21 2019 at 15:43:35
Current configuration:
[NAME]		[DEFLT]		[VALUE]
-2passvar	no		yes
-abeam		1e-100		1.000000e-90
-accumdir			/home/sourav/workdir/acoustic_model_final/bwaccumdir/final_buff_1
-agc		none		none
-agcthresh	2.0		2.000000e+00
-bbeam		1e-100		1.000000e-10
-cb2mllrfn	.1cls.		.1cls.
-cepdir				/home/sourav/workdir/acoustic_model_final/feat
-cepext		mfc		mfc
-ceplen		13		13
-ckptintv			0
-cmn		live		batch
-cmninit	40,3,-1		40,3,-1
-ctlfn				/home/sourav/workdir/acoustic_model_final/etc/final_train.fileids
-diagfull	no		no
-dictfn				/home/sourav/workdir/acoustic_model_final/etc/final.dic.full
-example	no		no
-fdictfn			/home/sourav/workdir/acoustic_model_final/etc/final.filler
-feat		1s_c_d_dd	s2_4x
-fullvar	no		no
-help		no		no
-hmmdir				
-latdir				
-latext				
-lda				
-ldadim		0		0
-lsnfn				/home/sourav/workdir/acoustic_model_final/etc/final_train.transcription
-lw		11.5		1.150000e+01
-maxuttlen	0		0
-meanfn				/home/sourav/workdir/acoustic_model_final/model_parameters/final.ci_ptm/means
-meanreest	yes		yes
-mixwfn				/home/sourav/workdir/acoustic_model_final/model_parameters/final.ci_ptm/mixture_weights
-mixwreest	yes		yes
-mllrmat			
-mmie		no		no
-mmie_type	rand		rand
-moddeffn			/home/sourav/workdir/acoustic_model_final/model_architecture/final.ci.mdef
-mwfloor	0.00001		1.000000e-08
-npart				5
-nskip				0
-outphsegdir			
-outputfullpath	no		no
-part				1
-pdumpdir			
-phsegdir			
-phsegext	phseg		phseg
-runlen		-1		-1
-sentdir			
-sentext	sent		sent
-spthresh	0.0		0.000000e+00
-svspec				
-timing		yes		no
-tmatfn				/home/sourav/workdir/acoustic_model_final/model_parameters/final.ci_ptm/transition_matrices
-tmatreest	yes		yes
-topn		4		256
-tpfloor	0.0001		1.000000e-04
-ts2cbfn			.ptm.
-varfloor	0.00001		1.000000e-04
-varfn				/home/sourav/workdir/acoustic_model_final/model_parameters/final.ci_ptm/variances
-varnorm	no		no
-varreest	yes		yes
-viterbi	no		no

INFO: feat.c(713): Initializing feature stream to type: 's2_4x', ceplen=13, CMN='batch', VARNORM='no', AGC='none'
INFO: main.c(318): Reading /home/sourav/workdir/acoustic_model_final/model_architecture/final.ci.mdef
INFO: model_def_io.c(573): Model definition info:
INFO: model_def_io.c(574): 35 total models defined (35 base, 0 tri)
INFO: model_def_io.c(575): 140 total states
INFO: model_def_io.c(576): 105 total tied states
INFO: model_def_io.c(577): 105 total tied CI states
INFO: model_def_io.c(578): 35 total tied transition matrices
INFO: model_def_io.c(579): 4 max state/model
INFO: model_def_io.c(580): 4 min state/model
INFO: s3mixw_io.c(116): Read /home/sourav/workdir/acoustic_model_final/model_parameters/final.ci_ptm/mixture_weights [105x4x256 array]
INFO: mod_inv.c(408): Failed to norm for 15 mixw: 45 46 47 66 67 68 84 85 86 87 88 89 102 103 104
INFO: s3tmat_io.c(117): Read /home/sourav/workdir/acoustic_model_final/model_parameters/final.ci_ptm/transition_matrices [35x3x4 array]
INFO: mod_inv.c(300): inserting tprob floor 1.000000e-04 and renormalizing
INFO: s3gau_io.c(168): Read /home/sourav/workdir/acoustic_model_final/model_parameters/final.ci_ptm/means [35x4x256 array]
INFO: s3gau_io.c(168): Read /home/sourav/workdir/acoustic_model_final/model_parameters/final.ci_ptm/variances [35x4x256 array]
INFO: gauden.c(176): 35 total mgau
INFO: gauden.c(150): 4 feature streams (|0|=12 |1|=24 |2|=3 |3|=12 )
INFO: gauden.c(187): 256 total densities
INFO: gauden.c(90): min_var=1.000000e-04
INFO: gauden.c(165): compute 256 densities/frame
INFO: main.c(430): Will reestimate mixing weights.
INFO: main.c(432): Will reestimate means.
INFO: main.c(434): Will reestimate variances.
INFO: main.c(442): Will reestimate transition matrices
INFO: main.c(455): Reading main dictionary: /home/sourav/workdir/acoustic_model_final/etc/final.dic.full
INFO: lexicon.c(220): 40 entries added from /home/sourav/workdir/acoustic_model_final/etc/final.dic.full
INFO: main.c(465): Reading filler dictionary: /home/sourav/workdir/acoustic_model_final/etc/final.filler
INFO: lexicon.c(220): 3 entries added from /home/sourav/workdir/acoustic_model_final/etc/final.filler
INFO: corpus.c(1065): Will process 149 utts starting at 0
INFO: main.c(664): Reestimation: Baum-Welch
INFO: cmn.c(133): CMN: 50.83  9.59  4.21  5.23  6.27  0.40  2.68  1.76 -3.18  4.09 -10.00  0.98 -11.30 
column defns
	<seq>
	<id>
	<n_frame_in>
	<n_frame_del>
	<n_state_shmm>
	<avg_states_alpha>
	<avg_states_beta>
	<avg_states_reest>
	<avg_posterior_prune>
	<frame_log_lik>
	<utt_log_lik>
	... timing info ... 
utt>     0                    1-1-01  138    0INFO: cvt2triphone.c(199): no multiphones defined, no conversion done
    44 8  1 2 9.275177e-13 -1.870216e+02 -2.580898e+04
INFO: cmn.c(133): CMN: 54.16 11.76 -2.11 10.47 -1.47  3.52 11.41  2.25 -5.54  6.25 -13.45 -3.29 -5.12 
utt>     1                    1-1-02  133    0    48 9  1 2 1.926387e-12 -1.878884e+02 -2.498915e+04
INFO: cmn.c(133): CMN: 51.98 10.19  1.67 12.82 -8.50  3.82  4.63 -1.16  2.84  3.91 -10.19  2.81 -2.83 
utt>     2                    1-1-03  179    0    64 8  1 2 2.570512e-12 -1.869724e+02 -3.346806e+04
INFO: cmn.c(133): CMN: 53.70 10.40 -15.98 -0.24 -5.27  3.79  5.03  0.47 -0.10  9.41 -5.97 -2.86  2.69 
utt>     3                    1-1-04  112    0    28 8  1 2 1.265382e-12 -1.707779e+02 -1.912712e+04
INFO: cmn.c(133): CMN: 48.51 10.73 -4.91  4.70 -1.47  2.78 11.32 -0.64 -0.24 11.59 -8.51 -3.60 -4.03 
utt>     4                    1-1-05  114    0    32 9  1 3 2.296580e-12 -1.801742e+02 -2.053986e+04
INFO: cmn.c(133): CMN: 58.89 10.47 -12.06 -0.74  6.11  5.57 -0.32 -3.92 -3.76  6.07 -10.41 -8.59 -1.73 
utt>     5                    1-2-01  101    0    36 8  1 3 3.238972e-12 -1.780689e+02 -1.798496e+04
INFO: cmn.c(133): CMN: 54.78 16.18  4.60 -10.19 -14.68 11.34 13.80 -12.97  4.40  9.16 -16.47  2.62  8.80 
utt>     6                    1-2-02  177    0    68 8  1 3 2.905241e-12 -1.838157e+02 -3.253537e+04
INFO: cmn.c(133): CMN: 52.98 13.28  0.71 -3.31 -1.29 -2.39 10.86 -2.54 -3.65  8.07 -12.07 -5.50  4.68 
utt>     7                    1-2-03  122    0    44 8  1 2 1.061051e-12 -1.738632e+02 -2.121131e+04
INFO: cmn.c(133): CMN: 55.79  6.49  2.33 13.45 -0.87 -13.82 17.75 -1.74  0.92 -3.42 -13.52  0.12 -5.00 
utt>     8                    1-2-04   83    0    32 8  1 3 3.578676e-12 -1.893512e+02 -1.571615e+04
INFO: cmn.c(133): CMN: 51.53  5.28 -1.23  4.19  2.57 -5.23 14.19 -6.18  5.22 -1.66 -11.10 -0.30 -6.99 
utt>     9                    1-2-05  116    0    52 8  1 2 2.155313e-12 -1.836754e+02 -2.130635e+04
INFO: cmn.c(133): CMN: 54.38 14.04 -1.67 -6.64 -11.33 13.35 -3.15 -4.50 11.42 -7.95 -11.95 -2.84 -4.83 
utt>    10                    1-3-01  131    0    44 9  1 3 1.255561e-12 -1.962705e+02 -2.571144e+04
INFO: cmn.c(133): CMN: 54.88  8.78 -8.37  3.14 -11.17  0.93  7.10 -8.32  3.28 -0.21 -11.47 -0.57  0.45 
utt>    11                    1-3-02  120    0    36 7  1 2 1.126367e-12 -1.861178e+02 -2.233413e+04
INFO: cmn.c(133): CMN: 51.16  2.93  1.12 11.69  5.49 -5.90 11.04  1.08 -1.42  3.02 -7.09 -2.49 -9.31 
utt>    12                    1-3-03  132    0    40 9  1 2 2.384851e-12 -1.896544e+02 -2.503438e+04
INFO: cmn.c(133): CMN: 50.18  3.62  7.56 11.86 -7.45 -17.19 10.06 -0.58  3.85 -2.06 -11.47 -0.38 -1.97 
utt>    13                    1-3-04   99    0    28 8  1 2 3.165157e-12 -1.883697e+02 -1.864860e+04
INFO: cmn.c(133): CMN: 50.17 17.05 -0.39  6.33 -0.86 -8.26 11.08 -6.91  2.25 -2.63 -9.71 -1.80 -3.60 
utt>    14                    1-3-05  229    0    68 8  1 2 2.693552e-12 -1.800366e+02 -4.122837e+04
INFO: cmn.c(133): CMN: 55.03 12.83 -0.73 -5.78 -12.27  4.87  5.74 -11.85  2.51  2.86 -12.35  3.98 12.33 
utt>    15                    1-4-01  136    0    52 7  1 3 2.804604e-12 -1.726471e+02 -2.348000e+04
INFO: cmn.c(133): CMN: 55.46  3.32 -3.40  7.23  0.13 -9.00  1.66 -0.16 -6.01 -4.35 -9.69 -7.59  0.08 
utt>    16                    1-4-02  119    0    36 8  1 2 1.792609e-12 -1.790903e+02 -2.131174e+04
INFO: cmn.c(133): CMN: 55.83 13.90 -6.28 -8.07 -8.28  1.49 -3.85  3.72  2.71  5.40 -12.24 -12.27 17.87 
utt>    17                    1-4-03  128    0    44 12  1 3 2.773635e-12 -1.944212e+02 -2.488592e+04
INFO: cmn.c(133): CMN: 58.89 13.42 -8.40 -10.38 -4.45 -10.54  6.56  3.29 -3.64 13.01 -16.14 -5.09  7.91 
utt>    18                    1-4-04   84    0    28 9  1 3 1.727469e-12 -1.783000e+02 -1.497720e+04
INFO: cmn.c(133): CMN: 53.46 16.71 -4.93  2.88 -1.99 -4.46  7.88 -10.62 -1.40  6.25 -8.68  2.17  3.62 
utt>    19                    1-4-05  221    0    76 7  1 2 8.005338e-13 -1.597726e+02 -3.530974e+04
INFO: cmn.c(133): CMN: 52.54 15.40 -1.96 -3.88 -13.37  4.89 14.17 -27.80  3.24  8.91 -10.76 -3.26  3.26 
utt>    20                    1-5-01  132    0    44 8  1 2 1.001969e-12 -1.765591e+02 -2.330581e+04
INFO: cmn.c(133): CMN: 49.45 12.58 -0.06  7.92 -9.16 -10.05 19.18 -6.18 -0.92 -4.43 -5.01 -9.41 -2.07 
utt>    21                    1-5-02  134    0    48 8  1 3 2.543712e-12 -1.818689e+02 -2.437043e+04
INFO: cmn.c(133): CMN: 48.86  9.17 -1.27 -1.41 -10.37 -14.41 20.79  1.24 -1.23 12.14 -11.27 -8.11  4.74 
utt>    22                    1-5-03  110    0    32 10  1 3 2.240320e-12 -1.954054e+02 -2.149460e+04
INFO: cmn.c(133): CMN: 50.14 10.21 -6.20 11.64 -0.48 -4.18 13.63 -7.98  8.24 -6.04 -6.45 -8.35 -1.06 
utt>    23                    1-5-04  118    0    52 7  1 2 1.036901e-12 -1.746269e+02 -2.060598e+04
INFO: cmn.c(133): CMN: 54.26  9.45 -6.66  4.82 -4.74 -5.17  3.44 -13.34  4.39  1.85 -6.36  0.80  5.43 
utt>    24                    1-5-05  191    0    80 9  1 2 1.666270e-12 -1.792605e+02 -3.423876e+04
INFO: cmn.c(133): CMN: 58.80  8.36  2.35 15.30 -13.39  1.34  4.70  4.64 -2.71 -11.46 -6.32 -5.32 -7.41 
utt>    25                    2-1-01  122    0    44 9  1 3 5.800751e-12 -1.904832e+02 -2.323896e+04
INFO: cmn.c(133): CMN: 60.33  9.73  0.66 20.14 -12.55  2.71  7.07  7.82  1.32 -15.65  2.17 -2.93 -7.59 
utt>    26                    2-1-02  110    0    48 11  1 3 5.601340e-12 -1.928508e+02 -2.121359e+04
INFO: cmn.c(133): CMN: 56.80 11.50  0.65 25.87 -10.04  1.44 10.56  5.46 -1.73 -13.28 -4.09 -4.51 -3.65 
utt>    27                    2-1-03  140    0    64 10  1 3 3.882116e-12 -1.758906e+02 -2.462469e+04
INFO: cmn.c(133): CMN: 64.23  9.09 -5.37 12.59 -15.67 -3.05 -2.23 -1.28  4.43 -17.41  0.00 -6.79 -9.24 
utt>    28                    2-1-04   69    0    28 8  1 2 3.946376e-12 -1.853850e+02 -1.279157e+04
INFO: cmn.c(133): CMN: 59.23 11.49 -2.26  9.60 -3.94  1.78  7.08  5.01  4.43 -14.60  5.56 -5.23 -7.75 
utt>    29                    2-1-05   76    0    32 9  1 3 3.497508e-12 -1.956273e+02 -1.486767e+04
INFO: cmn.c(133): CMN: 67.08 10.05 -7.39  2.73 -3.62 -1.17 -4.76  3.10  0.94 -11.13 -2.91  0.31 -4.38 
utt>    30                    2-2-01   87    0    36 8  1 3 3.279413e-12 -1.751081e+02 -1.523440e+04
INFO: cmn.c(133): CMN: 63.37 16.32 -0.81  8.15 -12.61  4.34 13.40 -8.43 -5.72 -12.32  1.39  4.52 -9.73 
utt>    31                    2-2-02  117    0    68 9  1 3 2.296601e-12 -1.835763e+02 -2.147842e+04
INFO: cmn.c(133): CMN: 66.10 10.33 -3.46 -0.32 -6.44  1.86  1.55  4.91  3.81 -20.42 13.51 -5.69 -6.04 
utt>    32                    2-2-03   83    0    44 9  1 3 3.443648e-12 -1.949724e+02 -1.618271e+04
INFO: cmn.c(133): CMN: 61.61  4.67  0.89 16.49 -0.07 -1.98  3.59  2.91 -4.26 -27.14  4.84 -0.58 -13.00 
utt>    33                    2-2-04   74    0    32 9  1 3 1.874227e-12 -1.844385e+02 -1.364845e+04
INFO: cmn.c(133): CMN: 58.22  2.62 -8.24 23.35  7.11 -6.06  1.85  0.11  1.65 -23.33 -3.78  0.28 -17.36 
utt>    34                    2-2-05   91    0    52 8  1 3 1.599906e-12 -1.887151e+02 -1.717307e+04
INFO: cmn.c(133): CMN: 63.61 13.90 -2.82  6.74 -14.66 -6.67  6.19  1.38 -2.21 -5.01 -2.26  3.04 -4.95 
utt>    35                    2-3-01   99    0    44 10  1 3 5.751865e-12 -1.911235e+02 -1.892123e+04
INFO: cmn.c(133): CMN: 64.62  8.89 -5.21 -7.28 -1.52 -4.83 -6.46  0.74  0.61 -15.92  2.87  1.25 -14.67 
utt>    36                    2-3-02   84    0    36 8  1 2 2.197128e-12 -1.929259e+02 -1.620578e+04
INFO: cmn.c(133): CMN: 61.25  5.05  0.33 11.52  0.90 -0.93  3.82  6.99 -5.14 -8.87 -3.99  2.00 -9.09 
utt>    37                    2-3-03   78    0    40 10  1 3 3.759242e-12 -1.910050e+02 -1.489839e+04
INFO: cmn.c(133): CMN: 61.70  3.62  4.12  7.90 -1.45 -8.93 -5.56  4.79 -3.90 -28.25  2.80 -2.63 -9.54 
utt>    38                    2-3-04   66    0    28 9  1 3 1.633300e-12 -1.811667e+02 -1.195700e+04
INFO: cmn.c(133): CMN: 58.48 15.94 -1.92 11.96  0.30  0.80  2.20  5.23  0.78 -23.24 10.47 -1.52 -13.67 
utt>    39                    2-3-05  125    0    68 9  1 3 1.790362e-12 -1.763737e+02 -2.204672e+04
INFO: cmn.c(133): CMN: 59.65 19.15 -4.03  6.24 -3.30 -0.97  9.32 -7.17 -4.24 -9.18 -5.55  4.31 -13.71 
utt>    40                    2-4-01   91    0    52 7  1 3 4.340214e-12 -1.790127e+02 -1.629015e+04
INFO: cmn.c(133): CMN: 59.13 10.39 -3.46 -0.11 -5.65 -4.47  3.46  2.50 -5.08 -8.62 -0.67  2.47 -15.72 
utt>    41                    2-4-02   57    0    36 7  1 2 2.919961e-12 -1.806353e+02 -1.029621e+04
INFO: cmn.c(133): CMN: 63.00 16.59 -5.19  0.69 -13.36 -10.20  8.80  3.09 -3.95 -8.38 -3.74  0.94 -10.44 
utt>    42                    2-4-03   94    0    44 10  1 3 2.526577e-12 -1.831011e+02 -1.721151e+04
INFO: cmn.c(133): CMN: 61.78  5.65 -10.24 -3.40 -9.32 -4.88 -0.49 -1.34 -1.01 -3.36  0.87  1.22 -12.25 
utt>    43                    2-4-04   78    0    28 9  1 3 2.253506e-12 -1.836230e+02 -1.432259e+04
INFO: cmn.c(133): CMN: 62.55 13.20 -4.44 18.40  0.69  2.64  2.65 -9.91  2.91 -20.21  3.22 -0.19 -9.54 
utt>    44                    2-4-05  138    0    76 6  1 2 9.967736e-13 -1.643775e+02 -2.268409e+04
INFO: cmn.c(133): CMN: 65.40 18.84 -4.24  5.33 -5.57  0.72 -0.80 -8.19 -2.47 -15.81 14.13 -0.89 -13.61 
utt>    45                    2-5-01   78    0    44 8  1 2 4.042697e-12 -1.867844e+02 -1.456918e+04
INFO: cmn.c(133): CMN: 59.40 15.38 -4.63 10.88 -2.58 -0.85  5.48  4.48  0.67 -14.52  1.98  3.57 -11.59 
utt>    46                    2-5-02   91    0    48 10  1 3 3.559206e-12 -1.847300e+02 -1.681043e+04
INFO: cmn.c(133): CMN: 62.03 12.93 -0.60  1.94 -11.77 -6.41 -2.13  3.59 -1.08 -21.82 10.60  3.83 -17.93 
utt>    47                    2-5-03   65    0    32 11  2 3 4.375794e-12 -1.936049e+02 -1.258432e+04
INFO: cmn.c(133): CMN: 56.44  8.34 -6.85 25.86  7.87  1.80  3.07  7.43 -5.42 -9.19 -4.94 -0.40 -13.90 
utt>    48                    2-5-04  111    0    52 8  1 2 2.035646e-12 -1.723780e+02 -1.913395e+04
INFO: cmn.c(133): CMN: 60.05 10.13 -5.09 13.97  3.47 -3.71 -0.29 -4.30 -0.83 -11.22 -5.97  1.13 -5.73 
utt>    49                    2-5-05  133    0    80 8  1 3 1.582554e-12 -1.814732e+02 -2.413593e+04
INFO: cmn.c(133): CMN: 59.33 11.64 -9.18 25.02 -4.06  4.63 -16.33 -5.31 -9.18 -0.44 -5.34 -2.81  7.19 
utt>    50                    4-1-01  107    0    44 12  2 3 1.674573e-12 -1.923521e+02 -2.058168e+04
INFO: cmn.c(133): CMN: 59.06 16.14 -12.39 38.67 -11.30 11.23 -13.26 -11.23 -10.54 -4.40 -0.65 -8.56  6.64 
utt>    51                    4-1-02  113    0    48 12  2 4 2.467419e-12 -1.858102e+02 -2.099655e+04
INFO: cmn.c(133): CMN: 58.53 19.17 -10.58 29.35 -4.95 12.23 -18.51 -12.72 -12.65 -2.11  2.33 -5.74  9.25 
utt>    52                    4-1-03  124    0    64 13  2 4 5.403779e-12 -1.773776e+02 -2.199483e+04
INFO: cmn.c(133): CMN: 62.12 17.42 -21.23 24.45 -26.32  1.74 -19.26 -13.34 -8.86 11.52 -2.02 -6.70 10.65 
utt>    53                    4-1-04   87    0    28 9  1 2 3.298757e-12 -1.788951e+02 -1.556387e+04
INFO: cmn.c(133): CMN: 57.99 19.10 -16.30 22.37 -18.36  5.95 -4.80 -12.79 -4.00  0.47 -1.50 -8.00  2.93 
utt>    54                    4-1-05   91    0    32 11  2 3 4.086266e-12 -1.815223e+02 -1.651853e+04
INFO: cmn.c(133): CMN: 64.90 17.41 -15.62 13.05 -1.22  7.13 -23.88 -11.73 -11.23 12.31  1.02 -4.20  2.97 
utt>    55                    4-2-01   89    0    36 10  2 4 3.838721e-12 -1.824494e+02 -1.623800e+04
INFO: cmn.c(133): CMN: 60.33 22.79 -10.76 20.81 -12.57 17.90 -14.26 -23.23 -18.01 -0.91  6.13 -1.72 13.70 
utt>    56                    4-2-02  137    0    68 11  2 4 1.814724e-12 -1.770484e+02 -2.425563e+04
INFO: cmn.c(133): CMN: 61.95 17.93 -16.51 17.68 -16.40 11.92 -14.24 -20.25 -6.70  8.63  4.29 -2.87  0.87 
utt>    57                    4-2-03  112    0    44 10  1 3 2.875488e-12 -1.727177e+02 -1.934439e+04
INFO: cmn.c(133): CMN: 59.62 12.01 -9.83 45.24 -21.71  4.75 -4.67 -17.70 -10.89 -2.23  0.93 -7.45 12.44 
utt>    58                    4-2-04   86    0    32 11  2 3 4.993174e-12 -1.678773e+02 -1.443745e+04
INFO: cmn.c(133): CMN: 58.36 12.19 -12.12 38.14 -6.25  4.76 -9.94 -21.42 -8.01 -9.56 -3.88 -4.64  4.63 
utt>    59                    4-2-05   79    0    52 9  1 3 1.700811e-12 -1.812655e+02 -1.431997e+04
INFO: cmn.c(133): CMN: 63.33 22.78 -23.73 23.48 -11.53 13.48 -24.16 -15.98 -10.77  1.23  2.59  1.36 14.20 
utt>    60                    4-3-01  101    0    44 13  2 4 3.293472e-12 -1.719069e+02 -1.736260e+04
INFO: cmn.c(133): CMN: 62.18 13.18 -19.39 20.09 -5.78  5.82 -20.05 -21.67 -4.59  4.56 -1.13 -4.41  8.46 
utt>    61                    4-3-02   94    0    36 9  1 3 1.300766e-12 -1.861078e+02 -1.749414e+04
INFO: cmn.c(133): CMN: 61.16  9.84 -9.79 34.35  0.86  6.02 -11.93 -20.32 -2.34 -2.32  0.33 -1.37  7.55 
utt>    62                    4-3-03   98    0    40 10  1 3 1.395198e-12 -1.714654e+02 -1.680361e+04
INFO: cmn.c(133): CMN: 60.63  6.77 -5.15 28.90 -9.26 -4.10 -16.70 -20.91 -9.00 -6.53 -4.43 -1.30  9.95 
utt>    63                    4-3-04   83    0    28 10  2 3 5.160591e-12 -1.752690e+02 -1.454732e+04
INFO: cmn.c(133): CMN: 60.14 20.30 -15.80 28.96 -6.79  5.08 -11.22 -25.57 -2.75  1.30  3.69 -3.59  7.99 
utt>    64                    4-3-05  121    0    68 11  1 3 4.275716e-12 -1.855130e+02 -2.244707e+04
INFO: cmn.c(133): CMN: 61.77 19.79 -11.18 25.81 -12.62 19.04 -10.73 -31.68 -14.22 -0.18  2.92 -1.10 11.69 
utt>    65                    4-4-01   91    0    52 9  1 3 2.029219e-12 -1.807805e+02 -1.645103e+04
INFO: cmn.c(133): CMN: 61.04  9.67 -10.41 20.43  8.67  2.11 -26.70 -13.40 -4.51  0.23 -8.61  1.41  9.52 
utt>    66                    4-4-02  104    0    36 8  1 3 1.440366e-12 -1.763915e+02 -1.834472e+04
INFO: cmn.c(133): CMN: 62.37 22.36 -20.23 20.62 -17.73  2.67 -17.22 -17.50 -6.04  2.07  4.34  1.90 16.66 
utt>    67                    4-4-03  108    0    44 13  2 4 3.905180e-12 -1.781426e+02 -1.923940e+04
INFO: cmn.c(133): CMN: 68.81 21.78 -24.35 22.10 -20.80  7.97 -27.57 -16.48 -2.38 14.04 10.96  1.52  9.87 
utt>    68                    4-4-04   57    0    28 12  2 4 6.628431e-12 -1.673371e+02 -9.538217e+03
INFO: cmn.c(133): CMN: 65.30 17.16 -20.76 32.82 -5.62  9.64 -29.83 -30.46 -6.05  6.63  2.92 -0.33  9.26 
utt>    69                    4-4-05  136    0    76 8  1 2 2.400822e-12 -1.781829e+02 -2.423288e+04
INFO: cmn.c(133): CMN: 70.51 19.03 -22.18 22.01 -20.33 16.99 -29.32 -32.80 -4.30 10.70 10.96  1.62  6.32 
utt>    70                    4-5-01   81    0    44 9  1 2 6.239117e-13 -1.819302e+02 -1.473635e+04
INFO: cmn.c(133): CMN: 65.54 23.13 -17.91 28.61 -22.64  4.50 -8.12 -26.33 -2.25  7.44 10.35 -1.65 12.09 
utt>    71                    4-5-02   51    0    48 16  2 4 3.378659e-12 -1.710136e+02 -8.721693e+03
INFO: cmn.c(133): CMN: 64.94 14.70 -13.73 31.84 -26.01  3.24 -9.08 -26.65 -8.14 -2.88  0.45 -0.93 14.25 
utt>    72                    4-5-03   48    0    32 11  2 3 6.449098e-12 -1.852988e+02 -8.894341e+03
INFO: cmn.c(133): CMN: 60.78 17.45 -17.83 40.69 -17.05 10.90 -13.50 -24.71 -2.01 -9.07 -2.25 -5.60  6.52 
utt>    73                    4-5-04   95    0    52 8  1 2 1.677269e-13 -1.677992e+02 -1.594093e+04
INFO: cmn.c(133): CMN: 62.30 16.11 -11.25 28.52 -7.21 12.65 -22.35 -29.52 -7.80 -3.74  1.73  1.65  9.51 
utt>    74                    4-5-05  112    0    80 10  1 3 7.848976e-13 -1.825739e+02 -2.044828e+04
INFO: cmn.c(133): CMN: 58.69 14.71 18.40  5.24 -7.76 14.55 -16.07 -0.71 -24.44  6.67 -2.30 15.74 -4.44 
utt>    75                    5-1-01  109    0    44 8  1 3 1.712097e-12 -1.981810e+02 -2.160173e+04
INFO: cmn.c(133): CMN: 58.62 17.61 19.71 13.07 -12.70 23.35 -9.63 -1.27 -27.51 20.28 -13.10 15.09 -9.77 
utt>    76                    5-1-02  109    0    48 8  1 3 4.512983e-12 -1.876383e+02 -2.045258e+04
INFO: cmn.c(133): CMN: 60.89 17.66 19.38 12.88 -8.47 20.51 -18.04  3.71 -28.19 25.58 -5.26 23.40  2.49 
utt>    77                    5-1-03  108    0    64 8  1 3 2.979384e-12 -1.838582e+02 -1.985669e+04
INFO: cmn.c(133): CMN: 63.34 17.17  5.42  3.87 -6.68  6.09 -3.28  1.43 -24.35 11.75 -12.20 21.36  3.54 
utt>    78                    5-1-04   79    0    28 8  1 2 2.501619e-12 -1.888303e+02 -1.491760e+04
INFO: cmn.c(133): CMN: 56.36 16.30 12.14  3.41 -0.55  2.02  5.77 -7.18 -15.86 16.59 -15.03  9.78 -3.59 
utt>    79                    5-1-05   99    0    32 9  1 2 2.319297e-12 -1.795733e+02 -1.777776e+04
INFO: cmn.c(133): CMN: 66.41 12.54  7.89  8.75 -0.34 -6.46 -19.44 37.34 -12.72 25.91 -22.25 10.37 -2.41 
utt>    80                    5-2-01   77    0    36 9  1 3 5.627208e-12 -1.845937e+02 -1.421372e+04
INFO: cmn.c(133): CMN: 63.42 18.15 11.86 -1.48  0.41 16.51 -23.73 25.76 -17.21 29.29 -13.96  9.65  2.81 
utt>    81                    5-2-02  121    0    68 10  1 3 2.223284e-12 -1.946293e+02 -2.355015e+04
INFO: cmn.c(133): CMN: 62.07 16.69  6.44  2.27 -0.34 -5.66 -4.45 24.76 -13.20 24.32 -17.87  6.04  3.88 
utt>    82                    5-2-03   96    0    44 8  1 3 1.867899e-12 -1.752631e+02 -1.682525e+04
INFO: cmn.c(133): CMN: 61.19  8.96 18.19 21.84 -19.77  5.07 -4.93 40.00 -31.70 19.81 -21.92  0.73 -8.28 
utt>    83                    5-2-04   70    0    32 10  1 3 4.103623e-12 -1.940875e+02 -1.358613e+04
INFO: cmn.c(133): CMN: 61.22  2.28  9.64 24.67 -8.71 -2.25 -9.50 29.67 -28.01 16.18 -13.88  4.85 -0.93 
utt>    84                    5-2-05  111    0    52 8  1 3 4.133215e-12 -1.749407e+02 -1.941842e+04
INFO: cmn.c(133): CMN: 61.81 19.69  8.63  1.62 -2.81  3.89 -6.77 14.75 -25.15 21.78 -17.54 12.26  8.12 
utt>    85                    5-3-01  109    0    44 10  1 3 3.343564e-12 -1.952257e+02 -2.127960e+04
INFO: cmn.c(133): CMN: 64.95  9.36  5.81  2.25  4.21 -5.08 -10.88 17.19 -23.31 14.89 -18.42  6.27  9.92 
utt>    86                    5-3-02  100    0    36 7  1 2 1.849163e-12 -1.773023e+02 -1.773023e+04
INFO: cmn.c(133): CMN: 61.22  8.49 16.13 17.41 -0.77 -0.11 -6.36 26.36 -32.22 25.31 -17.17  6.96 -0.41 
utt>    87                    5-3-03   82    0    40 9  1 3 3.874840e-12 -1.958181e+02 -1.605709e+04
INFO: cmn.c(133): CMN: 59.64  6.27 19.38 11.66 -6.19 -1.70 -1.54 19.52 -40.24 18.90 -11.06  8.20  4.16 
utt>    88                    5-3-04   80    0    28 9  1 3 2.780122e-12 -1.851743e+02 -1.481395e+04
INFO: cmn.c(133): CMN: 60.53 16.04 11.38 17.35 -4.55 -1.71 -5.86 11.41 -25.71 18.45 -10.35  5.14  2.96 
utt>    89                    5-3-05  125    0    68 7  1 3 2.204273e-12 -1.751270e+02 -2.189087e+04
INFO: cmn.c(133): CMN: 60.88 18.07 11.93 -2.11  7.49  7.12 -21.18 22.83 -19.07 17.41 -5.82 -0.09  5.39 
utt>    90                    5-4-01   88    0    52 7  1 3 3.139710e-12 -1.864575e+02 -1.640826e+04
INFO: cmn.c(133): CMN: 65.04  9.46  6.32 10.60  5.22 -7.88 -12.86 24.78 -24.38 14.76 -13.66  5.63 -4.60 
utt>    91                    5-4-02   78    0    36 10  1 3 3.894404e-12 -1.928531e+02 -1.504254e+04
INFO: cmn.c(133): CMN: 60.90 17.14  3.42 -0.75 -2.39  6.75 -13.34 25.14 -23.63 17.31 -5.09  0.87  5.11 
utt>    92                    5-4-03  114    0    44 10  1 3 1.755923e-12 -1.795322e+02 -2.046667e+04
INFO: cmn.c(133): CMN: 62.79 20.42  3.41  4.85 -14.10  2.62 -10.21 32.29 -26.42 21.55 -11.56  9.06  4.37 
utt>    93                    5-4-04   67    0    28 10  1 3 3.552261e-12 -1.804005e+02 -1.208683e+04
INFO: cmn.c(133): CMN: 61.70 16.14  7.13 15.03  3.15 -1.45 -18.57 24.01 -21.82 19.26 -9.57  1.12  5.30 
utt>    94                    5-4-05  151    0    76 5  1 2 1.206685e-13 -1.519944e+02 -2.295115e+04
INFO: cmn.c(133): CMN: 67.53 11.83  3.87  3.78 -0.52  2.17 -25.90 33.74 -14.64 29.67 -9.95 -5.31  5.43 
utt>    95                    5-5-01   79    0    44 6  1 2 1.120072e-12 -1.661492e+02 -1.312579e+04
INFO: cmn.c(133): CMN: 62.96 15.89  6.44 13.16 -5.59 -0.70 -6.58 36.30 -10.78 22.21 -7.16 -9.66  4.54 
utt>    96                    5-5-02   83    0    48 9  1 3 3.659951e-12 -1.909163e+02 -1.584605e+04
INFO: cmn.c(133): CMN: 61.47 15.14  4.17 -0.81 -1.82  0.25 -11.36 31.57 -16.51 12.04 -6.28 -9.11  0.74 
utt>    97                    5-5-03   96    0    32 10  1 3 6.203801e-13 -1.921697e+02 -1.844829e+04
INFO: cmn.c(133): CMN: 60.96  8.98 10.79 22.68 -0.95 -3.66 -11.80 32.70 -23.80 21.42 -1.69 -4.65  2.84 
utt>    98                    5-5-04  107    0    52 8  1 2 1.454563e-12 -1.839230e+02 -1.967976e+04
INFO: cmn.c(133): CMN: 60.98 11.59  8.94  8.75  1.39 -1.97 -21.40 30.20 -21.00 16.03 -8.74 -1.86 -0.88 
utt>    99                    5-5-05  127    0    80 7  1 2 2.206478e-12 -1.773587e+02 -2.252456e+04
INFO: cmn.c(133): CMN: 69.70 19.14  0.81  0.22 -20.80  0.80  0.44  4.77 -15.50 -5.17  1.67 -1.08  2.30 
utt>   100                    6-1-01  139    0    44 8  1 2 1.285517e-12 -1.793057e+02 -2.492350e+04
INFO: cmn.c(133): CMN: 66.52 17.90  4.15  4.67 -25.25  7.02  2.16 -0.45 -11.71 -2.10  0.58 -2.37  1.70 
utt>   101                    6-1-02  145    0    48 9  1 3 2.242173e-12 -1.819141e+02 -2.637755e+04
INFO: cmn.c(133): CMN: 64.65 18.60 11.18  4.60 -23.23  9.08  3.55  2.60 -12.08 -3.55  2.39 -7.10  2.51 
utt>   102                    6-1-03  145    0    64 8  1 3 1.222993e-12 -1.879957e+02 -2.725938e+04
INFO: cmn.c(133): CMN: 67.93 18.70 -3.47 -7.55 -22.74 -0.22 -5.74  7.16 -4.00 -0.23  5.44 -4.14 10.04 
utt>   103                    6-1-04   94    0    28 8  1 2 1.717570e-12 -1.837651e+02 -1.727392e+04
INFO: cmn.c(133): CMN: 61.32 16.23 -3.43 -0.62 -12.52  4.82  0.26 -0.01  0.44  4.35 -2.59  1.00  4.28 
utt>   104                    6-1-05  130    0    32 9  1 2 4.164214e-12 -1.853710e+02 -2.409823e+04
INFO: cmn.c(133): CMN: 73.88 16.44 -8.86 -2.08 -16.50 -5.13 -8.32 14.80 -5.96 -8.49 -8.49 -2.25  4.61 
utt>   105                    6-2-01   93    0    36 9  1 2 2.732781e-12 -1.852332e+02 -1.722669e+04
INFO: cmn.c(133): CMN: 67.70 21.14  4.29 -9.60 -17.00  4.42 -0.08  2.54 -6.19  2.76  5.82  5.05  6.18 
utt>   106                    6-2-02  143    0    68 8  1 2 1.667327e-12 -1.892937e+02 -2.706900e+04
INFO: cmn.c(133): CMN: 71.05 15.04 -7.29 -2.11 -13.65  2.88 -10.44 11.31 -3.34  6.07  4.29 -9.88  9.02 
utt>   107                    6-2-03  110    0    44 9  1 3 5.809584e-13 -1.879933e+02 -2.067926e+04
INFO: cmn.c(133): CMN: 67.29 15.81 12.36 10.89 -39.57  3.16  3.65  4.91 -14.13  5.46  8.93 -10.02  8.96 
utt>   108                    6-2-04   85    0    32 9  1 2 2.456417e-12 -1.687514e+02 -1.434387e+04
INFO: cmn.c(133): CMN: 63.76 13.14  3.18 14.16 -20.66 -3.49 -1.49  7.76 -11.51 10.00  6.82 -2.70  9.36 
utt>   109                    6-2-05   98    0    52 7  1 2 1.533939e-12 -1.782651e+02 -1.746998e+04
INFO: cmn.c(133): CMN: 68.14 25.39 -3.71 -4.99 -25.15  0.64  3.67  5.46 -4.09  0.52 -1.89  3.10  7.14 
utt>   110                    6-3-01  122    0    44 10  1 3 2.404338e-12 -1.928090e+02 -2.352270e+04
INFO: cmn.c(133): CMN: 69.68 19.12 -4.68 -0.18 -10.93 -2.99 -13.50 13.08  0.53 -5.08 -5.18  1.50  9.07 
utt>   111                    6-3-02  105    0    36 7  1 2 1.342761e-12 -1.866801e+02 -1.960141e+04
INFO: cmn.c(133): CMN: 66.37 14.43  7.90 13.55 -19.79 -2.47 -2.77  5.23 -12.46  1.67 -10.01 -6.96  1.06 
utt>   112                    6-3-03  106    0    40 8  1 2 2.492629e-12 -1.834052e+02 -1.944095e+04
INFO: cmn.c(133): CMN: 66.78 15.62  5.63  6.44 -30.56 -9.85  5.07  1.83 -17.01  2.44  2.58 -3.80  8.25 
utt>   113                    6-3-04   95    0    28 9  1 3 1.721865e-12 -1.774308e+02 -1.685593e+04
INFO: cmn.c(133): CMN: 63.80 20.34  4.84  7.12 -15.60 -1.59 -0.42  7.15 -5.68  8.76  1.84  4.04  8.44 
utt>   114                    6-3-05  147    0    68 7  1 2 3.845235e-12 -1.904140e+02 -2.799086e+04
INFO: cmn.c(133): CMN: 67.30 17.77  6.40 -6.71 -17.39  1.42 -0.83  3.09 -4.07 -4.20  0.58  5.82  3.00 
utt>   115                    6-4-01  109    0    52 7  1 2 2.209262e-13 -1.790441e+02 -1.951580e+04
INFO: cmn.c(133): CMN: 65.77 13.75  2.02  7.47 -12.90 -10.33 -5.80 13.53 -12.70 -2.58 -10.56 -0.34  1.03 
utt>   116                    6-4-02  109    0    36 7  1 2 1.758586e-12 -1.799464e+02 -1.961416e+04
INFO: cmn.c(133): CMN: 64.66 24.04 -2.17 -9.79 -31.10 -0.76  2.43  9.09 -10.12 -2.27 -1.84  5.68  4.85 
utt>   117                    6-4-03  126    0    44 12  1 3 3.722477e-12 -1.891713e+02 -2.383558e+04
INFO: cmn.c(133): CMN: 71.76 20.54 -6.33 -6.43 -35.26 -5.94 -2.20 12.68 -6.85  5.82  4.07  3.15  9.74 
utt>   118                    6-4-04   85    0    28 10  1 3 1.415554e-12 -1.701714e+02 -1.446457e+04
INFO: cmn.c(133): CMN: 66.41 17.25 -1.09  7.13 -12.19 -6.36 -9.67 11.49 -9.68 12.58  1.19  2.04  3.43 
utt>   119                    6-4-05  155    0    76 6  1 2 2.816103e-12 -1.628559e+02 -2.524266e+04
INFO: cmn.c(133): CMN: 73.30 19.33 -6.21 -3.70 -22.73  1.53 -8.20 15.68 -4.89 10.61  2.84  1.39  4.54 
utt>   120                    6-5-01  113    0    44 6  1 2 1.765009e-12 -1.637395e+02 -1.850256e+04
INFO: cmn.c(133): CMN: 66.30 17.17 -5.28  0.78 -19.62  7.18 -0.27 12.53 -12.87 11.89  4.80 -3.75  5.52 
utt>   121                    6-5-02  114    0    48 8  1 2 9.217507e-13 -1.737626e+02 -1.980894e+04
INFO: cmn.c(133): CMN: 66.72 19.85 -3.77 -6.22 -32.73  2.44  3.09  0.83 -10.26  3.47  2.60 -0.72  4.66 
utt>   122                    6-5-03   91    0    32 10  1 3 3.123877e-12 -1.851088e+02 -1.684490e+04
INFO: cmn.c(133): CMN: 64.23 14.35  6.52 10.34 -24.07  2.29  4.77  3.53 -9.98  8.98  2.03 -0.46  0.87 
utt>   123                    6-5-04  118    0    52 8  1 2 2.644249e-12 -1.765012e+02 -2.082715e+04
INFO: cmn.c(133): CMN: 60.07 14.40 10.17  9.45 -12.10 -2.03 -6.44  3.72 -10.71  0.96 -0.04  3.08 -3.89 
utt>   124                    6-5-05  145    0    80 7  1 2 1.129004e-12 -1.818867e+02 -2.637357e+04
INFO: cmn.c(133): CMN: 66.89  9.21  8.43  7.27 -14.93 -1.53 -16.42  5.25 -13.24 12.92 -0.29  5.78 -1.29 
utt>   125                    7-1-01  139    0    44 11  1 3 2.447066e-12 -1.741227e+02 -2.420305e+04
INFO: cmn.c(133): CMN: 68.20  7.41  4.42 11.78 -19.83  4.11 -12.06  0.70 -13.46 16.55 -2.40 -0.38 -4.98 
utt>   126                    7-1-02  147    0    48 11  1 3 2.633214e-12 -1.796301e+02 -2.640563e+04
INFO: cmn.c(133): CMN: 64.21 12.05  4.13 13.48 -22.17  9.37 -14.67  6.88 -14.09 22.73  1.42  7.77  1.83 
utt>   127                    7-1-03  137    0    64 10  1 3 2.741254e-12 -1.889752e+02 -2.588960e+04
INFO: cmn.c(133): CMN: 66.61 12.74 -6.49  1.27 -21.25 -4.36 -13.44 16.50 -7.89 16.94 -0.68  4.33 10.39 
utt>   128                    7-1-04   78    0    28 10  1 2 1.964774e-12 -1.808178e+02 -1.410379e+04
INFO: cmn.c(133): CMN: 61.17 10.48  1.26  0.11 -8.13  2.00 -10.58  3.14 -6.90 19.28  3.68  3.05  2.96 
utt>   129                    7-1-05   97    0    32 12  1 3 3.678774e-12 -1.746406e+02 -1.694013e+04
INFO: cmn.c(133): CMN: 66.33  8.15 -5.77  7.63 -9.24 -7.13 -12.48  5.69 -2.03  9.69 -3.86  2.24  0.47 
utt>   130                    7-2-01   94    0    36 11  1 3 1.155806e-12 -1.865752e+02 -1.753807e+04
INFO: cmn.c(133): CMN: 64.67 14.97  1.98  2.15 -20.76  1.87 -12.17  5.15 -6.99 23.92  2.57  8.50  6.51 
utt>   131                    7-2-02  144    0    68 11  2 3 2.399676e-12 -1.803256e+02 -2.596688e+04
INFO: cmn.c(133): CMN: 62.96 12.30 -0.52  5.15 -11.48 -8.83 -10.10 -0.21 -6.67 18.86  0.20  5.81  3.25 
utt>   132                    7-2-03  105    0    44 10  2 3 2.664183e-12 -1.862094e+02 -1.955199e+04
INFO: cmn.c(133): CMN: 67.52  6.67  7.83 13.73 -32.86  3.99 -12.70  8.58 -25.51 26.79  0.18  5.26  7.24 
utt>   133                    7-2-04   80    0    32 12  1 3 4.355333e-12 -1.777114e+02 -1.421691e+04
INFO: cmn.c(133): CMN: 64.23  8.00  3.20 25.11 -26.15 -0.53 -23.65 12.94 -30.13 22.75  1.09  3.47 13.67 
utt>   134                    7-2-05  100    0    52 9  1 3 4.746940e-12 -1.632478e+02 -1.632478e+04
INFO: cmn.c(133): CMN: 61.90 10.68 -5.49  5.25 -18.79  3.23 -7.02  8.03 -8.01  4.68 -3.23 -0.82 -0.49 
utt>   135                    7-3-01  171    0    44 12  1 3 1.865599e-12 -1.903744e+02 -3.255402e+04
INFO: cmn.c(133): CMN: 62.23  5.98 -6.13  3.54 -9.79 -3.57 -10.93  4.39 -6.06  8.79 -3.43  4.44  5.04 
utt>   136                    7-3-02  145    0    36 8  1 2 1.560267e-12 -1.841458e+02 -2.670114e+04
INFO: cmn.c(133): CMN: 62.16  4.79  4.18 13.74 -15.56 -3.70 -11.45  5.13 -16.81  5.83 -4.08  3.92  2.27 
utt>   137                    7-3-03  125    0    40 9  1 3 2.331484e-12 -1.940987e+02 -2.426234e+04
INFO: cmn.c(133): CMN: 57.04  6.99  5.43  2.53 -18.55 -2.87 -13.11  4.93 -18.81 12.95 -1.52  9.73  1.47 
utt>   138                    7-3-04  126    0    28 9  1 2 3.757525e-12 -1.880859e+02 -2.369883e+04
INFO: cmn.c(133): CMN: 62.99 13.47  1.49 12.65 -21.68  0.54 -5.39  7.52 -8.81 15.33  3.23  3.98 11.88 
utt>   139                    7-3-05  133    0    68 9  1 3 1.163144e-12 -1.827898e+02 -2.431105e+04
INFO: cmn.c(133): CMN: 67.05 14.26 -0.71  7.83 -22.43 -0.28 -13.26  2.44 -9.77 22.30  3.79  4.80  8.45 
utt>   140                    7-4-01   99    0    52 7  1 3 1.991992e-12 -1.780790e+02 -1.762982e+04
INFO: cmn.c(133): CMN: 66.86  4.69  3.56 14.52 -17.44 -12.55 -9.58 -0.72 -13.37  5.95 -2.92  4.75  3.84 
utt>   141                    7-4-02  103    0    36 9  1 2 2.200002e-12 -1.903493e+02 -1.960598e+04
INFO: cmn.c(133): CMN: 67.36 13.63 -2.28  1.66 -29.93 -3.03 -2.31 10.09 -3.75  4.30  6.42  2.04  4.37 
utt>   142                    7-4-03  124    0    44 13  2 3 3.383841e-12 -1.885035e+02 -2.337444e+04
INFO: cmn.c(133): CMN: 70.53 12.27 -5.96  7.46 -33.30 -2.17 -0.97 24.41 -1.34  8.44  3.93  4.69  9.17 
utt>   143                    7-4-04   63    0    28 12  2 3 2.351068e-12 -1.853259e+02 -1.167553e+04
INFO: cmn.c(133): CMN: 63.76 15.05  3.26 11.64 -17.25 -2.05 -13.24  5.03 -10.93 18.59 -1.24  1.85 10.02 
utt>   144                    7-4-05  160    0    76 7  1 2 1.400364e-12 -1.632211e+02 -2.611537e+04
INFO: cmn.c(133): CMN: 68.60 15.15 -3.81  2.66 -24.22  1.36 -13.62  1.20 -4.42 17.94 -2.20 -0.10  7.72 
utt>   145                    7-5-01   98    0    44 7  1 2 3.322340e-12 -1.664398e+02 -1.631110e+04
INFO: cmn.c(133): CMN: 64.56 12.81  2.09  9.61 -22.52 -0.61 -2.99  1.34 -7.08 12.40 -2.37 -0.47  4.39 
utt>   146                    7-5-02  120    0    48 10  1 2 5.041252e-13 -1.828598e+02 -2.194318e+04
INFO: cmn.c(133): CMN: 64.21 16.74 -1.90  2.25 -29.14 -4.71 -7.74  5.56 -12.90 11.49  3.63  2.35 14.78 
utt>   147                    7-5-03   78    0    32 11  1 3 3.650178e-12 -1.832603e+02 -1.429430e+04
INFO: cmn.c(133): CMN: 62.32  8.34 10.24 19.09 -27.49 -1.76 -5.23  8.90 -11.75 15.26  0.96  2.38  9.21 
utt>   148                    7-5-04   92    0    52 8  1 3 1.429395e-12 -1.765941e+02 -1.624666e+04
overall> stats 16266 (-0) -1.814323e+02 -2.951178e+06
WARN: "accum.c", line 642: The following senones never occur in the input data
	45 46 47 66 67 68 84 85 86 87 
	88 89 102 103 104 
INFO: s3mixw_io.c(232): Wrote /home/sourav/workdir/acoustic_model_final/bwaccumdir/final_buff_1/mixw_counts [105x4x256 array]
INFO: s3tmat_io.c(175): Wrote /home/sourav/workdir/acoustic_model_final/bwaccumdir/final_buff_1/tmat_counts [35x3x4 array]
INFO: s3gau_io.c(480): Wrote /home/sourav/workdir/acoustic_model_final/bwaccumdir/final_buff_1/gauden_counts with means with vars (2pass) [35x4x256 vector arrays]
INFO: main.c(999): Counts saved to /home/sourav/workdir/acoustic_model_final/bwaccumdir/final_buff_1
Thu Dec  5 21:25:19 2019
