Current configuration:
[NAME]		[DEFLT]	[VALUE]
-example	no	no
-help		no	no
-mixwfn			/home/sourav/workdir/acoustic_model_final/model_parameters/final.ci_ptm_flatinitial/mixture_weights
-moddeffn		/home/sourav/workdir/acoustic_model_final/model_architecture/final.ci.mdef
-ndensity	256	256
-nstream	4	4
-tmatfn			/home/sourav/workdir/acoustic_model_final/model_parameters/final.ci_ptm_flatinitial/transition_matrices
-topo			/home/sourav/workdir/acoustic_model_final/model_architecture/final.topology

INFO: model_def_io.c(573): Model definition info:
INFO: model_def_io.c(574): 35 total models defined (35 base, 0 tri)
INFO: model_def_io.c(575): 140 total states
INFO: model_def_io.c(576): 105 total tied states
INFO: model_def_io.c(577): 105 total tied CI states
INFO: model_def_io.c(578): 35 total tied transition matrices
INFO: model_def_io.c(579): 4 max state/model
INFO: model_def_io.c(580): 4 min state/model
INFO: s3tmat_io.c(175): Wrote /home/sourav/workdir/acoustic_model_final/model_parameters/final.ci_ptm_flatinitial/transition_matrices [35x3x4 array]
INFO: s3mixw_io.c(232): Wrote /home/sourav/workdir/acoustic_model_final/model_parameters/final.ci_ptm_flatinitial/mixture_weights [105x4x256 array]
main.c(83): Reading model definition file /home/sourav/workdir/acoustic_model_final/model_architecture/final.ci.mdef
main.c(90): 35 models defined
Thu Dec  5 21:24:08 2019
