        INFO: main.c(229): Compiled on Jul 21 2019 at 15:43:35
Current configuration:
[NAME]		[DEFLT]		[VALUE]
-2passvar	no		yes
-abeam		1e-100		1.000000e-90
-accumdir			/home/sourav/workdir/acoustic_model_final/bwaccumdir/final_buff_3
-agc		none		none
-agcthresh	2.0		2.000000e+00
-bbeam		1e-100		1.000000e-10
-cb2mllrfn	.1cls.		.1cls.
-cepdir				/home/sourav/workdir/acoustic_model_final/feat
-cepext		mfc		mfc
-ceplen		13		13
-ckptintv			0
-cmn		live		batch
-cmninit	40,3,-1		40,3,-1
-ctlfn				/home/sourav/workdir/acoustic_model_final/etc/final_train.fileids
-diagfull	no		no
-dictfn				/home/sourav/workdir/acoustic_model_final/etc/final.dic.full
-example	no		no
-fdictfn			/home/sourav/workdir/acoustic_model_final/etc/final.filler
-feat		1s_c_d_dd	s2_4x
-fullvar	no		no
-help		no		no
-hmmdir				
-latdir				
-latext				
-lda				
-ldadim		0		0
-lsnfn				/home/sourav/workdir/acoustic_model_final/etc/final_train.transcription
-lw		11.5		1.150000e+01
-maxuttlen	0		0
-meanfn				/home/sourav/workdir/acoustic_model_final/model_parameters/final.ci_ptm/means
-meanreest	yes		yes
-mixwfn				/home/sourav/workdir/acoustic_model_final/model_parameters/final.ci_ptm/mixture_weights
-mixwreest	yes		yes
-mllrmat			
-mmie		no		no
-mmie_type	rand		rand
-moddeffn			/home/sourav/workdir/acoustic_model_final/model_architecture/final.ci.mdef
-mwfloor	0.00001		1.000000e-08
-npart				5
-nskip				0
-outphsegdir			
-outputfullpath	no		no
-part				3
-pdumpdir			
-phsegdir			
-phsegext	phseg		phseg
-runlen		-1		-1
-sentdir			
-sentext	sent		sent
-spthresh	0.0		0.000000e+00
-svspec				
-timing		yes		no
-tmatfn				/home/sourav/workdir/acoustic_model_final/model_parameters/final.ci_ptm/transition_matrices
-tmatreest	yes		yes
-topn		4		256
-tpfloor	0.0001		1.000000e-04
-ts2cbfn			.ptm.
-varfloor	0.00001		1.000000e-04
-varfn				/home/sourav/workdir/acoustic_model_final/model_parameters/final.ci_ptm/variances
-varnorm	no		no
-varreest	yes		yes
-viterbi	no		no

INFO: feat.c(713): Initializing feature stream to type: 's2_4x', ceplen=13, CMN='batch', VARNORM='no', AGC='none'
INFO: main.c(318): Reading /home/sourav/workdir/acoustic_model_final/model_architecture/final.ci.mdef
INFO: model_def_io.c(573): Model definition info:
INFO: model_def_io.c(574): 35 total models defined (35 base, 0 tri)
INFO: model_def_io.c(575): 140 total states
INFO: model_def_io.c(576): 105 total tied states
INFO: model_def_io.c(577): 105 total tied CI states
INFO: model_def_io.c(578): 35 total tied transition matrices
INFO: model_def_io.c(579): 4 max state/model
INFO: model_def_io.c(580): 4 min state/model
INFO: s3mixw_io.c(116): Read /home/sourav/workdir/acoustic_model_final/model_parameters/final.ci_ptm/mixture_weights [105x4x256 array]
INFO: mod_inv.c(408): Failed to norm for 15 mixw: 45 46 47 66 67 68 84 85 86 87 88 89 102 103 104
INFO: s3tmat_io.c(117): Read /home/sourav/workdir/acoustic_model_final/model_parameters/final.ci_ptm/transition_matrices [35x3x4 array]
INFO: mod_inv.c(300): inserting tprob floor 1.000000e-04 and renormalizing
INFO: s3gau_io.c(168): Read /home/sourav/workdir/acoustic_model_final/model_parameters/final.ci_ptm/means [35x4x256 array]
INFO: s3gau_io.c(168): Read /home/sourav/workdir/acoustic_model_final/model_parameters/final.ci_ptm/variances [35x4x256 array]
INFO: gauden.c(176): 35 total mgau
INFO: gauden.c(150): 4 feature streams (|0|=12 |1|=24 |2|=3 |3|=12 )
INFO: gauden.c(187): 256 total densities
INFO: gauden.c(90): min_var=1.000000e-04
INFO: gauden.c(165): compute 256 densities/frame
INFO: main.c(430): Will reestimate mixing weights.
INFO: main.c(432): Will reestimate means.
INFO: main.c(434): Will reestimate variances.
INFO: main.c(442): Will reestimate transition matrices
INFO: main.c(455): Reading main dictionary: /home/sourav/workdir/acoustic_model_final/etc/final.dic.full
INFO: lexicon.c(220): 40 entries added from /home/sourav/workdir/acoustic_model_final/etc/final.dic.full
INFO: main.c(465): Reading filler dictionary: /home/sourav/workdir/acoustic_model_final/etc/final.filler
INFO: lexicon.c(220): 3 entries added from /home/sourav/workdir/acoustic_model_final/etc/final.filler
INFO: corpus.c(403): skipping 298 utts.
INFO: corpus.c(407): Last utt skipped: 13-5-04
INFO: corpus.c(1065): Will process 149 utts starting at 298
INFO: main.c(664): Reestimation: Baum-Welch
INFO: cmn.c(133): CMN: 60.67  5.57  5.52 13.07 -5.78 22.38 -26.61 -1.77 -20.06  1.54  7.51 -5.27  3.11 
column defns
	<seq>
	<id>
	<n_frame_in>
	<n_frame_del>
	<n_state_shmm>
	<avg_states_alpha>
	<avg_states_beta>
	<avg_states_reest>
	<avg_posterior_prune>
	<frame_log_lik>
	<utt_log_lik>
	... timing info ... 
utt>   298                   13-5-05  123    0INFO: cvt2triphone.c(199): no multiphones defined, no conversion done
    80 8  1 3 2.803270e-12 -1.848709e+02 -2.273912e+04
INFO: cmn.c(133): CMN: 71.78 10.09 -3.30 -0.26 -27.68  6.92 -5.97  2.78 -13.09  8.34 -8.33  1.12 -8.91 
utt>   299                   14-1-01  118    0    44 8  1 3 3.102156e-12 -1.922684e+02 -2.268767e+04
INFO: cmn.c(133): CMN: 71.41  8.22 -3.41  4.69 -29.57 12.56 -5.96  2.99 -14.26  4.27 -12.11 -2.64 -11.85 
utt>   300                   14-1-02  137    0    48 9  1 3 4.323400e-12 -1.864737e+02 -2.554689e+04
INFO: cmn.c(133): CMN: 70.49  8.40  0.65  7.87 -25.60 13.38 -10.11  8.09 -11.95 11.01 -5.59 -1.36 -8.59 
utt>   301                   14-1-03  140    0    64 10  1 3 2.048840e-12 -1.900552e+02 -2.660773e+04
INFO: cmn.c(133): CMN: 69.21  8.23 -13.33 -11.45 -25.98  9.36 -10.81 13.51 -4.11 10.41  0.30  4.11  4.26 
utt>   302                   14-1-04  115    0    28 8  1 2 1.473241e-12 -1.784921e+02 -2.052659e+04
INFO: cmn.c(133): CMN: 65.63  6.69 -8.39 -1.05 -20.59  9.92 -3.85  3.85 -9.11  6.00 -8.02 -6.31 -2.76 
utt>   303                   14-1-05  121    0    32 10  1 3 2.757195e-12 -1.834081e+02 -2.219238e+04
INFO: cmn.c(133): CMN: 75.40  1.78 -12.53  1.43 -17.84  3.14 -11.37 15.66 -2.75 -0.06 -8.49 -1.23 -8.42 
utt>   304                   14-2-01  100    0    36 9  1 3 1.045279e-12 -1.880717e+02 -1.880717e+04
INFO: cmn.c(133): CMN: 71.62 12.23 -6.39 -2.06 -27.81 11.47 -8.81  8.94 -6.07 15.32  0.97  4.55 -0.97 
utt>   305                   14-2-02  148    0    68 9  1 3 3.233172e-12 -1.908300e+02 -2.824283e+04
INFO: cmn.c(133): CMN: 64.15  5.87 -11.34 -1.59 -16.35  5.73 -6.38 -2.52 -4.48  9.93  0.89  3.31 -4.94 
utt>   306                   14-2-03  167    0    44 9  1 2 1.381363e-12 -1.867337e+02 -3.118453e+04
INFO: cmn.c(133): CMN: 72.87  1.14  0.52 -1.78 -32.99 11.95 -9.35  6.56 -8.19  9.96 -10.36 -1.69 -15.87 
utt>   307                   14-2-04   98    0    32 10  1 3 2.947230e-12 -1.845676e+02 -1.808762e+04
INFO: cmn.c(133): CMN: 68.97  0.85 -2.95  5.86 -24.04  8.53 -9.20  2.57 -15.76  2.86 -12.97 -4.86 -18.17 
utt>   308                   14-2-05  130    0    52 8  1 2 1.288657e-12 -1.786714e+02 -2.322728e+04
INFO: cmn.c(133): CMN: 72.88 12.32 -14.55 -1.88 -32.43 11.96 -4.79  8.03 -6.88 -0.62 -9.13 -7.45 -8.12 
utt>   309                   14-3-01  130    0    44 9  1 3 2.642159e-12 -1.857876e+02 -2.415239e+04
INFO: cmn.c(133): CMN: 72.04  2.72 -13.27 -3.37 -17.84  4.33 -12.10  8.61  0.28  0.29 -0.78  2.87  0.92 
utt>   310                   14-3-02  123    0    36 7  1 2 5.534283e-13 -1.737172e+02 -2.136722e+04
INFO: cmn.c(133): CMN: 73.28  2.43 -2.87  7.45 -22.23  7.90 -7.43  5.90 -11.17  1.98 -15.75 -5.03 -11.44 
utt>   311                   14-3-03  108    0    40 8  1 2 1.574183e-12 -1.767544e+02 -1.908948e+04
INFO: cmn.c(133): CMN: 72.56 -1.11  0.22 -0.78 -29.19  0.59 -5.60  2.63 -10.82  9.12 -5.92 -3.00 -6.88 
utt>   312                   14-3-04  106    0    28 10  1 2 2.851403e-12 -1.812109e+02 -1.920836e+04
INFO: cmn.c(133): CMN: 68.82 10.04 -4.65  9.02 -23.09 11.06 -2.86  5.76 -7.29  5.87 -12.61  1.80 -1.00 
utt>   313                   14-3-05  155    0    68 8  1 2 2.452651e-12 -1.853955e+02 -2.873631e+04
INFO: cmn.c(133): CMN: 69.60 11.95 -9.31 -1.35 -25.17 12.20 -7.78  4.05 -2.85 10.75 -3.88  0.19 -1.98 
utt>   314                   14-4-01  118    0    52 7  1 2 4.665309e-13 -1.828921e+02 -2.158127e+04
INFO: cmn.c(133): CMN: 70.80  2.55  0.01  6.88 -17.65 -1.66 -7.05  0.98 -8.65  1.26 -4.15  2.18 -2.51 
utt>   315                   14-4-02  115    0    36 8  1 2 2.183954e-12 -1.855662e+02 -2.134011e+04
INFO: cmn.c(133): CMN: 67.37  8.82 -9.30 -1.94 -30.23  4.55 -5.69  8.25 -2.91  1.89 -4.50 -5.32 -1.50 
utt>   316                   14-4-03  167    0    44 10  1 3 2.215103e-12 -1.859385e+02 -3.105173e+04
INFO: cmn.c(133): CMN: 69.36  6.25 -10.00 -6.32 -26.32  3.33 -6.98  9.21 -0.21  6.04 -5.80 -5.91 -2.60 
utt>   317                   14-4-04  108    0    28 10  1 3 1.475007e-12 -1.899204e+02 -2.051141e+04
INFO: cmn.c(133): CMN: 69.47 11.43 -6.83  9.26 -20.64  9.31 -15.24  9.61 -4.71 14.76 -1.97  4.74  2.43 
utt>   318                   14-4-05  203    0    76 6  1 2 1.331113e-12 -1.611325e+02 -3.270989e+04
INFO: cmn.c(133): CMN: 71.65  9.46 -12.36 -5.65 -21.98  6.67 -17.10  9.85 -4.74 13.01 -3.82 -1.94  0.18 
utt>   319                   14-5-01  136    0    44 7  1 2 1.823207e-12 -1.632853e+02 -2.220680e+04
INFO: cmn.c(133): CMN: 71.66  9.45 -12.36 -5.65 -21.98  6.67 -17.10  9.86 -4.75 13.02 -3.83 -1.92  0.16 
utt>   320                   14-5-02  136    0    48 9  1 3 1.504148e-12 -1.789197e+02 -2.433307e+04
INFO: cmn.c(133): CMN: 68.52  8.60 -11.16 -8.90 -26.80 14.30 -4.78  4.59 -6.19  9.53 -2.76  3.85 -0.19 
utt>   321                   14-5-03  102    0    32 11  1 3 2.234964e-12 -1.908053e+02 -1.946214e+04
INFO: cmn.c(133): CMN: 68.88  0.89 -2.80  8.94 -23.18 12.08 -6.79  0.89 -8.34  9.63 -8.50 -0.68 -9.85 
utt>   322                   14-5-04  133    0    52 8  1 2 2.944905e-12 -1.869606e+02 -2.486576e+04
INFO: cmn.c(133): CMN: 64.31  5.72  1.80 11.98 -15.30  8.00 -11.35  7.73 -7.51 12.02 -1.13  7.13  0.22 
utt>   323                   14-5-05  151    0    80 7  1 2 2.441495e-12 -1.693590e+02 -2.557320e+04
INFO: cmn.c(133): CMN: 69.52  5.71 -0.72  8.92 -2.17 -2.00  3.18 -9.00  7.23 -29.88 -10.66 -0.54 -7.21 
utt>   324                   15-1-01  112    0    44 10  1 3 2.365910e-12 -1.852644e+02 -2.074961e+04
INFO: cmn.c(133): CMN: 66.54 10.39 -5.34 10.43 -5.89 -0.14  9.30 -10.66  7.61 -28.91 -8.89  5.43 -8.03 
utt>   325                   15-1-02  122    0    48 11  2 3 1.846918e-12 -1.798257e+02 -2.193873e+04
INFO: cmn.c(133): CMN: 66.14 10.37 -3.45 10.28 -10.53 -0.20 11.28 -9.06  8.47 -25.25 -11.91  3.82 -8.56 
utt>   326                   15-1-03  148    0    64 12  1 3 3.707863e-12 -1.758288e+02 -2.602267e+04
INFO: cmn.c(133): CMN: 65.05 11.01 -5.24 -5.63 -13.34 -4.25 -3.55 -10.79 11.81 -13.49 -1.63  0.25 -4.97 
utt>   327                   15-1-04  114    0    28 8  1 2 1.436839e-12 -1.791892e+02 -2.042757e+04
INFO: cmn.c(133): CMN: 60.67  8.81 -2.90  4.68 -14.20  1.26  3.17 -4.74  4.65 -12.75  2.03  3.17 -7.22 
utt>   328                   15-1-05  120    0    32 10  1 2 2.323956e-12 -1.768601e+02 -2.122322e+04
INFO: cmn.c(133): CMN: 65.94  5.28 -10.76 -0.59 -5.85  6.51 -6.91 -9.03  3.47 -5.09  3.43 -4.09 -4.23 
utt>   329                   15-2-01  112    0    36 11  1 3 2.108973e-12 -1.824059e+02 -2.042946e+04
INFO: cmn.c(133): CMN: 64.69 14.55 -4.16  1.68 -19.21  1.78  6.44 -8.35  0.22 -15.06 -2.63  1.71 -0.66 
utt>   330                   15-2-02  163    0    68 10  1 3 3.691333e-12 -1.776175e+02 -2.895166e+04
INFO: cmn.c(133): CMN: 65.06 11.87 -4.68 -1.42 -13.45  6.02 -2.13 -8.96  9.01 -17.68  0.38  3.43 -5.76 
utt>   331                   15-2-03  112    0    44 10  1 3 2.690551e-12 -1.801049e+02 -2.017175e+04
INFO: cmn.c(133): CMN: 63.38 -0.13  0.48 17.82 -0.28  0.91  2.28 -8.53  7.37 -19.81 -11.12  1.44 -10.19 
utt>   332                   15-2-04   99    0    32 10  1 3 2.375935e-12 -1.814604e+02 -1.796458e+04
INFO: cmn.c(133): CMN: 62.37 -1.98 -1.61 13.65  1.77  8.45 -6.58 -8.35  9.68 -19.84 -10.00 -1.62 -5.99 
utt>   333                   15-2-05  132    0    52 9  1 2 2.145694e-12 -1.770639e+02 -2.337243e+04
INFO: cmn.c(133): CMN: 65.84  8.53 -6.90  1.46 -9.77  4.54 -5.16 -7.02  8.38 -15.14  0.49 -4.02 -0.72 
utt>   334                   15-3-01  130    0    44 14  1 3 5.367141e-12 -1.879116e+02 -2.442850e+04
INFO: cmn.c(133): CMN: 65.42  7.91 -6.67 -1.15 -10.50  3.49 -5.67 -10.84  6.64 -12.00  3.24 -0.61 -1.51 
utt>   335                   15-3-02  122    0    36 8  1 2 3.283349e-12 -1.746729e+02 -2.131010e+04
INFO: cmn.c(133): CMN: 63.39 -0.82 -1.89  9.68  1.71  4.19  4.27 -7.39  4.63 -17.57 -4.99  1.62 -10.64 
utt>   336                   15-3-03  109    0    40 10  1 3 4.720710e-12 -1.744564e+02 -1.901574e+04
INFO: cmn.c(133): CMN: 63.25 -0.86  4.49  7.46 -1.15 -0.40 -3.07 -6.83  7.35 -23.96 -7.73 -2.29 -1.43 
utt>   337                   15-3-04  109    0    28 10  1 3 2.247694e-12 -1.742698e+02 -1.899540e+04
INFO: cmn.c(133): CMN: 63.63 12.09 -5.80  1.83 -4.44 -0.15  3.33 -12.04 11.59 -18.59  0.34  8.48 -11.90 
utt>   338                   15-3-05  136    0    68 10  1 3 2.844897e-12 -1.860140e+02 -2.529790e+04
INFO: cmn.c(133): CMN: 65.58 14.29 -2.42 -3.13 -13.95  8.20  2.54 -14.19  2.76 -25.62  2.36 -1.78  1.27 
utt>   339                   15-4-01  101    0    52 9  1 3 2.566121e-12 -1.815262e+02 -1.833415e+04
INFO: cmn.c(133): CMN: 66.27 -1.64  0.77 10.24 -0.59  7.46 -3.92 -8.78  9.21 -20.89 -8.55 -1.96 -6.33 
utt>   340                   15-4-02  109    0    36 10  1 3 2.159786e-12 -1.752923e+02 -1.910686e+04
INFO: cmn.c(133): CMN: 63.01 13.59 -4.02 -3.27 -12.43  2.24 -7.82 -9.51  6.55 -12.74 -0.04 -2.00  2.51 
utt>   341                   15-4-03  135    0    44 12  2 3 4.241573e-12 -1.788691e+02 -2.414732e+04
INFO: cmn.c(133): CMN: 64.54  7.83 -6.62 -4.03 -9.35  4.00 -10.36 -10.24 11.39 -15.66 -1.47  0.53  3.79 
utt>   342                   15-4-04  109    0    28 10  1 3 2.685482e-12 -1.748862e+02 -1.906259e+04
INFO: cmn.c(133): CMN: 64.48 12.58 -7.28  1.19 -4.53  3.12  3.13 -17.37  4.20 -17.20 -4.95  5.72 -4.39 
utt>   343                   15-4-05  159    0    76 7  1 2 3.718604e-12 -1.596475e+02 -2.538396e+04
INFO: cmn.c(133): CMN: 64.52 16.51 -5.06 -7.67 -15.93  3.36  7.29 -17.64  2.35 -16.16  7.55  4.65 -7.11 
utt>   344                   15-5-01  114    0    44 9  1 3 2.112391e-12 -1.798893e+02 -2.050738e+04
INFO: cmn.c(133): CMN: 61.16 11.98 -3.55  5.47 -4.60  0.18  4.48 -7.06  6.00 -17.11  0.83  4.57 -7.26 
utt>   345                   15-5-02  107    0    48 11  2 3 2.954253e-12 -1.871385e+02 -2.002382e+04
INFO: cmn.c(133): CMN: 60.44  8.88 -0.59  2.76 -10.31  2.87  2.34 -6.90  6.02 -14.19 -2.89  2.73  1.69 
utt>   346                   15-5-03  109    0    32 11  2 4 3.825586e-12 -1.869693e+02 -2.037965e+04
INFO: cmn.c(133): CMN: 60.06  4.65 -2.60 12.67 -0.81  7.81 -5.11 -10.22  8.86 -17.85 -9.36  2.17 -5.13 
utt>   347                   15-5-04  132    0    52 9  1 2 6.196640e-13 -1.862202e+02 -2.458107e+04
INFO: cmn.c(133): CMN: 63.22  5.77 -7.07  6.69 -4.08  8.45 -1.59 -10.02  3.35 -13.04 -8.32  4.26 -5.54 
utt>   348                   15-5-05  143    0    80 10  1 3 2.051546e-12 -1.788291e+02 -2.557257e+04
INFO: cmn.c(133): CMN: 66.25 12.69 -5.40 11.29 -15.09 -11.59  2.00 -9.19 -7.52 -10.07 -5.83 10.43  1.00 
utt>   349                   16-1-01  118    0    44 11  1 3 3.567470e-12 -1.851994e+02 -2.185353e+04
INFO: cmn.c(133): CMN: 67.02 14.66 -7.20 17.28 -12.04 -11.87  5.49 -10.04 -10.43 -12.50 -9.82  9.07 -6.14 
utt>   350                   16-1-02  112    0    48 11  1 3 2.186488e-12 -1.720463e+02 -1.926919e+04
INFO: cmn.c(133): CMN: 63.38 12.02 -0.07 19.19 -9.50 -13.10 10.14 -7.89 -8.80 -10.91 -13.27 12.30 -4.01 
utt>   351                   16-1-03  126    0    64 13  1 3 2.750645e-12 -1.847315e+02 -2.327617e+04
INFO: cmn.c(133): CMN: 65.80 17.65 -15.65  7.87 -25.51 -13.91  7.35 -14.36 -3.03  1.87  0.95 13.00 -8.36 
utt>   352                   16-1-04   85    0    28 8  1 2 9.699344e-13 -1.822829e+02 -1.549405e+04
INFO: cmn.c(133): CMN: 61.19 17.11 -5.85  8.86 -13.06 -12.10  8.38 -7.65  0.42 -3.03 -0.62  4.05 -6.97 
utt>   353                   16-1-05  106    0    32 10  1 3 2.223077e-12 -1.820709e+02 -1.929952e+04
INFO: cmn.c(133): CMN: 67.00 15.50 -12.05  5.41 -16.85 -10.30  4.20 -16.59 -2.90  5.35  1.48  2.38 -4.92 
utt>   354                   16-2-01   88    0    36 10  2 3 2.575417e-12 -1.833369e+02 -1.613364e+04
INFO: cmn.c(133): CMN: 63.34 20.40 -5.67  9.88 -16.73 -4.17  2.83 -10.76 -9.91 -3.05 -4.86  8.93 -3.86 
utt>   355                   16-2-02  122    0    68 11  1 3 1.464344e-12 -1.906863e+02 -2.326373e+04
INFO: cmn.c(133): CMN: 62.66 17.85 -3.65  8.70 -10.46 -5.86  3.78 -5.59 -6.87 -1.95 -0.24 10.53 -6.15 
utt>   356                   16-2-03   92    0    44 9  1 3 1.643569e-12 -1.809427e+02 -1.664673e+04
INFO: cmn.c(133): CMN: 65.33 15.48 -12.89 19.14 -8.99 -9.62 -3.09 -9.60 -4.64 -8.46 -9.07 13.09 -8.50 
utt>   357                   16-2-04   95    0    32 11  1 3 9.094071e-13 -1.767368e+02 -1.679000e+04
INFO: cmn.c(133): CMN: 68.96 14.35 -15.24 18.53 -1.66 -10.52 -5.19 -11.47 -6.53 -5.27 -12.85 13.49 -8.94 
utt>   358                   16-2-05   78    0    52 12  1 3 3.729198e-12 -1.829973e+02 -1.427379e+04
INFO: cmn.c(133): CMN: 64.70 28.36 -14.10 -0.05 -14.83 -18.25 12.96 -14.04 -4.62 -3.79 -11.02 12.30 -9.38 
utt>   359                   16-3-01   95    0    44 11  1 3 3.385582e-12 -1.920729e+02 -1.824693e+04
INFO: cmn.c(133): CMN: 64.17 19.51 -14.44  3.40 -15.87 -5.97  0.66 -15.36 -4.66  0.00  2.03 10.51 -2.83 
utt>   360                   16-3-02   90    0    36 9  1 2 1.813168e-12 -1.858690e+02 -1.672821e+04
INFO: cmn.c(133): CMN: 64.43 14.81 -6.65 11.56  1.30 -8.51 -4.76 -6.69 -9.87 -6.30 -9.69  9.83 -5.21 
utt>   361                   16-3-03   81    0    40 10  1 3 3.780927e-12 -1.839098e+02 -1.489669e+04
INFO: cmn.c(133): CMN: 63.32 11.56 -0.53  9.48 -6.42 -8.63 -4.38 -8.75 -7.79 -6.60 -10.83  7.78 -1.55 
utt>   362                   16-3-04   88    0    28 10  1 3 2.733889e-12 -1.796758e+02 -1.581147e+04
INFO: cmn.c(133): CMN: 66.57 21.04 -6.55 10.00 -10.71 -8.30 -0.66 -9.18 -11.92 -6.81 -6.67 10.78 -5.59 
utt>   363                   16-3-05  140    0    68 10  1 3 2.566927e-12 -1.782527e+02 -2.495538e+04
INFO: cmn.c(133): CMN: 64.47 18.87 -5.93  4.43 -11.96 -3.95  0.26 -8.92 -12.76 -5.09 -5.54 16.01 -4.79 
utt>   364                   16-4-01  107    0    52 8  1 3 2.417507e-12 -1.741648e+02 -1.863563e+04
INFO: cmn.c(133): CMN: 66.77 10.53 -2.73  3.59 -0.61 -10.79 -1.71 -10.27 -11.40 -4.38 -9.13  9.03 -1.62 
utt>   365                   16-4-02   77    0    36 11  1 3 1.643518e-12 -1.858987e+02 -1.431420e+04
INFO: cmn.c(133): CMN: 62.03 31.99 -12.34 -1.38 -21.33 -13.65  2.32 -5.45 -6.91 -1.85 -3.51 11.31 -7.13 
utt>   366                   16-4-03   95    0    44 11  2 3 2.550912e-12 -1.890318e+02 -1.795803e+04
INFO: cmn.c(133): CMN: 68.91 19.44 -13.69  3.22 -16.77 -15.74  2.19 -9.20 -4.41  6.27 -0.32  9.05 -8.84 
utt>   367                   16-4-04   60    0    28 11  2 4 3.948410e-12 -1.849638e+02 -1.109783e+04
INFO: cmn.c(133): CMN: 67.46 19.70 -13.09  9.16 -7.24 -5.08 -5.71 -15.89 -11.92  2.14 -7.06 16.57 -6.05 
utt>   368                   16-4-05  140    0    76 8  1 2 1.840542e-12 -1.785818e+02 -2.500146e+04
INFO: cmn.c(133): CMN: 63.19 23.49 -13.81  4.50 -15.76  0.28 -5.70 -10.82 -7.94  1.86 -5.38 17.50 -5.03 
utt>   369                   16-5-01  103    0    44 8  1 2 3.586338e-12 -1.793795e+02 -1.847609e+04
INFO: cmn.c(133): CMN: 62.31 22.73 -7.02 12.46 -13.17 -9.27 -0.24 -1.31 -8.01 -9.39 -7.67 15.27 -5.68 
utt>   370                   16-5-02   99    0    48 11  2 3 4.256150e-12 -1.714155e+02 -1.697013e+04
INFO: cmn.c(133): CMN: 64.17 18.45 -8.39  6.26 -13.05 -9.95 -2.24 -5.04 -10.52 -1.65 -1.14 15.79 -3.77 
utt>   371                   16-5-03   70    0    32 10  2 3 4.863426e-12 -1.886114e+02 -1.320280e+04
INFO: cmn.c(133): CMN: 65.45 20.82 -15.36 21.00 -6.37 -8.51 -5.68 -8.04 -11.64 -3.93 -13.11 13.77 -7.15 
utt>   372                   16-5-04   85    0    52 10  1 3 2.367327e-12 -1.846276e+02 -1.569335e+04
INFO: cmn.c(133): CMN: 64.84 12.98 -7.94 17.33 -9.72 -1.99 -7.98 -12.55 -8.78 -2.56 -6.54 12.17 -2.58 
utt>   373                   16-5-05  113    0    80 10  1 3 3.401448e-13 -1.858718e+02 -2.100351e+04
INFO: cmn.c(133): CMN: 66.52  8.33  0.44 13.42 -18.96 -6.79 -5.39 -10.31 -8.66 -21.19 -0.99 11.67 -9.47 
utt>   374                   18-1-01   91    0    44 11  2 4 1.091565e-12 -1.833945e+02 -1.668890e+04
INFO: cmn.c(133): CMN: 68.55  6.46  0.09 19.24 -15.03 -9.35 -7.50  4.38 -13.81 -14.57 -6.76 17.30 -8.16 
utt>   375                   18-1-02   92    0    48 13  2 4 3.997498e-12 -1.888660e+02 -1.737568e+04
INFO: cmn.c(133): CMN: 66.87 10.47 -2.20 21.56 -18.63 -6.98 -2.45 -7.80 -6.01 -18.61 -14.99 25.11 -11.15 
utt>   376                   18-1-03  111    0    64 12  1 3 2.231594e-12 -1.779594e+02 -1.975349e+04
INFO: cmn.c(133): CMN: 71.31  7.34 -2.27  9.43 -15.89 -24.54 -9.27 -8.22 -2.45 -8.65 -7.33 21.00 -16.81 
utt>   377                   18-1-04   75    0    32 8  1 3 2.171025e-12 -1.636461e+02 -1.227346e+04
INFO: cmn.c(133): CMN: 69.28  8.42 -4.15 11.53 -19.46 -10.79 -3.12  3.76 -10.83 -7.92  2.93 21.85 -27.69 
utt>   378                   18-1-05   71    0    28 8  1 2 2.298167e-12 -1.776684e+02 -1.261445e+04
INFO: cmn.c(133): CMN: 69.48  7.77 -5.70  7.77 -11.86 -11.58 -13.34 -6.51 -13.46  2.15  4.56 14.62 -15.51 
utt>   379                   18-2-01   92    0    36 10  1 3 1.941700e-12 -1.912533e+02 -1.759531e+04
INFO: cmn.c(133): CMN: 66.85 14.15 -0.73  8.30 -19.89 -9.55 -2.24 -5.87 -13.30 -14.65 -7.73 21.92 -11.17 
utt>   380                   18-2-02  118    0    68 12  1 3 1.270175e-12 -1.836208e+02 -2.166726e+04
INFO: cmn.c(133): CMN: 66.31 11.16 -5.27  8.00 -22.60 -10.59 -9.11 -2.49 -1.76 -9.38  1.19 24.82 -21.77 
utt>   381                   18-2-03  100    0    44 9  1 3 4.074868e-12 -1.861933e+02 -1.861933e+04
INFO: cmn.c(133): CMN: 68.06  1.61  4.32 10.29 -14.36 -14.59 -8.64 -0.98 -11.92 -6.38 -11.03 16.73 -16.26 
utt>   382                   18-2-04   86    0    32 12  2 4 3.262842e-12 -1.861903e+02 -1.601237e+04
INFO: cmn.c(133): CMN: 66.17  2.15 -1.04 10.93 -9.15 -11.27 -16.04 -1.09 -7.99 -3.91 -12.39 11.76 -8.86 
utt>   383                   18-2-05  115    0    52 10  1 2 2.166162e-12 -1.832772e+02 -2.107688e+04
INFO: cmn.c(133): CMN: 67.65 10.26 -4.27 10.79 -20.10 -10.31 -6.41  0.21 -9.39 -10.36 -1.16 10.62 -14.24 
utt>   384                   18-3-01  117    0    44 10  1 3 3.295610e-12 -1.872075e+02 -2.190328e+04
INFO: cmn.c(133): CMN: 68.78 10.27 -8.23  5.06 -16.55 -6.72 -13.71 -10.54 -3.86 -4.59 -0.30 21.57 -16.07 
utt>   385                   18-3-02   97    0    36 8  1 2 2.015736e-12 -1.860360e+02 -1.804550e+04
INFO: cmn.c(133): CMN: 67.28  5.37 -3.90 14.38 -11.60 -6.03 -11.70 -0.91 -12.44 -6.06 -1.92 16.69 -13.26 
utt>   386                   18-3-03   95    0    40 10  1 3 1.124741e-12 -1.895804e+02 -1.801014e+04
INFO: cmn.c(133): CMN: 67.62 -0.78  2.67  6.79 -15.45 -13.14 -8.49 -0.98 -6.02 -15.00 -10.39 15.49 -11.59 
utt>   387                   18-3-04   96    0    28 9  1 3 2.392787e-12 -1.735735e+02 -1.666305e+04
INFO: cmn.c(133): CMN: 68.95  6.97 -1.98 14.05 -14.47 -15.06 -6.11  0.49 -9.40 -13.40  3.96 17.35 -23.14 
utt>   388                   18-3-05  119    0    68 9  1 3 1.977166e-12 -1.892606e+02 -2.252202e+04
INFO: cmn.c(133): CMN: 68.93  8.26 -0.25 13.46 -22.93 -3.71 -3.41 -13.63 -12.44 -15.45  0.61 16.96 -15.48 
utt>   389                   18-4-01  104    0    52 10  2 3 3.278208e-12 -1.876493e+02 -1.951553e+04
INFO: cmn.c(133): CMN: 66.77  4.19 -2.74  7.64 -6.16 -8.21 -18.45  1.37 -11.77 -7.08 -5.68 12.79 -9.37 
utt>   390                   18-4-02  111    0    36 9  1 3 1.803483e-12 -1.774973e+02 -1.970220e+04
INFO: cmn.c(133): CMN: 68.72 12.74 -9.25  5.71 -23.44 -11.35 -11.96 -1.26 -6.12 -4.24 -4.38 12.81 -11.94 
utt>   391                   18-4-03  106    0    44 11  1 3 2.982069e-12 -1.819760e+02 -1.928946e+04
INFO: cmn.c(133): CMN: 69.85  6.94 -6.87  8.34 -26.53 -17.42 -9.11  0.41 -8.32  2.40  0.45 10.99 -11.56 
utt>   392                   18-4-04   77    0    28 10  1 3 2.364420e-12 -1.916397e+02 -1.475626e+04
INFO: cmn.c(133): CMN: 68.77 10.45 -7.00 19.74 -8.03 -8.56 -14.30 -9.79 -11.96 -8.82 -3.34 14.50 -18.91 
utt>   393                   18-4-05  174    0    76 7  1 2 1.544609e-12 -1.621687e+02 -2.821735e+04
INFO: cmn.c(133): CMN: 71.15 10.89 -2.33  3.45 -20.00 -4.14 -16.23 -0.37 -15.58 -10.52  1.30 23.02 -15.03 
utt>   394                   18-5-01   95    0    44 9  1 3 3.589243e-12 -1.834871e+02 -1.743128e+04
INFO: cmn.c(133): CMN: 67.50  6.43  0.41 11.82 -16.08 -9.06 -15.72  9.37 -11.12 -12.26  5.35 14.79 -10.57 
utt>   395                   18-5-02  114    0    48 10  2 3 3.150105e-12 -1.729630e+02 -1.971779e+04
INFO: cmn.c(133): CMN: 69.66  3.96  2.28  6.50 -20.41 -11.06 -14.07  1.40 -11.44 -8.76 -0.51 18.02 -7.37 
utt>   396                   18-5-03   99    0    32 9  2 3 3.537162e-12 -1.699856e+02 -1.682858e+04
INFO: cmn.c(133): CMN: 69.46  2.83 -4.52 18.59 -8.93 -4.20 -17.43  4.14 -13.55 -5.04 -3.74  8.72 -14.25 
utt>   397                   18-5-04  118    0    52 9  1 2 1.561027e-12 -1.768416e+02 -2.086730e+04
INFO: cmn.c(133): CMN: 69.21  4.16 -1.03 12.24 -10.22  0.65 -13.88 -3.71 -13.99 -9.78  1.11 11.39 -18.51 
utt>   398                   18-5-05  133    0    80 8  1 3 2.471762e-12 -1.754520e+02 -2.333512e+04
INFO: cmn.c(133): CMN: 62.39 10.10 -3.74 -0.45 -4.41 -11.36 -13.34 -3.58 -7.30 -13.64 -4.65  9.03 -0.68 
utt>   399                   19-1-01  119    0    44 12  2 3 1.604404e-12 -1.814696e+02 -2.159488e+04
INFO: cmn.c(133): CMN: 61.75 13.41 -5.10  1.62 -7.80 -6.21 -8.47 -2.22 -6.74 -15.12 -3.94  7.86 -4.48 
utt>   400                   19-1-02  115    0    48 13  2 4 3.332989e-12 -1.834490e+02 -2.109664e+04
INFO: cmn.c(133): CMN: 65.14 11.43 -4.96  4.22 -7.49 -3.88 -7.68 -3.12 -4.25 -21.91  2.73 10.46 -12.72 
utt>   401                   19-1-03  119    0    64 13  1 3 1.149788e-12 -1.883110e+02 -2.240900e+04
INFO: cmn.c(133): CMN: 64.47  4.97 -10.04 -3.94 -8.13 -7.53 -17.13  0.73 -6.30 -3.48  5.88  2.95 -3.85 
utt>   402                   19-1-04   83    0    28 9  1 2 2.850885e-12 -1.855249e+02 -1.539857e+04
INFO: cmn.c(133): CMN: 61.03  8.95 -6.42  0.78 -10.24 -4.11 -10.85  1.48 -3.82 -9.62  6.98  2.22 -5.26 
utt>   403                   19-1-05   81    0    32 11  1 3 5.133417e-12 -1.788945e+02 -1.449046e+04
INFO: cmn.c(133): CMN: 62.59  7.56 -5.95 -7.28 -3.39 -7.95 -20.10 -3.04 -4.24 -7.91 10.61 -4.81  2.98 
utt>   404                   19-2-01   97    0    36 9  1 3 2.073197e-12 -1.785467e+02 -1.731903e+04
INFO: cmn.c(133): CMN: 55.35 17.46  1.91 -6.57 -18.04 -0.90 -10.38 -7.89 -7.19 -19.84 11.10 12.49 -4.54 
utt>   405                   19-2-02  118    0    68 12  2 4 3.679916e-12 -1.877876e+02 -2.215894e+04
INFO: cmn.c(133): CMN: 59.59 14.19 -5.72 -6.94 -8.62 -6.70 -16.63  1.94 -1.10 -20.08 17.75  1.60 -11.52 
utt>   406                   19-2-03  107    0    44 9  1 3 2.214209e-12 -1.901197e+02 -2.034281e+04
INFO: cmn.c(133): CMN: 54.80 11.24 12.35 -4.57 -8.30 -14.59 -8.70 -3.83  6.85 -16.00 -0.52  4.52 -10.56 
utt>   407                   19-2-04   80    0    32 9  1 3 3.808033e-12 -1.686296e+02 -1.349036e+04
INFO: cmn.c(133): CMN: 52.28 10.69  2.70  1.33 -2.92 -7.68 -9.00 -3.74 -5.74 -16.34  6.47  2.14 -6.38 
utt>   408                   19-2-05  107    0    52 8  1 3 2.249047e-12 -1.793657e+02 -1.919213e+04
INFO: cmn.c(133): CMN: 59.61 14.00 -8.27 -1.32 -8.85 -4.70 -15.92  2.47 -3.47 -7.52 -1.30 12.22 -9.91 
utt>   409                   19-3-01  137    0    44 13  1 3 2.598446e-12 -1.811804e+02 -2.482171e+04
INFO: cmn.c(133): CMN: 65.12 12.97 -9.03 -9.39 -8.35  1.65 -14.60 -14.14 -0.73 -3.74 -0.28 13.40 -11.20 
utt>   410                   19-3-02   93    0    36 8  1 3 1.380032e-12 -1.831019e+02 -1.702847e+04
INFO: cmn.c(133): CMN: 61.91  5.32 -5.28 14.34 -8.14  1.94 -11.83 -7.10  2.23 -13.44  0.94 15.98 -16.45 
utt>   411                   19-3-03   93    0    40 10  1 2 3.442918e-12 -1.865522e+02 -1.734936e+04
INFO: cmn.c(133): CMN: 58.17  5.34  5.72 10.22 -7.68 -8.24 -13.20 -5.34 -2.76 -19.74 -4.07 16.05 -15.50 
utt>   412                   19-3-04   85    0    28 9  1 3 4.922619e-12 -1.749502e+02 -1.487076e+04
INFO: cmn.c(133): CMN: 53.12 23.01 -0.91  5.01 -12.04  1.02 -8.03 -5.81  0.71 -9.29  0.20  6.95 -10.15 
utt>   413                   19-3-05  151    0    68 10  1 3 1.877474e-12 -1.806314e+02 -2.727533e+04
INFO: cmn.c(133): CMN: 61.79 18.77 -3.73 -8.16 -16.41 -2.18 -4.71 -12.43 -8.25 -19.06 10.16 19.12 -16.28 
utt>   414                   19-4-01  110    0    52 9  1 3 2.520732e-12 -1.861123e+02 -2.047235e+04
INFO: cmn.c(133): CMN: 57.46  3.45  0.71  3.27  8.50 -7.20 -16.42 -5.59 -5.87 -12.88  2.11 12.79 -9.39 
utt>   415                   19-4-02  100    0    36 9  1 3 2.451252e-12 -1.873568e+02 -1.873568e+04
INFO: cmn.c(133): CMN: 59.03 17.37 -9.69 -9.88 -9.36 -5.05 -13.00 -10.72  1.78 -12.69  8.39 13.89 -14.15 
utt>   416                   19-4-03  116    0    44 11  1 3 3.381686e-12 -1.912345e+02 -2.218320e+04
INFO: cmn.c(133): CMN: 57.30 20.33 -1.98 -9.34 -13.81 -4.88 -10.35 -8.77 14.42 -13.27  4.35 11.44 -7.91 
utt>   417                   19-4-04   82    0    28 11  1 3 2.356531e-12 -1.780107e+02 -1.459688e+04
INFO: cmn.c(133): CMN: 60.01 18.16 -9.79 -0.49  2.12  4.57 -18.36 -11.14 -0.67 -8.55  8.05  9.41 -13.63 
utt>   418                   19-4-05  154    0    76 7  1 2 2.371646e-12 -1.678023e+02 -2.584155e+04
INFO: cmn.c(133): CMN: 64.39 15.77 -7.29 -10.69 -8.48 -2.98 -17.88 -8.83  1.53 -15.66 25.26  9.32 -20.34 
utt>   419                   19-5-01  103    0    44 8  1 2 2.555180e-12 -1.719174e+02 -1.770749e+04
INFO: cmn.c(133): CMN: 59.77 14.45 -8.49  2.79 -7.51 -3.96 -10.63 -5.80  4.67 -27.47 15.85 16.13 -21.20 
utt>   420                   19-5-02  120    0    48 10  1 3 2.894439e-12 -1.828097e+02 -2.193716e+04
INFO: cmn.c(133): CMN: 57.83 12.88  1.65 -6.28 -16.12 -5.16 -9.06 -5.67  7.47 -19.67  3.55  8.94 -18.54 
utt>   421                   19-5-03   94    0    32 11  1 3 2.977372e-12 -1.928333e+02 -1.812633e+04
INFO: cmn.c(133): CMN: 58.23 15.66 -7.77  6.39  2.95  3.26 -14.56 -7.64 -7.36 -16.78  1.34 15.90 -13.41 
utt>   422                   19-5-04  102    0    52 8  1 2 1.810588e-12 -1.749009e+02 -1.783989e+04
INFO: cmn.c(133): CMN: 67.29 13.63 -4.58 -9.63 18.41 -19.28 -13.50  1.70 -17.42 -1.71 -2.38 11.76  3.30 
utt>   423                   19-5-05  141    0    80 9  1 3 1.723369e-12 -1.852406e+02 -2.611892e+04
INFO: cmn.c(133): CMN: 65.09  2.13  1.03 20.74 -12.98 19.50 -12.73 -0.31 -9.35 -31.31  6.08 -12.95  6.74 
utt>   424                   20-1-01   70    0    44 9  1 3 3.734284e-12 -1.924713e+02 -1.347299e+04
INFO: cmn.c(133): CMN: 61.23 15.76 -9.48 38.12 -13.52 16.11  2.88 -12.91 -9.96 -38.82  2.43 -11.85  1.01 
utt>   425                   20-1-02   79    0    48 10  2 4 1.059364e-12 -1.804760e+02 -1.425760e+04
INFO: cmn.c(133): CMN: 57.84 16.60 -1.75 37.94 -11.12 20.13  4.32 -4.32 -4.02 -29.14 -0.12 -10.86  4.84 
utt>   426                   20-1-03   79    0    64 11  1 3 2.449010e-12 -1.934062e+02 -1.527909e+04
INFO: cmn.c(133): CMN: 66.37  4.05 -16.42 19.63 -16.85 25.01 -15.36 -6.57 -16.82 -19.57 12.01 -15.96 17.86 
utt>   427                   20-1-04   56    0    28 6  1 2 2.929643e-13 -1.568136e+02 -8.781560e+03
INFO: cmn.c(133): CMN: 64.90  7.54 -10.78 24.12 -11.60 20.21 -3.29 -3.70 -10.03 -23.06 19.72 -14.50  8.61 
utt>   428                   20-1-05   61    0    32 8  1 3 2.272453e-12 -1.672597e+02 -1.020284e+04
INFO: cmn.c(133): CMN: 69.25  3.82 -12.09 16.42 -10.93 18.13 -19.05 -7.47 -7.22 -13.66 11.03 -13.57 11.28 
utt>   429                   20-2-01   52    0    36 8  2 3 3.803850e-12 -1.894116e+02 -9.849402e+03
INFO: cmn.c(133): CMN: 62.41 17.64 -2.72 27.93 -25.56 22.79  2.34 -8.64 -15.52 -20.37  4.22 -10.12 12.49 
utt>   430                   20-2-02   97    0    68 9  1 2 1.917024e-12 -1.917248e+02 -1.859730e+04
INFO: cmn.c(133): CMN: 64.15 10.75 -6.57 26.02 -14.53 13.25 -4.95 -6.40 -12.83 -15.36  2.68 -2.49  7.57 
utt>   431                   20-2-03   69    0    44 8  1 3 4.011986e-12 -1.883638e+02 -1.299710e+04
INFO: cmn.c(133): CMN: 65.72  1.22 -7.54 34.04 -10.18  5.46  3.94 -13.80 -14.96 -11.86 -13.11 -0.43  3.71 
utt>   432                   20-2-04   75    0    32 9  1 2 3.688587e-12 -1.664121e+02 -1.248091e+04
INFO: cmn.c(133): CMN: 64.94  6.42 -15.50 36.65 -1.30 19.58 -17.15 -16.05 -8.58 -18.75 -7.67  0.28 -3.39 
utt>   433                   20-2-05   53    0    52 11  1 3 1.318507e-12 -1.908207e+02 -1.011349e+04
INFO: cmn.c(133): CMN: 59.97 18.20 -12.00 23.68 -9.99 13.07 -3.45 -2.58 -13.03 -11.75  0.09 -10.21 18.92 
utt>   434                   20-3-01   72    0    44 10  2 3 3.838424e-12 -1.709258e+02 -1.230666e+04
INFO: cmn.c(133): CMN: 58.48  4.40 -7.99 21.94 -6.43  9.08 -8.75 -10.19 -11.04 -5.09  1.82 -5.39  7.72 
utt>   435                   20-3-02   62    0    36 8  1 3 4.364154e-12 -1.834223e+02 -1.137218e+04
INFO: cmn.c(133): CMN: 62.63  3.60 -7.41 36.07  0.45  9.67 -9.17 -8.03 -9.15 -16.44 -9.88 -6.13  3.44 
utt>   436                   20-3-03   63    0    40 9  1 3 1.032085e-12 -1.520529e+02 -9.579332e+03
INFO: cmn.c(133): CMN: 62.44 -1.84 -3.53 25.22 -5.31  7.95 -16.34  0.40 -21.91 -10.69 -8.41 -5.93  9.31 
utt>   437                   20-3-04   67    0    28 8  1 3 2.801777e-12 -1.767478e+02 -1.184210e+04
INFO: cmn.c(133): CMN: 64.73 20.21 -14.28 35.32 -13.59  9.48  2.39 -16.08 -6.89 -25.48  1.40 -6.36  2.02 
utt>   438                   20-3-05  111    0    68 8  1 2 2.154680e-12 -1.728097e+02 -1.918188e+04
INFO: cmn.c(133): CMN: 62.37 14.11 -3.74 26.73 -18.27 14.89  4.35 -6.64 -20.86 -14.85  1.44 -6.40 11.07 
utt>   439                   20-4-01   73    0    52 8  1 2 2.508613e-12 -1.653394e+02 -1.206977e+04
INFO: cmn.c(133): CMN: 61.35 -1.54 -1.41 26.14 -3.69 10.09 -17.11 -0.16 -7.28 -11.29 -2.33 -6.19 10.73 
utt>   440                   20-4-02   73    0    36 8  1 3 4.689568e-12 -1.735529e+02 -1.266936e+04
INFO: cmn.c(133): CMN: 61.13 13.52 -13.01 22.63 -14.09 12.39 -8.94 -2.44 -12.15 -16.61  3.11 -3.10 10.67 
utt>   441                   20-4-03   64    0    44 11  2 4 4.122568e-12 -1.945945e+02 -1.245405e+04
INFO: cmn.c(133): CMN: 63.28  8.04 -16.38 23.02 -13.57  8.64  1.06 -15.29 -12.11 -3.20 -3.91 -3.28 13.79 
utt>   442                   20-4-04   55    0    28 9  2 3 3.171538e-12 -1.783620e+02 -9.809909e+03
INFO: cmn.c(133): CMN: 61.75 15.39 -4.66 37.34 -6.49 11.79  1.84 -15.80 -15.70 -10.42  0.05  1.28  0.68 
utt>   443                   20-4-05  124    0    76 6  1 2 1.501897e-12 -1.577108e+02 -1.955615e+04
INFO: cmn.c(133): CMN: 64.65 13.64 -7.03 26.39 -22.24 14.02 -0.97 -14.77 -16.52 -17.37  7.87 -6.60  7.83 
utt>   444                   20-5-01   64    0    44 8  1 3 3.785803e-12 -1.854478e+02 -1.186866e+04
INFO: cmn.c(133): CMN: 61.98 18.58 -11.35 32.77 -18.22  8.77  4.34 -7.44 -13.25 -16.49  2.93 -1.09  8.15 
utt>   445                   20-5-02   75    0    48 8  1 2 3.760599e-12 -1.617304e+02 -1.212978e+04
INFO: cmn.c(133): CMN: 60.72 12.63 -9.66 27.68 -21.94 12.94 -1.32  3.66 -19.11 -12.66  0.57 -5.65  9.06 
utt>   446                   20-5-03   61    0    32 9  2 4 3.026954e-12 -1.679715e+02 -1.024626e+04
overall> stats 15879 (-0) -1.805358e+02 -2.866728e+06
WARN: "accum.c", line 642: The following senones never occur in the input data
	45 46 47 66 67 68 84 85 86 87 
	88 89 102 103 104 
INFO: s3mixw_io.c(232): Wrote /home/sourav/workdir/acoustic_model_final/bwaccumdir/final_buff_3/mixw_counts [105x4x256 array]
INFO: s3tmat_io.c(175): Wrote /home/sourav/workdir/acoustic_model_final/bwaccumdir/final_buff_3/tmat_counts [35x3x4 array]
INFO: s3gau_io.c(480): Wrote /home/sourav/workdir/acoustic_model_final/bwaccumdir/final_buff_3/gauden_counts with means with vars (2pass) [35x4x256 vector arrays]
INFO: main.c(999): Counts saved to /home/sourav/workdir/acoustic_model_final/bwaccumdir/final_buff_3
Thu Dec  5 21:25:25 2019
