        INFO: main.c(229): Compiled on Jul 21 2019 at 15:43:35
Current configuration:
[NAME]		[DEFLT]		[VALUE]
-2passvar	no		yes
-abeam		1e-100		1.000000e-90
-accumdir			/home/sourav/workdir/acoustic_model_final/bwaccumdir/final_buff_4
-agc		none		none
-agcthresh	2.0		2.000000e+00
-bbeam		1e-100		1.000000e-10
-cb2mllrfn	.1cls.		.1cls.
-cepdir				/home/sourav/workdir/acoustic_model_final/feat
-cepext		mfc		mfc
-ceplen		13		13
-ckptintv			0
-cmn		live		batch
-cmninit	40,3,-1		40,3,-1
-ctlfn				/home/sourav/workdir/acoustic_model_final/etc/final_train.fileids
-diagfull	no		no
-dictfn				/home/sourav/workdir/acoustic_model_final/etc/final.dic.full
-example	no		no
-fdictfn			/home/sourav/workdir/acoustic_model_final/etc/final.filler
-feat		1s_c_d_dd	s2_4x
-fullvar	no		no
-help		no		no
-hmmdir				
-latdir				
-latext				
-lda				
-ldadim		0		0
-lsnfn				/home/sourav/workdir/acoustic_model_final/etc/final_train.transcription
-lw		11.5		1.150000e+01
-maxuttlen	0		0
-meanfn				/home/sourav/workdir/acoustic_model_final/model_parameters/final.ci_ptm/means
-meanreest	yes		yes
-mixwfn				/home/sourav/workdir/acoustic_model_final/model_parameters/final.ci_ptm/mixture_weights
-mixwreest	yes		yes
-mllrmat			
-mmie		no		no
-mmie_type	rand		rand
-moddeffn			/home/sourav/workdir/acoustic_model_final/model_architecture/final.ci.mdef
-mwfloor	0.00001		1.000000e-08
-npart				5
-nskip				0
-outphsegdir			
-outputfullpath	no		no
-part				4
-pdumpdir			
-phsegdir			
-phsegext	phseg		phseg
-runlen		-1		-1
-sentdir			
-sentext	sent		sent
-spthresh	0.0		0.000000e+00
-svspec				
-timing		yes		no
-tmatfn				/home/sourav/workdir/acoustic_model_final/model_parameters/final.ci_ptm/transition_matrices
-tmatreest	yes		yes
-topn		4		256
-tpfloor	0.0001		1.000000e-04
-ts2cbfn			.ptm.
-varfloor	0.00001		1.000000e-04
-varfn				/home/sourav/workdir/acoustic_model_final/model_parameters/final.ci_ptm/variances
-varnorm	no		no
-varreest	yes		yes
-viterbi	no		no

INFO: feat.c(713): Initializing feature stream to type: 's2_4x', ceplen=13, CMN='batch', VARNORM='no', AGC='none'
INFO: main.c(318): Reading /home/sourav/workdir/acoustic_model_final/model_architecture/final.ci.mdef
INFO: model_def_io.c(573): Model definition info:
INFO: model_def_io.c(574): 35 total models defined (35 base, 0 tri)
INFO: model_def_io.c(575): 140 total states
INFO: model_def_io.c(576): 105 total tied states
INFO: model_def_io.c(577): 105 total tied CI states
INFO: model_def_io.c(578): 35 total tied transition matrices
INFO: model_def_io.c(579): 4 max state/model
INFO: model_def_io.c(580): 4 min state/model
INFO: s3mixw_io.c(116): Read /home/sourav/workdir/acoustic_model_final/model_parameters/final.ci_ptm/mixture_weights [105x4x256 array]
INFO: mod_inv.c(408): Failed to norm for 15 mixw: 45 46 47 66 67 68 84 85 86 87 88 89 102 103 104
INFO: s3tmat_io.c(117): Read /home/sourav/workdir/acoustic_model_final/model_parameters/final.ci_ptm/transition_matrices [35x3x4 array]
INFO: mod_inv.c(300): inserting tprob floor 1.000000e-04 and renormalizing
INFO: s3gau_io.c(168): Read /home/sourav/workdir/acoustic_model_final/model_parameters/final.ci_ptm/means [35x4x256 array]
INFO: s3gau_io.c(168): Read /home/sourav/workdir/acoustic_model_final/model_parameters/final.ci_ptm/variances [35x4x256 array]
INFO: gauden.c(176): 35 total mgau
INFO: gauden.c(150): 4 feature streams (|0|=12 |1|=24 |2|=3 |3|=12 )
INFO: gauden.c(187): 256 total densities
INFO: gauden.c(90): min_var=1.000000e-04
INFO: gauden.c(165): compute 256 densities/frame
INFO: main.c(430): Will reestimate mixing weights.
INFO: main.c(432): Will reestimate means.
INFO: main.c(434): Will reestimate variances.
INFO: main.c(442): Will reestimate transition matrices
INFO: main.c(455): Reading main dictionary: /home/sourav/workdir/acoustic_model_final/etc/final.dic.full
INFO: lexicon.c(220): 40 entries added from /home/sourav/workdir/acoustic_model_final/etc/final.dic.full
INFO: main.c(465): Reading filler dictionary: /home/sourav/workdir/acoustic_model_final/etc/final.filler
INFO: lexicon.c(220): 3 entries added from /home/sourav/workdir/acoustic_model_final/etc/final.filler
INFO: corpus.c(403): skipping 447 utts.
INFO: corpus.c(407): Last utt skipped: 20-5-03
INFO: corpus.c(1065): Will process 149 utts starting at 447
INFO: main.c(664): Reestimation: Baum-Welch
INFO: cmn.c(133): CMN: 59.73  1.29 -4.97 35.24  3.34  9.48 -5.29 -7.96 -4.31 -13.13 -14.19  0.40  6.49 
column defns
	<seq>
	<id>
	<n_frame_in>
	<n_frame_del>
	<n_state_shmm>
	<avg_states_alpha>
	<avg_states_beta>
	<avg_states_reest>
	<avg_posterior_prune>
	<frame_log_lik>
	<utt_log_lik>
	... timing info ... 
utt>   447                   20-5-04   85    0INFO: cvt2triphone.c(199): no multiphones defined, no conversion done
    52 31  6 12 1.147165e-11 -2.046229e+02 -1.739294e+04
INFO: cmn.c(133): CMN: 61.73  9.35 -1.54 33.37 -9.95 15.13  3.40 -10.22 -21.79 -15.73 -1.99 -4.94  7.78 
utt>   448                   20-5-05   87    0    80 40  6 12 9.251828e-12 -2.061070e+02 -1.793131e+04
INFO: cmn.c(133): CMN: 58.03 28.93 -10.85 -6.18 -30.77  2.17 22.28  3.79 -11.47 -19.42 18.16 13.94 -9.91 
utt>   449                   21-1-01   89    0    44 29  6 12 1.329792e-11 -2.034114e+02 -1.810361e+04
INFO: cmn.c(133): CMN: 55.44 29.07 -11.03  4.22 -37.52  3.49 18.13  0.49 -13.51 -28.88  6.14  6.93 -1.34 
utt>   450                   21-1-02   76    0    48 31  6 13 1.696979e-11 -2.032066e+02 -1.544370e+04
INFO: cmn.c(133): CMN: 59.21 18.60 -3.98  4.28 -32.98 -4.89 30.90 -10.76 -13.23 -27.42  8.49 13.18 -4.47 
utt>   451                   21-1-03   99    0    64 40  10 20 1.317495e-11 -2.007101e+02 -1.987030e+04
INFO: cmn.c(133): CMN: 57.71 24.98 -21.52 -1.03 -29.64  9.76 -4.34 -6.55  0.89 -28.97 19.25 -5.02  1.03 
utt>   452                   21-1-04   67    0    28 18  4 9 9.881780e-12 -2.046681e+02 -1.371276e+04
INFO: cmn.c(133): CMN: 56.71 31.26 -15.53 -6.76 -29.48  9.11 18.80 -1.94 -13.03 -35.84 33.27 -7.36 -8.98 
utt>   453                   21-1-05   77    0    32 23  5 11 1.322061e-11 -2.035111e+02 -1.567035e+04
INFO: cmn.c(133): CMN: 60.03 22.58 -17.89 -3.25 -21.81  2.03  4.38  2.62 -15.73 -5.16 17.27 -11.24  8.99 
utt>   454                   21-2-01   68    0    36 25  5 10 1.017638e-11 -2.059506e+02 -1.400464e+04
INFO: cmn.c(133): CMN: 56.07 39.21 -12.04 -15.16 -28.26 -2.38 26.59 -4.33 -19.76 -24.36 12.12  0.99  4.32 
utt>   455                   21-2-02   91    0    68 45  7 14 1.604171e-11 -2.048258e+02 -1.863915e+04
INFO: cmn.c(133): CMN: 59.04 30.07 -13.96 -10.02 -29.29  2.88 18.60 -1.17 -17.30 -26.11 41.04 -18.67  3.10 
utt>   456                   21-2-03   86    0    44 29  6 12 6.928549e-12 -2.042424e+02 -1.756484e+04
INFO: cmn.c(133): CMN: 53.22 25.27 -12.82 -6.39 -19.13  1.36 11.28 -6.67 -1.16 -32.76  8.19  0.93 -0.14 
utt>   457                   21-2-04   38    0    32 20  6 11 8.196782e-12 -2.057376e+02 -7.818027e+03
INFO: cmn.c(133): CMN: 50.45 25.97 -17.21 -4.65 -5.94  4.58 13.81 -6.90 -9.65 -30.22  2.43 -1.29  4.00 
utt>   458                   21-2-05   64    0    52 28  6 12 1.472044e-11 -2.074309e+02 -1.327558e+04
INFO: cmn.c(133): CMN: 66.01  7.67 -10.16 -7.80 -13.87 -19.24 15.57 -3.42 10.19 -13.64  0.44 -3.48 16.39 
utt>   459                   21-3-01   99    0    44 30  6 12 1.379964e-11 -2.026389e+02 -2.006125e+04
INFO: cmn.c(133): CMN: 64.63  2.49 -0.91 -13.95 -2.67 -0.95  1.79 -6.76 -2.64 -14.39  8.69 -8.12 11.41 
utt>   460                   21-3-02   87    0    36 20  5 10 8.212274e-12 -1.990716e+02 -1.731923e+04
INFO: cmn.c(133): CMN: 63.84  0.40 -0.39 -3.54 -0.66 -6.34  8.93  1.27  3.02 -14.54  3.40  6.08 10.54 
utt>   461                   21-3-03   73    0    40 25  6 12 8.593320e-12 -2.074711e+02 -1.514539e+04
INFO: cmn.c(133): CMN: 62.38 -4.41 13.76 -4.86 -7.58 -8.20 -2.35  0.21  1.37 -32.47 14.89 -13.36  5.52 
utt>   462                   21-3-04   64    0    28 20  5 11 1.105051e-11 -2.050550e+02 -1.312352e+04
INFO: cmn.c(133): CMN: 64.26 15.10 -4.90 -1.73 -12.92 -9.43 11.41 -17.22  1.86 -40.16 13.27 -4.98  2.35 
utt>   463                   21-3-05  119    0    68 38  7 15 9.997127e-12 -2.039473e+02 -2.426973e+04
INFO: cmn.c(133): CMN: 54.07 30.15 -10.14 -14.01 -27.87 10.77 23.62 -23.01 -2.49 -20.21  6.44  7.90  6.28 
utt>   464                   21-4-01   89    0    52 31  6 13 1.403199e-11 -2.073809e+02 -1.845690e+04
INFO: cmn.c(133): CMN: 52.96 18.61  3.23 -15.67 -6.78 -3.09 13.71 -3.00 -10.28 -18.44  3.63 -2.84 16.06 
utt>   465                   21-4-02   77    0    36 22  5 10 5.844498e-12 -2.069860e+02 -1.593792e+04
INFO: cmn.c(133): CMN: 52.94 31.02 -13.44 -19.54 -21.85 -1.08 16.19 -11.38  1.93 -13.65  7.86  1.49 14.39 
utt>   466                   21-4-03   87    0    44 31  6 13 8.825916e-12 -1.987617e+02 -1.729226e+04
INFO: cmn.c(133): CMN: 57.51 22.62 -19.94 -14.62 -27.28 -1.00  6.31 -10.41 18.16 -24.43 10.03  9.29 11.43 
utt>   467                   21-4-04   54    0    28 20  6 11 1.073664e-11 -2.091458e+02 -1.129387e+04
INFO: cmn.c(133): CMN: 56.70 26.36 -11.77 -10.79 -17.89  5.48  7.87 -18.51  6.99 -31.76  9.75  7.56  4.93 
utt>   468                   21-4-05  183    0    76 38  6 12 1.143518e-11 -2.007109e+02 -3.673009e+04
INFO: cmn.c(133): CMN: 66.93 10.81 -7.60 -3.56 -36.91  1.11 19.54 -19.86 -3.97 -18.82 26.56 -5.88  6.22 
utt>   469                   21-5-01   86    0    44 27  6 12 8.462470e-12 -2.018797e+02 -1.736165e+04
INFO: cmn.c(133): CMN: 61.22 13.20 -3.19 -4.03 -20.03  3.37  6.82 -6.56  0.50 -28.31 16.46  0.25 -2.39 
utt>   470                   21-5-02   95    0    48 34  7 14 1.328415e-11 -2.038340e+02 -1.936423e+04
INFO: cmn.c(133): CMN: 62.41  0.97  4.74 -11.23 -22.15 -3.18  9.65 -10.19  3.43 -30.57 19.41 -11.06 -0.23 
utt>   471                   21-5-03   65    0    32 24  6 12 1.279860e-11 -2.054624e+02 -1.335506e+04
INFO: cmn.c(133): CMN: 61.77 -1.21 -0.66 -0.90 -7.98 -4.52 14.89 -2.91  6.56 -27.91  8.59 -6.81 10.80 
utt>   472                   21-5-04   99    0    52 27  6 12 8.650110e-12 -2.050743e+02 -2.030236e+04
INFO: cmn.c(133): CMN: 63.32  4.54  1.17 -1.37 -9.30 -0.53  9.80 -15.08 -5.46 -23.90 15.11 -8.67 13.22 
utt>   473                   21-5-05  115    0    80 41  7 15 1.085886e-11 -2.080524e+02 -2.392602e+04
INFO: cmn.c(133): CMN: 53.55  9.88  3.89 30.17 -7.30 -16.50  2.21  0.91 -6.91 -28.14  1.98 -5.81 -12.74 
utt>   474                   22-1-01  162    0    44 29  6 12 1.436099e-11 -2.044098e+02 -3.311439e+04
INFO: cmn.c(133): CMN: 54.29 12.87  4.39 43.77 -10.54 -9.10 11.11  0.92 -5.19 -35.16  9.60 -4.77 -20.39 
utt>   475                   22-1-02  143    0    48 33  7 14 1.272147e-11 -2.011689e+02 -2.876715e+04
INFO: cmn.c(133): CMN: 56.58 16.95  4.98 43.08 -15.68 -11.68 16.05 -8.52 -1.47 -45.62 13.48 -0.72 -24.06 
utt>   476                   22-1-03  156    0    64 37  6 13 1.573006e-11 -2.034792e+02 -3.174276e+04
INFO: cmn.c(133): CMN: 58.04 17.44 -12.08 13.65 -17.39 -6.47  3.64 -10.58 -1.59 -25.70  7.75  5.75 -20.17 
utt>   477                   22-1-04  128    0    28 20  5 10 8.299053e-12 -2.010512e+02 -2.573455e+04
INFO: cmn.c(133): CMN: 56.54 20.68 -9.82 21.50 -15.14 -2.16 11.60 -3.71  0.66 -18.98  3.32  7.85 -19.40 
utt>   478                   22-1-05  113    0    32 23  6 12 7.961099e-12 -2.025823e+02 -2.289180e+04
INFO: cmn.c(133): CMN: 60.02 16.15 -13.22 10.55 -3.99 -6.37  3.03 -19.95  2.55 -18.84  5.88 -3.99 -17.16 
utt>   479                   22-2-01  157    0    36 22  4 8 9.955276e-12 -1.880408e+02 -2.952240e+04
INFO: cmn.c(133): CMN: 65.34 15.26  1.30  5.33 -18.64 -2.60 10.51 -1.96 -24.02 -10.03 -4.21 -2.48 -9.41 
utt>   480                   22-2-02  170    0    68 46  7 15 1.123747e-11 -2.029248e+02 -3.449722e+04
INFO: cmn.c(133): CMN: 61.75 15.34 -0.66 15.38 -17.50 -5.52 13.13 -14.93 -4.07 -27.64  6.49  0.06 -17.63 
utt>   481                   22-2-03  139    0    44 32  6 13 9.182240e-12 -2.036105e+02 -2.830186e+04
INFO: cmn.c(133): CMN: 58.47  5.31  7.66 38.58 -20.28 -11.21 17.76 -3.15 -5.43 -27.51  9.48 -0.86 -14.38 
utt>   482                   22-2-04  108    0    32 25  6 13 9.881276e-12 -2.012094e+02 -2.173061e+04
INFO: cmn.c(133): CMN: 56.24  2.71  4.48 33.76 -7.79 -3.15 15.87 -3.70 -14.15 -26.11  5.15 -1.19 -18.25 
utt>   483                   22-2-05  146    0    52 30  6 12 1.105917e-11 -2.032610e+02 -2.967610e+04
INFO: cmn.c(133): CMN: 61.42 24.91 -3.34  8.39 -14.27 -10.58  8.10 -10.75 -3.40 -12.98 -6.78  7.12 -20.76 
utt>   484                   22-3-01  124    0    44 31  6 13 1.440195e-11 -2.060237e+02 -2.554694e+04
INFO: cmn.c(133): CMN: 61.27 17.86 -1.79  3.87 -11.58 -2.66  2.93 -17.79 -10.22 -5.97 -7.76 -1.66 -17.32 
utt>   485                   22-3-02  124    0    36 23  4 9 7.008327e-12 -2.043611e+02 -2.534078e+04
INFO: cmn.c(133): CMN: 56.31  6.75 12.47 30.10 -12.58 -1.57 13.07 -17.85 -4.25 -16.41 -3.82 -1.74 -11.94 
utt>   486                   22-3-03  125    0    40 27  6 12 1.218004e-11 -2.021791e+02 -2.527239e+04
INFO: cmn.c(133): CMN: 56.76  4.92 15.12 22.71 -10.11 -8.34  4.09 -3.76 -10.13 -19.42 -7.92  6.21 -10.66 
utt>   487                   22-3-04  109    0    28 20  5 10 1.049006e-11 -2.020510e+02 -2.202355e+04
INFO: cmn.c(133): CMN: 62.69 22.99 -6.13 16.60 -15.03 -2.79  9.25 -13.15 -8.46 -27.81  1.73  9.22 -16.67 
utt>   488                   22-3-05  142    0    68 36  6 12 1.034715e-11 -2.071984e+02 -2.942217e+04
INFO: cmn.c(133): CMN: 58.76 24.96  3.62 -4.76 -17.22 -2.50  6.48 -5.88 -9.87 -16.25 -1.11  1.90 -12.46 
utt>   489                   22-4-01  147    0    52 33  6 13 1.563400e-11 -2.030014e+02 -2.984120e+04
INFO: cmn.c(133): CMN: 58.00  4.56 11.65 21.80 -0.84 -12.38  4.25 -8.69 -13.32 -15.02 -0.80 -3.74 -9.08 
utt>   490                   22-4-02  134    0    36 24  5 10 8.315934e-12 -2.036150e+02 -2.728441e+04
INFO: cmn.c(133): CMN: 57.80 19.68 -5.74  6.21 -11.52 -4.76  0.16 -2.18 -4.41 -9.76 -6.06  0.53 -8.07 
utt>   491                   22-4-03  149    0    44 34  8 15 2.191400e-11 -2.025452e+02 -3.017924e+04
INFO: cmn.c(133): CMN: 56.57 14.34 -8.00  4.88 -8.71 -3.35 -1.23 -1.18  3.17 -5.94 -6.15  2.07 -7.60 
utt>   492                   22-4-04  119    0    28 23  6 12 1.493127e-11 -1.991627e+02 -2.370036e+04
INFO: cmn.c(133): CMN: 61.47 19.11 -8.33 10.69 -4.05  0.85  1.45 -12.57 -7.48 -15.17 -1.21  5.89 -11.08 
utt>   493                   22-4-05  217    0    76 39  6 11 1.031060e-11 -2.029645e+02 -4.404331e+04
INFO: cmn.c(133): CMN: 62.75 23.99 -6.55  0.39 -19.36  0.67  8.99 -20.62 -9.02 -19.50  5.45 13.58 -15.50 
utt>   494                   22-5-01  140    0    44 28  5 10 1.210756e-11 -2.024556e+02 -2.834378e+04
INFO: cmn.c(133): CMN: 61.16 17.94 -3.63 24.89 -16.78 -9.52 10.03 -3.88 -16.03 -21.98 -2.45  8.20 -15.95 
utt>   495                   22-5-02  134    0    48 34  6 12 1.094158e-11 -2.040019e+02 -2.733625e+04
INFO: cmn.c(133): CMN: 58.58 14.01 -2.10 12.60 -20.20 -7.00 11.53  1.83 -10.65 -5.98 -10.31  2.98 -11.89 
utt>   496                   22-5-03  143    0    32 25  6 13 9.073736e-12 -2.036673e+02 -2.912442e+04
INFO: cmn.c(133): CMN: 57.44  4.91  3.73 30.66 -3.60 -8.00 18.32 -6.58 -13.93 -9.22 -6.06  0.99 -14.85 
utt>   497                   22-5-04  164    0    52 31  6 13 8.374760e-12 -2.024359e+02 -3.319949e+04
INFO: cmn.c(133): CMN: 62.84 14.14  0.10 17.82 -11.42 -4.16  6.01 -9.87 -13.01 -15.08 -1.66  2.80 -10.00 
utt>   498                   22-5-05  180    0    80 48  7 15 1.567765e-11 -2.042075e+02 -3.675735e+04
INFO: cmn.c(133): CMN: 55.32 28.03  9.32  8.90 -26.10 -3.84  7.25  3.08 -17.82 20.25 19.54 -14.97  3.50 
utt>   499                   23-1-01  134    0    44 30  6 12 8.937314e-12 -2.051641e+02 -2.749199e+04
INFO: cmn.c(133): CMN: 53.95 24.94 16.05 17.73 -36.12 11.33 12.49  3.19 -10.51 20.34 13.54 -20.06 -0.24 
utt>   500                   23-1-02  119    0    48 32  6 12 7.977008e-12 -2.097180e+02 -2.495644e+04
INFO: cmn.c(133): CMN: 52.88 23.26 18.92 18.01 -30.46  4.76  0.39  4.97 -13.98 21.09 22.12 -14.80  2.49 
utt>   501                   23-1-03  134    0    64 36  7 14 9.555900e-12 -2.076286e+02 -2.782223e+04
INFO: cmn.c(133): CMN: 55.68 18.48 11.32 12.82 -42.16  5.92  6.64  7.07 -4.88 11.84 -9.79 -6.80  0.68 
utt>   502                   23-1-04   88    0    28 20  5 9 7.496186e-12 -2.033956e+02 -1.789881e+04
INFO: cmn.c(133): CMN: 54.16 21.14  4.26 -6.54 -17.47 11.89 -0.50 -4.15 -1.55 27.05  4.83 -6.92  5.95 
utt>   503                   23-1-05  100    0    32 24  6 11 1.041611e-11 -1.993050e+02 -1.993050e+04
INFO: cmn.c(133): CMN: 59.68 18.90  2.57 -1.34 -11.07 -7.68 -2.65  4.63 14.71 24.22 -3.89 -6.89  2.26 
utt>   504                   23-2-01   95    0    36 25  5 10 1.042950e-11 -2.012913e+02 -1.912267e+04
INFO: cmn.c(133): CMN: 54.83 31.13 14.54 -10.13 -22.23  9.95 -10.89 -0.95  0.92 18.46  8.54 -17.79  2.28 
utt>   505                   23-2-02  130    0    68 45  7 15 1.200504e-11 -2.070990e+02 -2.692287e+04
INFO: cmn.c(133): CMN: 53.79 24.70  6.39 -7.46 -9.25  6.63 -2.65 10.07 -6.40 29.55  0.63 -28.44  6.29 
utt>   506                   23-2-03   99    0    44 29  6 12 8.652675e-12 -2.036879e+02 -2.016510e+04
INFO: cmn.c(133): CMN: 52.19 15.47 22.77 19.90 -40.34 14.00  2.28 11.97 -27.05 13.20 18.48 -16.18  8.29 
utt>   507                   23-2-04   87    0    32 23  5 11 9.570293e-12 -2.036595e+02 -1.771838e+04
INFO: cmn.c(133): CMN: 51.95 15.36 16.64 21.59 -28.81  7.01 -1.73  8.62 -15.27 26.12 12.87 -7.85  6.79 
utt>   508                   23-2-05   91    0    52 28  6 12 1.337301e-11 -2.096787e+02 -1.908076e+04
INFO: cmn.c(133): CMN: 57.51 33.93  2.53 -11.64 -17.02  8.89 -12.57  4.77  2.40 14.19 12.04 -17.22  2.84 
utt>   509                   23-3-01  110    0    44 30  6 12 1.015108e-11 -2.054679e+02 -2.260147e+04
INFO: cmn.c(133): CMN: 57.05 20.49  5.55  0.70 -15.80 -2.81 -13.45 10.78  4.39  9.96 -0.82 -14.60  5.50 
utt>   510                   23-3-02   92    0    36 23  4 9 5.348894e-12 -2.025411e+02 -1.863378e+04
INFO: cmn.c(133): CMN: 53.55 14.46 14.70 24.99 -15.42 -3.85  5.12  7.30 -5.82 26.11  3.14 -13.40  8.42 
utt>   511                   23-3-03   82    0    40 27  6 12 6.768304e-12 -2.078181e+02 -1.704109e+04
INFO: cmn.c(133): CMN: 54.74 16.16 18.56 15.73 -40.49 -2.75 11.59 11.46 -21.75 14.40 12.56 -20.13  6.78 
utt>   512                   23-3-04   86    0    28 20  6 11 7.501052e-12 -2.014288e+02 -1.732287e+04
INFO: cmn.c(133): CMN: 54.16 23.02  6.52 13.10 -18.34  4.83 -2.08 11.39  5.32 28.92  9.82 -18.52  7.83 
utt>   513                   23-3-05  133    0    68 40  6 13 9.507142e-12 -2.057479e+02 -2.736447e+04
INFO: cmn.c(133): CMN: 57.01 26.91  8.08 -7.28 -16.08  9.59 -13.44  3.12  8.03 25.66 -0.30 -1.70 10.19 
utt>   514                   23-4-01   99    0    52 33  6 12 1.129231e-11 -2.101147e+02 -2.080135e+04
INFO: cmn.c(133): CMN: 54.28 15.73 11.90 17.86 -2.71 -23.64 -4.56  3.69 -14.07 19.01 11.38 -18.27  4.21 
utt>   515                   23-4-02  108    0    36 25  5 10 8.038911e-12 -2.031217e+02 -2.193714e+04
INFO: cmn.c(133): CMN: 56.54 27.95  2.18 -15.60 -21.17  4.86 -4.19 13.73  1.33 14.36  7.49 -10.06 -4.05 
utt>   516                   23-4-03  116    0    44 33  6 12 9.310751e-12 -2.046380e+02 -2.373801e+04
INFO: cmn.c(133): CMN: 57.12 27.85  3.45 -11.79 -25.60  0.13 -5.32 31.60 -11.85  9.48  8.39 -11.97  4.47 
utt>   517                   23-4-04   82    0    28 23  6 12 1.312663e-11 -2.037997e+02 -1.671157e+04
INFO: cmn.c(133): CMN: 54.79 26.93  4.59 -0.77 -4.93 -1.70 -15.89 21.40  1.83 28.83  5.58 -14.14  2.54 
utt>   518                   23-4-05  147    0    76 36  6 13 1.133097e-11 -2.044060e+02 -3.004768e+04
INFO: cmn.c(133): CMN: 59.92 30.32 -0.19 -10.15 -10.53  2.57 -10.04 17.59 -5.25 30.39  3.26 -21.43 10.53 
utt>   519                   23-5-01  100    0    44 27  6 12 1.071204e-11 -2.014428e+02 -2.014428e+04
INFO: cmn.c(133): CMN: 58.02 28.80  0.00  2.94 -18.25  3.39  2.32 14.10 -7.33 25.30  4.18 -20.90  4.31 
utt>   520                   23-5-02   94    0    48 36  7 15 1.152231e-11 -2.067883e+02 -1.943810e+04
INFO: cmn.c(133): CMN: 57.36 24.32  7.03 -2.36 -32.70 12.73  1.26 11.39 -11.88 24.73 -5.86 -9.34  5.52 
utt>   521                   23-5-03  100    0    32 24  6 13 1.421903e-11 -2.003827e+02 -2.003827e+04
INFO: cmn.c(133): CMN: 51.35 16.02 -4.50 15.47 -35.71 13.98  2.79  0.59  6.88 -3.27 -4.54  7.80 -10.37 
utt>   522                   23-5-04   75    0    52 37  9 17 2.046210e-11 -1.987432e+02 -1.490574e+04
INFO: cmn.c(133): CMN: 52.00 22.44  7.99  2.97 -8.10  2.47 -7.41  5.20  4.98 24.75 12.91 -18.05 -1.48 
utt>   523                   23-5-05   96    0    80 50  10 20 1.838671e-11 -2.057166e+02 -1.974880e+04
INFO: cmn.c(133): CMN: 54.40 21.10  8.18  1.82 -16.74 -4.71  2.12 26.25 -5.51 -9.18 19.85 10.56 -2.27 
utt>   524                   24-1-01  123    0    44 27  5 11 8.468896e-12 -2.041290e+02 -2.510787e+04
INFO: cmn.c(133): CMN: 52.79 31.57 -4.04  9.65 -8.17 -11.38  4.37 15.56 -9.24  9.81 27.14 13.02 -10.47 
utt>   525                   24-1-02  104    0    48 34  6 13 1.298849e-11 -2.049094e+02 -2.131058e+04
INFO: cmn.c(133): CMN: 51.55 30.42 -6.77  6.07 -4.43 -9.31  0.57  8.09 -5.56 11.98 18.33 10.30 -1.73 
utt>   526                   24-1-03  122    0    64 44  9 18 1.393750e-11 -2.046333e+02 -2.496526e+04
INFO: cmn.c(133): CMN: 56.01 27.81 -14.80 -0.22 -15.02  0.15 -6.99  7.61  1.49 10.51 14.66  8.37  2.01 
utt>   527                   24-1-04   81    0    28 21  5 10 6.907601e-12 -2.026162e+02 -1.641191e+04
INFO: cmn.c(133): CMN: 53.16 21.79 -2.37 -5.93  3.68  0.20 -13.51  8.88 -2.54  4.93 18.16  1.86 -10.52 
utt>   528                   24-1-05  111    0    32 24  5 11 1.413612e-11 -2.040797e+02 -2.265285e+04
INFO: cmn.c(133): CMN: 60.66 17.22 -6.45  3.86 -16.44 -3.34 -3.80 16.07  6.24 13.78 17.12  8.45 -4.33 
utt>   529                   24-2-01   90    0    36 26  6 11 1.036753e-11 -2.040368e+02 -1.836332e+04
INFO: cmn.c(133): CMN: 54.13 28.36 -7.58  0.91 -13.03  5.25 -1.86 11.96 -5.27  8.35 20.96 16.26 -5.37 
utt>   530                   24-2-02  137    0    68 42  7 15 1.989586e-11 -2.047026e+02 -2.804426e+04
INFO: cmn.c(133): CMN: 52.43 30.56 -1.01 -10.93 -10.02 -1.51 -12.69 20.20 -4.84  4.74 23.61  6.17 -7.29 
utt>   531                   24-2-03  113    0    44 33  6 12 1.230753e-11 -2.053516e+02 -2.320474e+04
INFO: cmn.c(133): CMN: 55.02 14.87 15.13 21.35 -20.86  5.79 -20.70 33.79 -15.95 11.47 28.52 -1.71  3.70 
utt>   532                   24-2-04   81    0    32 25  6 12 7.960777e-12 -2.065841e+02 -1.673331e+04
INFO: cmn.c(133): CMN: 58.55  8.91 -2.52 23.08 -14.44 -1.28 -36.34 28.94 -18.25 13.65  7.77  7.18 -4.48 
utt>   533                   24-2-05  113    0    52 35  7 14 1.411670e-11 -2.040204e+02 -2.305431e+04
INFO: cmn.c(133): CMN: 56.30 31.11 -16.08 -2.18 -9.50  2.33 -8.80 25.66  2.12  6.47 23.13 -1.48 -9.42 
utt>   534                   24-3-01  113    0    44 33  6 13 1.235196e-11 -2.066738e+02 -2.335414e+04
INFO: cmn.c(133): CMN: 61.46 12.49 -2.64 -10.14 -17.90 10.95 -21.17 26.08  9.24 10.85 15.44  3.49 -6.49 
utt>   535                   24-3-02  111    0    36 24  5 10 8.279995e-12 -2.005695e+02 -2.226321e+04
INFO: cmn.c(133): CMN: 57.85  8.67  7.14 10.87 -16.63 -0.16 -15.71 34.52 -6.17 14.37 17.78  8.83 -7.78 
utt>   536                   24-3-03   90    0    40 28  6 12 1.224540e-11 -2.053117e+02 -1.847806e+04
INFO: cmn.c(133): CMN: 59.85  8.95  7.88 11.10 -21.44 -1.56 -14.18 26.14 -18.57  5.25 17.01 15.72  7.29 
utt>   537                   24-3-04   79    0    28 22  5 11 9.164128e-12 -2.068467e+02 -1.634089e+04
INFO: cmn.c(133): CMN: 59.16 24.39 -10.10 10.46 -26.80 -5.09 -3.71 11.79 -16.41 12.48 21.14 13.40 -6.03 
utt>   538                   24-3-05  119    0    68 47  8 16 1.144657e-11 -2.047062e+02 -2.436004e+04
INFO: cmn.c(133): CMN: 60.71 22.80 -8.28  5.79 -12.10  9.31 -8.64  8.97 -10.33 13.59 16.90 13.65 -14.77 
utt>   539                   24-4-01   90    0    52 34  6 13 1.344995e-11 -2.045595e+02 -1.841035e+04
INFO: cmn.c(133): CMN: 60.81 10.97  4.73  9.24 -10.89 -1.41 -7.97 23.03 -12.51  1.80 16.59 11.00  1.23 
utt>   540                   24-4-02  106    0    36 24  5 10 6.711312e-12 -2.027765e+02 -2.149431e+04
INFO: cmn.c(133): CMN: 57.69 24.49 -13.79  7.23 -20.71  8.72 -9.13 24.98  0.11  2.45 23.42  8.81 -5.20 
utt>   541                   24-4-03  112    0    44 33  6 13 1.289361e-11 -2.054373e+02 -2.300898e+04
INFO: cmn.c(133): CMN: 62.33 15.49 -10.28  3.02 -20.81 -0.51 -17.44 30.26 -2.67 12.66 16.48  8.42 -12.77 
utt>   542                   24-4-04   77    0    28 23  6 12 1.188935e-11 -2.055091e+02 -1.582420e+04
INFO: cmn.c(133): CMN: 60.72 22.23 -6.55  5.28 -19.12 10.03 -24.14 16.60 -1.30  7.05 23.27  6.11 -4.06 
utt>   543                   24-4-05  151    0    76 41  6 12 1.096807e-11 -2.052920e+02 -3.099909e+04
INFO: cmn.c(133): CMN: 61.20 15.43  1.16  0.06 -16.53 26.11 -28.59 27.24 -8.69 14.16 18.33  2.40 -10.45 
utt>   544                   24-5-01  107    0    44 31  6 13 9.022755e-12 -2.013385e+02 -2.154322e+04
INFO: cmn.c(133): CMN: 56.82 30.99 -5.62  2.81 -15.06 -0.67 -3.34 23.81 -9.29  8.48 15.85 -0.08 -5.29 
utt>   545                   24-5-02   96    0    48 37  7 15 1.851832e-11 -2.065881e+02 -1.983246e+04
INFO: cmn.c(133): CMN: 60.06 22.32 -6.04  2.77 -22.83 -2.61 -18.87 28.90 -17.08 16.55 13.66 19.62 -10.26 
utt>   546                   24-5-03   70    0    32 25  6 13 8.860771e-12 -2.078509e+02 -1.454956e+04
INFO: cmn.c(133): CMN: 58.71 11.28 -0.93 20.09 -2.30  3.61 -13.10 12.16 -6.49  0.47 17.98  4.41 -8.57 
utt>   547                   24-5-04   87    0    52 37  6 13 1.406753e-11 -2.070456e+02 -1.801296e+04
INFO: cmn.c(133): CMN: 59.71 14.57 -3.56 15.80 -17.07  8.66 -14.84 13.16 -8.29  7.67 16.79  3.70 -10.64 
utt>   548                   24-5-05  140    0    80 53  9 18 1.208918e-11 -2.082670e+02 -2.915738e+04
INFO: cmn.c(133): CMN: 63.49  9.62  9.86 15.75 -27.01 13.51 -8.35 -7.28 -1.91 -8.70  6.72 -0.83 11.05 
utt>   549                   25-1-01   93    0    44 26  5 10 7.072600e-12 -2.144636e+02 -1.994511e+04
INFO: cmn.c(133): CMN: 61.30 13.77 13.22 29.55 -20.27 17.17 -3.81 -23.93  0.39 -12.22  4.10 -12.14  1.59 
utt>   550                   25-1-02   86    0    48 28  6 12 1.088392e-11 -2.111526e+02 -1.815912e+04
INFO: cmn.c(133): CMN: 60.34 24.15 14.00 23.74 -20.05 10.08 -5.41 -16.09 -9.88 -16.96 14.78 -17.44  0.36 
utt>   551                   25-1-03   94    0    64 37  6 13 1.430765e-11 -2.066596e+02 -1.942600e+04
INFO: cmn.c(133): CMN: 67.16  6.49  1.68 14.04 -9.21 -3.96 -8.25 -8.15 -18.76  9.27  0.78 -7.42  3.26 
utt>   552                   25-1-04   65    0    28 18  4 9 7.068776e-12 -2.052114e+02 -1.333874e+04
INFO: cmn.c(133): CMN: 61.02 18.39  6.66 17.25 -9.59  6.51  3.36 -23.26 -4.26  3.24 16.28 -15.82  3.90 
utt>   553                   25-1-05   75    0    32 21  5 11 9.944282e-12 -2.034102e+02 -1.525577e+04
INFO: cmn.c(133): CMN: 65.48 12.11  5.12  6.59 -8.58  1.54 -11.90 -17.16  9.53  4.70 -5.14 -1.86 12.88 
utt>   554                   25-2-01   75    0    36 24  5 10 8.177281e-12 -1.992365e+02 -1.494274e+04
INFO: cmn.c(133): CMN: 60.92 22.11 14.36  8.06 -23.66 24.03 -3.48 -26.38 -6.36 -1.73  6.48 -11.11  4.76 
utt>   555                   25-2-02  108    0    68 38  6 13 1.498966e-11 -2.076904e+02 -2.243057e+04
INFO: cmn.c(133): CMN: 62.45 14.17  6.37 14.55 -17.00 -2.64 -2.77 -15.05 -2.87  3.72  8.72 -14.34  7.21 
utt>   556                   25-2-03   82    0    44 28  6 12 1.339508e-11 -2.058123e+02 -1.687661e+04
INFO: cmn.c(133): CMN: 65.40  7.09  7.60 23.78 -4.02  1.57 -3.36 -7.84 -15.13 -8.73 12.38 -14.79  2.72 
utt>   557                   25-2-04   63    0    32 23  5 11 1.050352e-11 -2.092774e+02 -1.318447e+04
INFO: cmn.c(133): CMN: 63.72  3.11  9.53 24.07 -4.93 -1.34 -3.27 -10.89 -9.18 -2.66  3.39 -6.28  2.76 
utt>   558                   25-2-05  107    0    52 30  6 13 1.134721e-11 -2.108474e+02 -2.256067e+04
INFO: cmn.c(133): CMN: 64.01 20.19  1.64  9.34 -17.85  8.41 -0.17 -21.30  2.89 -6.45  3.41 -4.37  8.65 
utt>   559                   25-3-01   94    0    44 29  6 11 1.252066e-11 -2.070501e+02 -1.946271e+04
INFO: cmn.c(133): CMN: 63.90  7.44  4.93 10.81 -10.43 -0.96 -12.42 -17.65  7.63  5.04 -1.45 -4.36  6.10 
utt>   560                   25-3-02   77    0    36 22  5 10 7.815152e-12 -2.049241e+02 -1.577916e+04
INFO: cmn.c(133): CMN: 63.50  6.31 15.77 26.23 -4.12 -2.09 -12.85 -8.35 -12.35 -8.83  1.55 -6.49  5.41 
utt>   561                   25-3-03   70    0    40 26  6 12 1.063036e-11 -2.049787e+02 -1.434851e+04
INFO: cmn.c(133): CMN: 67.56  1.15 12.22 23.27 -13.37 -14.97 -12.26 -2.07 -16.78 -3.38 11.41 -8.81  8.10 
utt>   562                   25-3-04   63    0    28 20  5 11 4.185832e-12 -2.109573e+02 -1.329031e+04
INFO: cmn.c(133): CMN: 61.27 25.31  6.44 17.25 -16.18 -1.38  1.82 -14.98 -14.29 -5.15 18.61 -19.42  4.77 
utt>   563                   25-3-05  111    0    68 36  7 14 9.653001e-12 -2.082791e+02 -2.311898e+04
INFO: cmn.c(133): CMN: 63.05 18.58  9.85  3.33 -9.93  6.88  2.45 -26.83 -7.51 -5.74 14.43 -10.62  5.44 
utt>   564                   25-4-01   72    0    52 26  5 10 7.253829e-12 -2.138017e+02 -1.539372e+04
INFO: cmn.c(133): CMN: 65.91  7.03 12.93 21.72 -5.37 -12.29 -11.61 -5.02 -4.36 -11.21  2.12  1.43  5.00 
utt>   565                   25-4-02   68    0    36 24  5 11 1.276366e-11 -2.089757e+02 -1.421035e+04
INFO: cmn.c(133): CMN: 63.97 18.46  3.96  1.63 -16.99  7.66 -7.49 -16.77 -0.58  0.66  8.81 -13.83  7.61 
utt>   566                   25-4-03   77    0    44 32  6 13 1.109579e-11 -2.078061e+02 -1.600107e+04
INFO: cmn.c(133): CMN: 65.64 13.42  2.43 11.00 -11.51 10.22 -0.02 -18.00 -0.27  2.54  4.97 -15.25  8.16 
utt>   567                   25-4-04   75    0    28 21  6 13 1.186095e-11 -2.014050e+02 -1.510538e+04
INFO: cmn.c(133): CMN: 63.44 19.57  7.25 22.69 -9.72  8.71 -23.00 -22.20 -5.55 -4.28 14.47 -19.47  7.38 
utt>   568                   25-4-05  118    0    76 33  6 12 1.217706e-11 -2.078937e+02 -2.453146e+04
INFO: cmn.c(133): CMN: 64.69 21.17 10.35  1.54 -20.26 18.92 -21.33 -17.92 -5.33 -1.19 20.96 -19.30  5.16 
utt>   569                   25-5-01   80    0    44 23  5 10 9.378305e-12 -2.072747e+02 -1.658197e+04
INFO: cmn.c(133): CMN: 62.50 20.27  9.17 16.23 -18.73  1.39 -0.24 -3.96 -19.08  0.80 20.26 -21.17  6.69 
utt>   570                   25-5-02   83    0    48 31  7 14 9.694843e-12 -2.049059e+02 -1.700719e+04
INFO: cmn.c(133): CMN: 64.88  7.59  2.03  9.93 -13.89 -0.31 -5.90 -9.71 -9.72  2.31  7.27 -13.77  5.58 
utt>   571                   25-5-03   75    0    32 22  6 12 8.681954e-12 -2.061725e+02 -1.546294e+04
INFO: cmn.c(133): CMN: 62.56  6.39  9.26 26.39 -2.00 -2.29 -5.73 -8.40 -7.38 -6.56  1.09 -22.08 -3.67 
utt>   572                   25-5-04  100    0    52 31  6 12 1.341091e-11 -2.108977e+02 -2.108977e+04
INFO: cmn.c(133): CMN: 63.28 11.14 15.50 22.33 -15.39  7.79 -7.16 -19.51 -10.57 -5.05  6.93 -12.90  6.46 
utt>   573                   25-5-05  108    0    80 36  7 14 8.757058e-12 -2.108831e+02 -2.277537e+04
INFO: cmn.c(133): CMN: 61.54 16.30  5.70 13.30 -19.40  7.00  8.77 -1.81  1.65 -6.52 -7.97 -5.86  3.80 
utt>   574                   29-1-01  145    0    44 30  5 11 1.078817e-11 -2.022009e+02 -2.931913e+04
INFO: cmn.c(133): CMN: 59.52 16.68  8.75 17.23 -19.98  8.69 14.92  1.72 -4.82 -4.19 -5.45 -7.45  2.51 
utt>   575                   29-1-02  128    0    48 34  6 13 1.222166e-11 -2.015078e+02 -2.579300e+04
INFO: cmn.c(133): CMN: 60.25 17.47  3.01 23.27 -18.08  9.51  9.11  5.61 -6.56 -6.63 -5.72 -7.57  9.48 
utt>   576                   29-1-03  137    0    64 39  7 14 1.214908e-11 -2.019704e+02 -2.766994e+04
INFO: cmn.c(133): CMN: 59.24 19.50  0.92  9.47 -12.82  5.42 -0.97 -2.79 -3.79  4.67  1.32 -8.19  2.28 
utt>   577                   29-1-04  112    0    28 20  5 9 8.726981e-12 -1.998747e+02 -2.238597e+04
INFO: cmn.c(133): CMN: 54.80 14.26  0.59  9.88 -12.01  7.23  7.66 10.37 -6.50  4.34  1.32  2.30  0.05 
utt>   578                   29-1-05  117    0    32 25  6 12 6.975393e-12 -2.004739e+02 -2.345545e+04
INFO: cmn.c(133): CMN: 63.35 12.45 -0.95  5.86 -10.50 10.97 -1.65 -0.11  1.65  2.97  2.81 -11.64  6.91 
utt>   579                   29-2-01   93    0    36 25  5 10 1.024145e-11 -1.977385e+02 -1.838968e+04
INFO: cmn.c(133): CMN: 59.17 20.40  4.53 10.89 -21.70 19.36  8.40 -3.97 -3.57  3.12 -1.38 -13.90 10.58 
utt>   580                   29-2-02  144    0    68 41  6 13 1.182599e-11 -2.043702e+02 -2.942931e+04
INFO: cmn.c(133): CMN: 60.47 14.19  3.95  7.37 -14.57  4.85  6.24  5.66 -3.02  1.79  2.13 -8.57  3.16 
utt>   581                   29-2-03  115    0    44 29  5 11 5.545024e-12 -1.992448e+02 -2.291315e+04
INFO: cmn.c(133): CMN: 62.02 16.90  3.63 16.80 -9.31 -1.03 10.51  6.05 -7.12 -4.76 -5.39 -5.41 -2.51 
utt>   582                   29-2-04   91    0    32 25  6 12 1.176152e-11 -2.016042e+02 -1.834599e+04
INFO: cmn.c(133): CMN: 57.78  5.31  6.18  9.50 -4.65  2.86  6.29  2.60 -7.75 -6.43 -0.84 -5.40 -3.58 
utt>   583                   29-2-05  135    0    52 33  6 12 1.047094e-11 -2.041120e+02 -2.755512e+04
INFO: cmn.c(133): CMN: 60.72 18.57 -3.53 10.53 -24.53  7.66  8.32  4.55  4.87  3.96 -0.04 -6.10  9.40 
utt>   584                   29-3-01  118    0    44 31  6 11 7.899590e-12 -1.976620e+02 -2.332412e+04
INFO: cmn.c(133): CMN: 55.97 12.33 -3.40  4.16 -13.07 11.29 -5.30 -4.14 -2.35  1.41  3.49 -16.80  6.52 
utt>   585                   29-3-02  129    0    36 25  5 10 7.845706e-12 -2.010551e+02 -2.593611e+04
INFO: cmn.c(133): CMN: 51.82  2.81  8.09 21.26 -9.60 20.34  1.73  8.23 -9.20  3.51 -5.24 -8.47  2.81 
utt>   586                   29-3-03  115    0    40 29  6 13 1.081504e-11 -2.020727e+02 -2.323836e+04
INFO: cmn.c(133): CMN: 55.63  1.02 10.14 18.27 -14.79  4.22  7.63  1.11 -6.34 -5.34 -5.62 -3.00 -7.22 
utt>   587                   29-3-04  139    0    28 21  5 11 4.106823e-12 -1.998792e+02 -2.778320e+04
INFO: cmn.c(133): CMN: 56.79 14.26  2.54 16.96 -16.03 11.04  9.73  4.49 -3.88  3.50 -8.53 -4.81  1.39 
utt>   588                   29-3-05  176    0    68 43  6 12 1.228518e-11 -2.040396e+02 -3.591097e+04
INFO: cmn.c(133): CMN: 57.26 18.32  3.13  6.20 -20.20 20.80  0.20  0.65 -12.44  6.30  0.41 -10.56 11.52 
utt>   589                   29-4-01  105    0    52 33  6 13 1.270796e-11 -2.007299e+02 -2.107664e+04
INFO: cmn.c(133): CMN: 55.86  3.19  7.80 16.03 -5.04  6.27  8.97  3.53 -1.67 -3.41 -0.38 -10.75  0.50 
utt>   590                   29-4-02  117    0    36 27  5 10 8.634631e-12 -1.996834e+02 -2.336296e+04
INFO: cmn.c(133): CMN: 54.08  9.20 -0.29 11.11 -21.33 12.21  7.61 -0.00 -3.99 13.04 -7.94 -2.34  1.03 
utt>   591                   29-4-03  137    0    44 34  6 12 1.330958e-11 -1.989162e+02 -2.725151e+04
INFO: cmn.c(133): CMN: 60.24  6.92 -3.76  4.06 -5.14 10.27 -5.30  4.74 -10.71 17.37 -4.19 -0.52  3.01 
utt>   592                   29-4-04   85    0    28 21  5 11 1.227727e-11 -1.954393e+02 -1.661234e+04
INFO: cmn.c(133): CMN: 62.28 20.46 -6.35 13.87 -9.68  9.87 -0.96  4.84 -12.24  1.28 -1.31 -3.49 -0.43 
utt>   593                   29-4-05  155    0    76 39  6 13 1.227286e-11 -2.000198e+02 -3.100307e+04
INFO: cmn.c(133): CMN: 62.19 23.11 -3.65  9.03 -21.32 14.56  1.88  4.21 -16.40  1.58  0.60 -4.60  2.76 
utt>   594                   29-5-01  101    0    44 29  6 13 1.127602e-11 -2.013326e+02 -2.033459e+04
INFO: cmn.c(133): CMN: 58.66 17.40 -3.54 20.61 -17.77  2.19 10.39  7.03 -8.20  1.53 -4.03 -4.54  1.03 
utt>   595                   29-5-02   96    0    48 35  6 13 8.943649e-12 -2.016233e+02 -1.935584e+04
overall> stats 15921 (-0) -2.039161e+02 -3.246548e+06
WARN: "accum.c", line 642: The following senones never occur in the input data
	45 46 47 66 67 68 84 85 86 87 
	88 89 102 103 104 
INFO: s3mixw_io.c(232): Wrote /home/sourav/workdir/acoustic_model_final/bwaccumdir/final_buff_4/mixw_counts [105x4x256 array]
INFO: s3tmat_io.c(175): Wrote /home/sourav/workdir/acoustic_model_final/bwaccumdir/final_buff_4/tmat_counts [35x3x4 array]
INFO: s3gau_io.c(480): Wrote /home/sourav/workdir/acoustic_model_final/bwaccumdir/final_buff_4/gauden_counts with means with vars (2pass) [35x4x256 vector arrays]
INFO: main.c(999): Counts saved to /home/sourav/workdir/acoustic_model_final/bwaccumdir/final_buff_4
Thu Dec  5 21:24:39 2019
