        INFO: main.c(229): Compiled on Jul 21 2019 at 15:43:35
Current configuration:
[NAME]		[DEFLT]		[VALUE]
-2passvar	no		yes
-abeam		1e-100		1.000000e-90
-accumdir			/home/sourav/workdir/acoustic_model_final/bwaccumdir/final_buff_3
-agc		none		none
-agcthresh	2.0		2.000000e+00
-bbeam		1e-100		1.000000e-10
-cb2mllrfn	.1cls.		.1cls.
-cepdir				/home/sourav/workdir/acoustic_model_final/feat
-cepext		mfc		mfc
-ceplen		13		13
-ckptintv			0
-cmn		live		batch
-cmninit	40,3,-1		40,3,-1
-ctlfn				/home/sourav/workdir/acoustic_model_final/etc/final_train.fileids
-diagfull	no		no
-dictfn				/home/sourav/workdir/acoustic_model_final/etc/final.dic.full
-example	no		no
-fdictfn			/home/sourav/workdir/acoustic_model_final/etc/final.filler
-feat		1s_c_d_dd	s2_4x
-fullvar	no		no
-help		no		no
-hmmdir				
-latdir				
-latext				
-lda				
-ldadim		0		0
-lsnfn				/home/sourav/workdir/acoustic_model_final/etc/final_train.transcription
-lw		11.5		1.150000e+01
-maxuttlen	0		0
-meanfn				/home/sourav/workdir/acoustic_model_final/model_parameters/final.ci_ptm/means
-meanreest	yes		yes
-mixwfn				/home/sourav/workdir/acoustic_model_final/model_parameters/final.ci_ptm/mixture_weights
-mixwreest	yes		yes
-mllrmat			
-mmie		no		no
-mmie_type	rand		rand
-moddeffn			/home/sourav/workdir/acoustic_model_final/model_architecture/final.ci.mdef
-mwfloor	0.00001		1.000000e-08
-npart				5
-nskip				0
-outphsegdir			
-outputfullpath	no		no
-part				3
-pdumpdir			
-phsegdir			
-phsegext	phseg		phseg
-runlen		-1		-1
-sentdir			
-sentext	sent		sent
-spthresh	0.0		0.000000e+00
-svspec				
-timing		yes		no
-tmatfn				/home/sourav/workdir/acoustic_model_final/model_parameters/final.ci_ptm/transition_matrices
-tmatreest	yes		yes
-topn		4		256
-tpfloor	0.0001		1.000000e-04
-ts2cbfn			.ptm.
-varfloor	0.00001		1.000000e-04
-varfn				/home/sourav/workdir/acoustic_model_final/model_parameters/final.ci_ptm/variances
-varnorm	no		no
-varreest	yes		yes
-viterbi	no		no

INFO: feat.c(713): Initializing feature stream to type: 's2_4x', ceplen=13, CMN='batch', VARNORM='no', AGC='none'
INFO: main.c(318): Reading /home/sourav/workdir/acoustic_model_final/model_architecture/final.ci.mdef
INFO: model_def_io.c(573): Model definition info:
INFO: model_def_io.c(574): 35 total models defined (35 base, 0 tri)
INFO: model_def_io.c(575): 140 total states
INFO: model_def_io.c(576): 105 total tied states
INFO: model_def_io.c(577): 105 total tied CI states
INFO: model_def_io.c(578): 35 total tied transition matrices
INFO: model_def_io.c(579): 4 max state/model
INFO: model_def_io.c(580): 4 min state/model
INFO: s3mixw_io.c(116): Read /home/sourav/workdir/acoustic_model_final/model_parameters/final.ci_ptm/mixture_weights [105x4x256 array]
INFO: mod_inv.c(408): Failed to norm for 15 mixw: 45 46 47 66 67 68 84 85 86 87 88 89 102 103 104
INFO: s3tmat_io.c(117): Read /home/sourav/workdir/acoustic_model_final/model_parameters/final.ci_ptm/transition_matrices [35x3x4 array]
INFO: mod_inv.c(300): inserting tprob floor 1.000000e-04 and renormalizing
INFO: s3gau_io.c(168): Read /home/sourav/workdir/acoustic_model_final/model_parameters/final.ci_ptm/means [35x4x256 array]
INFO: s3gau_io.c(168): Read /home/sourav/workdir/acoustic_model_final/model_parameters/final.ci_ptm/variances [35x4x256 array]
INFO: gauden.c(176): 35 total mgau
INFO: gauden.c(150): 4 feature streams (|0|=12 |1|=24 |2|=3 |3|=12 )
INFO: gauden.c(187): 256 total densities
INFO: gauden.c(90): min_var=1.000000e-04
INFO: gauden.c(165): compute 256 densities/frame
INFO: main.c(430): Will reestimate mixing weights.
INFO: main.c(432): Will reestimate means.
INFO: main.c(434): Will reestimate variances.
INFO: main.c(442): Will reestimate transition matrices
INFO: main.c(455): Reading main dictionary: /home/sourav/workdir/acoustic_model_final/etc/final.dic.full
INFO: lexicon.c(220): 40 entries added from /home/sourav/workdir/acoustic_model_final/etc/final.dic.full
INFO: main.c(465): Reading filler dictionary: /home/sourav/workdir/acoustic_model_final/etc/final.filler
INFO: lexicon.c(220): 3 entries added from /home/sourav/workdir/acoustic_model_final/etc/final.filler
INFO: corpus.c(403): skipping 298 utts.
INFO: corpus.c(407): Last utt skipped: 13-5-04
INFO: corpus.c(1065): Will process 149 utts starting at 298
INFO: main.c(664): Reestimation: Baum-Welch
INFO: cmn.c(133): CMN: 60.67  5.57  5.52 13.07 -5.78 22.38 -26.61 -1.77 -20.06  1.54  7.51 -5.27  3.11 
column defns
	<seq>
	<id>
	<n_frame_in>
	<n_frame_del>
	<n_state_shmm>
	<avg_states_alpha>
	<avg_states_beta>
	<avg_states_reest>
	<avg_posterior_prune>
	<frame_log_lik>
	<utt_log_lik>
	... timing info ... 
utt>   298                   13-5-05  123    0INFO: cvt2triphone.c(199): no multiphones defined, no conversion done
    80 16  2 5 3.725987e-12 -1.976521e+02 -2.431121e+04
INFO: cmn.c(133): CMN: 71.78 10.09 -3.30 -0.26 -27.68  6.92 -5.97  2.78 -13.09  8.34 -8.33  1.12 -8.91 
utt>   299                   14-1-01  118    0    44 12  2 4 2.845932e-12 -1.982348e+02 -2.339171e+04
INFO: cmn.c(133): CMN: 71.41  8.22 -3.41  4.69 -29.57 12.56 -5.96  2.99 -14.26  4.27 -12.11 -2.64 -11.85 
utt>   300                   14-1-02  137    0    48 15  2 4 3.763507e-12 -1.929140e+02 -2.642922e+04
INFO: cmn.c(133): CMN: 70.49  8.40  0.65  7.87 -25.60 13.38 -10.11  8.09 -11.95 11.01 -5.59 -1.36 -8.59 
utt>   301                   14-1-03  140    0    64 15  2 5 2.783454e-12 -1.956882e+02 -2.739634e+04
INFO: cmn.c(133): CMN: 69.21  8.23 -13.33 -11.45 -25.98  9.36 -10.81 13.51 -4.11 10.41  0.30  4.11  4.26 
utt>   302                   14-1-04  115    0    28 11  2 4 3.018014e-12 -1.866200e+02 -2.146130e+04
INFO: cmn.c(133): CMN: 65.63  6.69 -8.39 -1.05 -20.59  9.92 -3.85  3.85 -9.11  6.00 -8.02 -6.31 -2.76 
utt>   303                   14-1-05  121    0    32 14  2 5 5.502347e-12 -1.889511e+02 -2.286308e+04
INFO: cmn.c(133): CMN: 75.40  1.78 -12.53  1.43 -17.84  3.14 -11.37 15.66 -2.75 -0.06 -8.49 -1.23 -8.42 
utt>   304                   14-2-01  100    0    36 13  2 4 2.332053e-12 -1.929025e+02 -1.929025e+04
INFO: cmn.c(133): CMN: 71.62 12.23 -6.39 -2.06 -27.81 11.47 -8.81  8.94 -6.07 15.32  0.97  4.55 -0.97 
utt>   305                   14-2-02  148    0    68 13  2 4 1.577422e-12 -1.968458e+02 -2.913319e+04
INFO: cmn.c(133): CMN: 64.15  5.87 -11.34 -1.59 -16.35  5.73 -6.38 -2.52 -4.48  9.93  0.89  3.31 -4.94 
utt>   306                   14-2-03  167    0    44 16  2 4 3.171834e-12 -1.963859e+02 -3.279645e+04
INFO: cmn.c(133): CMN: 72.87  1.14  0.52 -1.78 -32.99 11.95 -9.35  6.56 -8.19  9.96 -10.36 -1.69 -15.87 
utt>   307                   14-2-04   98    0    32 15  2 4 2.505180e-12 -1.906179e+02 -1.868055e+04
INFO: cmn.c(133): CMN: 68.97  0.85 -2.95  5.86 -24.04  8.53 -9.20  2.57 -15.76  2.86 -12.97 -4.86 -18.17 
utt>   308                   14-2-05  130    0    52 12  2 4 3.066916e-12 -1.901716e+02 -2.472231e+04
INFO: cmn.c(133): CMN: 72.88 12.32 -14.55 -1.88 -32.43 11.96 -4.79  8.03 -6.88 -0.62 -9.13 -7.45 -8.12 
utt>   309                   14-3-01  130    0    44 14  2 4 3.148794e-12 -1.913956e+02 -2.488143e+04
INFO: cmn.c(133): CMN: 72.04  2.72 -13.27 -3.37 -17.84  4.33 -12.10  8.61  0.28  0.29 -0.78  2.87  0.92 
utt>   310                   14-3-02  123    0    36 11  2 3 1.758357e-12 -1.835863e+02 -2.258111e+04
INFO: cmn.c(133): CMN: 73.28  2.43 -2.87  7.45 -22.23  7.90 -7.43  5.90 -11.17  1.98 -15.75 -5.03 -11.44 
utt>   311                   14-3-03  108    0    40 12  2 3 1.583834e-12 -1.837401e+02 -1.984393e+04
INFO: cmn.c(133): CMN: 72.56 -1.11  0.22 -0.78 -29.19  0.59 -5.60  2.63 -10.82  9.12 -5.92 -3.00 -6.88 
utt>   312                   14-3-04  106    0    28 13  2 4 6.072641e-12 -1.871567e+02 -1.983861e+04
INFO: cmn.c(133): CMN: 68.82 10.04 -4.65  9.02 -23.09 11.06 -2.86  5.76 -7.29  5.87 -12.61  1.80 -1.00 
utt>   313                   14-3-05  155    0    68 13  2 4 5.063470e-12 -1.959505e+02 -3.037233e+04
INFO: cmn.c(133): CMN: 69.60 11.95 -9.31 -1.35 -25.17 12.20 -7.78  4.05 -2.85 10.75 -3.88  0.19 -1.98 
utt>   314                   14-4-01  118    0    52 12  2 4 4.768881e-12 -1.947782e+02 -2.298382e+04
INFO: cmn.c(133): CMN: 70.80  2.55  0.01  6.88 -17.65 -1.66 -7.05  0.98 -8.65  1.26 -4.15  2.18 -2.51 
utt>   315                   14-4-02  115    0    36 12  2 4 3.592917e-12 -1.902474e+02 -2.187845e+04
INFO: cmn.c(133): CMN: 67.37  8.82 -9.30 -1.94 -30.23  4.55 -5.69  8.25 -2.91  1.89 -4.50 -5.32 -1.50 
utt>   316                   14-4-03  167    0    44 18  2 5 3.278676e-12 -1.942269e+02 -3.243590e+04
INFO: cmn.c(133): CMN: 69.36  6.25 -10.00 -6.32 -26.32  3.33 -6.98  9.21 -0.21  6.04 -5.80 -5.91 -2.60 
utt>   317                   14-4-04  108    0    28 14  2 5 3.808934e-12 -1.952226e+02 -2.108404e+04
INFO: cmn.c(133): CMN: 69.47 11.43 -6.83  9.26 -20.64  9.31 -15.24  9.61 -4.71 14.76 -1.97  4.74  2.43 
utt>   318                   14-4-05  203    0    76 11  1 3 3.020553e-12 -1.819625e+02 -3.693839e+04
INFO: cmn.c(133): CMN: 71.65  9.46 -12.36 -5.65 -21.98  6.67 -17.10  9.85 -4.74 13.01 -3.82 -1.94  0.18 
utt>   319                   14-5-01  136    0    44 11  2 3 2.616134e-12 -1.812355e+02 -2.464803e+04
INFO: cmn.c(133): CMN: 71.66  9.45 -12.36 -5.65 -21.98  6.67 -17.10  9.86 -4.75 13.02 -3.83 -1.92  0.16 
utt>   320                   14-5-02  136    0    48 15  2 5 4.162531e-12 -1.872970e+02 -2.547240e+04
INFO: cmn.c(133): CMN: 68.52  8.60 -11.16 -8.90 -26.80 14.30 -4.78  4.59 -6.19  9.53 -2.76  3.85 -0.19 
utt>   321                   14-5-03  102    0    32 16  2 5 4.695040e-12 -1.948512e+02 -1.987483e+04
INFO: cmn.c(133): CMN: 68.88  0.89 -2.80  8.94 -23.18 12.08 -6.79  0.89 -8.34  9.63 -8.50 -0.68 -9.85 
utt>   322                   14-5-04  133    0    52 13  2 4 4.703185e-12 -1.969206e+02 -2.619044e+04
INFO: cmn.c(133): CMN: 64.31  5.72  1.80 11.98 -15.30  8.00 -11.35  7.73 -7.51 12.02 -1.13  7.13  0.22 
utt>   323                   14-5-05  151    0    80 13  2 4 2.614405e-12 -1.910490e+02 -2.884840e+04
INFO: cmn.c(133): CMN: 69.52  5.71 -0.72  8.92 -2.17 -2.00  3.18 -9.00  7.23 -29.88 -10.66 -0.54 -7.21 
utt>   324                   15-1-01  112    0    44 16  2 5 8.061830e-12 -1.914992e+02 -2.144791e+04
INFO: cmn.c(133): CMN: 66.54 10.39 -5.34 10.43 -5.89 -0.14  9.30 -10.66  7.61 -28.91 -8.89  5.43 -8.03 
utt>   325                   15-1-02  122    0    48 17  3 5 4.346375e-12 -1.860833e+02 -2.270216e+04
INFO: cmn.c(133): CMN: 66.14 10.37 -3.45 10.28 -10.53 -0.20 11.28 -9.06  8.47 -25.25 -11.91  3.82 -8.56 
utt>   326                   15-1-03  148    0    64 20  3 6 3.867985e-12 -1.816909e+02 -2.689026e+04
INFO: cmn.c(133): CMN: 65.05 11.01 -5.24 -5.63 -13.34 -4.25 -3.55 -10.79 11.81 -13.49 -1.63  0.25 -4.97 
utt>   327                   15-1-04  114    0    28 12  2 4 3.231554e-12 -1.863371e+02 -2.124243e+04
INFO: cmn.c(133): CMN: 60.67  8.81 -2.90  4.68 -14.20  1.26  3.17 -4.74  4.65 -12.75  2.03  3.17 -7.22 
utt>   328                   15-1-05  120    0    32 15  2 5 5.883992e-12 -1.842812e+02 -2.211374e+04
INFO: cmn.c(133): CMN: 65.94  5.28 -10.76 -0.59 -5.85  6.51 -6.91 -9.03  3.47 -5.09  3.43 -4.09 -4.23 
utt>   329                   15-2-01  112    0    36 16  2 5 7.229258e-12 -1.866092e+02 -2.090024e+04
INFO: cmn.c(133): CMN: 64.69 14.55 -4.16  1.68 -19.21  1.78  6.44 -8.35  0.22 -15.06 -2.63  1.71 -0.66 
utt>   330                   15-2-02  163    0    68 19  2 5 4.527197e-12 -1.843943e+02 -3.005627e+04
INFO: cmn.c(133): CMN: 65.06 11.87 -4.68 -1.42 -13.45  6.02 -2.13 -8.96  9.01 -17.68  0.38  3.43 -5.76 
utt>   331                   15-2-03  112    0    44 15  2 5 2.357777e-12 -1.875587e+02 -2.100657e+04
INFO: cmn.c(133): CMN: 63.38 -0.13  0.48 17.82 -0.28  0.91  2.28 -8.53  7.37 -19.81 -11.12  1.44 -10.19 
utt>   332                   15-2-04   99    0    32 17  2 5 5.605397e-12 -1.897999e+02 -1.879019e+04
INFO: cmn.c(133): CMN: 62.37 -1.98 -1.61 13.65  1.77  8.45 -6.58 -8.35  9.68 -19.84 -10.00 -1.62 -5.99 
utt>   333                   15-2-05  132    0    52 15  2 4 2.490542e-12 -1.869553e+02 -2.467809e+04
INFO: cmn.c(133): CMN: 65.84  8.53 -6.90  1.46 -9.77  4.54 -5.16 -7.02  8.38 -15.14  0.49 -4.02 -0.72 
utt>   334                   15-3-01  130    0    44 22  3 6 5.506711e-12 -1.920305e+02 -2.496397e+04
INFO: cmn.c(133): CMN: 65.42  7.91 -6.67 -1.15 -10.50  3.49 -5.67 -10.84  6.64 -12.00  3.24 -0.61 -1.51 
utt>   335                   15-3-02  122    0    36 13  2 3 3.463648e-12 -1.815887e+02 -2.215382e+04
INFO: cmn.c(133): CMN: 63.39 -0.82 -1.89  9.68  1.71  4.19  4.27 -7.39  4.63 -17.57 -4.99  1.62 -10.64 
utt>   336                   15-3-03  109    0    40 16  2 5 4.213354e-12 -1.819087e+02 -1.982804e+04
INFO: cmn.c(133): CMN: 63.25 -0.86  4.49  7.46 -1.15 -0.40 -3.07 -6.83  7.35 -23.96 -7.73 -2.29 -1.43 
utt>   337                   15-3-04  109    0    28 14  2 4 5.790054e-12 -1.805140e+02 -1.967603e+04
INFO: cmn.c(133): CMN: 63.63 12.09 -5.80  1.83 -4.44 -0.15  3.33 -12.04 11.59 -18.59  0.34  8.48 -11.90 
utt>   338                   15-3-05  136    0    68 18  2 5 4.500348e-12 -1.923698e+02 -2.616229e+04
INFO: cmn.c(133): CMN: 65.58 14.29 -2.42 -3.13 -13.95  8.20  2.54 -14.19  2.76 -25.62  2.36 -1.78  1.27 
utt>   339                   15-4-01  101    0    52 18  2 5 5.497293e-12 -1.915269e+02 -1.934422e+04
INFO: cmn.c(133): CMN: 66.27 -1.64  0.77 10.24 -0.59  7.46 -3.92 -8.78  9.21 -20.89 -8.55 -1.96 -6.33 
utt>   340                   15-4-02  109    0    36 14  2 4 3.613645e-12 -1.816263e+02 -1.979726e+04
INFO: cmn.c(133): CMN: 63.01 13.59 -4.02 -3.27 -12.43  2.24 -7.82 -9.51  6.55 -12.74 -0.04 -2.00  2.51 
utt>   341                   15-4-03  135    0    44 18  2 5 2.636305e-12 -1.841433e+02 -2.485935e+04
INFO: cmn.c(133): CMN: 64.54  7.83 -6.62 -4.03 -9.35  4.00 -10.36 -10.24 11.39 -15.66 -1.47  0.53  3.79 
utt>   342                   15-4-04  109    0    28 14  2 4 2.848891e-12 -1.805452e+02 -1.967943e+04
INFO: cmn.c(133): CMN: 64.48 12.58 -7.28  1.19 -4.53  3.12  3.13 -17.37  4.20 -17.20 -4.95  5.72 -4.39 
utt>   343                   15-4-05  159    0    76 13  2 4 4.408174e-12 -1.807283e+02 -2.873580e+04
INFO: cmn.c(133): CMN: 64.52 16.51 -5.06 -7.67 -15.93  3.36  7.29 -17.64  2.35 -16.16  7.55  4.65 -7.11 
utt>   344                   15-5-01  114    0    44 14  2 5 2.925527e-12 -1.894120e+02 -2.159297e+04
INFO: cmn.c(133): CMN: 61.16 11.98 -3.55  5.47 -4.60  0.18  4.48 -7.06  6.00 -17.11  0.83  4.57 -7.26 
utt>   345                   15-5-02  107    0    48 17  3 5 5.862575e-12 -1.920360e+02 -2.054785e+04
INFO: cmn.c(133): CMN: 60.44  8.88 -0.59  2.76 -10.31  2.87  2.34 -6.90  6.02 -14.19 -2.89  2.73  1.69 
utt>   346                   15-5-03  109    0    32 16  3 6 6.429408e-12 -1.909691e+02 -2.081563e+04
INFO: cmn.c(133): CMN: 60.06  4.65 -2.60 12.67 -0.81  7.81 -5.11 -10.22  8.86 -17.85 -9.36  2.17 -5.13 
utt>   347                   15-5-04  132    0    52 16  2 4 5.270195e-12 -1.928728e+02 -2.545920e+04
INFO: cmn.c(133): CMN: 63.22  5.77 -7.07  6.69 -4.08  8.45 -1.59 -10.02  3.35 -13.04 -8.32  4.26 -5.54 
utt>   348                   15-5-05  143    0    80 19  3 5 3.641866e-12 -1.897447e+02 -2.713349e+04
INFO: cmn.c(133): CMN: 66.25 12.69 -5.40 11.29 -15.09 -11.59  2.00 -9.19 -7.52 -10.07 -5.83 10.43  1.00 
utt>   349                   16-1-01  118    0    44 17  3 5 2.304759e-12 -1.906065e+02 -2.249157e+04
INFO: cmn.c(133): CMN: 67.02 14.66 -7.20 17.28 -12.04 -11.87  5.49 -10.04 -10.43 -12.50 -9.82  9.07 -6.14 
utt>   350                   16-1-02  112    0    48 18  2 5 5.628280e-12 -1.790388e+02 -2.005235e+04
INFO: cmn.c(133): CMN: 63.38 12.02 -0.07 19.19 -9.50 -13.10 10.14 -7.89 -8.80 -10.91 -13.27 12.30 -4.01 
utt>   351                   16-1-03  126    0    64 24  3 5 4.517452e-12 -1.912357e+02 -2.409570e+04
INFO: cmn.c(133): CMN: 65.80 17.65 -15.65  7.87 -25.51 -13.91  7.35 -14.36 -3.03  1.87  0.95 13.00 -8.36 
utt>   352                   16-1-04   85    0    28 13  2 5 4.474615e-12 -1.922235e+02 -1.633900e+04
INFO: cmn.c(133): CMN: 61.19 17.11 -5.85  8.86 -13.06 -12.10  8.38 -7.65  0.42 -3.03 -0.62  4.05 -6.97 
utt>   353                   16-1-05  106    0    32 14  2 4 3.858640e-12 -1.887869e+02 -2.001141e+04
INFO: cmn.c(133): CMN: 67.00 15.50 -12.05  5.41 -16.85 -10.30  4.20 -16.59 -2.90  5.35  1.48  2.38 -4.92 
utt>   354                   16-2-01   88    0    36 15  3 5 4.908057e-12 -1.882297e+02 -1.656421e+04
INFO: cmn.c(133): CMN: 63.34 20.40 -5.67  9.88 -16.73 -4.17  2.83 -10.76 -9.91 -3.05 -4.86  8.93 -3.86 
utt>   355                   16-2-02  122    0    68 19  2 5 6.926019e-12 -1.947864e+02 -2.376394e+04
INFO: cmn.c(133): CMN: 62.66 17.85 -3.65  8.70 -10.46 -5.86  3.78 -5.59 -6.87 -1.95 -0.24 10.53 -6.15 
utt>   356                   16-2-03   92    0    44 14  2 5 3.543069e-12 -1.874705e+02 -1.724729e+04
INFO: cmn.c(133): CMN: 65.33 15.48 -12.89 19.14 -8.99 -9.62 -3.09 -9.60 -4.64 -8.46 -9.07 13.09 -8.50 
utt>   357                   16-2-04   95    0    32 16  2 5 3.738633e-12 -1.821642e+02 -1.730560e+04
INFO: cmn.c(133): CMN: 68.96 14.35 -15.24 18.53 -1.66 -10.52 -5.19 -11.47 -6.53 -5.27 -12.85 13.49 -8.94 
utt>   358                   16-2-05   78    0    52 21  3 6 6.139172e-12 -1.911921e+02 -1.491299e+04
INFO: cmn.c(133): CMN: 64.70 28.36 -14.10 -0.05 -14.83 -18.25 12.96 -14.04 -4.62 -3.79 -11.02 12.30 -9.38 
utt>   359                   16-3-01   95    0    44 17  2 5 4.088841e-12 -1.968931e+02 -1.870485e+04
INFO: cmn.c(133): CMN: 64.17 19.51 -14.44  3.40 -15.87 -5.97  0.66 -15.36 -4.66  0.00  2.03 10.51 -2.83 
utt>   360                   16-3-02   90    0    36 13  2 4 1.300268e-12 -1.913086e+02 -1.721777e+04
INFO: cmn.c(133): CMN: 64.43 14.81 -6.65 11.56  1.30 -8.51 -4.76 -6.69 -9.87 -6.30 -9.69  9.83 -5.21 
utt>   361                   16-3-03   81    0    40 15  2 5 4.227576e-12 -1.888704e+02 -1.529851e+04
INFO: cmn.c(133): CMN: 63.32 11.56 -0.53  9.48 -6.42 -8.63 -4.38 -8.75 -7.79 -6.60 -10.83  7.78 -1.55 
utt>   362                   16-3-04   88    0    28 14  2 5 5.027069e-12 -1.860124e+02 -1.636909e+04
INFO: cmn.c(133): CMN: 66.57 21.04 -6.55 10.00 -10.71 -8.30 -0.66 -9.18 -11.92 -6.81 -6.67 10.78 -5.59 
utt>   363                   16-3-05  140    0    68 17  3 6 5.906569e-12 -1.890516e+02 -2.646722e+04
INFO: cmn.c(133): CMN: 64.47 18.87 -5.93  4.43 -11.96 -3.95  0.26 -8.92 -12.76 -5.09 -5.54 16.01 -4.79 
utt>   364                   16-4-01  107    0    52 13  3 5 1.985491e-12 -1.834405e+02 -1.962813e+04
INFO: cmn.c(133): CMN: 66.77 10.53 -2.73  3.59 -0.61 -10.79 -1.71 -10.27 -11.40 -4.38 -9.13  9.03 -1.62 
utt>   365                   16-4-02   77    0    36 18  2 5 6.038236e-12 -1.892420e+02 -1.457163e+04
INFO: cmn.c(133): CMN: 62.03 31.99 -12.34 -1.38 -21.33 -13.65  2.32 -5.45 -6.91 -1.85 -3.51 11.31 -7.13 
utt>   366                   16-4-03   95    0    44 17  3 5 5.613109e-12 -1.973985e+02 -1.875286e+04
INFO: cmn.c(133): CMN: 68.91 19.44 -13.69  3.22 -16.77 -15.74  2.19 -9.20 -4.41  6.27 -0.32  9.05 -8.84 
utt>   367                   16-4-04   60    0    28 16  3 6 5.894442e-12 -1.897586e+02 -1.138551e+04
INFO: cmn.c(133): CMN: 67.46 19.70 -13.09  9.16 -7.24 -5.08 -5.71 -15.89 -11.92  2.14 -7.06 16.57 -6.05 
utt>   368                   16-4-05  140    0    76 14  2 4 3.257900e-12 -1.912801e+02 -2.677922e+04
INFO: cmn.c(133): CMN: 63.19 23.49 -13.81  4.50 -15.76  0.28 -5.70 -10.82 -7.94  1.86 -5.38 17.50 -5.03 
utt>   369                   16-5-01  103    0    44 14  2 4 7.101738e-12 -1.891571e+02 -1.948318e+04
INFO: cmn.c(133): CMN: 62.31 22.73 -7.02 12.46 -13.17 -9.27 -0.24 -1.31 -8.01 -9.39 -7.67 15.27 -5.68 
utt>   370                   16-5-02   99    0    48 17  3 6 5.779527e-12 -1.771354e+02 -1.753641e+04
INFO: cmn.c(133): CMN: 64.17 18.45 -8.39  6.26 -13.05 -9.95 -2.24 -5.04 -10.52 -1.65 -1.14 15.79 -3.77 
utt>   371                   16-5-03   70    0    32 14  3 5 7.048483e-12 -1.923645e+02 -1.346552e+04
INFO: cmn.c(133): CMN: 65.45 20.82 -15.36 21.00 -6.37 -8.51 -5.68 -8.04 -11.64 -3.93 -13.11 13.77 -7.15 
utt>   372                   16-5-04   85    0    52 17  3 5 4.106916e-12 -1.920747e+02 -1.632635e+04
INFO: cmn.c(133): CMN: 64.84 12.98 -7.94 17.33 -9.72 -1.99 -7.98 -12.55 -8.78 -2.56 -6.54 12.17 -2.58 
utt>   373                   16-5-05  113    0    80 18  3 5 4.772135e-12 -1.938540e+02 -2.190551e+04
INFO: cmn.c(133): CMN: 66.52  8.33  0.44 13.42 -18.96 -6.79 -5.39 -10.31 -8.66 -21.19 -0.99 11.67 -9.47 
utt>   374                   18-1-01   91    0    44 16  3 5 3.298129e-12 -1.884944e+02 -1.715299e+04
INFO: cmn.c(133): CMN: 68.55  6.46  0.09 19.24 -15.03 -9.35 -7.50  4.38 -13.81 -14.57 -6.76 17.30 -8.16 
utt>   375                   18-1-02   92    0    48 19  3 6 7.058972e-12 -1.922524e+02 -1.768722e+04
INFO: cmn.c(133): CMN: 66.87 10.47 -2.20 21.56 -18.63 -6.98 -2.45 -7.80 -6.01 -18.61 -14.99 25.11 -11.15 
utt>   376                   18-1-03  111    0    64 20  2 5 2.435068e-12 -1.843895e+02 -2.046724e+04
INFO: cmn.c(133): CMN: 71.31  7.34 -2.27  9.43 -15.89 -24.54 -9.27 -8.22 -2.45 -8.65 -7.33 21.00 -16.81 
utt>   377                   18-1-04   75    0    32 15  2 5 5.785317e-12 -1.781314e+02 -1.335985e+04
INFO: cmn.c(133): CMN: 69.28  8.42 -4.15 11.53 -19.46 -10.79 -3.12  3.76 -10.83 -7.92  2.93 21.85 -27.69 
utt>   378                   18-1-05   71    0    28 12  2 5 2.486347e-12 -1.931998e+02 -1.371718e+04
INFO: cmn.c(133): CMN: 69.48  7.77 -5.70  7.77 -11.86 -11.58 -13.34 -6.51 -13.46  2.15  4.56 14.62 -15.51 
utt>   379                   18-2-01   92    0    36 14  2 4 4.484796e-12 -1.961460e+02 -1.804543e+04
INFO: cmn.c(133): CMN: 66.85 14.15 -0.73  8.30 -19.89 -9.55 -2.24 -5.87 -13.30 -14.65 -7.73 21.92 -11.17 
utt>   380                   18-2-02  118    0    68 20  3 6 3.418958e-12 -1.896110e+02 -2.237410e+04
INFO: cmn.c(133): CMN: 66.31 11.16 -5.27  8.00 -22.60 -10.59 -9.11 -2.49 -1.76 -9.38  1.19 24.82 -21.77 
utt>   381                   18-2-03  100    0    44 15  2 5 5.405353e-12 -1.932230e+02 -1.932230e+04
INFO: cmn.c(133): CMN: 68.06  1.61  4.32 10.29 -14.36 -14.59 -8.64 -0.98 -11.92 -6.38 -11.03 16.73 -16.26 
utt>   382                   18-2-04   86    0    32 17  3 6 5.162030e-12 -1.919304e+02 -1.650602e+04
INFO: cmn.c(133): CMN: 66.17  2.15 -1.04 10.93 -9.15 -11.27 -16.04 -1.09 -7.99 -3.91 -12.39 11.76 -8.86 
utt>   383                   18-2-05  115    0    52 16  2 5 3.538560e-12 -1.904523e+02 -2.190201e+04
INFO: cmn.c(133): CMN: 67.65 10.26 -4.27 10.79 -20.10 -10.31 -6.41  0.21 -9.39 -10.36 -1.16 10.62 -14.24 
utt>   384                   18-3-01  117    0    44 16  2 5 3.881458e-12 -1.922155e+02 -2.248921e+04
INFO: cmn.c(133): CMN: 68.78 10.27 -8.23  5.06 -16.55 -6.72 -13.71 -10.54 -3.86 -4.59 -0.30 21.57 -16.07 
utt>   385                   18-3-02   97    0    36 12  2 4 4.614222e-12 -1.947085e+02 -1.888673e+04
INFO: cmn.c(133): CMN: 67.28  5.37 -3.90 14.38 -11.60 -6.03 -11.70 -0.91 -12.44 -6.06 -1.92 16.69 -13.26 
utt>   386                   18-3-03   95    0    40 16  2 5 3.224322e-12 -1.956192e+02 -1.858382e+04
INFO: cmn.c(133): CMN: 67.62 -0.78  2.67  6.79 -15.45 -13.14 -8.49 -0.98 -6.02 -15.00 -10.39 15.49 -11.59 
utt>   387                   18-3-04   96    0    28 13  2 5 5.497327e-12 -1.821071e+02 -1.748228e+04
INFO: cmn.c(133): CMN: 68.95  6.97 -1.98 14.05 -14.47 -15.06 -6.11  0.49 -9.40 -13.40  3.96 17.35 -23.14 
utt>   388                   18-3-05  119    0    68 15  2 5 3.194205e-12 -1.956931e+02 -2.328747e+04
INFO: cmn.c(133): CMN: 68.93  8.26 -0.25 13.46 -22.93 -3.71 -3.41 -13.63 -12.44 -15.45  0.61 16.96 -15.48 
utt>   389                   18-4-01  104    0    52 16  3 6 5.677356e-12 -1.936495e+02 -2.013955e+04
INFO: cmn.c(133): CMN: 66.77  4.19 -2.74  7.64 -6.16 -8.21 -18.45  1.37 -11.77 -7.08 -5.68 12.79 -9.37 
utt>   390                   18-4-02  111    0    36 14  2 4 3.079411e-12 -1.834080e+02 -2.035829e+04
INFO: cmn.c(133): CMN: 68.72 12.74 -9.25  5.71 -23.44 -11.35 -11.96 -1.26 -6.12 -4.24 -4.38 12.81 -11.94 
utt>   391                   18-4-03  106    0    44 16  2 5 3.676487e-12 -1.890303e+02 -2.003722e+04
INFO: cmn.c(133): CMN: 69.85  6.94 -6.87  8.34 -26.53 -17.42 -9.11  0.41 -8.32  2.40  0.45 10.99 -11.56 
utt>   392                   18-4-04   77    0    28 14  2 5 5.470559e-12 -1.946824e+02 -1.499055e+04
INFO: cmn.c(133): CMN: 68.77 10.45 -7.00 19.74 -8.03 -8.56 -14.30 -9.79 -11.96 -8.82 -3.34 14.50 -18.91 
utt>   393                   18-4-05  174    0    76 13  2 3 2.999686e-12 -1.839175e+02 -3.200165e+04
INFO: cmn.c(133): CMN: 71.15 10.89 -2.33  3.45 -20.00 -4.14 -16.23 -0.37 -15.58 -10.52  1.30 23.02 -15.03 
utt>   394                   18-5-01   95    0    44 14  2 5 4.468447e-12 -1.899349e+02 -1.804382e+04
INFO: cmn.c(133): CMN: 67.50  6.43  0.41 11.82 -16.08 -9.06 -15.72  9.37 -11.12 -12.26  5.35 14.79 -10.57 
utt>   395                   18-5-02  114    0    48 16  3 6 3.602971e-12 -1.799838e+02 -2.051815e+04
INFO: cmn.c(133): CMN: 69.66  3.96  2.28  6.50 -20.41 -11.06 -14.07  1.40 -11.44 -8.76 -0.51 18.02 -7.37 
utt>   396                   18-5-03   99    0    32 13  2 5 6.079050e-12 -1.774571e+02 -1.756825e+04
INFO: cmn.c(133): CMN: 69.46  2.83 -4.52 18.59 -8.93 -4.20 -17.43  4.14 -13.55 -5.04 -3.74  8.72 -14.25 
utt>   397                   18-5-04  118    0    52 14  2 4 5.290353e-12 -1.860302e+02 -2.195157e+04
INFO: cmn.c(133): CMN: 69.21  4.16 -1.03 12.24 -10.22  0.65 -13.88 -3.71 -13.99 -9.78  1.11 11.39 -18.51 
utt>   398                   18-5-05  133    0    80 16  2 5 6.119618e-12 -1.902757e+02 -2.530667e+04
INFO: cmn.c(133): CMN: 62.39 10.10 -3.74 -0.45 -4.41 -11.36 -13.34 -3.58 -7.30 -13.64 -4.65  9.03 -0.68 
utt>   399                   19-1-01  119    0    44 18  2 5 6.651395e-12 -1.861219e+02 -2.214850e+04
INFO: cmn.c(133): CMN: 61.75 13.41 -5.10  1.62 -7.80 -6.21 -8.47 -2.22 -6.74 -15.12 -3.94  7.86 -4.48 
utt>   400                   19-1-02  115    0    48 20  3 6 7.339675e-12 -1.879493e+02 -2.161417e+04
INFO: cmn.c(133): CMN: 65.14 11.43 -4.96  4.22 -7.49 -3.88 -7.68 -3.12 -4.25 -21.91  2.73 10.46 -12.72 
utt>   401                   19-1-03  119    0    64 25  3 7 6.326667e-12 -1.951810e+02 -2.322654e+04
INFO: cmn.c(133): CMN: 64.47  4.97 -10.04 -3.94 -8.13 -7.53 -17.13  0.73 -6.30 -3.48  5.88  2.95 -3.85 
utt>   402                   19-1-04   83    0    28 13  2 4 3.861242e-12 -1.905418e+02 -1.581497e+04
INFO: cmn.c(133): CMN: 61.03  8.95 -6.42  0.78 -10.24 -4.11 -10.85  1.48 -3.82 -9.62  6.98  2.22 -5.26 
utt>   403                   19-1-05   81    0    32 15  2 5 5.107826e-12 -1.833844e+02 -1.485414e+04
INFO: cmn.c(133): CMN: 62.59  7.56 -5.95 -7.28 -3.39 -7.95 -20.10 -3.04 -4.24 -7.91 10.61 -4.81  2.98 
utt>   404                   19-2-01   97    0    36 14  2 4 2.752863e-12 -1.834903e+02 -1.779856e+04
INFO: cmn.c(133): CMN: 55.35 17.46  1.91 -6.57 -18.04 -0.90 -10.38 -7.89 -7.19 -19.84 11.10 12.49 -4.54 
utt>   405                   19-2-02  118    0    68 20  3 6 5.494660e-12 -1.963847e+02 -2.317340e+04
INFO: cmn.c(133): CMN: 59.59 14.19 -5.72 -6.94 -8.62 -6.70 -16.63  1.94 -1.10 -20.08 17.75  1.60 -11.52 
utt>   406                   19-2-03  107    0    44 13  2 5 4.100361e-12 -1.951580e+02 -2.088191e+04
INFO: cmn.c(133): CMN: 54.80 11.24 12.35 -4.57 -8.30 -14.59 -8.70 -3.83  6.85 -16.00 -0.52  4.52 -10.56 
utt>   407                   19-2-04   80    0    32 16  3 5 4.711227e-12 -1.790495e+02 -1.432396e+04
INFO: cmn.c(133): CMN: 52.28 10.69  2.70  1.33 -2.92 -7.68 -9.00 -3.74 -5.74 -16.34  6.47  2.14 -6.38 
utt>   408                   19-2-05  107    0    52 15  2 5 5.238372e-12 -1.913633e+02 -2.047587e+04
INFO: cmn.c(133): CMN: 59.61 14.00 -8.27 -1.32 -8.85 -4.70 -15.92  2.47 -3.47 -7.52 -1.30 12.22 -9.91 
utt>   409                   19-3-01  137    0    44 22  3 5 5.492663e-12 -1.867425e+02 -2.558373e+04
INFO: cmn.c(133): CMN: 65.12 12.97 -9.03 -9.39 -8.35  1.65 -14.60 -14.14 -0.73 -3.74 -0.28 13.40 -11.20 
utt>   410                   19-3-02   93    0    36 12  2 4 3.636311e-12 -1.908588e+02 -1.774987e+04
INFO: cmn.c(133): CMN: 61.91  5.32 -5.28 14.34 -8.14  1.94 -11.83 -7.10  2.23 -13.44  0.94 15.98 -16.45 
utt>   411                   19-3-03   93    0    40 15  2 4 3.953600e-12 -1.948722e+02 -1.812311e+04
INFO: cmn.c(133): CMN: 58.17  5.34  5.72 10.22 -7.68 -8.24 -13.20 -5.34 -2.76 -19.74 -4.07 16.05 -15.50 
utt>   412                   19-3-04   85    0    28 12  2 5 5.625670e-12 -1.815086e+02 -1.542823e+04
INFO: cmn.c(133): CMN: 53.12 23.01 -0.91  5.01 -12.04  1.02 -8.03 -5.81  0.71 -9.29  0.20  6.95 -10.15 
utt>   413                   19-3-05  151    0    68 19  2 5 3.880351e-12 -1.901806e+02 -2.871728e+04
INFO: cmn.c(133): CMN: 61.79 18.77 -3.73 -8.16 -16.41 -2.18 -4.71 -12.43 -8.25 -19.06 10.16 19.12 -16.28 
utt>   414                   19-4-01  110    0    52 14  2 5 4.742976e-12 -1.933608e+02 -2.126969e+04
INFO: cmn.c(133): CMN: 57.46  3.45  0.71  3.27  8.50 -7.20 -16.42 -5.59 -5.87 -12.88  2.11 12.79 -9.39 
utt>   415                   19-4-02  100    0    36 15  2 4 2.275775e-12 -1.934675e+02 -1.934675e+04
INFO: cmn.c(133): CMN: 59.03 17.37 -9.69 -9.88 -9.36 -5.05 -13.00 -10.72  1.78 -12.69  8.39 13.89 -14.15 
utt>   416                   19-4-03  116    0    44 19  2 5 4.441840e-12 -1.973586e+02 -2.289360e+04
INFO: cmn.c(133): CMN: 57.30 20.33 -1.98 -9.34 -13.81 -4.88 -10.35 -8.77 14.42 -13.27  4.35 11.44 -7.91 
utt>   417                   19-4-04   82    0    28 15  3 5 4.628682e-12 -1.839525e+02 -1.508411e+04
INFO: cmn.c(133): CMN: 60.01 18.16 -9.79 -0.49  2.12  4.57 -18.36 -11.14 -0.67 -8.55  8.05  9.41 -13.63 
utt>   418                   19-4-05  154    0    76 13  2 4 3.131708e-12 -1.864355e+02 -2.871107e+04
INFO: cmn.c(133): CMN: 64.39 15.77 -7.29 -10.69 -8.48 -2.98 -17.88 -8.83  1.53 -15.66 25.26  9.32 -20.34 
utt>   419                   19-5-01  103    0    44 14  2 5 5.620299e-12 -1.852765e+02 -1.908348e+04
INFO: cmn.c(133): CMN: 59.77 14.45 -8.49  2.79 -7.51 -3.96 -10.63 -5.80  4.67 -27.47 15.85 16.13 -21.20 
utt>   420                   19-5-02  120    0    48 17  3 5 4.687110e-12 -1.885461e+02 -2.262553e+04
INFO: cmn.c(133): CMN: 57.83 12.88  1.65 -6.28 -16.12 -5.16 -9.06 -5.67  7.47 -19.67  3.55  8.94 -18.54 
utt>   421                   19-5-03   94    0    32 15  2 5 5.697599e-12 -1.972318e+02 -1.853978e+04
INFO: cmn.c(133): CMN: 58.23 15.66 -7.77  6.39  2.95  3.26 -14.56 -7.64 -7.36 -16.78  1.34 15.90 -13.41 
utt>   422                   19-5-04  102    0    52 13  2 4 4.203124e-12 -1.869666e+02 -1.907059e+04
INFO: cmn.c(133): CMN: 67.29 13.63 -4.58 -9.63 18.41 -19.28 -13.50  1.70 -17.42 -1.71 -2.38 11.76  3.30 
utt>   423                   19-5-05  141    0    80 18  2 5 5.571699e-12 -1.966186e+02 -2.772322e+04
INFO: cmn.c(133): CMN: 65.09  2.13  1.03 20.74 -12.98 19.50 -12.73 -0.31 -9.35 -31.31  6.08 -12.95  6.74 
utt>   424                   20-1-01   70    0    44 14  2 5 2.237727e-12 -1.976989e+02 -1.383892e+04
INFO: cmn.c(133): CMN: 61.23 15.76 -9.48 38.12 -13.52 16.11  2.88 -12.91 -9.96 -38.82  2.43 -11.85  1.01 
utt>   425                   20-1-02   79    0    48 15  3 5 3.130890e-12 -1.866620e+02 -1.474630e+04
INFO: cmn.c(133): CMN: 57.84 16.60 -1.75 37.94 -11.12 20.13  4.32 -4.32 -4.02 -29.14 -0.12 -10.86  4.84 
utt>   426                   20-1-03   79    0    64 17  2 5 2.614615e-12 -1.972217e+02 -1.558051e+04
INFO: cmn.c(133): CMN: 66.37  4.05 -16.42 19.63 -16.85 25.01 -15.36 -6.57 -16.82 -19.57 12.01 -15.96 17.86 
utt>   427                   20-1-04   56    0    28 9  2 4 2.794222e-12 -1.799222e+02 -1.007564e+04
INFO: cmn.c(133): CMN: 64.90  7.54 -10.78 24.12 -11.60 20.21 -3.29 -3.70 -10.03 -23.06 19.72 -14.50  8.61 
utt>   428                   20-1-05   61    0    32 11  2 4 4.157407e-12 -1.770782e+02 -1.080177e+04
INFO: cmn.c(133): CMN: 69.25  3.82 -12.09 16.42 -10.93 18.13 -19.05 -7.47 -7.22 -13.66 11.03 -13.57 11.28 
utt>   429                   20-2-01   52    0    36 12  2 5 2.836720e-12 -1.952770e+02 -1.015441e+04
INFO: cmn.c(133): CMN: 62.41 17.64 -2.72 27.93 -25.56 22.79  2.34 -8.64 -15.52 -20.37  4.22 -10.12 12.49 
utt>   430                   20-2-02   97    0    68 15  2 4 6.901601e-12 -1.976627e+02 -1.917328e+04
INFO: cmn.c(133): CMN: 64.15 10.75 -6.57 26.02 -14.53 13.25 -4.95 -6.40 -12.83 -15.36  2.68 -2.49  7.57 
utt>   431                   20-2-03   69    0    44 13  2 5 6.634730e-12 -1.959543e+02 -1.352085e+04
INFO: cmn.c(133): CMN: 65.72  1.22 -7.54 34.04 -10.18  5.46  3.94 -13.80 -14.96 -11.86 -13.11 -0.43  3.71 
utt>   432                   20-2-04   75    0    32 14  2 4 3.561675e-12 -1.753875e+02 -1.315406e+04
INFO: cmn.c(133): CMN: 64.94  6.42 -15.50 36.65 -1.30 19.58 -17.15 -16.05 -8.58 -18.75 -7.67  0.28 -3.39 
utt>   433                   20-2-05   53    0    52 17  2 5 5.933980e-12 -1.958561e+02 -1.038037e+04
INFO: cmn.c(133): CMN: 59.97 18.20 -12.00 23.68 -9.99 13.07 -3.45 -2.58 -13.03 -11.75  0.09 -10.21 18.92 
utt>   434                   20-3-01   72    0    44 15  2 5 5.717213e-12 -1.781021e+02 -1.282335e+04
INFO: cmn.c(133): CMN: 58.48  4.40 -7.99 21.94 -6.43  9.08 -8.75 -10.19 -11.04 -5.09  1.82 -5.39  7.72 
utt>   435                   20-3-02   62    0    36 12  2 5 2.563686e-12 -1.914403e+02 -1.186930e+04
INFO: cmn.c(133): CMN: 62.63  3.60 -7.41 36.07  0.45  9.67 -9.17 -8.03 -9.15 -16.44 -9.88 -6.13  3.44 
utt>   436                   20-3-03   63    0    40 12  2 4 2.662770e-12 -1.681450e+02 -1.059314e+04
INFO: cmn.c(133): CMN: 62.44 -1.84 -3.53 25.22 -5.31  7.95 -16.34  0.40 -21.91 -10.69 -8.41 -5.93  9.31 
utt>   437                   20-3-04   67    0    28 10  2 4 4.037490e-12 -1.857860e+02 -1.244766e+04
INFO: cmn.c(133): CMN: 64.73 20.21 -14.28 35.32 -13.59  9.48  2.39 -16.08 -6.89 -25.48  1.40 -6.36  2.02 
utt>   438                   20-3-05  111    0    68 13  2 4 4.343427e-12 -1.832139e+02 -2.033675e+04
INFO: cmn.c(133): CMN: 62.37 14.11 -3.74 26.73 -18.27 14.89  4.35 -6.64 -20.86 -14.85  1.44 -6.40 11.07 
utt>   439                   20-4-01   73    0    52 12  2 4 2.666917e-12 -1.762884e+02 -1.286905e+04
INFO: cmn.c(133): CMN: 61.35 -1.54 -1.41 26.14 -3.69 10.09 -17.11 -0.16 -7.28 -11.29 -2.33 -6.19 10.73 
utt>   440                   20-4-02   73    0    36 11  2 4 6.428206e-12 -1.798430e+02 -1.312854e+04
INFO: cmn.c(133): CMN: 61.13 13.52 -13.01 22.63 -14.09 12.39 -8.94 -2.44 -12.15 -16.61  3.11 -3.10 10.67 
utt>   441                   20-4-03   64    0    44 16  3 6 3.888797e-12 -1.988155e+02 -1.272419e+04
INFO: cmn.c(133): CMN: 63.28  8.04 -16.38 23.02 -13.57  8.64  1.06 -15.29 -12.11 -3.20 -3.91 -3.28 13.79 
utt>   442                   20-4-04   55    0    28 12  2 5 6.953605e-12 -1.844264e+02 -1.014345e+04
INFO: cmn.c(133): CMN: 61.75 15.39 -4.66 37.34 -6.49 11.79  1.84 -15.80 -15.70 -10.42  0.05  1.28  0.68 
utt>   443                   20-4-05  124    0    76 12  2 3 3.858272e-12 -1.803912e+02 -2.236851e+04
INFO: cmn.c(133): CMN: 64.65 13.64 -7.03 26.39 -22.24 14.02 -0.97 -14.77 -16.52 -17.37  7.87 -6.60  7.83 
utt>   444                   20-5-01   64    0    44 12  2 4 2.858732e-12 -1.909113e+02 -1.221832e+04
INFO: cmn.c(133): CMN: 61.98 18.58 -11.35 32.77 -18.22  8.77  4.34 -7.44 -13.25 -16.49  2.93 -1.09  8.15 
utt>   445                   20-5-02   75    0    48 14  2 4 7.715656e-12 -1.739682e+02 -1.304761e+04
INFO: cmn.c(133): CMN: 60.72 12.63 -9.66 27.68 -21.94 12.94 -1.32  3.66 -19.11 -12.66  0.57 -5.65  9.06 
utt>   446                   20-5-03   61    0    32 12  2 5 2.646683e-12 -1.745811e+02 -1.064945e+04
overall> stats 15879 (-0) -1.888461e+02 -2.998688e+06
WARN: "accum.c", line 642: The following senones never occur in the input data
	45 46 47 66 67 68 84 85 86 87 
	88 89 102 103 104 
INFO: s3mixw_io.c(232): Wrote /home/sourav/workdir/acoustic_model_final/bwaccumdir/final_buff_3/mixw_counts [105x4x256 array]
INFO: s3tmat_io.c(175): Wrote /home/sourav/workdir/acoustic_model_final/bwaccumdir/final_buff_3/tmat_counts [35x3x4 array]
INFO: s3gau_io.c(480): Wrote /home/sourav/workdir/acoustic_model_final/bwaccumdir/final_buff_3/gauden_counts with means with vars (2pass) [35x4x256 vector arrays]
INFO: main.c(999): Counts saved to /home/sourav/workdir/acoustic_model_final/bwaccumdir/final_buff_3
Thu Dec  5 21:24:54 2019
