        INFO: main.c(229): Compiled on Jul 21 2019 at 15:43:35
Current configuration:
[NAME]		[DEFLT]		[VALUE]
-2passvar	no		yes
-abeam		1e-100		1.000000e-90
-accumdir			/home/sourav/workdir/acoustic_model_final/bwaccumdir/final_buff_5
-agc		none		none
-agcthresh	2.0		2.000000e+00
-bbeam		1e-100		1.000000e-10
-cb2mllrfn	.1cls.		.1cls.
-cepdir				/home/sourav/workdir/acoustic_model_final/feat
-cepext		mfc		mfc
-ceplen		13		13
-ckptintv			0
-cmn		live		batch
-cmninit	40,3,-1		40,3,-1
-ctlfn				/home/sourav/workdir/acoustic_model_final/etc/final_train.fileids
-diagfull	no		no
-dictfn				/home/sourav/workdir/acoustic_model_final/etc/final.dic.full
-example	no		no
-fdictfn			/home/sourav/workdir/acoustic_model_final/etc/final.filler
-feat		1s_c_d_dd	s2_4x
-fullvar	no		no
-help		no		no
-hmmdir				
-latdir				
-latext				
-lda				
-ldadim		0		0
-lsnfn				/home/sourav/workdir/acoustic_model_final/etc/final_train.transcription
-lw		11.5		1.150000e+01
-maxuttlen	0		0
-meanfn				/home/sourav/workdir/acoustic_model_final/model_parameters/final.ci_ptm/means
-meanreest	yes		yes
-mixwfn				/home/sourav/workdir/acoustic_model_final/model_parameters/final.ci_ptm/mixture_weights
-mixwreest	yes		yes
-mllrmat			
-mmie		no		no
-mmie_type	rand		rand
-moddeffn			/home/sourav/workdir/acoustic_model_final/model_architecture/final.ci.mdef
-mwfloor	0.00001		1.000000e-08
-npart				5
-nskip				0
-outphsegdir			
-outputfullpath	no		no
-part				5
-pdumpdir			
-phsegdir			
-phsegext	phseg		phseg
-runlen		-1		-1
-sentdir			
-sentext	sent		sent
-spthresh	0.0		0.000000e+00
-svspec				
-timing		yes		no
-tmatfn				/home/sourav/workdir/acoustic_model_final/model_parameters/final.ci_ptm/transition_matrices
-tmatreest	yes		yes
-topn		4		256
-tpfloor	0.0001		1.000000e-04
-ts2cbfn			.ptm.
-varfloor	0.00001		1.000000e-04
-varfn				/home/sourav/workdir/acoustic_model_final/model_parameters/final.ci_ptm/variances
-varnorm	no		no
-varreest	yes		yes
-viterbi	no		no

INFO: feat.c(713): Initializing feature stream to type: 's2_4x', ceplen=13, CMN='batch', VARNORM='no', AGC='none'
INFO: main.c(318): Reading /home/sourav/workdir/acoustic_model_final/model_architecture/final.ci.mdef
INFO: model_def_io.c(573): Model definition info:
INFO: model_def_io.c(574): 35 total models defined (35 base, 0 tri)
INFO: model_def_io.c(575): 140 total states
INFO: model_def_io.c(576): 105 total tied states
INFO: model_def_io.c(577): 105 total tied CI states
INFO: model_def_io.c(578): 35 total tied transition matrices
INFO: model_def_io.c(579): 4 max state/model
INFO: model_def_io.c(580): 4 min state/model
INFO: s3mixw_io.c(116): Read /home/sourav/workdir/acoustic_model_final/model_parameters/final.ci_ptm/mixture_weights [105x4x256 array]
INFO: mod_inv.c(408): Failed to norm for 15 mixw: 45 46 47 66 67 68 84 85 86 87 88 89 102 103 104
INFO: s3tmat_io.c(117): Read /home/sourav/workdir/acoustic_model_final/model_parameters/final.ci_ptm/transition_matrices [35x3x4 array]
INFO: mod_inv.c(300): inserting tprob floor 1.000000e-04 and renormalizing
INFO: s3gau_io.c(168): Read /home/sourav/workdir/acoustic_model_final/model_parameters/final.ci_ptm/means [35x4x256 array]
INFO: s3gau_io.c(168): Read /home/sourav/workdir/acoustic_model_final/model_parameters/final.ci_ptm/variances [35x4x256 array]
INFO: gauden.c(176): 35 total mgau
INFO: gauden.c(150): 4 feature streams (|0|=12 |1|=24 |2|=3 |3|=12 )
INFO: gauden.c(187): 256 total densities
INFO: gauden.c(90): min_var=1.000000e-04
INFO: gauden.c(165): compute 256 densities/frame
INFO: main.c(430): Will reestimate mixing weights.
INFO: main.c(432): Will reestimate means.
INFO: main.c(434): Will reestimate variances.
INFO: main.c(442): Will reestimate transition matrices
INFO: main.c(455): Reading main dictionary: /home/sourav/workdir/acoustic_model_final/etc/final.dic.full
INFO: lexicon.c(220): 40 entries added from /home/sourav/workdir/acoustic_model_final/etc/final.dic.full
INFO: main.c(465): Reading filler dictionary: /home/sourav/workdir/acoustic_model_final/etc/final.filler
INFO: lexicon.c(220): 3 entries added from /home/sourav/workdir/acoustic_model_final/etc/final.filler
INFO: corpus.c(403): skipping 596 utts.
INFO: corpus.c(407): Last utt skipped: 29-5-02
INFO: corpus.c(1062): Will process all remaining utts starting at 596
INFO: main.c(664): Reestimation: Baum-Welch
INFO: cmn.c(133): CMN: 60.49 11.23 -3.52  6.76 -19.15  5.68  7.47  3.34 -8.48  0.46 -5.39 -4.09 -2.55 
column defns
	<seq>
	<id>
	<n_frame_in>
	<n_frame_del>
	<n_state_shmm>
	<avg_states_alpha>
	<avg_states_beta>
	<avg_states_reest>
	<avg_posterior_prune>
	<frame_log_lik>
	<utt_log_lik>
	... timing info ... 
utt>   596                   29-5-03  109    0INFO: cvt2triphone.c(199): no multiphones defined, no conversion done
    32 9  1 3 2.831264e-12 -1.826645e+02 -1.991043e+04
INFO: cmn.c(133): CMN: 60.88 13.55 -0.39 12.41 -2.07  5.28  6.19  1.04  3.33 -1.81 -5.64 -4.43 -2.06 
utt>   597                   29-5-04  122    0    52 8  1 2 1.470170e-12 -1.721494e+02 -2.100222e+04
INFO: cmn.c(133): CMN: 63.84 12.95  3.20 13.17 -16.95 12.89  3.14 -3.26 -5.56  0.42 -0.67 -11.55  5.50 
utt>   598                   29-5-05  127    0    80 8  1 2 1.362917e-12 -1.730387e+02 -2.197592e+04
INFO: cmn.c(133): CMN: 63.51  6.27 -6.14 16.46 -19.37 -6.16 -23.81 -25.13  0.50 -6.22 -7.02  0.28  4.28 
utt>   599                   30-1-01  145    0    44 7  1 2 1.173773e-12 -1.900206e+02 -2.755299e+04
INFO: cmn.c(133): CMN: 61.52  8.75 -1.64 22.72 -22.39 -2.92 -9.47 -23.53  6.45 -8.69 -10.14  2.44 -0.70 
utt>   600                   30-1-02  143    0    48 10  1 2 3.123260e-12 -1.959492e+02 -2.802074e+04
INFO: cmn.c(133): CMN: 61.75  9.66  1.32 25.88 -25.07  3.76 -6.27 -29.91  4.37 -9.19 -12.93 -0.72  0.57 
utt>   601                   30-1-03  132    0    64 10  1 3 7.076631e-13 -1.964715e+02 -2.593424e+04
INFO: cmn.c(133): CMN: 62.41  3.37 -9.63 -9.36 -26.80  7.83 -26.04 -19.30 -5.23 14.41 -11.70 -7.48  1.11 
utt>   602                   30-1-04  115    0    28 7  1 2 1.960675e-12 -1.815851e+02 -2.088229e+04
INFO: cmn.c(133): CMN: 65.78 11.03 -11.79  8.75 -25.47  5.06 -14.00 -16.16 -5.33 11.06  0.10 -5.80  5.19 
utt>   603                   30-1-05   92    0    32 9  1 3 2.297540e-12 -1.854162e+02 -1.705829e+04
INFO: cmn.c(133): CMN: 68.02  3.25 -14.21  3.98 -11.15  6.90 -30.30 -18.89 -2.33 23.07 -4.61 -4.56  7.21 
utt>   604                   30-2-01   89    0    36 9  1 3 2.658998e-12 -1.869036e+02 -1.663442e+04
INFO: cmn.c(133): CMN: 62.98 17.77 -4.93  2.70 -31.73 12.75 -8.45 -33.65 -9.53  4.73 -11.89  4.09  8.48 
utt>   605                   30-2-02  124    0    68 8  1 2 2.733754e-12 -1.733900e+02 -2.150036e+04
INFO: cmn.c(133): CMN: 65.19 12.08 -8.69  7.60 -27.79  2.89 -25.43 -17.11 -6.82  6.19  1.73 -0.20 -4.61 
utt>   606                   30-2-03   97    0    44 8  1 2 1.184892e-12 -1.772199e+02 -1.719033e+04
INFO: cmn.c(133): CMN: 60.99  0.66 -8.58 20.83 -11.57 -2.72 -27.69 -17.63  3.23 -6.61 -8.92  0.23 -1.47 
utt>   607                   30-2-04   96    0    32 9  1 3 3.724009e-12 -1.809953e+02 -1.737554e+04
INFO: cmn.c(133): CMN: 57.09 -7.05 -0.34 16.60 -6.93  4.94 -22.97 -21.84  5.89 -10.73 -11.28  3.41 -1.63 
utt>   608                   30-2-05  132    0    52 7  1 2 1.149334e-12 -1.737770e+02 -2.293857e+04
INFO: cmn.c(133): CMN: 61.57 12.58 -9.08  3.59 -33.58  7.07 -21.35 -18.82 -3.78 13.02 -13.72 -0.47  8.21 
utt>   609                   30-3-01  122    0    44 8  1 2 2.243748e-12 -1.830807e+02 -2.233584e+04
INFO: cmn.c(133): CMN: 64.19  4.88 -10.71  3.77 -19.57  5.74 -38.65 -16.88 -8.49  9.84 -11.49 -0.40 -4.99 
utt>   610                   30-3-02   92    0    36 7  1 2 1.844733e-12 -1.835890e+02 -1.689019e+04
INFO: cmn.c(133): CMN: 60.17  0.42  1.89 23.27 -10.59 -3.64 -26.02 -14.91  5.82  1.84 -12.90 -1.37  2.85 
utt>   611                   30-3-03   82    0    40 8  1 3 2.473136e-12 -1.915144e+02 -1.570418e+04
INFO: cmn.c(133): CMN: 62.40 -8.38 -0.51  9.17 -3.60 -5.67 -41.70 -15.06  0.29  1.14 -7.75  2.83 -1.79 
utt>   612                   30-3-04   82    0    28 7  1 2 3.271242e-12 -1.869661e+02 -1.533122e+04
INFO: cmn.c(133): CMN: 61.13 18.29 -6.93 10.01 -13.61 -8.46 -13.30 -28.31  3.27  2.21 -6.94 -5.14  0.56 
utt>   613                   30-3-05  170    0    68 8  1 2 1.918543e-12 -1.888526e+02 -3.210493e+04
INFO: cmn.c(133): CMN: 61.57 14.10  1.50  3.93 -33.87  9.91 -17.26 -23.28 -14.15  9.55 -8.46 -1.88  5.95 
utt>   614                   30-4-01   95    0    52 7  1 2 2.369393e-12 -1.768686e+02 -1.680251e+04
INFO: cmn.c(133): CMN: 60.62 -3.34 -1.90 13.20 -7.58 -3.62 -37.75 -13.56 -8.30 -2.12 -10.76 -1.19 -0.40 
utt>   615                   30-4-02   95    0    36 7  1 2 2.758638e-12 -1.841959e+02 -1.749861e+04
INFO: cmn.c(133): CMN: 57.77  8.17 -10.21  1.03 -28.47 -4.18 -22.01 -16.12 -5.60 10.43 -11.00 -2.45  2.46 
utt>   616                   30-4-03  138    0    44 9  1 2 2.831502e-12 -1.940146e+02 -2.677401e+04
INFO: cmn.c(133): CMN: 61.67  2.84 -15.54 -3.67 -22.92  3.77 -32.04 -16.05 -0.85 22.77 -11.88  7.56  2.82 
utt>   617                   30-4-04   99    0    28 9  1 2 3.242282e-12 -1.897092e+02 -1.878121e+04
INFO: cmn.c(133): CMN: 64.47 11.94 -10.58 18.42 -18.37 -0.06 -20.56 -29.99  2.68  3.65  1.13 -4.69  1.27 
utt>   618                   30-4-05  163    0    76 6  1 1 5.680581e-13 -1.496692e+02 -2.439609e+04
INFO: cmn.c(133): CMN: 63.32 14.57 -3.00  3.26 -27.56  5.12 -19.81 -23.58 -5.83  4.92  5.21 -3.63 -0.77 
utt>   619                   30-5-01  110    0    44 8  1 2 8.767726e-13 -1.841606e+02 -2.025766e+04
INFO: cmn.c(133): CMN: 61.86 14.56 -9.09 13.29 -24.54 -10.90 -19.10 -13.97  6.87 -6.90  1.19 -5.14 -5.89 
utt>   620                   30-5-02  112    0    48 8  1 2 1.070333e-12 -1.758455e+02 -1.969469e+04
INFO: cmn.c(133): CMN: 62.95  9.19 -11.95  2.52 -26.94 -0.08 -27.09 -18.15  4.85  4.55 -4.13 -8.32 -5.87 
utt>   621                   30-5-03   86    0    32 9  1 3 1.089831e-12 -1.936799e+02 -1.665647e+04
INFO: cmn.c(133): CMN: 65.77 13.57 -11.91 21.38 -13.78 16.34 -24.38 -18.52  3.35  1.61 -0.39 -2.48 -2.74 
utt>   622                   30-5-04   77    0    52 9  1 3 3.091540e-12 -1.819083e+02 -1.400694e+04
INFO: cmn.c(133): CMN: 64.51  9.68 -0.64 11.73 -16.61 11.91 -26.26 -21.24  3.16  3.48 -13.16  4.84  1.77 
utt>   623                   30-5-05  143    0    80 8  1 2 2.755720e-12 -1.727147e+02 -2.469821e+04
INFO: cmn.c(133): CMN: 54.02 14.25 18.70  9.09 -41.21  8.28 -10.34 15.41  4.29 -19.78 -1.98 -1.09  9.43 
utt>   624                   31-1-01  131    0    44 10  1 3 3.456789e-12 -1.914516e+02 -2.508015e+04
INFO: cmn.c(133): CMN: 52.91 19.71 13.05 16.46 -45.44 20.00 -2.67 22.16 -3.49 -23.65  5.42  3.66  3.12 
utt>   625                   31-1-02  158    0    48 11  1 3 2.362556e-12 -1.921958e+02 -3.036694e+04
INFO: cmn.c(133): CMN: 52.44 23.37 19.00  8.19 -43.75 23.30 -16.00 17.22 -6.05 -15.77  3.23 -6.23  1.87 
utt>   626                   31-1-03  186    0    64 9  1 3 2.470027e-12 -1.853980e+02 -3.448403e+04
INFO: cmn.c(133): CMN: 57.17 12.04  1.26 -10.59 -40.52 29.25 -28.95 10.04 -5.77 -2.00 -8.42 14.71  2.42 
utt>   627                   31-1-04  113    0    28 8  1 2 1.435922e-12 -1.723519e+02 -1.947577e+04
INFO: cmn.c(133): CMN: 54.51 18.09 11.41  2.91 -28.48 23.12 -14.19 27.96 -4.88 -0.57  0.07  2.01  5.73 
utt>   628                   31-1-05  116    0    32 10  1 2 1.286673e-12 -1.841054e+02 -2.135622e+04
INFO: cmn.c(133): CMN: 59.25  8.40 -4.44 -8.32 -25.67 24.14 -27.99  2.04 11.01  6.18 -0.13  0.59  1.01 
utt>   629                   31-2-01  114    0    36 11  1 3 1.590196e-12 -1.864821e+02 -2.125896e+04
INFO: cmn.c(133): CMN: 53.34 23.46 16.58 -10.46 -40.69 35.23 -17.82  6.46 -11.15 -11.67 17.19 -3.11  8.27 
utt>   630                   31-2-02  166    0    68 10  1 3 4.033416e-12 -1.897354e+02 -3.149608e+04
INFO: cmn.c(133): CMN: 56.83 17.45 10.30 -10.03 -25.48 23.09 -34.68 17.93 -3.69 -14.34 14.19  2.15 -2.81 
utt>   631                   31-2-03  110    0    44 9  1 3 4.367043e-12 -1.897828e+02 -2.087611e+04
INFO: cmn.c(133): CMN: 58.21  8.89 10.67 14.85 -11.49 19.94 -36.17 15.74 -9.02 -14.88 -9.21 13.94 -6.11 
utt>   632                   31-2-04  102    0    32 10  1 3 2.252343e-12 -1.846450e+02 -1.883379e+04
INFO: cmn.c(133): CMN: 55.42  5.20 15.04  3.45 -8.55 16.20 -27.29 15.19 -9.18 -16.07 -6.33 12.72  1.36 
utt>   633                   31-2-05  127    0    52 9  1 3 2.512490e-12 -1.825820e+02 -2.318791e+04
INFO: cmn.c(133): CMN: 55.35 18.97  3.29 -15.78 -32.24 20.24 -18.31 18.45 -6.42 -6.06  3.28 15.92 -6.03 
utt>   634                   31-3-01  139    0    44 11  1 3 2.028147e-12 -1.920012e+02 -2.668816e+04
INFO: cmn.c(133): CMN: 58.27 11.16  4.82 -16.55 -27.89 22.67 -28.11  6.52  3.74 -5.08  4.95 -2.13 -5.24 
utt>   635                   31-3-02  124    0    36 9  1 2 1.877726e-12 -1.761101e+02 -2.183766e+04
INFO: cmn.c(133): CMN: 56.55  5.11 14.72 18.94 -24.04 15.05 -21.58 14.38 -6.03 -7.15  5.99  2.26  2.10 
utt>   636                   31-3-03  118    0    40 10  1 3 2.571217e-12 -1.836990e+02 -2.167648e+04
INFO: cmn.c(133): CMN: 54.72  6.10 20.76 -3.72 -14.62 12.51 -32.90 17.87 -12.22 -9.19 -3.97 18.40  6.09 
utt>   637                   31-3-04   96    0    28 9  1 2 1.921297e-12 -1.890654e+02 -1.815028e+04
INFO: cmn.c(133): CMN: 56.75 26.51  8.16 -1.97 -26.49 17.63 -22.14 18.40 -8.17 -12.24 -1.98 12.18 -3.92 
utt>   638                   31-3-05  157    0    68 9  1 3 2.567223e-12 -1.773927e+02 -2.785065e+04
INFO: cmn.c(133): CMN: 55.98 20.18 10.27 -7.09 -23.24 25.98 -19.50  6.81 -14.82 -9.79 14.34  1.59  0.31 
utt>   639                   31-4-01  114    0    52 9  1 3 1.771701e-12 -1.833167e+02 -2.089811e+04
INFO: cmn.c(133): CMN: 55.23  3.73 20.49  0.08 -11.30  9.04 -37.89 15.79 -7.32 -13.72  9.24 -4.81  5.77 
utt>   640                   31-4-02  113    0    36 9  1 2 2.996316e-12 -1.777698e+02 -2.008798e+04
INFO: cmn.c(133): CMN: 56.64 20.75  0.54 -15.50 -34.94 16.94 -23.90  9.32 -0.21 -4.56  5.30  6.88 -1.62 
utt>   641                   31-4-03  137    0    44 11  1 3 2.794195e-12 -1.920857e+02 -2.631574e+04
INFO: cmn.c(133): CMN: 56.12 11.60 -0.95 -12.21 -19.54 20.69 -30.77 12.16 -6.02  2.84 -5.04 16.35 -0.22 
utt>   642                   31-4-04  104    0    28 10  1 3 2.666045e-12 -1.835217e+02 -1.908626e+04
INFO: cmn.c(133): CMN: 57.74 22.86  4.08  1.59 -15.61 23.79 -33.94 -0.22 -9.68 -11.00  6.92  8.29 -3.81 
utt>   643                   31-4-05  174    0    76 7  1 2 1.167074e-12 -1.608533e+02 -2.798848e+04
INFO: cmn.c(133): CMN: 57.87 18.71  9.41 -17.16 -33.88 24.70 -28.65 12.41 -14.29 -4.48 17.30  3.63 -0.07 
utt>   644                   31-5-01  114    0    44 9  1 3 1.813152e-12 -1.737388e+02 -1.980622e+04
INFO: cmn.c(133): CMN: 55.33 24.77  7.55 -2.37 -27.61 12.38 -23.41 31.51 -16.19 -18.03 12.74 12.62 -4.14 
utt>   645                   31-5-02  110    0    48 10  2 3 4.971028e-12 -1.888261e+02 -2.077088e+04
INFO: cmn.c(133): CMN: 52.34 19.54 10.36 -9.25 -27.07 10.70 -30.10 21.18 -18.10 -7.97  3.10 13.52 -4.59 
utt>   646                   31-5-03  126    0    32 8  1 2 3.156048e-12 -1.785975e+02 -2.250329e+04
INFO: cmn.c(133): CMN: 53.64  9.78 20.81 10.78 -15.41 15.95 -13.00 13.68 -27.70 -13.44 11.97  0.89 -8.07 
utt>   647                   31-5-04  126    0    52 8  1 2 3.269296e-12 -1.737296e+02 -2.188993e+04
INFO: cmn.c(133): CMN: 58.47 10.90  9.04  6.05 -18.31 21.07 -21.01  0.12 -5.01 -7.11  1.92 -2.15 -5.40 
utt>   648                   31-5-05  157    0    80 10  1 3 3.295116e-12 -1.826871e+02 -2.868188e+04
INFO: cmn.c(133): CMN: 60.97 12.06  2.24  9.80  3.60  0.35  7.03  3.25 -24.94 -14.29  6.71 -4.03  7.57 
utt>   649                   32-1-01  118    0    44 10  2 3 3.653741e-12 -1.839357e+02 -2.170441e+04
INFO: cmn.c(133): CMN: 58.30 18.56  2.04 20.12 -2.03  7.23 10.06  3.74 -17.61 -13.64  7.23 -3.98  4.69 
utt>   650                   32-1-02  105    0    48 11  2 3 3.600839e-12 -1.835019e+02 -1.926770e+04
INFO: cmn.c(133): CMN: 57.46 19.83  3.00 11.92 -6.83  8.18 10.23  4.49 -16.39 -12.86  3.89 -4.39  7.09 
utt>   651                   32-1-03  125    0    64 10  1 3 1.677179e-12 -1.782189e+02 -2.227736e+04
INFO: cmn.c(133): CMN: 59.53 15.04 -5.80  4.13 -7.54 -1.28  6.19  0.58 -12.67 -6.99  6.41  4.47  1.48 
utt>   652                   32-1-04   86    0    28 8  1 2 2.521199e-12 -1.812297e+02 -1.558575e+04
INFO: cmn.c(133): CMN: 53.78  8.99 -2.87 11.36  6.10  8.68  9.12  2.87 -14.83 -2.00  8.84  4.27 -2.47 
utt>   653                   32-1-05   80    0    32 10  2 3 3.317965e-12 -1.795466e+02 -1.436373e+04
INFO: cmn.c(133): CMN: 64.87 11.11 -4.38  3.28  2.49 -0.06 -6.22  0.74 -8.37 -4.55  8.31 -4.45  7.84 
utt>   654                   32-2-01   84    0    36 10  2 3 4.292750e-12 -1.902342e+02 -1.597968e+04
INFO: cmn.c(133): CMN: 58.68 19.15  1.70  7.18 -6.94  9.23 10.41 -0.61 -16.98 -10.29  6.89  2.26  5.45 
utt>   655                   32-2-02  122    0    68 10  1 3 2.549893e-12 -1.945757e+02 -2.373823e+04
INFO: cmn.c(133): CMN: 58.59 11.72  2.75  4.34  4.34  0.28  4.46  6.26 -13.16 -4.33  7.40  6.39 -0.33 
utt>   656                   32-2-03   99    0    44 9  1 3 1.729258e-12 -1.748858e+02 -1.731369e+04
INFO: cmn.c(133): CMN: 57.23 11.21  1.31 27.63  7.99  1.00 10.21  3.44 -13.91 -12.87  5.01  2.39 -0.69 
utt>   657                   32-2-04   69    0    32 11  1 3 2.804282e-12 -1.858595e+02 -1.282430e+04
INFO: cmn.c(133): CMN: 54.78  2.22 -4.31 15.67 13.89  4.89  3.53 -4.91 -11.83 -2.97  0.39 -0.47 -0.56 
utt>   658                   32-2-05  101    0    52 9  1 2 2.905262e-12 -1.765078e+02 -1.782729e+04
INFO: cmn.c(133): CMN: 63.30 22.57 -13.61  6.14  1.55  0.26  5.81 -0.35 -14.43 -9.06  9.19 -4.89  7.21 
utt>   659                   32-3-01  105    0    44 11  2 3 2.917964e-12 -1.828324e+02 -1.919740e+04
INFO: cmn.c(133): CMN: 63.42  9.66 -1.19  3.41  0.14 -0.20  0.71 -6.42 -6.08 -4.40  3.80  2.63  3.49 
utt>   660                   32-3-02   97    0    36 9  1 3 4.077109e-12 -1.754196e+02 -1.701570e+04
INFO: cmn.c(133): CMN: 64.37  8.22  1.04 13.72  9.35 -0.35  2.35 -2.63 -6.07 -11.37 -0.10  3.84  3.65 
utt>   661                   32-3-03   78    0    40 11  1 3 2.958508e-12 -1.900906e+02 -1.482706e+04
INFO: cmn.c(133): CMN: 60.87  3.99 -0.41 12.44  7.37  2.58  2.45  4.05 -11.97 -4.89  4.22  1.28  2.41 
utt>   662                   32-3-04   93    0    28 9  1 3 2.737460e-12 -1.774932e+02 -1.650687e+04
INFO: cmn.c(133): CMN: 58.59 17.23 -6.08 13.62  7.85  3.18  6.75  4.84 -14.77 -10.04 12.57  3.49  3.83 
utt>   663                   32-3-05  108    0    68 10  1 3 1.695665e-12 -1.890995e+02 -2.042275e+04
INFO: cmn.c(133): CMN: 61.92 16.60 -1.78 10.16 -4.21  8.13 12.56 -6.91 -19.73 -12.64  9.81 -1.85  7.35 
utt>   664                   32-4-01   91    0    52 9  1 3 9.472373e-13 -1.832655e+02 -1.667716e+04
INFO: cmn.c(133): CMN: 60.71  3.89  5.11  8.29  9.38 -4.61 -1.54 -1.10 -8.68 -6.60 -0.33  2.66  7.00 
utt>   665                   32-4-02   95    0    36 9  1 3 3.075526e-12 -1.761053e+02 -1.673000e+04
INFO: cmn.c(133): CMN: 58.95 18.29 -9.98  0.65 -1.03  1.91  8.25  3.74 -9.91 -2.49  9.36  2.11  6.86 
utt>   666                   32-4-03  108    0    44 10  2 3 4.607494e-12 -1.913117e+02 -2.066167e+04
INFO: cmn.c(133): CMN: 61.34 16.62 -14.59 -1.29  5.95  3.12  2.84  4.01 -12.83  4.98 10.42  1.92  7.75 
utt>   667                   32-4-04   74    0    28 11  1 3 3.763976e-12 -1.877330e+02 -1.389224e+04
INFO: cmn.c(133): CMN: 59.27 17.74 -5.22 13.75  8.68  7.90  4.36 -9.33 -17.14 -1.23 12.97 -1.69  4.79 
utt>   668                   32-4-05  137    0    76 6  1 2 1.946515e-12 -1.607990e+02 -2.202946e+04
INFO: cmn.c(133): CMN: 61.17 16.50 -0.85  6.10  0.19  5.69  2.55 -7.46 -16.08  0.12 15.40 -2.61 -1.04 
utt>   669                   32-5-01  105    0    44 8  1 3 9.113284e-13 -1.812413e+02 -1.903033e+04
INFO: cmn.c(133): CMN: 57.96 18.77 -0.77  9.57 -0.80 -3.09  8.31  0.75 -12.81 -6.79  9.74  4.24 -0.01 
utt>   670                   32-5-02   95    0    48 10  2 3 1.491167e-12 -1.891319e+02 -1.796753e+04
INFO: cmn.c(133): CMN: 54.52 14.81 -3.50  7.02  4.21  6.09 10.17  1.00 -8.91 -1.64  7.71  2.67  1.42 
utt>   671                   32-5-03  114    0    32 9  1 3 2.220702e-12 -1.743267e+02 -1.987324e+04
INFO: cmn.c(133): CMN: 56.47 17.67 -5.33 19.97 16.79  9.84  7.57 -13.61 -7.26 -10.20  1.97 -4.68  1.87 
utt>   672                   32-5-04   87    0    52 9  1 2 3.513399e-12 -1.815269e+02 -1.579284e+04
INFO: cmn.c(133): CMN: 57.84 10.69 -0.90 11.84  7.71  6.04  9.09 -1.97 -16.23 -6.84  2.46 -2.57  6.77 
utt>   673                   32-5-05  121    0    80 8  1 2 1.230387e-12 -1.730974e+02 -2.094479e+04
INFO: cmn.c(133): CMN: 56.59 27.00  9.06  0.23 -2.44 -9.62 -13.51 17.81 -3.14 -3.99 -7.37 -1.33  7.35 
utt>   674                   33-1-01  127    0    44 11  2 3 4.176073e-12 -1.828431e+02 -2.322108e+04
INFO: cmn.c(133): CMN: 56.92 31.48 -2.29 -0.59 -0.83 -12.72 -6.92  7.82 -5.64 -3.12  0.95  1.05  4.65 
utt>   675                   33-1-02   78    0    48 12  2 4 2.237285e-12 -1.847139e+02 -1.440769e+04
INFO: cmn.c(133): CMN: 52.80 28.38  9.78  7.53 -3.13 -14.22 -3.58  8.96 -8.97 -11.20 -1.47  3.35  5.69 
utt>   676                   33-1-03  122    0    64 12  1 3 4.588983e-12 -1.829658e+02 -2.232182e+04
INFO: cmn.c(133): CMN: 57.00 22.71 -0.72 -5.97 -7.83 -17.73 -14.68  5.67 -1.19 -4.73 -3.03 -1.27  3.54 
utt>   677                   33-1-04   89    0    28 9  1 3 1.673045e-12 -1.818175e+02 -1.618176e+04
INFO: cmn.c(133): CMN: 54.53 26.26 -1.29 -5.55 -12.52 -14.81 -5.00 11.94 -6.76  3.86  7.24  4.50  2.46 
utt>   678                   33-1-05  100    0    32 12  2 3 2.735532e-12 -1.824089e+02 -1.824089e+04
INFO: cmn.c(133): CMN: 56.76 27.02 -2.86 -11.22 -5.57 -8.62 -16.15  4.83  4.95 12.04  7.46  3.07 -1.88 
utt>   679                   33-2-01   93    0    36 11  2 4 3.710631e-12 -1.752526e+02 -1.629850e+04
INFO: cmn.c(133): CMN: 54.41 30.11  5.01 -5.78 -9.35 -5.41 -10.59  3.67 -4.10 -10.95 -1.54  2.12  5.13 
utt>   680                   33-2-02  113    0    68 12  1 3 2.727140e-12 -1.836855e+02 -2.075646e+04
INFO: cmn.c(133): CMN: 56.82 29.56 -1.38 -4.51 -8.86 -14.58 -12.22 12.86 -9.82 -4.40  4.75  1.48 -3.66 
utt>   681                   33-2-03   93    0    44 9  2 3 4.039422e-12 -1.787375e+02 -1.662258e+04
INFO: cmn.c(133): CMN: 53.82 22.55  2.86  9.88  0.12 -15.43 -10.32 12.43 -18.73 -4.86  4.61 -3.64  4.45 
utt>   682                   33-2-04   78    0    32 12  2 3 2.305540e-12 -1.858855e+02 -1.449907e+04
INFO: cmn.c(133): CMN: 57.82 23.90 -4.42  6.68  0.59 -11.08 -10.00 -0.13 -10.20 -3.79  5.66 -9.28 -4.49 
utt>   683                   33-2-05   97    0    52 10  1 3 2.432756e-12 -1.724048e+02 -1.672327e+04
INFO: cmn.c(133): CMN: 55.87 33.58  0.37 -8.57 -7.41 -17.68 -9.51 14.63  1.81  2.43 -0.56  4.05  5.51 
utt>   684                   33-3-01  124    0    44 11  2 3 4.659418e-12 -1.731836e+02 -2.147477e+04
INFO: cmn.c(133): CMN: 57.79 19.18 -8.08 -4.48 -7.34 -10.89 -15.24  2.85 -3.11 -0.94 -0.67  0.30 -4.85 
utt>   685                   33-3-02   93    0    36 10  1 3 3.964867e-12 -1.839185e+02 -1.710442e+04
INFO: cmn.c(133): CMN: 51.72 23.20  4.35  4.91  0.28 -7.86 -7.29 -0.56 -12.33 -0.74  1.90 -1.62 -3.18 
utt>   686                   33-3-03   99    0    40 10  1 3 5.542931e-12 -1.701744e+02 -1.684726e+04
INFO: cmn.c(133): CMN: 53.81 24.70  0.33 -14.33 -3.02 -11.70 -17.09 10.23 -12.15  2.02 -1.65  8.81  0.28 
utt>   687                   33-3-04   51    0    28 9  1 3 2.746736e-12 -1.706078e+02 -8.700998e+03
INFO: cmn.c(133): CMN: 54.04 30.02  8.45 -0.86 -1.15 -6.12 -13.19  3.80 -8.98 -0.94  1.67  0.78  1.73 
utt>   688                   33-3-05  122    0    68 11  1 3 2.144702e-12 -1.856993e+02 -2.265532e+04
INFO: cmn.c(133): CMN: 57.10 28.92 -0.77  0.81 -9.53 -7.90 -5.38  4.22 -6.37 -8.99 -1.60 -4.94  0.17 
utt>   689                   33-4-01   97    0    52 9  2 3 2.136342e-12 -1.698578e+02 -1.647621e+04
INFO: cmn.c(133): CMN: 53.25 27.34 -1.48  0.97 -5.41 -7.87 -17.24  5.24 -11.08  2.53  3.10 -0.88 -4.96 
utt>   690                   33-4-02   63    0    36 9  1 3 2.584402e-12 -1.601366e+02 -1.008861e+04
INFO: cmn.c(133): CMN: 51.95 26.26  0.64 -9.41 -10.57 -8.04 -18.06 16.65 -5.83  4.47  7.24 -2.23 -0.88 
utt>   691                   33-4-03  108    0    44 13  2 3 2.411840e-12 -1.796352e+02 -1.940061e+04
INFO: cmn.c(133): CMN: 56.81 21.88 -3.48 -8.06 -7.17 -5.81 -27.06 16.66 -0.31 11.97  4.01 -0.69 -4.36 
utt>   692                   33-4-04   88    0    28 11  2 3 3.203893e-12 -1.679361e+02 -1.477838e+04
INFO: cmn.c(133): CMN: 52.91 28.54  4.58  3.30  2.23  0.33 -18.10 -0.44 -11.35  5.79  5.00 -17.20 -1.62 
utt>   693                   33-4-05  121    0    76 8  1 2 2.924394e-12 -1.742112e+02 -2.107955e+04
INFO: cmn.c(133): CMN: 55.17 31.44  0.53 -7.94 -4.18  5.58 -21.77  7.55 -4.75  1.44 -1.95  3.47 -5.48 
utt>   694                   33-5-01   98    0    44 9  1 3 2.664668e-12 -1.836302e+02 -1.799575e+04
INFO: cmn.c(133): CMN: 52.52 27.46  2.08 -2.47 -5.94 -6.45 -19.09 19.51 -1.89  2.63  0.89 -4.26 -1.96 
utt>   695                   33-5-02   91    0    48 10  1 3 2.834331e-12 -1.881983e+02 -1.712605e+04
INFO: cmn.c(133): CMN: 55.67 27.69 -0.55 -9.50 -4.94 -0.69 -26.38 15.78 -11.65  4.83 -0.10  2.78 -2.92 
utt>   696                   33-5-03   88    0    32 11  2 3 5.067954e-12 -1.867694e+02 -1.643570e+04
INFO: cmn.c(133): CMN: 53.50 26.72  3.87  7.75  0.17 -6.67 -14.82  5.03 -9.47  7.28  4.53 -4.78 -10.29 
utt>   697                   33-5-04   99    0    52 11  1 3 2.183971e-12 -1.819283e+02 -1.801091e+04
INFO: cmn.c(133): CMN: 52.91 26.03  1.93  3.40 -4.40  4.10 -18.21  5.96 -4.13  2.58 -1.73 -10.15 -2.98 
utt>   698                   33-5-05  132    0    80 9  1 3 3.334908e-12 -1.837561e+02 -2.425580e+04
INFO: cmn.c(133): CMN: 54.21 20.66  8.09 11.66 -10.61 -5.00  3.13  3.01 -5.64 10.43  0.82  3.48  0.99 
utt>   699                   34-1-01  127    0    44 9  1 2 2.548596e-12 -1.844186e+02 -2.342117e+04
INFO: cmn.c(133): CMN: 52.93 22.60  9.51 14.35 -11.13  2.72 -0.61 -1.79 -12.67 11.14  1.86  4.26  5.31 
utt>   700                   34-1-02  128    0    48 10  1 3 2.803420e-12 -1.870627e+02 -2.394402e+04
INFO: cmn.c(133): CMN: 52.02 20.14 19.27 12.58 -5.44  3.66  4.55 -2.43 -16.13  6.38 12.51  6.61  7.69 
utt>   701                   34-1-03  128    0    64 9  1 3 2.382812e-12 -1.918243e+02 -2.455351e+04
INFO: cmn.c(133): CMN: 55.29 13.63  2.05  3.40 -13.73 -5.40 -1.97 -0.05 -2.67 10.19  2.35  2.18  6.01 
utt>   702                   34-1-04  128    0    28 8  1 2 8.754696e-13 -1.825011e+02 -2.336014e+04
INFO: cmn.c(133): CMN: 48.06 20.97  4.04  8.35 -3.84  1.26  3.45 -0.70 -0.18  6.00 -0.63 -5.57 -0.90 
utt>   703                   34-1-05  107    0    32 10  1 3 1.861678e-12 -1.897945e+02 -2.030801e+04
INFO: cmn.c(133): CMN: 61.19 12.90  0.53  6.42 -6.97 -4.17 -4.34  2.05 -2.68 12.27 -6.86  3.29  1.07 
utt>   704                   34-2-01  105    0    36 9  1 3 2.589566e-12 -1.831715e+02 -1.923301e+04
INFO: cmn.c(133): CMN: 55.19 27.31 11.01  3.79 -5.50  7.94 -0.95 -3.81 -13.30 12.62  7.89  1.41  8.25 
utt>   705                   34-2-02  150    0    68 9  1 3 1.621898e-12 -1.800854e+02 -2.701280e+04
INFO: cmn.c(133): CMN: 56.64 20.93  4.93  5.86 -5.69 -2.51  3.72 -0.87 -12.42 19.14  3.07 -6.71  5.97 
utt>   706                   34-2-03  114    0    44 8  1 3 2.639800e-12 -1.721640e+02 -1.962670e+04
INFO: cmn.c(133): CMN: 55.21 12.18 10.99 23.25 -13.51  2.86  6.29 -3.50 -15.55 21.59 -1.03 -3.14  4.22 
utt>   707                   34-2-04   86    0    32 10  1 3 3.078686e-12 -1.839048e+02 -1.581581e+04
INFO: cmn.c(133): CMN: 48.02 11.11  1.05 -0.56 -19.54  4.48  8.24  5.44 -11.14  7.47 -1.69 -8.17  0.03 
utt>   708                   34-2-05   52    0    52 7  1 1 8.052090e-13 -1.569607e+02 -8.161958e+03
INFO: cmn.c(133): CMN: 56.26 22.98  0.96  3.18 -13.47  0.26  4.26 -1.82 -6.06 15.60 -1.33  3.66  0.02 
utt>   709                   34-3-01  144    0    44 10  1 3 2.645132e-12 -1.863021e+02 -2.682751e+04
INFO: cmn.c(133): CMN: 60.41 14.07  2.19  4.13 -9.18 -1.48 -7.35 -3.58 -8.12  7.15 -4.29 -3.31  6.19 
utt>   710                   34-3-02  114    0    36 7  1 2 1.936355e-12 -1.823567e+02 -2.078867e+04
INFO: cmn.c(133): CMN: 57.77  6.54 14.89 16.13 -6.06  2.68  5.34 -4.32 -8.37 13.84 -4.55 -5.92 -4.54 
utt>   711                   34-3-03  109    0    40 9  1 3 1.335174e-12 -1.793789e+02 -1.955230e+04
INFO: cmn.c(133): CMN: 57.36  8.07  3.30 14.16 -13.29 -7.80  3.53 -3.51 -14.77 14.57 -1.25 -1.02  1.83 
utt>   712                   34-3-04  105    0    28 8  1 3 1.797733e-12 -1.819286e+02 -1.910250e+04
INFO: cmn.c(133): CMN: 56.38 22.65  6.35 13.13 -7.30  2.79  4.48 -3.79 -12.96 14.26  5.20  4.40  8.88 
utt>   713                   34-3-05  133    0    68 8  1 2 4.781354e-12 -1.802274e+02 -2.397025e+04
INFO: cmn.c(133): CMN: 54.76 21.84  9.52  4.14 -2.44  8.45 -2.80 -7.32 -15.67 15.18  0.57  1.73  4.82 
utt>   714                   34-4-01  133    0    52 8  1 3 2.206707e-12 -1.785632e+02 -2.374891e+04
INFO: cmn.c(133): CMN: 60.86  8.94  5.59  7.94 -7.09 -8.64 -2.24 -0.33 -7.45  4.00 -2.61 -1.00 -1.62 
utt>   715                   34-4-02  100    0    36 8  1 3 2.203147e-12 -1.726214e+02 -1.726214e+04
INFO: cmn.c(133): CMN: 56.14 19.65 -1.93  2.31 -12.00 -3.50 -3.18  1.82 -5.49 13.33 -3.38  0.52 -1.23 
utt>   716                   34-4-03  139    0    44 11  1 3 2.787430e-12 -1.908680e+02 -2.653065e+04
INFO: cmn.c(133): CMN: 54.84 13.95 -4.03  7.80 -11.80 -4.80 -2.45  5.66 -1.34 14.33 -4.09  0.62  6.85 
utt>   717                   34-4-04  116    0    28 10  2 3 4.668119e-12 -1.855338e+02 -2.152192e+04
INFO: cmn.c(133): CMN: 55.05 18.76  6.71 12.56 -4.02 -0.73 -3.14 -8.81 -12.61 17.88  5.16 -2.88  7.66 
utt>   718                   34-4-05  169    0    76 6  1 2 1.562449e-12 -1.572568e+02 -2.657640e+04
INFO: cmn.c(133): CMN: 57.71 23.84  5.73  1.60 -7.19  1.47 -6.12 -3.81 -6.61 22.60 -0.76 -2.10  6.60 
utt>   719                   34-5-01  131    0    44 7  1 2 2.123166e-12 -1.677431e+02 -2.197435e+04
INFO: cmn.c(133): CMN: 54.09 23.82  6.84  7.07 -7.44  5.43  5.65 -2.43 -12.87 18.75  2.91 -6.33  8.83 
utt>   720                   34-5-02  127    0    48 9  1 3 3.001362e-12 -1.781932e+02 -2.263053e+04
INFO: cmn.c(133): CMN: 54.62 16.22  2.38  4.51 -13.02 -1.00  4.62 -2.33 -12.72 12.47 -0.34 -4.33  8.49 
utt>   721                   34-5-03  108    0    32 10  1 3 2.624876e-12 -1.788251e+02 -1.931312e+04
INFO: cmn.c(133): CMN: 50.70 10.96 14.98 27.95 -8.95  4.26  2.98 -3.46 -15.52 13.08 -6.26 -4.68 -1.85 
utt>   722                   34-5-04  120    0    52 8  1 2 1.576344e-12 -1.760980e+02 -2.113176e+04
INFO: cmn.c(133): CMN: 56.57 14.08 11.38 11.66 -7.87  4.93 -3.18 -4.74 -18.50 14.88  0.03  2.47 -1.33 
utt>   723                   34-5-05  155    0    80 8  1 2 2.926120e-12 -1.828534e+02 -2.834228e+04
INFO: cmn.c(133): CMN: 58.47 20.34  5.49 10.16 -13.26  9.85 -6.39  3.46 13.39 -10.68  9.73  4.89  1.78 
utt>   724                   35-1-01  129    0    44 8  1 3 1.230581e-12 -1.872228e+02 -2.415175e+04
INFO: cmn.c(133): CMN: 55.37 26.39  7.14 13.21 -13.56 21.25 -4.30 -2.15  7.29 -6.50  8.27  2.03  4.93 
utt>   725                   35-1-02  119    0    48 10  1 3 1.750886e-12 -1.903043e+02 -2.264621e+04
INFO: cmn.c(133): CMN: 54.35 27.68 14.68  3.68 -17.88 26.51 -12.83 -5.87  6.24 -5.44  7.13  0.92  3.76 
utt>   726                   35-1-03  142    0    64 10  1 3 3.046239e-12 -1.881097e+02 -2.671158e+04
INFO: cmn.c(133): CMN: 62.19 13.30 -7.11  4.17 -11.46 10.62 -14.34 -7.72 26.22 -16.44 13.00  8.05  6.76 
utt>   727                   35-1-04   96    0    28 7  1 2 3.126046e-12 -1.745360e+02 -1.675546e+04
INFO: cmn.c(133): CMN: 54.35 24.22  6.62 10.25 -10.69 14.55 -9.56 -5.01 17.95  3.33  0.75 -3.94  2.89 
utt>   728                   35-1-05   84    0    32 9  1 3 2.864026e-12 -1.762452e+02 -1.480460e+04
INFO: cmn.c(133): CMN: 60.51 15.63  7.12  7.80 -10.28 18.21 -12.89 -5.33 24.47 -10.14  3.67 18.26  3.84 
utt>   729                   35-2-01  101    0    36 9  1 2 2.529747e-12 -1.841045e+02 -1.859455e+04
INFO: cmn.c(133): CMN: 55.85 25.14  7.06  0.82 -11.64 28.12 -16.95 -15.62 11.43 -1.36  5.57  9.21 -1.98 
utt>   730                   35-2-02  160    0    68 8  1 2 2.149536e-12 -1.840622e+02 -2.944995e+04
INFO: cmn.c(133): CMN: 60.67 24.22  6.88  7.55 -18.70 16.05 -9.31 -20.53 27.78 -7.02 -1.93  5.59 -2.06 
utt>   731                   35-2-03  121    0    44 7  1 2 1.905319e-12 -1.792629e+02 -2.169081e+04
INFO: cmn.c(133): CMN: 58.73 24.58  2.96 21.89 -32.86 18.15 -7.54 -23.55 18.77 -8.09 -0.21  5.94 11.35 
utt>   732                   35-2-04   89    0    32 11  1 3 4.528122e-12 -1.838896e+02 -1.636617e+04
INFO: cmn.c(133): CMN: 56.17 23.78  3.16 22.33 -16.66  3.51 -18.56 -10.70 10.05 -3.03 -10.06  0.75  3.05 
utt>   733                   35-2-05   99    0    52 8  1 2 2.967949e-12 -1.708118e+02 -1.691037e+04
INFO: cmn.c(133): CMN: 56.89 35.16 -2.43  5.18 -13.17 14.71 -8.81 -5.60  9.18 -1.35  2.67  6.81  6.19 
utt>   734                   35-3-01  121    0    44 10  1 3 4.815500e-12 -1.817045e+02 -2.198625e+04
INFO: cmn.c(133): CMN: 60.63 13.18  2.71 11.36 -9.62 12.21 -22.58 -10.13 24.13 -9.12  4.40  9.20  0.77 
utt>   735                   35-3-02  107    0    36 7  1 2 2.223637e-12 -1.793305e+02 -1.918836e+04
INFO: cmn.c(133): CMN: 60.01 11.30 16.69 18.46 -10.56  6.62 -12.77 -7.39 14.52 -3.21 -2.08 -0.66  1.01 
utt>   736                   35-3-03   99    0    40 8  1 2 4.253193e-12 -1.880383e+02 -1.861579e+04
INFO: cmn.c(133): CMN: 57.99 13.11  0.46 14.82 -17.94  2.81 -19.45 -2.27 21.71 -12.22  4.53  5.40  7.56 
utt>   737                   35-3-04   98    0    28 8  1 2 1.659301e-12 -1.885535e+02 -1.847824e+04
INFO: cmn.c(133): CMN: 54.88 30.86  6.06  5.97 -8.87 10.02 -16.92 -8.61 24.89 -4.32 -0.95  9.93  1.91 
utt>   738                   35-3-05  148    0    68 8  1 3 2.400699e-13 -1.731664e+02 -2.562863e+04
INFO: cmn.c(133): CMN: 57.73 24.63  9.92  6.64 -16.15 28.31 -22.36 -30.52 17.75  0.27 -1.46  9.24  2.94 
utt>   739                   35-4-01  108    0    52 7  1 2 2.217869e-12 -1.656622e+02 -1.789152e+04
INFO: cmn.c(133): CMN: 59.90 12.06 15.53 18.15 -15.25 -2.09 -9.52 -7.43 16.17 -11.74  5.67 12.66 -7.61 
utt>   740                   35-4-02  102    0    36 8  1 3 2.131792e-12 -1.836128e+02 -1.872851e+04
INFO: cmn.c(133): CMN: 55.38 28.04 -5.59  5.74 -12.94 14.14 -11.39 -10.20 12.73  1.77 -0.74 10.97  2.73 
utt>   741                   35-4-03  121    0    44 10  1 3 3.178981e-12 -1.794898e+02 -2.171826e+04
INFO: cmn.c(133): CMN: 55.59 25.65 -15.06 -1.60 -7.95 22.84 -24.07 -7.70 30.49 -7.23  5.58 10.04 -4.52 
utt>   742                   35-4-04   92    0    28 8  1 2 3.009811e-13 -1.817847e+02 -1.672419e+04
INFO: cmn.c(133): CMN: 58.87 19.36  2.90 17.30 -11.70 11.05 -17.42 -9.48 16.57 -9.45  6.08  6.52  0.42 
utt>   743                   35-4-05  187    0    76 6  1 2 8.579392e-13 -1.625615e+02 -3.039899e+04
INFO: cmn.c(133): CMN: 61.98 25.45  4.44  8.37 -16.49 30.35 -31.66 -15.88 32.51 -5.08 -0.09  8.81  8.25 
utt>   744                   35-5-01  110    0    44 7  1 2 3.053163e-12 -1.679281e+02 -1.847209e+04
INFO: cmn.c(133): CMN: 55.29 32.73  4.06  2.86 -20.32 19.84 -4.53 -18.59 22.20 -3.45 -3.87 10.07 -0.67 
utt>   745                   35-5-02  106    0    48 9  1 3 3.155821e-12 -1.889094e+02 -2.002439e+04
INFO: cmn.c(133): CMN: 57.49 26.59 -5.50 12.06 -20.34 20.71 -19.69 -9.19 22.91 -12.61  5.55  6.08  1.17 
utt>   746                   35-5-03   87    0    32 10  1 3 2.339225e-12 -1.894259e+02 -1.648005e+04
INFO: cmn.c(133): CMN: 56.17 31.50 -0.48 11.96 -13.98 16.68 -16.29 -10.29  6.23 -11.41  3.86  0.76  3.40 
utt>   747                   35-5-04   98    0    52 8  1 2 2.559192e-12 -1.719834e+02 -1.685437e+04
INFO: cmn.c(133): CMN: 57.89 20.17  7.62 11.49 -17.94 18.64 -15.31 -18.49 23.55 -7.29  0.25  9.47  3.86 
utt>   748                   35-5-05  138    0    80 8  1 2 9.201951e-13 -1.805693e+02 -2.491856e+04
overall> stats 17272 (-0) -1.808483e+02 -3.123612e+06
WARN: "accum.c", line 642: The following senones never occur in the input data
	45 46 47 66 67 68 84 85 86 87 
	88 89 102 103 104 
INFO: s3mixw_io.c(232): Wrote /home/sourav/workdir/acoustic_model_final/bwaccumdir/final_buff_5/mixw_counts [105x4x256 array]
INFO: s3tmat_io.c(175): Wrote /home/sourav/workdir/acoustic_model_final/bwaccumdir/final_buff_5/tmat_counts [35x3x4 array]
INFO: s3gau_io.c(480): Wrote /home/sourav/workdir/acoustic_model_final/bwaccumdir/final_buff_5/gauden_counts with means with vars (2pass) [35x4x256 vector arrays]
INFO: main.c(999): Counts saved to /home/sourav/workdir/acoustic_model_final/bwaccumdir/final_buff_5
Thu Dec  5 21:25:25 2019
