        INFO: main.c(229): Compiled on Jul 21 2019 at 15:43:35
Current configuration:
[NAME]		[DEFLT]		[VALUE]
-2passvar	no		yes
-abeam		1e-100		1.000000e-90
-accumdir			/home/sourav/workdir/acoustic_model_final/bwaccumdir/final_buff_4
-agc		none		none
-agcthresh	2.0		2.000000e+00
-bbeam		1e-100		1.000000e-10
-cb2mllrfn	.1cls.		.1cls.
-cepdir				/home/sourav/workdir/acoustic_model_final/feat
-cepext		mfc		mfc
-ceplen		13		13
-ckptintv			0
-cmn		live		batch
-cmninit	40,3,-1		40,3,-1
-ctlfn				/home/sourav/workdir/acoustic_model_final/etc/final_train.fileids
-diagfull	no		no
-dictfn				/home/sourav/workdir/acoustic_model_final/etc/final.dic.full
-example	no		no
-fdictfn			/home/sourav/workdir/acoustic_model_final/etc/final.filler
-feat		1s_c_d_dd	s2_4x
-fullvar	no		no
-help		no		no
-hmmdir				
-latdir				
-latext				
-lda				
-ldadim		0		0
-lsnfn				/home/sourav/workdir/acoustic_model_final/etc/final_train.transcription
-lw		11.5		1.150000e+01
-maxuttlen	0		0
-meanfn				/home/sourav/workdir/acoustic_model_final/model_parameters/final.ci_ptm/means
-meanreest	yes		yes
-mixwfn				/home/sourav/workdir/acoustic_model_final/model_parameters/final.ci_ptm/mixture_weights
-mixwreest	yes		yes
-mllrmat			
-mmie		no		no
-mmie_type	rand		rand
-moddeffn			/home/sourav/workdir/acoustic_model_final/model_architecture/final.ci.mdef
-mwfloor	0.00001		1.000000e-08
-npart				5
-nskip				0
-outphsegdir			
-outputfullpath	no		no
-part				4
-pdumpdir			
-phsegdir			
-phsegext	phseg		phseg
-runlen		-1		-1
-sentdir			
-sentext	sent		sent
-spthresh	0.0		0.000000e+00
-svspec				
-timing		yes		no
-tmatfn				/home/sourav/workdir/acoustic_model_final/model_parameters/final.ci_ptm/transition_matrices
-tmatreest	yes		yes
-topn		4		256
-tpfloor	0.0001		1.000000e-04
-ts2cbfn			.ptm.
-varfloor	0.00001		1.000000e-04
-varfn				/home/sourav/workdir/acoustic_model_final/model_parameters/final.ci_ptm/variances
-varnorm	no		no
-varreest	yes		yes
-viterbi	no		no

INFO: feat.c(713): Initializing feature stream to type: 's2_4x', ceplen=13, CMN='batch', VARNORM='no', AGC='none'
INFO: main.c(318): Reading /home/sourav/workdir/acoustic_model_final/model_architecture/final.ci.mdef
INFO: model_def_io.c(573): Model definition info:
INFO: model_def_io.c(574): 35 total models defined (35 base, 0 tri)
INFO: model_def_io.c(575): 140 total states
INFO: model_def_io.c(576): 105 total tied states
INFO: model_def_io.c(577): 105 total tied CI states
INFO: model_def_io.c(578): 35 total tied transition matrices
INFO: model_def_io.c(579): 4 max state/model
INFO: model_def_io.c(580): 4 min state/model
INFO: s3mixw_io.c(116): Read /home/sourav/workdir/acoustic_model_final/model_parameters/final.ci_ptm/mixture_weights [105x4x256 array]
INFO: mod_inv.c(408): Failed to norm for 15 mixw: 45 46 47 66 67 68 84 85 86 87 88 89 102 103 104
INFO: s3tmat_io.c(117): Read /home/sourav/workdir/acoustic_model_final/model_parameters/final.ci_ptm/transition_matrices [35x3x4 array]
INFO: mod_inv.c(300): inserting tprob floor 1.000000e-04 and renormalizing
INFO: s3gau_io.c(168): Read /home/sourav/workdir/acoustic_model_final/model_parameters/final.ci_ptm/means [35x4x256 array]
INFO: s3gau_io.c(168): Read /home/sourav/workdir/acoustic_model_final/model_parameters/final.ci_ptm/variances [35x4x256 array]
INFO: gauden.c(176): 35 total mgau
INFO: gauden.c(150): 4 feature streams (|0|=12 |1|=24 |2|=3 |3|=12 )
INFO: gauden.c(187): 256 total densities
INFO: gauden.c(90): min_var=1.000000e-04
INFO: gauden.c(165): compute 256 densities/frame
INFO: main.c(430): Will reestimate mixing weights.
INFO: main.c(432): Will reestimate means.
INFO: main.c(434): Will reestimate variances.
INFO: main.c(442): Will reestimate transition matrices
INFO: main.c(455): Reading main dictionary: /home/sourav/workdir/acoustic_model_final/etc/final.dic.full
INFO: lexicon.c(220): 40 entries added from /home/sourav/workdir/acoustic_model_final/etc/final.dic.full
INFO: main.c(465): Reading filler dictionary: /home/sourav/workdir/acoustic_model_final/etc/final.filler
INFO: lexicon.c(220): 3 entries added from /home/sourav/workdir/acoustic_model_final/etc/final.filler
INFO: corpus.c(403): skipping 447 utts.
INFO: corpus.c(407): Last utt skipped: 20-5-03
INFO: corpus.c(1065): Will process 149 utts starting at 447
INFO: main.c(664): Reestimation: Baum-Welch
INFO: cmn.c(133): CMN: 59.73  1.29 -4.97 35.24  3.34  9.48 -5.29 -7.96 -4.31 -13.13 -14.19  0.40  6.49 
column defns
	<seq>
	<id>
	<n_frame_in>
	<n_frame_del>
	<n_state_shmm>
	<avg_states_alpha>
	<avg_states_beta>
	<avg_states_reest>
	<avg_posterior_prune>
	<frame_log_lik>
	<utt_log_lik>
	... timing info ... 
utt>   447                   20-5-04   85    0INFO: cvt2triphone.c(199): no multiphones defined, no conversion done
    52 20  3 7 6.693156e-12 -1.992877e+02 -1.693946e+04
INFO: cmn.c(133): CMN: 61.73  9.35 -1.54 33.37 -9.95 15.13  3.40 -10.22 -21.79 -15.73 -1.99 -4.94  7.78 
utt>   448                   20-5-05   87    0    80 22  3 7 5.030624e-12 -2.020694e+02 -1.758004e+04
INFO: cmn.c(133): CMN: 58.03 28.93 -10.85 -6.18 -30.77  2.17 22.28  3.79 -11.47 -19.42 18.16 13.94 -9.91 
utt>   449                   21-1-01   89    0    44 19  3 6 7.795297e-12 -1.964208e+02 -1.748145e+04
INFO: cmn.c(133): CMN: 55.44 29.07 -11.03  4.22 -37.52  3.49 18.13  0.49 -13.51 -28.88  6.14  6.93 -1.34 
utt>   450                   21-1-02   76    0    48 22  4 8 7.400091e-12 -1.996934e+02 -1.517670e+04
INFO: cmn.c(133): CMN: 59.21 18.60 -3.98  4.28 -32.98 -4.89 30.90 -10.76 -13.23 -27.42  8.49 13.18 -4.47 
utt>   451                   21-1-03   99    0    64 24  3 7 3.551203e-12 -1.939938e+02 -1.920538e+04
INFO: cmn.c(133): CMN: 57.71 24.98 -21.52 -1.03 -29.64  9.76 -4.34 -6.55  0.89 -28.97 19.25 -5.02  1.03 
utt>   452                   21-1-04   67    0    28 13  2 5 3.352441e-12 -1.960293e+02 -1.313396e+04
INFO: cmn.c(133): CMN: 56.71 31.26 -15.53 -6.76 -29.48  9.11 18.80 -1.94 -13.03 -35.84 33.27 -7.36 -8.98 
utt>   453                   21-1-05   77    0    32 16  3 6 4.970864e-12 -1.973790e+02 -1.519819e+04
INFO: cmn.c(133): CMN: 60.03 22.58 -17.89 -3.25 -21.81  2.03  4.38  2.62 -15.73 -5.16 17.27 -11.24  8.99 
utt>   454                   21-2-01   68    0    36 17  3 6 3.954082e-12 -2.021881e+02 -1.374879e+04
INFO: cmn.c(133): CMN: 56.07 39.21 -12.04 -15.16 -28.26 -2.38 26.59 -4.33 -19.76 -24.36 12.12  0.99  4.32 
utt>   455                   21-2-02   91    0    68 25  4 8 8.476048e-12 -2.010762e+02 -1.829794e+04
INFO: cmn.c(133): CMN: 59.04 30.07 -13.96 -10.02 -29.29  2.88 18.60 -1.17 -17.30 -26.11 41.04 -18.67  3.10 
utt>   456                   21-2-03   86    0    44 17  3 6 5.117473e-12 -1.946247e+02 -1.673772e+04
INFO: cmn.c(133): CMN: 53.22 25.27 -12.82 -6.39 -19.13  1.36 11.28 -6.67 -1.16 -32.76  8.19  0.93 -0.14 
utt>   457                   21-2-04   38    0    32 19  4 7 1.030773e-11 -2.033956e+02 -7.729032e+03
INFO: cmn.c(133): CMN: 50.45 25.97 -17.21 -4.65 -5.94  4.58 13.81 -6.90 -9.65 -30.22  2.43 -1.29  4.00 
utt>   458                   21-2-05   64    0    52 18  3 7 4.967182e-12 -2.028019e+02 -1.297932e+04
INFO: cmn.c(133): CMN: 66.01  7.67 -10.16 -7.80 -13.87 -19.24 15.57 -3.42 10.19 -13.64  0.44 -3.48 16.39 
utt>   459                   21-3-01   99    0    44 20  3 7 5.405111e-12 -1.951396e+02 -1.931882e+04
INFO: cmn.c(133): CMN: 64.63  2.49 -0.91 -13.95 -2.67 -0.95  1.79 -6.76 -2.64 -14.39  8.69 -8.12 11.41 
utt>   460                   21-3-02   87    0    36 14  3 5 4.848412e-12 -1.902695e+02 -1.655344e+04
INFO: cmn.c(133): CMN: 63.84  0.40 -0.39 -3.54 -0.66 -6.34  8.93  1.27  3.02 -14.54  3.40  6.08 10.54 
utt>   461                   21-3-03   73    0    40 17  3 6 4.784745e-12 -2.026559e+02 -1.479388e+04
INFO: cmn.c(133): CMN: 62.38 -4.41 13.76 -4.86 -7.58 -8.20 -2.35  0.21  1.37 -32.47 14.89 -13.36  5.52 
utt>   462                   21-3-04   64    0    28 15  3 7 3.934894e-12 -1.987135e+02 -1.271766e+04
INFO: cmn.c(133): CMN: 64.26 15.10 -4.90 -1.73 -12.92 -9.43 11.41 -17.22  1.86 -40.16 13.27 -4.98  2.35 
utt>   463                   21-3-05  119    0    68 24  4 8 5.362482e-12 -1.982002e+02 -2.358582e+04
INFO: cmn.c(133): CMN: 54.07 30.15 -10.14 -14.01 -27.87 10.77 23.62 -23.01 -2.49 -20.21  6.44  7.90  6.28 
utt>   464                   21-4-01   89    0    52 18  3 6 6.641973e-12 -2.012440e+02 -1.791072e+04
INFO: cmn.c(133): CMN: 52.96 18.61  3.23 -15.67 -6.78 -3.09 13.71 -3.00 -10.28 -18.44  3.63 -2.84 16.06 
utt>   465                   21-4-02   77    0    36 15  3 6 3.461357e-12 -1.998090e+02 -1.538530e+04
INFO: cmn.c(133): CMN: 52.94 31.02 -13.44 -19.54 -21.85 -1.08 16.19 -11.38  1.93 -13.65  7.86  1.49 14.39 
utt>   466                   21-4-03   87    0    44 22  3 7 6.611584e-12 -1.913470e+02 -1.664719e+04
INFO: cmn.c(133): CMN: 57.51 22.62 -19.94 -14.62 -27.28 -1.00  6.31 -10.41 18.16 -24.43 10.03  9.29 11.43 
utt>   467                   21-4-04   54    0    28 16  3 7 7.546243e-12 -2.053620e+02 -1.108955e+04
INFO: cmn.c(133): CMN: 56.70 26.36 -11.77 -10.79 -17.89  5.48  7.87 -18.51  6.99 -31.76  9.75  7.56  4.93 
utt>   468                   21-4-05  183    0    76 20  3 6 4.272521e-12 -1.938928e+02 -3.548239e+04
INFO: cmn.c(133): CMN: 66.93 10.81 -7.60 -3.56 -36.91  1.11 19.54 -19.86 -3.97 -18.82 26.56 -5.88  6.22 
utt>   469                   21-5-01   86    0    44 19  3 7 4.977764e-12 -1.972311e+02 -1.696187e+04
INFO: cmn.c(133): CMN: 61.22 13.20 -3.19 -4.03 -20.03  3.37  6.82 -6.56  0.50 -28.31 16.46  0.25 -2.39 
utt>   470                   21-5-02   95    0    48 20  3 7 7.227190e-12 -1.965287e+02 -1.867023e+04
INFO: cmn.c(133): CMN: 62.41  0.97  4.74 -11.23 -22.15 -3.18  9.65 -10.19  3.43 -30.57 19.41 -11.06 -0.23 
utt>   471                   21-5-03   65    0    32 17  3 7 3.114256e-12 -2.019541e+02 -1.312702e+04
INFO: cmn.c(133): CMN: 61.77 -1.21 -0.66 -0.90 -7.98 -4.52 14.89 -2.91  6.56 -27.91  8.59 -6.81 10.80 
utt>   472                   21-5-04   99    0    52 16  3 6 5.180014e-12 -1.953776e+02 -1.934239e+04
INFO: cmn.c(133): CMN: 63.32  4.54  1.17 -1.37 -9.30 -0.53  9.80 -15.08 -5.46 -23.90 15.11 -8.67 13.22 
utt>   473                   21-5-05  115    0    80 20  3 7 5.055860e-12 -2.018495e+02 -2.321270e+04
INFO: cmn.c(133): CMN: 53.55  9.88  3.89 30.17 -7.30 -16.50  2.21  0.91 -6.91 -28.14  1.98 -5.81 -12.74 
utt>   474                   22-1-01  162    0    44 21  3 7 4.640396e-12 -2.000818e+02 -3.241325e+04
INFO: cmn.c(133): CMN: 54.29 12.87  4.39 43.77 -10.54 -9.10 11.11  0.92 -5.19 -35.16  9.60 -4.77 -20.39 
utt>   475                   22-1-02  143    0    48 23  3 6 4.697027e-12 -1.961608e+02 -2.805099e+04
INFO: cmn.c(133): CMN: 56.58 16.95  4.98 43.08 -15.68 -11.68 16.05 -8.52 -1.47 -45.62 13.48 -0.72 -24.06 
utt>   476                   22-1-03  156    0    64 22  3 6 6.085596e-12 -1.981242e+02 -3.090737e+04
INFO: cmn.c(133): CMN: 58.04 17.44 -12.08 13.65 -17.39 -6.47  3.64 -10.58 -1.59 -25.70  7.75  5.75 -20.17 
utt>   477                   22-1-04  128    0    28 14  2 4 2.937257e-12 -1.959435e+02 -2.508077e+04
INFO: cmn.c(133): CMN: 56.54 20.68 -9.82 21.50 -15.14 -2.16 11.60 -3.71  0.66 -18.98  3.32  7.85 -19.40 
utt>   478                   22-1-05  113    0    32 17  4 7 6.337699e-12 -1.990710e+02 -2.249503e+04
INFO: cmn.c(133): CMN: 60.02 16.15 -13.22 10.55 -3.99 -6.37  3.03 -19.95  2.55 -18.84  5.88 -3.99 -17.16 
utt>   479                   22-2-01  157    0    36 16  2 4 4.030523e-12 -1.722858e+02 -2.704887e+04
INFO: cmn.c(133): CMN: 65.34 15.26  1.30  5.33 -18.64 -2.60 10.51 -1.96 -24.02 -10.03 -4.21 -2.48 -9.41 
utt>   480                   22-2-02  170    0    68 26  3 7 7.969299e-12 -1.985126e+02 -3.374714e+04
INFO: cmn.c(133): CMN: 61.75 15.34 -0.66 15.38 -17.50 -5.52 13.13 -14.93 -4.07 -27.64  6.49  0.06 -17.63 
utt>   481                   22-2-03  139    0    44 21  3 5 8.790778e-12 -1.987573e+02 -2.762727e+04
INFO: cmn.c(133): CMN: 58.47  5.31  7.66 38.58 -20.28 -11.21 17.76 -3.15 -5.43 -27.51  9.48 -0.86 -14.38 
utt>   482                   22-2-04  108    0    32 20  3 6 5.971278e-12 -1.962632e+02 -2.119643e+04
INFO: cmn.c(133): CMN: 56.24  2.71  4.48 33.76 -7.79 -3.15 15.87 -3.70 -14.15 -26.11  5.15 -1.19 -18.25 
utt>   483                   22-2-05  146    0    52 20  3 7 4.194975e-12 -1.986511e+02 -2.900306e+04
INFO: cmn.c(133): CMN: 61.42 24.91 -3.34  8.39 -14.27 -10.58  8.10 -10.75 -3.40 -12.98 -6.78  7.12 -20.76 
utt>   484                   22-3-01  124    0    44 22  3 7 7.617380e-12 -2.017182e+02 -2.501306e+04
INFO: cmn.c(133): CMN: 61.27 17.86 -1.79  3.87 -11.58 -2.66  2.93 -17.79 -10.22 -5.97 -7.76 -1.66 -17.32 
utt>   485                   22-3-02  124    0    36 17  3 5 4.634973e-12 -1.995603e+02 -2.474548e+04
INFO: cmn.c(133): CMN: 56.31  6.75 12.47 30.10 -12.58 -1.57 13.07 -17.85 -4.25 -16.41 -3.82 -1.74 -11.94 
utt>   486                   22-3-03  125    0    40 21  3 6 5.239689e-12 -1.972108e+02 -2.465136e+04
INFO: cmn.c(133): CMN: 56.76  4.92 15.12 22.71 -10.11 -8.34  4.09 -3.76 -10.13 -19.42 -7.92  6.21 -10.66 
utt>   487                   22-3-04  109    0    28 16  2 5 4.231761e-12 -1.971682e+02 -2.149134e+04
INFO: cmn.c(133): CMN: 62.69 22.99 -6.13 16.60 -15.03 -2.79  9.25 -13.15 -8.46 -27.81  1.73  9.22 -16.67 
utt>   488                   22-3-05  142    0    68 19  3 6 6.465337e-12 -2.002768e+02 -2.843931e+04
INFO: cmn.c(133): CMN: 58.76 24.96  3.62 -4.76 -17.22 -2.50  6.48 -5.88 -9.87 -16.25 -1.11  1.90 -12.46 
utt>   489                   22-4-01  147    0    52 20  3 6 5.841833e-12 -1.973413e+02 -2.900917e+04
INFO: cmn.c(133): CMN: 58.00  4.56 11.65 21.80 -0.84 -12.38  4.25 -8.69 -13.32 -15.02 -0.80 -3.74 -9.08 
utt>   490                   22-4-02  134    0    36 18  3 5 4.639630e-12 -1.984728e+02 -2.659535e+04
INFO: cmn.c(133): CMN: 57.80 19.68 -5.74  6.21 -11.52 -4.76  0.16 -2.18 -4.41 -9.76 -6.06  0.53 -8.07 
utt>   491                   22-4-03  149    0    44 26  3 7 6.493786e-12 -1.980867e+02 -2.951491e+04
INFO: cmn.c(133): CMN: 56.57 14.34 -8.00  4.88 -8.71 -3.35 -1.23 -1.18  3.17 -5.94 -6.15  2.07 -7.60 
utt>   492                   22-4-04  119    0    28 21  3 6 3.664069e-12 -1.954232e+02 -2.325536e+04
INFO: cmn.c(133): CMN: 61.47 19.11 -8.33 10.69 -4.05  0.85  1.45 -12.57 -7.48 -15.17 -1.21  5.89 -11.08 
utt>   493                   22-4-05  217    0    76 20  3 6 4.633747e-12 -1.963127e+02 -4.259986e+04
INFO: cmn.c(133): CMN: 62.75 23.99 -6.55  0.39 -19.36  0.67  8.99 -20.62 -9.02 -19.50  5.45 13.58 -15.50 
utt>   494                   22-5-01  140    0    44 18  2 5 3.559201e-12 -1.958961e+02 -2.742545e+04
INFO: cmn.c(133): CMN: 61.16 17.94 -3.63 24.89 -16.78 -9.52 10.03 -3.88 -16.03 -21.98 -2.45  8.20 -15.95 
utt>   495                   22-5-02  134    0    48 21  3 7 5.148545e-12 -1.983123e+02 -2.657384e+04
INFO: cmn.c(133): CMN: 58.58 14.01 -2.10 12.60 -20.20 -7.00 11.53  1.83 -10.65 -5.98 -10.31  2.98 -11.89 
utt>   496                   22-5-03  143    0    32 18  3 6 7.196324e-12 -1.999565e+02 -2.859378e+04
INFO: cmn.c(133): CMN: 57.44  4.91  3.73 30.66 -3.60 -8.00 18.32 -6.58 -13.93 -9.22 -6.06  0.99 -14.85 
utt>   497                   22-5-04  164    0    52 20  3 6 4.532445e-12 -1.976768e+02 -3.241899e+04
INFO: cmn.c(133): CMN: 62.84 14.14  0.10 17.82 -11.42 -4.16  6.01 -9.87 -13.01 -15.08 -1.66  2.80 -10.00 
utt>   498                   22-5-05  180    0    80 25  4 7 5.028126e-12 -1.990396e+02 -3.582714e+04
INFO: cmn.c(133): CMN: 55.32 28.03  9.32  8.90 -26.10 -3.84  7.25  3.08 -17.82 20.25 19.54 -14.97  3.50 
utt>   499                   23-1-01  134    0    44 20  3 6 5.507732e-12 -1.987462e+02 -2.663199e+04
INFO: cmn.c(133): CMN: 53.95 24.94 16.05 17.73 -36.12 11.33 12.49  3.19 -10.51 20.34 13.54 -20.06 -0.24 
utt>   500                   23-1-02  119    0    48 20  3 6 6.084407e-12 -2.048884e+02 -2.438172e+04
INFO: cmn.c(133): CMN: 52.88 23.26 18.92 18.01 -30.46  4.76  0.39  4.97 -13.98 21.09 22.12 -14.80  2.49 
utt>   501                   23-1-03  134    0    64 20  3 6 6.652065e-12 -2.007532e+02 -2.690093e+04
INFO: cmn.c(133): CMN: 55.68 18.48 11.32 12.82 -42.16  5.92  6.64  7.07 -4.88 11.84 -9.79 -6.80  0.68 
utt>   502                   23-1-04   88    0    28 14  3 6 3.626390e-12 -1.967999e+02 -1.731839e+04
INFO: cmn.c(133): CMN: 54.16 21.14  4.26 -6.54 -17.47 11.89 -0.50 -4.15 -1.55 27.05  4.83 -6.92  5.95 
utt>   503                   23-1-05  100    0    32 19  3 7 6.850651e-12 -1.925728e+02 -1.925728e+04
INFO: cmn.c(133): CMN: 59.68 18.90  2.57 -1.34 -11.07 -7.68 -2.65  4.63 14.71 24.22 -3.89 -6.89  2.26 
utt>   504                   23-2-01   95    0    36 18  3 6 5.147203e-12 -1.954046e+02 -1.856343e+04
INFO: cmn.c(133): CMN: 54.83 31.13 14.54 -10.13 -22.23  9.95 -10.89 -0.95  0.92 18.46  8.54 -17.79  2.28 
utt>   505                   23-2-02  130    0    68 23  4 8 6.287413e-12 -2.019098e+02 -2.624827e+04
INFO: cmn.c(133): CMN: 53.79 24.70  6.39 -7.46 -9.25  6.63 -2.65 10.07 -6.40 29.55  0.63 -28.44  6.29 
utt>   506                   23-2-03   99    0    44 18  3 6 5.710158e-12 -1.952338e+02 -1.932815e+04
INFO: cmn.c(133): CMN: 52.19 15.47 22.77 19.90 -40.34 14.00  2.28 11.97 -27.05 13.20 18.48 -16.18  8.29 
utt>   507                   23-2-04   87    0    32 15  3 6 5.342885e-12 -1.944389e+02 -1.691618e+04
INFO: cmn.c(133): CMN: 51.95 15.36 16.64 21.59 -28.81  7.01 -1.73  8.62 -15.27 26.12 12.87 -7.85  6.79 
utt>   508                   23-2-05   91    0    52 18  3 6 6.572436e-12 -2.031297e+02 -1.848480e+04
INFO: cmn.c(133): CMN: 57.51 33.93  2.53 -11.64 -17.02  8.89 -12.57  4.77  2.40 14.19 12.04 -17.22  2.84 
utt>   509                   23-3-01  110    0    44 21  3 7 4.564497e-12 -2.014306e+02 -2.215736e+04
INFO: cmn.c(133): CMN: 57.05 20.49  5.55  0.70 -15.80 -2.81 -13.45 10.78  4.39  9.96 -0.82 -14.60  5.50 
utt>   510                   23-3-02   92    0    36 16  3 5 3.971691e-12 -1.981292e+02 -1.822788e+04
INFO: cmn.c(133): CMN: 53.55 14.46 14.70 24.99 -15.42 -3.85  5.12  7.30 -5.82 26.11  3.14 -13.40  8.42 
utt>   511                   23-3-03   82    0    40 18  3 6 5.132883e-12 -2.033301e+02 -1.667307e+04
INFO: cmn.c(133): CMN: 54.74 16.16 18.56 15.73 -40.49 -2.75 11.59 11.46 -21.75 14.40 12.56 -20.13  6.78 
utt>   512                   23-3-04   86    0    28 17  3 6 6.484696e-12 -1.937271e+02 -1.666053e+04
INFO: cmn.c(133): CMN: 54.16 23.02  6.52 13.10 -18.34  4.83 -2.08 11.39  5.32 28.92  9.82 -18.52  7.83 
utt>   513                   23-3-05  133    0    68 22  3 6 7.636256e-12 -1.990331e+02 -2.647140e+04
INFO: cmn.c(133): CMN: 57.01 26.91  8.08 -7.28 -16.08  9.59 -13.44  3.12  8.03 25.66 -0.30 -1.70 10.19 
utt>   514                   23-4-01   99    0    52 18  3 6 5.155589e-12 -2.049160e+02 -2.028668e+04
INFO: cmn.c(133): CMN: 54.28 15.73 11.90 17.86 -2.71 -23.64 -4.56  3.69 -14.07 19.01 11.38 -18.27  4.21 
utt>   515                   23-4-02  108    0    36 19  3 6 3.635760e-12 -1.970936e+02 -2.128611e+04
INFO: cmn.c(133): CMN: 56.54 27.95  2.18 -15.60 -21.17  4.86 -4.19 13.73  1.33 14.36  7.49 -10.06 -4.05 
utt>   516                   23-4-03  116    0    44 21  3 7 9.158266e-12 -1.995830e+02 -2.315162e+04
INFO: cmn.c(133): CMN: 57.12 27.85  3.45 -11.79 -25.60  0.13 -5.32 31.60 -11.85  9.48  8.39 -11.97  4.47 
utt>   517                   23-4-04   82    0    28 18  3 7 4.081470e-12 -2.011216e+02 -1.649197e+04
INFO: cmn.c(133): CMN: 54.79 26.93  4.59 -0.77 -4.93 -1.70 -15.89 21.40  1.83 28.83  5.58 -14.14  2.54 
utt>   518                   23-4-05  147    0    76 19  3 6 4.936711e-12 -1.958551e+02 -2.879069e+04
INFO: cmn.c(133): CMN: 59.92 30.32 -0.19 -10.15 -10.53  2.57 -10.04 17.59 -5.25 30.39  3.26 -21.43 10.53 
utt>   519                   23-5-01  100    0    44 17  3 6 5.283578e-12 -1.919771e+02 -1.919771e+04
INFO: cmn.c(133): CMN: 58.02 28.80  0.00  2.94 -18.25  3.39  2.32 14.10 -7.33 25.30  4.18 -20.90  4.31 
utt>   520                   23-5-02   94    0    48 23  3 7 7.324747e-12 -2.023769e+02 -1.902342e+04
INFO: cmn.c(133): CMN: 57.36 24.32  7.03 -2.36 -32.70 12.73  1.26 11.39 -11.88 24.73 -5.86 -9.34  5.52 
utt>   521                   23-5-03  100    0    32 19  4 7 6.049506e-12 -1.936818e+02 -1.936818e+04
INFO: cmn.c(133): CMN: 51.35 16.02 -4.50 15.47 -35.71 13.98  2.79  0.59  6.88 -3.27 -4.54  7.80 -10.37 
utt>   522                   23-5-04   75    0    52 25  4 9 9.166674e-12 -1.960593e+02 -1.470445e+04
INFO: cmn.c(133): CMN: 52.00 22.44  7.99  2.97 -8.10  2.47 -7.41  5.20  4.98 24.75 12.91 -18.05 -1.48 
utt>   523                   23-5-05   96    0    80 25  3 6 3.094147e-12 -1.995108e+02 -1.915304e+04
INFO: cmn.c(133): CMN: 54.40 21.10  8.18  1.82 -16.74 -4.71  2.12 26.25 -5.51 -9.18 19.85 10.56 -2.27 
utt>   524                   24-1-01  123    0    44 19  3 6 6.103899e-12 -1.973859e+02 -2.427846e+04
INFO: cmn.c(133): CMN: 52.79 31.57 -4.04  9.65 -8.17 -11.38  4.37 15.56 -9.24  9.81 27.14 13.02 -10.47 
utt>   525                   24-1-02  104    0    48 24  4 8 7.771438e-12 -2.016289e+02 -2.096941e+04
INFO: cmn.c(133): CMN: 51.55 30.42 -6.77  6.07 -4.43 -9.31  0.57  8.09 -5.56 11.98 18.33 10.30 -1.73 
utt>   526                   24-1-03  122    0    64 25  3 7 7.652115e-12 -1.984241e+02 -2.420774e+04
INFO: cmn.c(133): CMN: 56.01 27.81 -14.80 -0.22 -15.02  0.15 -6.99  7.61  1.49 10.51 14.66  8.37  2.01 
utt>   527                   24-1-04   81    0    28 16  3 6 5.861999e-12 -1.959650e+02 -1.587316e+04
INFO: cmn.c(133): CMN: 53.16 21.79 -2.37 -5.93  3.68  0.20 -13.51  8.88 -2.54  4.93 18.16  1.86 -10.52 
utt>   528                   24-1-05  111    0    32 18  3 6 3.418616e-12 -1.973726e+02 -2.190836e+04
INFO: cmn.c(133): CMN: 60.66 17.22 -6.45  3.86 -16.44 -3.34 -3.80 16.07  6.24 13.78 17.12  8.45 -4.33 
utt>   529                   24-2-01   90    0    36 19  3 7 6.813877e-12 -2.007308e+02 -1.806578e+04
INFO: cmn.c(133): CMN: 54.13 28.36 -7.58  0.91 -13.03  5.25 -1.86 11.96 -5.27  8.35 20.96 16.26 -5.37 
utt>   530                   24-2-02  137    0    68 22  3 7 4.516683e-12 -1.986164e+02 -2.721044e+04
INFO: cmn.c(133): CMN: 52.43 30.56 -1.01 -10.93 -10.02 -1.51 -12.69 20.20 -4.84  4.74 23.61  6.17 -7.29 
utt>   531                   24-2-03  113    0    44 22  3 7 5.238284e-12 -2.011805e+02 -2.273340e+04
INFO: cmn.c(133): CMN: 55.02 14.87 15.13 21.35 -20.86  5.79 -20.70 33.79 -15.95 11.47 28.52 -1.71  3.70 
utt>   532                   24-2-04   81    0    32 20  3 7 4.177970e-12 -2.034247e+02 -1.647740e+04
INFO: cmn.c(133): CMN: 58.55  8.91 -2.52 23.08 -14.44 -1.28 -36.34 28.94 -18.25 13.65  7.77  7.18 -4.48 
utt>   533                   24-2-05  113    0    52 23  3 7 5.191594e-12 -1.993842e+02 -2.253042e+04
INFO: cmn.c(133): CMN: 56.30 31.11 -16.08 -2.18 -9.50  2.33 -8.80 25.66  2.12  6.47 23.13 -1.48 -9.42 
utt>   534                   24-3-01  113    0    44 23  4 8 5.466639e-12 -2.028258e+02 -2.291932e+04
INFO: cmn.c(133): CMN: 61.46 12.49 -2.64 -10.14 -17.90 10.95 -21.17 26.08  9.24 10.85 15.44  3.49 -6.49 
utt>   535                   24-3-02  111    0    36 18  3 6 3.640689e-12 -1.937807e+02 -2.150965e+04
INFO: cmn.c(133): CMN: 57.85  8.67  7.14 10.87 -16.63 -0.16 -15.71 34.52 -6.17 14.37 17.78  8.83 -7.78 
utt>   536                   24-3-03   90    0    40 20  3 7 5.897833e-12 -2.020913e+02 -1.818822e+04
INFO: cmn.c(133): CMN: 59.85  8.95  7.88 11.10 -21.44 -1.56 -14.18 26.14 -18.57  5.25 17.01 15.72  7.29 
utt>   537                   24-3-04   79    0    28 17  3 7 5.236069e-12 -2.032527e+02 -1.605696e+04
INFO: cmn.c(133): CMN: 59.16 24.39 -10.10 10.46 -26.80 -5.09 -3.71 11.79 -16.41 12.48 21.14 13.40 -6.03 
utt>   538                   24-3-05  119    0    68 28  4 7 8.407337e-12 -2.004556e+02 -2.385422e+04
INFO: cmn.c(133): CMN: 60.71 22.80 -8.28  5.79 -12.10  9.31 -8.64  8.97 -10.33 13.59 16.90 13.65 -14.77 
utt>   539                   24-4-01   90    0    52 21  3 7 6.729723e-12 -2.000889e+02 -1.800800e+04
INFO: cmn.c(133): CMN: 60.81 10.97  4.73  9.24 -10.89 -1.41 -7.97 23.03 -12.51  1.80 16.59 11.00  1.23 
utt>   540                   24-4-02  106    0    36 17  3 6 6.643609e-12 -1.963106e+02 -2.080892e+04
INFO: cmn.c(133): CMN: 57.69 24.49 -13.79  7.23 -20.71  8.72 -9.13 24.98  0.11  2.45 23.42  8.81 -5.20 
utt>   541                   24-4-03  112    0    44 25  3 7 5.146387e-12 -1.989558e+02 -2.228305e+04
INFO: cmn.c(133): CMN: 62.33 15.49 -10.28  3.02 -20.81 -0.51 -17.44 30.26 -2.67 12.66 16.48  8.42 -12.77 
utt>   542                   24-4-04   77    0    28 20  4 8 4.619373e-12 -2.028921e+02 -1.562269e+04
INFO: cmn.c(133): CMN: 60.72 22.23 -6.55  5.28 -19.12 10.03 -24.14 16.60 -1.30  7.05 23.27  6.11 -4.06 
utt>   543                   24-4-05  151    0    76 19  3 6 2.922339e-12 -1.987137e+02 -3.000577e+04
INFO: cmn.c(133): CMN: 61.20 15.43  1.16  0.06 -16.53 26.11 -28.59 27.24 -8.69 14.16 18.33  2.40 -10.45 
utt>   544                   24-5-01  107    0    44 20  3 7 5.676243e-12 -1.953980e+02 -2.090758e+04
INFO: cmn.c(133): CMN: 56.82 30.99 -5.62  2.81 -15.06 -0.67 -3.34 23.81 -9.29  8.48 15.85 -0.08 -5.29 
utt>   545                   24-5-02   96    0    48 24  4 8 6.677276e-12 -2.029458e+02 -1.948280e+04
INFO: cmn.c(133): CMN: 60.06 22.32 -6.04  2.77 -22.83 -2.61 -18.87 28.90 -17.08 16.55 13.66 19.62 -10.26 
utt>   546                   24-5-03   70    0    32 20  4 8 1.092391e-11 -2.049473e+02 -1.434631e+04
INFO: cmn.c(133): CMN: 58.71 11.28 -0.93 20.09 -2.30  3.61 -13.10 12.16 -6.49  0.47 17.98  4.41 -8.57 
utt>   547                   24-5-04   87    0    52 23  3 6 6.944150e-12 -2.034059e+02 -1.769631e+04
INFO: cmn.c(133): CMN: 59.71 14.57 -3.56 15.80 -17.07  8.66 -14.84 13.16 -8.29  7.67 16.79  3.70 -10.64 
utt>   548                   24-5-05  140    0    80 28  4 8 7.819293e-12 -2.041916e+02 -2.858682e+04
INFO: cmn.c(133): CMN: 63.49  9.62  9.86 15.75 -27.01 13.51 -8.35 -7.28 -1.91 -8.70  6.72 -0.83 11.05 
utt>   549                   25-1-01   93    0    44 15  3 6 3.897213e-12 -2.085245e+02 -1.939278e+04
INFO: cmn.c(133): CMN: 61.30 13.77 13.22 29.55 -20.27 17.17 -3.81 -23.93  0.39 -12.22  4.10 -12.14  1.59 
utt>   550                   25-1-02   86    0    48 17  3 7 2.074327e-12 -2.053613e+02 -1.766107e+04
INFO: cmn.c(133): CMN: 60.34 24.15 14.00 23.74 -20.05 10.08 -5.41 -16.09 -9.88 -16.96 14.78 -17.44  0.36 
utt>   551                   25-1-03   94    0    64 22  3 6 5.088471e-12 -1.998197e+02 -1.878306e+04
INFO: cmn.c(133): CMN: 67.16  6.49  1.68 14.04 -9.21 -3.96 -8.25 -8.15 -18.76  9.27  0.78 -7.42  3.26 
utt>   552                   25-1-04   65    0    28 13  3 6 4.626631e-12 -1.984207e+02 -1.289735e+04
INFO: cmn.c(133): CMN: 61.02 18.39  6.66 17.25 -9.59  6.51  3.36 -23.26 -4.26  3.24 16.28 -15.82  3.90 
utt>   553                   25-1-05   75    0    32 15  3 6 7.481294e-12 -1.936772e+02 -1.452579e+04
INFO: cmn.c(133): CMN: 65.48 12.11  5.12  6.59 -8.58  1.54 -11.90 -17.16  9.53  4.70 -5.14 -1.86 12.88 
utt>   554                   25-2-01   75    0    36 17  3 6 3.950831e-12 -1.904739e+02 -1.428554e+04
INFO: cmn.c(133): CMN: 60.92 22.11 14.36  8.06 -23.66 24.03 -3.48 -26.38 -6.36 -1.73  6.48 -11.11  4.76 
utt>   555                   25-2-02  108    0    68 21  3 6 5.523228e-12 -2.012824e+02 -2.173850e+04
INFO: cmn.c(133): CMN: 62.45 14.17  6.37 14.55 -17.00 -2.64 -2.77 -15.05 -2.87  3.72  8.72 -14.34  7.21 
utt>   556                   25-2-03   82    0    44 17  3 7 4.881403e-12 -1.983528e+02 -1.626493e+04
INFO: cmn.c(133): CMN: 65.40  7.09  7.60 23.78 -4.02  1.57 -3.36 -7.84 -15.13 -8.73 12.38 -14.79  2.72 
utt>   557                   25-2-04   63    0    32 17  3 6 3.865320e-12 -2.050759e+02 -1.291978e+04
INFO: cmn.c(133): CMN: 63.72  3.11  9.53 24.07 -4.93 -1.34 -3.27 -10.89 -9.18 -2.66  3.39 -6.28  2.76 
utt>   558                   25-2-05  107    0    52 19  3 7 7.523336e-12 -2.060191e+02 -2.204405e+04
INFO: cmn.c(133): CMN: 64.01 20.19  1.64  9.34 -17.85  8.41 -0.17 -21.30  2.89 -6.45  3.41 -4.37  8.65 
utt>   559                   25-3-01   94    0    44 18  3 7 9.067936e-12 -2.007716e+02 -1.887253e+04
INFO: cmn.c(133): CMN: 63.90  7.44  4.93 10.81 -10.43 -0.96 -12.42 -17.65  7.63  5.04 -1.45 -4.36  6.10 
utt>   560                   25-3-02   77    0    36 16  3 6 4.480421e-12 -1.993178e+02 -1.534747e+04
INFO: cmn.c(133): CMN: 63.50  6.31 15.77 26.23 -4.12 -2.09 -12.85 -8.35 -12.35 -8.83  1.55 -6.49  5.41 
utt>   561                   25-3-03   70    0    40 18  3 7 6.689256e-12 -1.967870e+02 -1.377509e+04
INFO: cmn.c(133): CMN: 67.56  1.15 12.22 23.27 -13.37 -14.97 -12.26 -2.07 -16.78 -3.38 11.41 -8.81  8.10 
utt>   562                   25-3-04   63    0    28 14  3 6 4.999471e-12 -2.054543e+02 -1.294362e+04
INFO: cmn.c(133): CMN: 61.27 25.31  6.44 17.25 -16.18 -1.38  1.82 -14.98 -14.29 -5.15 18.61 -19.42  4.77 
utt>   563                   25-3-05  111    0    68 21  3 6 5.542150e-12 -1.996729e+02 -2.216369e+04
INFO: cmn.c(133): CMN: 63.05 18.58  9.85  3.33 -9.93  6.88  2.45 -26.83 -7.51 -5.74 14.43 -10.62  5.44 
utt>   564                   25-4-01   72    0    52 15  3 6 5.090303e-12 -2.079137e+02 -1.496979e+04
INFO: cmn.c(133): CMN: 65.91  7.03 12.93 21.72 -5.37 -12.29 -11.61 -5.02 -4.36 -11.21  2.12  1.43  5.00 
utt>   565                   25-4-02   68    0    36 17  3 6 5.609652e-12 -2.039718e+02 -1.387008e+04
INFO: cmn.c(133): CMN: 63.97 18.46  3.96  1.63 -16.99  7.66 -7.49 -16.77 -0.58  0.66  8.81 -13.83  7.61 
utt>   566                   25-4-03   77    0    44 24  3 7 7.909903e-12 -2.045417e+02 -1.574971e+04
INFO: cmn.c(133): CMN: 65.64 13.42  2.43 11.00 -11.51 10.22 -0.02 -18.00 -0.27  2.54  4.97 -15.25  8.16 
utt>   567                   25-4-04   75    0    28 16  4 7 5.357581e-12 -1.925047e+02 -1.443785e+04
INFO: cmn.c(133): CMN: 63.44 19.57  7.25 22.69 -9.72  8.71 -23.00 -22.20 -5.55 -4.28 14.47 -19.47  7.38 
utt>   568                   25-4-05  118    0    76 17  2 5 3.088163e-12 -2.000251e+02 -2.360296e+04
INFO: cmn.c(133): CMN: 64.69 21.17 10.35  1.54 -20.26 18.92 -21.33 -17.92 -5.33 -1.19 20.96 -19.30  5.16 
utt>   569                   25-5-01   80    0    44 14  3 6 2.868783e-12 -1.981593e+02 -1.585275e+04
INFO: cmn.c(133): CMN: 62.50 20.27  9.17 16.23 -18.73  1.39 -0.24 -3.96 -19.08  0.80 20.26 -21.17  6.69 
utt>   570                   25-5-02   83    0    48 23  4 8 7.390755e-12 -1.976998e+02 -1.640909e+04
INFO: cmn.c(133): CMN: 64.88  7.59  2.03  9.93 -13.89 -0.31 -5.90 -9.71 -9.72  2.31  7.27 -13.77  5.58 
utt>   571                   25-5-03   75    0    32 16  3 7 4.648892e-12 -2.014146e+02 -1.510610e+04
INFO: cmn.c(133): CMN: 62.56  6.39  9.26 26.39 -2.00 -2.29 -5.73 -8.40 -7.38 -6.56  1.09 -22.08 -3.67 
utt>   572                   25-5-04  100    0    52 17  3 6 4.409022e-12 -2.048357e+02 -2.048357e+04
INFO: cmn.c(133): CMN: 63.28 11.14 15.50 22.33 -15.39  7.79 -7.16 -19.51 -10.57 -5.05  6.93 -12.90  6.46 
utt>   573                   25-5-05  108    0    80 18  3 6 8.829036e-12 -2.018185e+02 -2.179640e+04
INFO: cmn.c(133): CMN: 61.54 16.30  5.70 13.30 -19.40  7.00  8.77 -1.81  1.65 -6.52 -7.97 -5.86  3.80 
utt>   574                   29-1-01  145    0    44 21  3 6 4.383603e-12 -1.986637e+02 -2.880624e+04
INFO: cmn.c(133): CMN: 59.52 16.68  8.75 17.23 -19.98  8.69 14.92  1.72 -4.82 -4.19 -5.45 -7.45  2.51 
utt>   575                   29-1-02  128    0    48 24  3 7 6.879721e-12 -1.970026e+02 -2.521633e+04
INFO: cmn.c(133): CMN: 60.25 17.47  3.01 23.27 -18.08  9.51  9.11  5.61 -6.56 -6.63 -5.72 -7.57  9.48 
utt>   576                   29-1-03  137    0    64 24  3 7 8.406479e-12 -1.951617e+02 -2.673715e+04
INFO: cmn.c(133): CMN: 59.24 19.50  0.92  9.47 -12.82  5.42 -0.97 -2.79 -3.79  4.67  1.32 -8.19  2.28 
utt>   577                   29-1-04  112    0    28 15  3 6 4.864920e-12 -1.950852e+02 -2.184954e+04
INFO: cmn.c(133): CMN: 54.80 14.26  0.59  9.88 -12.01  7.23  7.66 10.37 -6.50  4.34  1.32  2.30  0.05 
utt>   578                   29-1-05  117    0    32 17  3 7 6.850177e-12 -1.953512e+02 -2.285609e+04
INFO: cmn.c(133): CMN: 63.35 12.45 -0.95  5.86 -10.50 10.97 -1.65 -0.11  1.65  2.97  2.81 -11.64  6.91 
utt>   579                   29-2-01   93    0    36 18  3 6 4.596974e-12 -1.917782e+02 -1.783537e+04
INFO: cmn.c(133): CMN: 59.17 20.40  4.53 10.89 -21.70 19.36  8.40 -3.97 -3.57  3.12 -1.38 -13.90 10.58 
utt>   580                   29-2-02  144    0    68 24  3 7 6.595859e-12 -2.003329e+02 -2.884793e+04
INFO: cmn.c(133): CMN: 60.47 14.19  3.95  7.37 -14.57  4.85  6.24  5.66 -3.02  1.79  2.13 -8.57  3.16 
utt>   581                   29-2-03  115    0    44 18  3 6 7.629108e-12 -1.947340e+02 -2.239441e+04
INFO: cmn.c(133): CMN: 62.02 16.90  3.63 16.80 -9.31 -1.03 10.51  6.05 -7.12 -4.76 -5.39 -5.41 -2.51 
utt>   582                   29-2-04   91    0    32 19  4 8 4.190262e-12 -1.988317e+02 -1.809369e+04
INFO: cmn.c(133): CMN: 57.78  5.31  6.18  9.50 -4.65  2.86  6.29  2.60 -7.75 -6.43 -0.84 -5.40 -3.58 
utt>   583                   29-2-05  135    0    52 20  3 6 5.522481e-12 -1.999068e+02 -2.698742e+04
INFO: cmn.c(133): CMN: 60.72 18.57 -3.53 10.53 -24.53  7.66  8.32  4.55  4.87  3.96 -0.04 -6.10  9.40 
utt>   584                   29-3-01  118    0    44 22  3 7 4.185898e-12 -1.922601e+02 -2.268670e+04
INFO: cmn.c(133): CMN: 55.97 12.33 -3.40  4.16 -13.07 11.29 -5.30 -4.14 -2.35  1.41  3.49 -16.80  6.52 
utt>   585                   29-3-02  129    0    36 19  2 5 4.687947e-12 -1.970988e+02 -2.542574e+04
INFO: cmn.c(133): CMN: 51.82  2.81  8.09 21.26 -9.60 20.34  1.73  8.23 -9.20  3.51 -5.24 -8.47  2.81 
utt>   586                   29-3-03  115    0    40 23  3 7 9.379854e-12 -1.991924e+02 -2.290712e+04
INFO: cmn.c(133): CMN: 55.63  1.02 10.14 18.27 -14.79  4.22  7.63  1.11 -6.34 -5.34 -5.62 -3.00 -7.22 
utt>   587                   29-3-04  139    0    28 17  3 7 6.334037e-12 -1.968958e+02 -2.736851e+04
INFO: cmn.c(133): CMN: 56.79 14.26  2.54 16.96 -16.03 11.04  9.73  4.49 -3.88  3.50 -8.53 -4.81  1.39 
utt>   588                   29-3-05  176    0    68 24  4 7 5.788221e-12 -1.985920e+02 -3.495220e+04
INFO: cmn.c(133): CMN: 57.26 18.32  3.13  6.20 -20.20 20.80  0.20  0.65 -12.44  6.30  0.41 -10.56 11.52 
utt>   589                   29-4-01  105    0    52 21  4 8 5.785880e-12 -1.945995e+02 -2.043295e+04
INFO: cmn.c(133): CMN: 55.86  3.19  7.80 16.03 -5.04  6.27  8.97  3.53 -1.67 -3.41 -0.38 -10.75  0.50 
utt>   590                   29-4-02  117    0    36 22  3 6 8.224500e-12 -1.968286e+02 -2.302894e+04
INFO: cmn.c(133): CMN: 54.08  9.20 -0.29 11.11 -21.33 12.21  7.61 -0.00 -3.99 13.04 -7.94 -2.34  1.03 
utt>   591                   29-4-03  137    0    44 25  3 7 4.448908e-12 -1.931010e+02 -2.645483e+04
INFO: cmn.c(133): CMN: 60.24  6.92 -3.76  4.06 -5.14 10.27 -5.30  4.74 -10.71 17.37 -4.19 -0.52  3.01 
utt>   592                   29-4-04   85    0    28 17  3 6 4.528418e-12 -1.882913e+02 -1.600476e+04
INFO: cmn.c(133): CMN: 62.28 20.46 -6.35 13.87 -9.68  9.87 -0.96  4.84 -12.24  1.28 -1.31 -3.49 -0.43 
utt>   593                   29-4-05  155    0    76 21  3 7 6.490751e-12 -1.950936e+02 -3.023950e+04
INFO: cmn.c(133): CMN: 62.19 23.11 -3.65  9.03 -21.32 14.56  1.88  4.21 -16.40  1.58  0.60 -4.60  2.76 
utt>   594                   29-5-01  101    0    44 20  4 7 9.324575e-12 -1.976158e+02 -1.995920e+04
INFO: cmn.c(133): CMN: 58.66 17.40 -3.54 20.61 -17.77  2.19 10.39  7.03 -8.20  1.53 -4.03 -4.54  1.03 
utt>   595                   29-5-02   96    0    48 22  4 8 5.766223e-12 -1.977940e+02 -1.898822e+04
overall> stats 15921 (-0) -1.982856e+02 -3.156904e+06
WARN: "accum.c", line 642: The following senones never occur in the input data
	45 46 47 66 67 68 84 85 86 87 
	88 89 102 103 104 
INFO: s3mixw_io.c(232): Wrote /home/sourav/workdir/acoustic_model_final/bwaccumdir/final_buff_4/mixw_counts [105x4x256 array]
INFO: s3tmat_io.c(175): Wrote /home/sourav/workdir/acoustic_model_final/bwaccumdir/final_buff_4/tmat_counts [35x3x4 array]
INFO: s3gau_io.c(480): Wrote /home/sourav/workdir/acoustic_model_final/bwaccumdir/final_buff_4/gauden_counts with means with vars (2pass) [35x4x256 vector arrays]
INFO: main.c(999): Counts saved to /home/sourav/workdir/acoustic_model_final/bwaccumdir/final_buff_4
Thu Dec  5 21:24:47 2019
