        INFO: main.c(229): Compiled on Jul 21 2019 at 15:43:35
Current configuration:
[NAME]		[DEFLT]		[VALUE]
-2passvar	no		yes
-abeam		1e-100		1.000000e-90
-accumdir			/home/sourav/workdir/acoustic_model_final/bwaccumdir/final_buff_2
-agc		none		none
-agcthresh	2.0		2.000000e+00
-bbeam		1e-100		1.000000e-10
-cb2mllrfn	.1cls.		.1cls.
-cepdir				/home/sourav/workdir/acoustic_model_final/feat
-cepext		mfc		mfc
-ceplen		13		13
-ckptintv			0
-cmn		live		batch
-cmninit	40,3,-1		40,3,-1
-ctlfn				/home/sourav/workdir/acoustic_model_final/etc/final_train.fileids
-diagfull	no		no
-dictfn				/home/sourav/workdir/acoustic_model_final/etc/final.dic.full
-example	no		no
-fdictfn			/home/sourav/workdir/acoustic_model_final/etc/final.filler
-feat		1s_c_d_dd	s2_4x
-fullvar	no		no
-help		no		no
-hmmdir				
-latdir				
-latext				
-lda				
-ldadim		0		0
-lsnfn				/home/sourav/workdir/acoustic_model_final/etc/final_train.transcription
-lw		11.5		1.150000e+01
-maxuttlen	0		0
-meanfn				/home/sourav/workdir/acoustic_model_final/model_parameters/final.ci_ptm/means
-meanreest	yes		yes
-mixwfn				/home/sourav/workdir/acoustic_model_final/model_parameters/final.ci_ptm/mixture_weights
-mixwreest	yes		yes
-mllrmat			
-mmie		no		no
-mmie_type	rand		rand
-moddeffn			/home/sourav/workdir/acoustic_model_final/model_architecture/final.ci.mdef
-mwfloor	0.00001		1.000000e-08
-npart				5
-nskip				0
-outphsegdir			
-outputfullpath	no		no
-part				2
-pdumpdir			
-phsegdir			
-phsegext	phseg		phseg
-runlen		-1		-1
-sentdir			
-sentext	sent		sent
-spthresh	0.0		0.000000e+00
-svspec				
-timing		yes		no
-tmatfn				/home/sourav/workdir/acoustic_model_final/model_parameters/final.ci_ptm/transition_matrices
-tmatreest	yes		yes
-topn		4		256
-tpfloor	0.0001		1.000000e-04
-ts2cbfn			.ptm.
-varfloor	0.00001		1.000000e-04
-varfn				/home/sourav/workdir/acoustic_model_final/model_parameters/final.ci_ptm/variances
-varnorm	no		no
-varreest	yes		yes
-viterbi	no		no

INFO: feat.c(713): Initializing feature stream to type: 's2_4x', ceplen=13, CMN='batch', VARNORM='no', AGC='none'
INFO: main.c(318): Reading /home/sourav/workdir/acoustic_model_final/model_architecture/final.ci.mdef
INFO: model_def_io.c(573): Model definition info:
INFO: model_def_io.c(574): 35 total models defined (35 base, 0 tri)
INFO: model_def_io.c(575): 140 total states
INFO: model_def_io.c(576): 105 total tied states
INFO: model_def_io.c(577): 105 total tied CI states
INFO: model_def_io.c(578): 35 total tied transition matrices
INFO: model_def_io.c(579): 4 max state/model
INFO: model_def_io.c(580): 4 min state/model
INFO: s3mixw_io.c(116): Read /home/sourav/workdir/acoustic_model_final/model_parameters/final.ci_ptm/mixture_weights [105x4x256 array]
INFO: mod_inv.c(408): Failed to norm for 15 mixw: 45 46 47 66 67 68 84 85 86 87 88 89 102 103 104
INFO: s3tmat_io.c(117): Read /home/sourav/workdir/acoustic_model_final/model_parameters/final.ci_ptm/transition_matrices [35x3x4 array]
INFO: mod_inv.c(300): inserting tprob floor 1.000000e-04 and renormalizing
INFO: s3gau_io.c(168): Read /home/sourav/workdir/acoustic_model_final/model_parameters/final.ci_ptm/means [35x4x256 array]
INFO: s3gau_io.c(168): Read /home/sourav/workdir/acoustic_model_final/model_parameters/final.ci_ptm/variances [35x4x256 array]
INFO: gauden.c(176): 35 total mgau
INFO: gauden.c(150): 4 feature streams (|0|=12 |1|=24 |2|=3 |3|=12 )
INFO: gauden.c(187): 256 total densities
INFO: gauden.c(90): min_var=1.000000e-04
INFO: gauden.c(165): compute 256 densities/frame
INFO: main.c(430): Will reestimate mixing weights.
INFO: main.c(432): Will reestimate means.
INFO: main.c(434): Will reestimate variances.
INFO: main.c(442): Will reestimate transition matrices
INFO: main.c(455): Reading main dictionary: /home/sourav/workdir/acoustic_model_final/etc/final.dic.full
INFO: lexicon.c(220): 40 entries added from /home/sourav/workdir/acoustic_model_final/etc/final.dic.full
INFO: main.c(465): Reading filler dictionary: /home/sourav/workdir/acoustic_model_final/etc/final.filler
INFO: lexicon.c(220): 3 entries added from /home/sourav/workdir/acoustic_model_final/etc/final.filler
INFO: corpus.c(403): skipping 149 utts.
INFO: corpus.c(407): Last utt skipped: 7-5-04
INFO: corpus.c(1065): Will process 149 utts starting at 149
INFO: main.c(664): Reestimation: Baum-Welch
INFO: cmn.c(133): CMN: 62.20  9.49  3.94 13.40 -17.84 -4.85 -11.65  7.20 -7.52 13.01 -2.19  1.40  3.86 
column defns
	<seq>
	<id>
	<n_frame_in>
	<n_frame_del>
	<n_state_shmm>
	<avg_states_alpha>
	<avg_states_beta>
	<avg_states_reest>
	<avg_posterior_prune>
	<frame_log_lik>
	<utt_log_lik>
	... timing info ... 
utt>   149                    7-5-05  153    0INFO: cvt2triphone.c(199): no multiphones defined, no conversion done
    80 15  2 5 3.915839e-12 -1.951833e+02 -2.986305e+04
INFO: cmn.c(133): CMN: 67.27 12.53  3.91 -5.64 -8.50 -15.19 -4.90 10.09 -16.63  1.09 -3.12  0.39  3.15 
utt>   150                    8-1-01  115    0    44 17  2 5 4.796404e-12 -1.943336e+02 -2.234836e+04
INFO: cmn.c(133): CMN: 70.61 20.88 -3.49  7.37 -5.55 -23.42  0.10 13.20 -24.40  3.00 -4.90  5.37  8.08 
utt>   151                    8-1-02  102    0    48 18  2 5 2.887098e-12 -1.945912e+02 -1.984830e+04
INFO: cmn.c(133): CMN: 70.21 19.67 -4.26  6.92 -16.41 -6.98  1.79  9.34 -20.30 -2.43 -2.94  3.14 13.47 
utt>   152                    8-1-03  115    0    64 19  3 6 5.714065e-12 -1.911561e+02 -2.198295e+04
INFO: cmn.c(133): CMN: 67.63  9.72 -12.20 -2.75 -13.32 -4.65 -9.17  9.76 -5.32  6.49 -10.33  0.60  1.40 
utt>   153                    8-1-04   98    0    28 12  2 4 4.244801e-12 -1.927269e+02 -1.888724e+04
INFO: cmn.c(133): CMN: 67.40 18.21 -6.79  7.45 -7.55 -9.79 -4.31 -1.36 -17.80  0.41  3.36 -6.01  5.19 
utt>   154                    8-1-05   73    0    32 16  2 5 7.142444e-12 -1.923689e+02 -1.404293e+04
INFO: cmn.c(133): CMN: 66.48 22.73  0.18 -0.44 -17.55 -12.30  2.71 11.68 -17.48  3.91 -4.44  2.92 -2.83 
utt>   155                    8-2-02  123    0    68 15  2 5 3.347465e-12 -1.891051e+02 -2.325993e+04
INFO: cmn.c(133): CMN: 70.10 12.48 -0.45  4.15 -14.78 -13.45 -4.99  5.43 -8.04 -1.42 -2.82  2.81 -3.28 
utt>   156                    8-2-03   72    0    44 14  2 5 5.749020e-12 -1.948212e+02 -1.402713e+04
INFO: cmn.c(133): CMN: 62.67 11.72  0.39 10.32 -5.30 -6.80 -2.60  7.47 -0.44 -2.44  1.98  4.41 -4.17 
utt>   157                    8-2-04   90    0    32 14  2 5 5.021814e-12 -1.982782e+02 -1.784504e+04
INFO: cmn.c(133): CMN: 63.96 11.26 -8.00 12.66 -8.29 -8.64 -7.23  0.85 -6.88  1.83 -6.11 -0.79 -3.69 
utt>   158                    8-2-05  111    0    52 13  2 4 3.925550e-12 -1.835876e+02 -2.037822e+04
INFO: cmn.c(133): CMN: 68.13 24.79 -5.35  0.56 -19.33 -21.58 -0.15 10.27 -17.05 -0.34 -7.24  6.02  1.58 
utt>   159                    8-3-01  101    0    44 16  2 5 1.526869e-12 -1.821676e+02 -1.839892e+04
INFO: cmn.c(133): CMN: 67.38  4.32 -0.12 -11.94 -8.45 -9.76 -11.87  8.59 -5.27  7.73  3.21 -4.35 -0.12 
utt>   160                    8-3-02   88    0    36 11  2 4 4.210432e-12 -1.930206e+02 -1.698581e+04
INFO: cmn.c(133): CMN: 68.75  2.11  3.53  6.53 -1.58 -6.36 -10.64 11.61 -6.41  0.06  7.11 -0.56  0.48 
utt>   161                    8-3-03  105    0    40 15  2 4 6.262500e-12 -1.872015e+02 -1.965616e+04
INFO: cmn.c(133): CMN: 68.23  2.19  6.12 -6.65 -1.14 -13.53 -8.70  7.28 -14.15 -3.94  0.92 -1.53 -1.19 
utt>   162                    8-3-04   95    0    28 12  2 5 2.511831e-12 -1.832101e+02 -1.740496e+04
INFO: cmn.c(133): CMN: 64.00 21.01  2.76 -1.14 -1.51 -20.05  1.88 15.59 -13.69 -6.64  4.18 -2.03  2.28 
utt>   163                    8-3-05  116    0    68 13  2 4 2.447883e-12 -1.971035e+02 -2.286400e+04
INFO: cmn.c(133): CMN: 67.36 14.54 -0.51 -7.02 -24.74 -8.63  2.04 -3.82 -9.33 -2.65  7.46  0.21  7.87 
utt>   164                    8-4-01   89    0    52 11  2 3 4.017498e-12 -1.944826e+02 -1.730895e+04
INFO: cmn.c(133): CMN: 72.34  2.01 -2.48  9.12 -8.16 -19.47 -2.77  5.30 -8.50  3.87 -3.87  3.59  6.23 
utt>   165                    8-4-02   81    0    36 13  2 5 6.147038e-12 -1.870490e+02 -1.515097e+04
INFO: cmn.c(133): CMN: 65.43 18.21 -3.66 -2.29 -14.57 -18.31 -8.08 11.04 -13.15  5.93 -0.67 -0.96  3.15 
utt>   166                    8-4-03  114    0    44 16  2 5 3.013515e-12 -1.955705e+02 -2.229504e+04
INFO: cmn.c(133): CMN: 68.37 14.14 -10.23 -4.06 -15.89 -12.85 -9.11 10.67 -14.77  6.99 -0.28 -1.83 -2.13 
utt>   167                    8-4-04   87    0    28 12  2 5 3.680718e-12 -1.762034e+02 -1.532969e+04
INFO: cmn.c(133): CMN: 67.33 18.52 -5.60 -1.43 -3.52 -4.18 -6.88  4.12 -13.09  5.12  6.58 -4.27  3.43 
utt>   168                    8-4-05  165    0    76 10  1 3 2.206570e-12 -1.810438e+02 -2.987223e+04
INFO: cmn.c(133): CMN: 67.41 20.38 -2.84 -6.50 -12.74 -11.85 -3.96  2.45 -19.98  8.17  2.59  3.16 -0.58 
utt>   169                    8-5-01   90    0    44 13  2 4 6.230101e-12 -1.940226e+02 -1.746203e+04
INFO: cmn.c(133): CMN: 64.25 20.22 -0.60  9.18 -12.96 -25.70  5.98 11.26 -12.84 -7.76 -7.85  3.73  6.55 
utt>   170                    8-5-02   80    0    48 14  2 5 3.688255e-12 -1.965210e+02 -1.572168e+04
INFO: cmn.c(133): CMN: 63.92  9.70 -6.87  3.58 -18.15 -17.05 -1.86  1.21 -9.60  3.97 -8.05  3.20 -2.23 
utt>   171                    8-5-03   75    0    32 14  2 5 3.110993e-12 -1.936311e+02 -1.452233e+04
INFO: cmn.c(133): CMN: 64.27 12.72 -4.31  9.88  5.98 -11.34 -6.98  4.30 -12.04 -6.55 -1.27 -4.78 -0.50 
utt>   172                    8-5-04  109    0    52 13  2 4 4.515337e-12 -1.968917e+02 -2.146120e+04
INFO: cmn.c(133): CMN: 67.73 14.38 -5.66  8.30 -7.96 -11.43 -4.28  6.91 -15.32  5.17 -1.77 -0.63  2.71 
utt>   173                    8-5-05  124    0    80 15  2 5 3.522706e-12 -1.969614e+02 -2.442322e+04
INFO: cmn.c(133): CMN: 68.09  8.03 12.44  5.59 -6.22 -11.97 -12.87 -9.35 -23.33 -9.32  3.73 -6.02 10.94 
utt>   174                    9-1-01  106    0    44 14  2 4 5.179187e-12 -1.984052e+02 -2.103095e+04
INFO: cmn.c(133): CMN: 68.29  9.44  6.97 12.23 -7.61 -4.72 -9.10 -6.91 -21.08 -13.40  2.24 -1.38  6.64 
utt>   175                    9-1-02   90    0    48 16  2 5 3.025375e-12 -1.981016e+02 -1.782914e+04
INFO: cmn.c(133): CMN: 67.66  6.17 13.94 18.62 -10.90 -4.55 -4.72 -7.58 -22.04 -14.46 -2.18  0.49  9.06 
utt>   176                    9-1-03  114    0    64 19  3 6 5.583022e-12 -1.815123e+02 -2.069240e+04
INFO: cmn.c(133): CMN: 68.58  8.28  8.52  7.10 -15.17 -6.90 -20.41 -15.51 -10.70  2.98 -6.02 -9.91  1.64 
utt>   177                    9-1-04   65    0    28 12  2 4 2.226382e-12 -1.975012e+02 -1.283758e+04
INFO: cmn.c(133): CMN: 67.47 11.20  9.49 -1.72 -17.21 -7.53 -6.93  0.99 -16.99 -0.19  1.18 -2.81  1.39 
utt>   178                    9-1-05   77    0    32 14  2 5 4.536167e-12 -1.994951e+02 -1.536112e+04
INFO: cmn.c(133): CMN: 75.47  1.32  3.31  9.91 -2.20 -16.39 -35.50 -7.12 -9.43  9.61  4.08  6.35  0.50 
utt>   179                    9-2-01   65    0    36 16  3 6 5.170301e-12 -1.927353e+02 -1.252780e+04
INFO: cmn.c(133): CMN: 72.04 11.60  7.87  6.66 -11.73 -4.43 -22.85 -19.70 -27.36 -4.87  8.48  2.04 12.56 
utt>   180                    9-2-02  104    0    68 14  2 5 3.689931e-12 -1.914911e+02 -1.991507e+04
INFO: cmn.c(133): CMN: 73.55  8.54  7.04  3.02 -9.09 -12.22 -24.74 -5.95 -17.99  3.29  7.41 -7.08  3.90 
utt>   181                    9-2-03   49    0    44 13  2 4 3.131959e-12 -1.942258e+02 -9.517062e+03
INFO: cmn.c(133): CMN: 67.11  5.53 14.94 14.29 -11.68 -21.06 -28.40  5.30 -17.19  4.46 -0.14 -3.97  2.93 
utt>   182                    9-2-04   70    0    32 14  2 5 6.374151e-12 -1.753516e+02 -1.227461e+04
INFO: cmn.c(133): CMN: 67.42  1.78  8.84  6.86  5.57 -15.71 -23.59 -2.18 -17.96 -0.69  1.20 -4.16  5.23 
utt>   183                    9-2-05   94    0    52 14  2 4 6.083898e-12 -1.846917e+02 -1.736102e+04
INFO: cmn.c(133): CMN: 69.77  9.74  7.80  2.10 -10.57 -15.51 -28.41 -7.33 -22.54  3.36  7.28 -5.44  4.99 
utt>   184                    9-3-01  108    0    44 18  2 5 6.213889e-12 -1.947044e+02 -2.102808e+04
INFO: cmn.c(133): CMN: 74.72  4.15  2.06  1.50 -8.87 -8.48 -35.95 -4.46 -23.02  5.42 16.19 -10.56  7.53 
utt>   185                    9-3-02   84    0    36 12  2 4 4.744424e-12 -1.795242e+02 -1.508003e+04
INFO: cmn.c(133): CMN: 74.72  4.15  2.06  1.50 -8.87 -8.48 -35.95 -4.46 -23.02  5.42 16.19 -10.56  7.53 
utt>   186                    9-3-02   84    0    40 12  2 5 5.677679e-12 -1.798978e+02 -1.511142e+04
INFO: cmn.c(133): CMN: 68.91  1.40 14.47 10.08 -8.85 -17.23 -31.09 -3.96 -17.20 -5.23  7.07 -5.28  4.97 
utt>   187                    9-3-04   81    0    28 12  2 5 2.591144e-12 -1.840347e+02 -1.490681e+04
INFO: cmn.c(133): CMN: 72.08  9.74  4.08  4.54 -1.87 -10.13 -22.12 -4.01 -24.06 -9.63 14.20 -5.72 -4.88 
utt>   188                    9-3-05  118    0    68 17  2 5 4.845577e-12 -1.894907e+02 -2.235991e+04
INFO: cmn.c(133): CMN: 70.92 11.43  4.57  7.49 -12.12 -8.07 -17.60 -16.94 -29.59 -1.01 11.77  2.25  4.04 
utt>   189                    9-4-01   79    0    52 16  3 6 4.917033e-12 -1.961124e+02 -1.549288e+04
INFO: cmn.c(133): CMN: 70.38  2.00  9.25 12.03  7.66 -22.86 -28.04 -0.17 -28.54 -0.11  0.11 -6.65  4.26 
utt>   190                    9-4-02   70    0    36 13  2 5 3.997115e-12 -1.962872e+02 -1.374011e+04
INFO: cmn.c(133): CMN: 66.77 13.47  7.47  1.00 -13.79 -19.53 -16.32 -1.26 -25.41  4.89  1.90 -7.40  7.89 
utt>   191                    9-4-03   92    0    44 20  3 6 4.556991e-12 -1.962739e+02 -1.805720e+04
INFO: cmn.c(133): CMN: 68.66  7.89 12.00  4.21 -16.56 -20.77 -24.11  5.75 -23.51 12.06  8.08 -16.96  6.76 
utt>   192                    9-4-04   74    0    28 14  3 5 6.221659e-12 -1.889012e+02 -1.397869e+04
INFO: cmn.c(133): CMN: 71.76 10.13  1.49  9.14  1.79 -13.85 -31.25 -13.66 -24.40 -6.44 16.09 -2.87  3.69 
utt>   193                    9-4-05  128    0    76 13  2 4 5.386938e-12 -1.923707e+02 -2.462345e+04
INFO: cmn.c(133): CMN: 72.17  9.29  4.44 -2.63 -11.75 -10.80 -23.47 -14.94 -24.27 -0.92 17.74 -7.85 -4.21 
utt>   194                    9-5-01   99    0    44 11  2 4 3.041766e-12 -1.782702e+02 -1.764875e+04
INFO: cmn.c(133): CMN: 67.99 10.75  4.39 11.27 -11.85 -16.52 -5.65 -4.87 -23.97  0.37  8.34 -8.99 -5.51 
utt>   195                    9-5-02   86    0    48 15  2 5 6.823270e-12 -1.939458e+02 -1.667934e+04
INFO: cmn.c(133): CMN: 63.65 10.30 12.78  7.80 -18.84 -23.11 -9.96  1.67 -18.09  2.17  1.92 -16.09 -4.64 
utt>   196                    9-5-03   96    0    32 15  2 5 3.016990e-12 -1.971380e+02 -1.892524e+04
INFO: cmn.c(133): CMN: 66.20  7.70  5.40 13.60  0.82 -14.81 -15.23 -1.41 -21.41 -7.37  7.32 -7.35 -5.63 
utt>   197                    9-5-04  108    0    52 14  2 5 3.606547e-12 -1.976240e+02 -2.134339e+04
INFO: cmn.c(133): CMN: 67.47  7.56  6.95 16.21  1.44 -13.32 -23.25 -11.72 -24.38 -1.53  5.57 -5.21  5.75 
utt>   198                    9-5-05  117    0    80 18  3 6 6.000843e-12 -1.982802e+02 -2.319878e+04
INFO: cmn.c(133): CMN: 63.39  9.94 -0.31  4.21 -10.21 -7.36 -5.20 -0.29 -14.94  4.23 -2.61  2.61  3.22 
utt>   199                   10-1-01  112    0    44 18  3 5 6.121738e-12 -1.931819e+02 -2.163637e+04
INFO: cmn.c(133): CMN: 64.02 10.27 -2.44  7.35 -14.18  6.73 -2.72  6.66 -21.32  9.92  4.53 -0.03 13.68 
utt>   200                   10-1-02  115    0    48 17  2 5 4.702693e-12 -1.931562e+02 -2.221297e+04
INFO: cmn.c(133): CMN: 62.57 14.35 -3.14 12.72 -20.05 11.41 -5.72  5.09 -14.65  3.91  6.19 -3.11 14.84 
utt>   201                   10-1-03  123    0    64 19  3 6 6.082174e-12 -1.873962e+02 -2.304974e+04
INFO: cmn.c(133): CMN: 67.07 13.19 -13.03  3.56 -17.06 -8.49 -12.05  4.90 -2.66  3.14 -11.58  3.44  6.41 
utt>   202                   10-1-04   81    0    28 12  2 4 2.311823e-12 -1.837578e+02 -1.488438e+04
INFO: cmn.c(133): CMN: 61.78 13.84 -7.30 -1.39 -13.81 10.32 -10.85  8.96 -10.26 10.91 -4.11 -7.95  4.26 
utt>   203                   10-1-05   86    0    32 15  3 5 5.051700e-12 -1.936152e+02 -1.665091e+04
INFO: cmn.c(133): CMN: 70.73  4.25 -2.91  1.49 -10.60  1.63 -20.06 11.53  1.23 10.07 -2.81  2.57  9.42 
utt>   204                   10-2-01   72    0    36 14  2 5 2.678351e-12 -1.762424e+02 -1.268945e+04
INFO: cmn.c(133): CMN: 64.25 15.63 -1.38 -2.84 -22.97 14.80 -15.81 -0.22 -11.09  7.37  7.47 -1.80 14.75 
utt>   205                   10-2-02  110    0    68 17  2 5 6.232491e-12 -1.947985e+02 -2.142783e+04
INFO: cmn.c(133): CMN: 66.04  7.79 -1.59 -1.31 -16.64  7.11 -17.31  2.41 -2.58 15.46 -4.71 -0.40  0.90 
utt>   206                   10-2-03   75    0    44 15  2 5 7.189834e-12 -1.942550e+02 -1.456913e+04
INFO: cmn.c(133): CMN: 65.56  5.40  3.16 12.07 -20.28  7.28 -8.41  4.73 -9.93  2.61 -1.39 -4.67 17.12 
utt>   207                   10-2-04   75    0    32 16  3 6 6.517662e-12 -1.882333e+02 -1.411749e+04
INFO: cmn.c(133): CMN: 66.24  4.18 -0.06 15.84 -20.01  6.02 -9.76  7.35 -9.80  4.40  9.26 -6.25 21.09 
utt>   208                   10-2-05   98    0    52 14  2 5 3.491716e-12 -1.821334e+02 -1.784907e+04
INFO: cmn.c(133): CMN: 71.04 14.47 -10.42 -2.63 -16.90 -2.34 -11.77  9.56 -7.00  8.25 -1.92  6.60  7.63 
utt>   209                   10-3-01   98    0    44 22  3 6 4.311135e-12 -1.893757e+02 -1.855882e+04
INFO: cmn.c(133): CMN: 71.10  5.79 -8.48  1.72 -16.62  4.62 -14.39  6.67 -2.94  2.11 -7.28 -0.88  9.47 
utt>   210                   10-3-02   98    0    36 12  2 4 7.012217e-12 -1.802021e+02 -1.765981e+04
INFO: cmn.c(133): CMN: 70.34 -1.72  1.97 11.43 -14.01 13.13 -7.54 -1.98 -6.66  6.43  0.36 -2.45 16.45 
utt>   211                   10-3-03   83    0    40 15  2 5 4.984558e-12 -1.839475e+02 -1.526764e+04
INFO: cmn.c(133): CMN: 68.05  1.64  5.28  4.07 -22.42  1.98 -10.53 -2.96 -18.14 -2.22 -2.50 -3.08 12.81 
utt>   212                   10-3-04   96    0    28 13  2 4 4.602103e-12 -1.843151e+02 -1.769425e+04
INFO: cmn.c(133): CMN: 69.04 14.18 -7.22 10.72 -18.06  8.64 -13.26  3.52 -6.86  2.73  3.23 -6.70 17.84 
utt>   213                   10-3-05  127    0    68 15  2 5 6.185805e-12 -1.930255e+02 -2.451423e+04
INFO: cmn.c(133): CMN: 64.66 12.78 -3.38  3.08 -16.99  9.20 -8.34 -5.73 -8.26  0.03  2.21  0.16 10.67 
utt>   214                   10-4-01   91    0    52 13  2 5 7.072757e-12 -1.981339e+02 -1.803018e+04
INFO: cmn.c(133): CMN: 66.83 -0.24  4.00 10.69 -13.95  1.66 -4.89 -3.29 -11.23  8.26 -7.99 -4.17 11.79 
utt>   215                   10-4-02   93    0    36 13  2 4 6.180955e-12 -1.940506e+02 -1.804671e+04
INFO: cmn.c(133): CMN: 66.46 15.13 -4.93 -1.62 -22.57 -2.09 -16.42  9.09 -5.79  5.97 -0.85  3.84  9.68 
utt>   216                   10-4-03   98    0    44 19  3 6 3.612662e-12 -1.942643e+02 -1.903791e+04
INFO: cmn.c(133): CMN: 69.14 10.84 -5.07 -1.77 -23.15 -4.74 -17.43 13.45 -1.16 10.51 -1.04  1.24 12.50 
utt>   217                   10-4-04   80    0    28 15  2 5 5.525162e-12 -1.920709e+02 -1.536567e+04
INFO: cmn.c(133): CMN: 66.65 13.27 -4.84  4.81 -15.15 11.83 -20.44 -1.26 -11.19  8.42  1.59 -3.67  7.75 
utt>   218                   10-4-05  144    0    76 13  2 4 4.941518e-12 -1.853357e+02 -2.668833e+04
INFO: cmn.c(133): CMN: 69.41 14.43 -10.70  0.58 -28.76 10.22 -11.62 -12.86 -0.97 13.40  0.25 -3.84  6.23 
utt>   219                   10-5-01   89    0    44 13  2 4 8.157376e-12 -1.871854e+02 -1.665950e+04
INFO: cmn.c(133): CMN: 63.21 17.15 -5.78  4.91 -20.60  7.75 -3.13  1.17 -9.51  8.09 -0.32 -7.44  9.19 
utt>   220                   10-5-02  110    0    48 17  2 5 3.751998e-12 -1.839544e+02 -2.023498e+04
INFO: cmn.c(133): CMN: 65.54 11.74 -6.60  2.34 -30.25 -0.35 -9.10 -0.17  0.27  5.25 -5.41 -4.14 10.48 
utt>   221                   10-5-03   90    0    32 15  2 5 5.538423e-12 -1.964775e+02 -1.768297e+04
INFO: cmn.c(133): CMN: 63.53  8.36 -3.21 17.33 -14.89 10.36 -9.26  5.46 -9.43  4.88 -0.29 -1.62 10.38 
utt>   222                   10-5-04  113    0    52 16  3 5 3.960991e-12 -1.894461e+02 -2.140741e+04
INFO: cmn.c(133): CMN: 63.14  1.94 -6.32  8.19 -14.18  6.34 -10.43  0.48 -3.37  2.37  1.82  3.77  7.89 
utt>   223                   10-5-05  138    0    80 14  2 4 3.198497e-12 -1.958354e+02 -2.702529e+04
INFO: cmn.c(133): CMN: 63.08  9.19 -6.00  5.39 -26.74  3.78 -6.54 -4.82 -8.38 14.95  0.42  6.99  3.19 
utt>   224                   11-1-01  109    0    44 15  2 5 7.145250e-12 -1.864016e+02 -2.031777e+04
INFO: cmn.c(133): CMN: 65.56  8.31 -6.66 13.86 -29.81 10.21 -7.82 -4.35 -12.83 19.60  0.12  6.99  4.96 
utt>   225                   11-1-02  115    0    48 20  3 6 4.493528e-12 -1.930949e+02 -2.220592e+04
INFO: cmn.c(133): CMN: 66.56  9.38 -4.66 13.24 -32.21  9.26 -10.38  1.28 -14.86 22.94  1.09  8.68 12.92 
utt>   226                   11-1-03  118    0    64 21  3 6 5.525827e-12 -1.860943e+02 -2.195913e+04
INFO: cmn.c(133): CMN: 65.81  5.48 -20.83  5.93 -28.60  4.19 -5.60  0.17 -0.68  4.47 -3.63 -1.82  6.53 
utt>   227                   11-1-04  138    0    28 14  2 4 4.217725e-12 -1.793475e+02 -2.474996e+04
INFO: cmn.c(133): CMN: 65.22  4.26 -11.75 10.05 -29.52  6.14 -5.31  0.23 -1.66  8.11 -8.73 -4.39 -1.48 
utt>   228                   11-1-05  117    0    32 16  2 5 2.346111e-12 -1.907673e+02 -2.231978e+04
INFO: cmn.c(133): CMN: 72.93  3.84 -10.88  7.25 -15.82  7.17 -22.20 19.07 -5.48 18.15 -3.25  6.66  2.37 
utt>   229                   11-2-01   97    0    36 19  3 6 4.197133e-12 -1.937254e+02 -1.879136e+04
INFO: cmn.c(133): CMN: 73.65 11.34 -11.20  1.02 -34.09 14.84 -14.84 -2.05 -6.24 27.74 -1.95  4.93 13.11 
utt>   230                   11-2-02  133    0    68 18  2 5 5.044060e-12 -1.858576e+02 -2.471906e+04
INFO: cmn.c(133): CMN: 72.11 10.42 -18.82  4.75 -24.50  4.71 -11.12  1.95  4.13 14.16  0.38 -2.28 10.30 
utt>   231                   11-2-03  118    0    44 14  2 5 4.036628e-12 -1.829023e+02 -2.158247e+04
INFO: cmn.c(133): CMN: 72.62  5.33 -13.67 12.10 -26.97  3.46 -2.28  3.85 -6.81 22.18  0.88  1.10 -2.77 
utt>   232                   11-2-04   82    0    32 15  2 5 6.164463e-12 -1.900484e+02 -1.558397e+04
INFO: cmn.c(133): CMN: 69.98  2.05 -7.08 19.39 -27.68 -4.19 -11.07  3.38 -12.10 21.34 -0.16  6.10 -0.00 
utt>   233                   11-2-05  125    0    52 17  2 5 4.494282e-12 -1.812712e+02 -2.265889e+04
INFO: cmn.c(133): CMN: 71.88 12.09 -17.29  6.42 -26.71 12.82 -9.56  6.11 -4.03 12.11  6.50  2.77 11.41 
utt>   234                   11-3-01  132    0    44 19  2 5 5.249073e-12 -1.904197e+02 -2.513541e+04
INFO: cmn.c(133): CMN: 72.75  4.87 -23.19  6.26 -18.95 -1.72 -18.47 10.21 -1.37 12.56  1.74 -0.99 12.47 
utt>   235                   11-3-02  108    0    36 12  2 4 4.699080e-12 -1.826151e+02 -1.972243e+04
INFO: cmn.c(133): CMN: 72.91  2.66 -11.03 17.56 -20.71 -3.80 -7.85  1.29 -2.08 13.86 -4.19  1.20 -6.83 
utt>   236                   11-3-03   94    0    40 15  2 4 4.517405e-12 -1.908133e+02 -1.793645e+04
INFO: cmn.c(133): CMN: 70.41  2.95 -1.85  9.37 -27.02 -3.79 -3.89  1.97 -11.07 14.41 -0.24  6.31  1.22 
utt>   237                   11-3-04  113    0    28 14  2 4 3.561980e-12 -1.775695e+02 -2.006536e+04
INFO: cmn.c(133): CMN: 71.82 10.56 -15.99  8.52 -21.51  5.10 -7.67  2.33 -5.68 16.39  0.79  2.52 15.14 
utt>   238                   11-3-05  167    0    68 15  2 5 3.865485e-12 -1.909272e+02 -3.188484e+04
INFO: cmn.c(133): CMN: 72.60 12.55 -12.29  1.09 -30.31  9.35 -14.19  0.08  0.47 19.36  1.53  8.79 11.61 
utt>   239                   11-4-01  112    0    52 14  2 5 4.933890e-12 -1.900540e+02 -2.128605e+04
INFO: cmn.c(133): CMN: 72.40  4.76 -8.99 11.51 -18.79 -8.72 -6.60  6.55 -6.27 15.94  1.53  9.93  3.90 
utt>   240                   11-4-02  106    0    36 14  2 4 6.384711e-12 -1.834398e+02 -1.944462e+04
INFO: cmn.c(133): CMN: 70.09 11.28 -18.00 -3.20 -24.02  7.88 -3.41  7.53  0.34  5.41  8.93  2.04  7.49 
utt>   241                   11-4-03  154    0    44 19  2 5 5.752546e-12 -1.914236e+02 -2.947923e+04
INFO: cmn.c(133): CMN: 71.10  7.03 -18.33 -0.60 -25.17  8.16 -6.93 17.24 -0.58  6.60  4.75 -0.01  6.37 
utt>   242                   11-4-04  111    0    28 15  2 5 2.989226e-12 -1.756875e+02 -1.950131e+04
INFO: cmn.c(133): CMN: 73.37 10.20 -17.82  9.54 -20.08  8.55 -21.97  2.37 -3.24 14.24  2.46  3.69 13.72 
utt>   243                   11-4-05  193    0    76 13  2 3 2.580104e-12 -1.886993e+02 -3.641896e+04
INFO: cmn.c(133): CMN: 75.04 11.34 -21.21 -1.09 -24.59 10.13 -18.22  4.16  0.61 20.81  2.28 -5.12 15.49 
utt>   244                   11-5-01  119    0    44 13  2 4 3.985716e-12 -1.790281e+02 -2.130434e+04
INFO: cmn.c(133): CMN: 71.97 11.39 -13.23  3.35 -18.84  5.80 -5.25  6.79 -7.78 15.78 -4.32  0.37 12.44 
utt>   245                   11-5-02  134    0    48 15  2 5 2.191057e-12 -1.820297e+02 -2.439198e+04
INFO: cmn.c(133): CMN: 68.87 10.45 -12.72 -0.24 -22.93  7.76 -2.79  4.11  0.49 14.12 -0.44  4.17  6.74 
utt>   246                   11-5-03  116    0    32 14  2 5 7.941838e-12 -1.868694e+02 -2.167685e+04
INFO: cmn.c(133): CMN: 71.44  1.90 -9.39 10.82 -23.10  6.92 -11.57  6.54 -8.77 12.27 -0.49  3.27 -0.22 
utt>   247                   11-5-04  126    0    52 15  2 5 2.533746e-12 -1.891655e+02 -2.383485e+04
INFO: cmn.c(133): CMN: 75.09  6.06 -10.85  5.91 -21.35 14.20 -21.25  4.84 -0.00  7.67 -1.31 10.69  8.21 
utt>   248                   11-5-05  152    0    80 15  2 5 5.814583e-12 -1.932420e+02 -2.937278e+04
INFO: cmn.c(133): CMN: 67.11 11.24 -10.34  6.16 -27.34  2.11 -11.62  1.06 -14.49  0.45 -3.46  0.10  1.84 
utt>   249                   12-1-01  107    0    44 16  2 5 3.304043e-12 -1.933899e+02 -2.069272e+04
INFO: cmn.c(133): CMN: 65.59 12.36 -9.23 11.49 -29.44 15.39 -9.89  0.84 -18.48 12.29 -2.50  0.43  4.77 
utt>   250                   12-1-02  113    0    48 16  2 5 4.623018e-12 -1.903669e+02 -2.151146e+04
INFO: cmn.c(133): CMN: 63.48  9.64 -5.63 15.42 -25.36  8.14 -5.03 -1.55 -15.90 12.43 -4.47  0.92  3.43 
utt>   251                   12-1-03  150    0    64 20  3 6 6.530177e-12 -1.843957e+02 -2.765936e+04
INFO: cmn.c(133): CMN: 65.63  9.92 -14.56  1.63 -27.02  4.25 -14.22 -1.21 -6.10  2.79 -0.06 -0.01 11.02 
utt>   252                   12-1-04   93    0    28 13  2 4 5.201825e-12 -1.835137e+02 -1.706677e+04
INFO: cmn.c(133): CMN: 64.39 12.77 -14.25  2.67 -22.20  9.19 -15.43  3.42 -13.75 11.87 -0.43 -2.91 11.76 
utt>   253                   12-1-05   73    0    32 14  3 6 7.533607e-12 -1.769120e+02 -1.291458e+04
INFO: cmn.c(133): CMN: 69.05  8.25 -14.83  0.20 -24.00  3.22 -16.28  2.48 -2.99  0.44 -12.95 -2.64  1.53 
utt>   254                   12-2-01   88    0    36 12  2 4 4.936200e-12 -1.924166e+02 -1.693266e+04
INFO: cmn.c(133): CMN: 67.56 16.88 -11.78  5.46 -32.23 13.49 -12.54 -8.31 -5.14  5.04  2.40  9.19 14.09 
utt>   255                   12-2-02  136    0    68 17  3 5 5.761522e-12 -1.900832e+02 -2.585132e+04
INFO: cmn.c(133): CMN: 67.80 11.55 -19.36  8.31 -30.44  9.42 -9.06 -6.44 -2.85  8.33 -5.45 -3.81 10.76 
utt>   256                   12-2-03   98    0    44 15  3 5 3.134518e-12 -1.927892e+02 -1.889335e+04
INFO: cmn.c(133): CMN: 67.42  0.92 -3.99 10.34 -30.10  7.11 -0.62 -10.26 -10.28  6.53 -1.09 -2.84  3.99 
utt>   257                   12-2-04   92    0    32 14  3 5 5.099325e-12 -1.846047e+02 -1.698363e+04
INFO: cmn.c(133): CMN: 64.29  3.29 -5.43  3.34 -24.55  1.19 -1.20 -1.68 -12.62  4.70 -2.71 -2.74 -4.99 
utt>   258                   12-2-05   91    0    52 16  2 5 6.058826e-12 -1.923968e+02 -1.750811e+04
INFO: cmn.c(133): CMN: 65.34 14.23 -14.69  4.20 -28.62 13.04 -15.62  6.54 -8.57  9.21 -2.50  3.81  5.95 
utt>   259                   12-3-01  117    0    44 18  3 6 2.703070e-12 -1.927072e+02 -2.254674e+04
INFO: cmn.c(133): CMN: 65.84  8.79 -10.16  1.05 -19.18  0.10 -22.76  4.74 -9.68  2.89 -6.51  3.40  8.24 
utt>   260                   12-3-02   93    0    36 12  2 4 2.019606e-12 -1.843499e+02 -1.714454e+04
INFO: cmn.c(133): CMN: 66.51  5.73 -7.61  8.19 -15.54  8.18 -13.96  9.20 -10.21  3.33 -8.53 -3.66  1.93 
utt>   261                   12-3-03   82    0    40 15  2 5 3.982058e-12 -1.925719e+02 -1.579090e+04
INFO: cmn.c(133): CMN: 63.91  3.69 -0.13 -1.84 -26.05  3.40 -11.95 -0.99 -13.99  3.99 -2.29  3.66  1.57 
utt>   262                   12-3-04   86    0    28 13  2 4 5.478730e-12 -1.788974e+02 -1.538518e+04
INFO: cmn.c(133): CMN: 65.31 14.93 -5.29  8.81 -25.15 10.17 -13.76  4.75 -3.86  8.53 -1.75  0.01 12.83 
utt>   263                   12-3-05  147    0    68 16  2 5 5.223336e-12 -1.921719e+02 -2.824926e+04
INFO: cmn.c(133): CMN: 64.36 18.56 -8.51  3.81 -21.32 11.57 -8.98 -11.39 -5.60 -1.41 -6.95  4.99  9.40 
utt>   264                   12-4-01  103    0    52 14  2 5 6.168239e-12 -1.879713e+02 -1.936104e+04
INFO: cmn.c(133): CMN: 63.83  8.29 -2.13  7.46 -18.69 -4.26 -7.82 -4.24 -6.61 -0.27 -7.70 -0.46  6.66 
utt>   265                   12-4-02   89    0    36 13  2 4 2.108980e-12 -1.923757e+02 -1.712144e+04
INFO: cmn.c(133): CMN: 66.58 11.83 -12.80  2.11 -28.14  7.26 -8.45 -6.48 -5.82  8.04  1.79  5.77 11.53 
utt>   266                   12-4-03  113    0    44 17  2 5 4.096701e-12 -1.814674e+02 -2.050581e+04
INFO: cmn.c(133): CMN: 65.91  8.20 -12.66  4.57 -29.98  7.20 -7.63 -4.83  3.53  3.03  0.32  3.87  9.08 
utt>   267                   12-4-04   82    0    28 14  2 5 7.058528e-12 -1.813421e+02 -1.487005e+04
INFO: cmn.c(133): CMN: 65.75 12.20 -9.27 12.34 -21.42  7.32 -16.69 -5.14 -4.52  0.50 -4.09  6.41 12.16 
utt>   268                   12-4-05  152    0    76 14  2 4 2.634002e-12 -1.890044e+02 -2.872867e+04
INFO: cmn.c(133): CMN: 61.77 12.00 -10.91 -0.45 -24.59  9.17 -14.74 -6.27 -0.73  4.96 -4.60  5.74  6.59 
utt>   269                   12-5-01  116    0    44 13  2 4 4.101662e-12 -1.884423e+02 -2.185930e+04
INFO: cmn.c(133): CMN: 59.78  7.04 -5.09  8.42 -27.01  8.26 -7.36  1.13  0.12  3.52 -6.87  3.74  5.54 
utt>   270                   12-5-02  110    0    48 16  2 5 7.198901e-12 -1.949277e+02 -2.144205e+04
INFO: cmn.c(133): CMN: 65.57  9.09 -9.72  0.70 -28.13  4.37 -5.76 -4.55 -9.36  5.30  4.94 -3.30  2.59 
utt>   271                   12-5-03   84    0    32 14  3 5 4.869544e-12 -1.788505e+02 -1.502344e+04
INFO: cmn.c(133): CMN: 63.68  4.35 -7.84 10.29 -16.02  3.06 -6.17  1.87 -10.34  7.49  0.26  2.20  4.25 
utt>   272                   12-5-04  102    0    52 15  2 5 6.507408e-12 -1.917809e+02 -1.956165e+04
INFO: cmn.c(133): CMN: 63.20 11.08 -6.57 11.88 -14.65  0.88 -10.82 -4.98 -14.60  4.63 -5.15 11.46  3.88 
utt>   273                   12-5-05  132    0    80 18  3 5 4.495540e-12 -1.980765e+02 -2.614610e+04
INFO: cmn.c(133): CMN: 66.61  6.22  2.10 17.54 -7.09  5.71 -13.56 -12.31 -23.86 -17.33 10.90 -9.18 -6.71 
utt>   274                   13-1-01  100    0    44 12  2 5 2.092322e-12 -1.850411e+02 -1.850411e+04
INFO: cmn.c(133): CMN: 61.02 11.74 -4.35 21.18 -6.87 13.68 -13.87 -12.68 -18.27 -10.20  2.76 -6.01 -6.18 
utt>   275                   13-1-02  103    0    48 15  2 5 4.441342e-12 -1.919548e+02 -1.977134e+04
INFO: cmn.c(133): CMN: 65.75 11.60 -4.51 22.57 -9.36 17.88 -22.08 -6.17 -37.41 -16.18 10.98 -9.00 -4.64 
utt>   276                   13-1-03   94    0    64 20  3 6 4.919048e-12 -1.948605e+02 -1.831689e+04
INFO: cmn.c(133): CMN: 64.20 13.50 -8.53 17.64 -21.71 15.40 -26.91 -3.88 -16.60  3.43 11.65 -3.41  0.69 
utt>   277                   13-1-04   81    0    28 11  2 4 3.016973e-12 -1.833627e+02 -1.485238e+04
INFO: cmn.c(133): CMN: 58.21 13.21  3.33 14.63 -9.23 14.87 -15.48 -0.81 -19.55  4.03  8.68 -11.51 -2.07 
utt>   278                   13-1-05   81    0    32 15  2 5 7.094748e-12 -1.964143e+02 -1.590956e+04
INFO: cmn.c(133): CMN: 67.53  9.90 -6.02 -0.78 -9.08 10.76 -30.69 -0.43 -14.41 -1.01  4.51  2.20 -4.81 
utt>   279                   13-2-01   81    0    36 12  2 5 2.824575e-12 -1.943346e+02 -1.574110e+04
INFO: cmn.c(133): CMN: 63.83 18.84 -0.69  6.60 -20.31 26.59 -16.02 -4.89 -30.51 -4.70  9.12  8.61 -4.12 
utt>   280                   13-2-02  134    0    68 17  3 5 5.120316e-12 -1.958459e+02 -2.624335e+04
INFO: cmn.c(133): CMN: 69.03 13.62 -4.86  9.18 -23.94 19.57 -21.49 -3.03 -20.81 -3.43 12.89  0.95 -5.01 
utt>   281                   13-2-03  103    0    44 15  2 5 5.719543e-12 -1.937015e+02 -1.995126e+04
INFO: cmn.c(133): CMN: 65.23  7.28  0.16 39.65 -10.23 20.86 -25.59 -3.83 -10.94 -14.55 12.20  7.58 -4.76 
utt>   282                   13-2-04   58    0    32 17  2 5 5.060219e-12 -1.748095e+02 -1.013895e+04
INFO: cmn.c(133): CMN: 64.40  0.59  3.07 18.94 -4.86 15.19 -26.19  0.13 -16.97 -10.71  8.87  0.52 -2.94 
utt>   283                   13-2-05  103    0    52 16  2 5 4.223134e-12 -1.881284e+02 -1.937722e+04
INFO: cmn.c(133): CMN: 66.20 17.24 -10.87  5.38 -14.41 18.37 -22.10 -5.32 -23.31 -0.42  5.07  0.90  1.92 
utt>   284                   13-3-01   85    0    44 18  3 6 6.678460e-12 -1.953643e+02 -1.660597e+04
INFO: cmn.c(133): CMN: 67.04  8.45 -6.07  2.70 -8.82 13.16 -32.86 -6.70 -15.16  2.83  5.98 -2.25  6.31 
utt>   285                   13-3-02   96    0    36 11  2 4 1.999436e-12 -1.815407e+02 -1.742791e+04
INFO: cmn.c(133): CMN: 64.66  8.05  0.48 18.04 -6.72 10.94 -24.87 -2.03 -17.42 -6.61  5.17 -1.13  5.39 
utt>   286                   13-3-03   89    0    40 14  2 5 3.341932e-12 -1.884169e+02 -1.676910e+04
INFO: cmn.c(133): CMN: 65.77  2.01  0.83 18.38 -10.21  9.13 -25.82 -1.82 -16.73 -8.76  6.74 -7.70  4.15 
utt>   287                   13-3-04   70    0    28 12  2 5 3.072235e-12 -1.812297e+02 -1.268608e+04
INFO: cmn.c(133): CMN: 60.97 14.03 -1.47 15.91 -10.19 16.61 -23.98 -2.22 -17.13 -4.07  5.61 -7.30  2.14 
utt>   288                   13-3-05  121    0    68 16  2 5 4.394488e-12 -1.868411e+02 -2.260778e+04
INFO: cmn.c(133): CMN: 61.44 13.38  1.01 11.45 -9.70 22.54 -21.38 -11.31 -19.82  5.52 10.81 -1.23  3.91 
utt>   289                   13-4-01   96    0    52 13  2 4 3.492928e-12 -1.842993e+02 -1.769274e+04
INFO: cmn.c(133): CMN: 62.94  4.16 -1.91  9.81  2.60  2.70 -26.45 -2.27 -9.76  4.41 -0.34 -9.40  0.74 
utt>   290                   13-4-02   90    0    36 13  2 5 3.912447e-12 -1.946870e+02 -1.752183e+04
INFO: cmn.c(133): CMN: 62.43 14.43 -8.56  4.86 -7.79  9.57 -22.52 -0.90 -19.56  6.98  8.01 -2.73 -0.54 
utt>   291                   13-4-03   85    0    44 17  3 6 4.512659e-12 -1.797353e+02 -1.527750e+04
INFO: cmn.c(133): CMN: 60.84 13.68 -9.34  7.59 -18.66  9.25 -11.43  3.40 -17.67 -0.42  8.61  5.58 -8.56 
utt>   292                   13-4-04   87    0    28 13  2 5 6.941452e-12 -1.798660e+02 -1.564834e+04
INFO: cmn.c(133): CMN: 62.65 13.21 -3.27 14.55 -9.09 22.85 -21.33 -4.03 -19.66  0.68 10.71  3.79 -6.37 
utt>   293                   13-4-05  154    0    76 13  2 4 3.023193e-12 -1.913116e+02 -2.946199e+04
INFO: cmn.c(133): CMN: 65.63 16.00 -5.28  7.69 -19.10 20.67 -30.13 -11.40 -19.11 -0.28 11.51  4.36 -4.15 
utt>   294                   13-5-01  109    0    44 12  2 4 3.311239e-12 -1.922529e+02 -2.095556e+04
INFO: cmn.c(133): CMN: 61.61 15.28  0.23 13.07 -17.80 17.04 -24.10  4.97 -23.20 -6.22  9.43 -2.71 -3.79 
utt>   295                   13-5-02   76    0    48 17  2 5 5.953682e-12 -1.898783e+02 -1.443075e+04
INFO: cmn.c(133): CMN: 61.22 13.16 -5.32 14.56 -17.42 12.78 -19.75 -3.55 -11.99 -4.84 10.35  0.60 -4.81 
utt>   296                   13-5-03   79    0    32 13  2 5 2.534914e-12 -1.892386e+02 -1.494985e+04
INFO: cmn.c(133): CMN: 59.15  4.45  2.60 16.95 -0.80 13.24 -20.28  0.49 -19.29 -6.63  0.22 -6.80 -0.11 
utt>   297                   13-5-04  123    0    52 14  2 4 3.725745e-12 -1.933811e+02 -2.378587e+04
overall> stats 15360 (-0) -1.892281e+02 -2.906544e+06
WARN: "accum.c", line 642: The following senones never occur in the input data
	45 46 47 66 67 68 84 85 86 87 
	88 89 102 103 104 
INFO: s3mixw_io.c(232): Wrote /home/sourav/workdir/acoustic_model_final/bwaccumdir/final_buff_2/mixw_counts [105x4x256 array]
INFO: s3tmat_io.c(175): Wrote /home/sourav/workdir/acoustic_model_final/bwaccumdir/final_buff_2/tmat_counts [35x3x4 array]
INFO: s3gau_io.c(480): Wrote /home/sourav/workdir/acoustic_model_final/bwaccumdir/final_buff_2/gauden_counts with means with vars (2pass) [35x4x256 vector arrays]
INFO: main.c(999): Counts saved to /home/sourav/workdir/acoustic_model_final/bwaccumdir/final_buff_2
Thu Dec  5 21:24:54 2019
