        INFO: main.c(229): Compiled on Jul 21 2019 at 15:43:35
Current configuration:
[NAME]		[DEFLT]		[VALUE]
-2passvar	no		yes
-abeam		1e-100		1.000000e-90
-accumdir			/home/sourav/workdir/acoustic_model_final/bwaccumdir/final_buff_1
-agc		none		none
-agcthresh	2.0		2.000000e+00
-bbeam		1e-100		1.000000e-10
-cb2mllrfn	.1cls.		.1cls.
-cepdir				/home/sourav/workdir/acoustic_model_final/feat
-cepext		mfc		mfc
-ceplen		13		13
-ckptintv			0
-cmn		live		batch
-cmninit	40,3,-1		40,3,-1
-ctlfn				/home/sourav/workdir/acoustic_model_final/etc/final_train.fileids
-diagfull	no		no
-dictfn				/home/sourav/workdir/acoustic_model_final/etc/final.dic.full
-example	no		no
-fdictfn			/home/sourav/workdir/acoustic_model_final/etc/final.filler
-feat		1s_c_d_dd	s2_4x
-fullvar	no		no
-help		no		no
-hmmdir				
-latdir				
-latext				
-lda				
-ldadim		0		0
-lsnfn				/home/sourav/workdir/acoustic_model_final/etc/final_train.transcription
-lw		11.5		1.150000e+01
-maxuttlen	0		0
-meanfn				/home/sourav/workdir/acoustic_model_final/model_parameters/final.ci_ptm/means
-meanreest	yes		yes
-mixwfn				/home/sourav/workdir/acoustic_model_final/model_parameters/final.ci_ptm/mixture_weights
-mixwreest	yes		yes
-mllrmat			
-mmie		no		no
-mmie_type	rand		rand
-moddeffn			/home/sourav/workdir/acoustic_model_final/model_architecture/final.ci.mdef
-mwfloor	0.00001		1.000000e-08
-npart				5
-nskip				0
-outphsegdir			
-outputfullpath	no		no
-part				1
-pdumpdir			
-phsegdir			
-phsegext	phseg		phseg
-runlen		-1		-1
-sentdir			
-sentext	sent		sent
-spthresh	0.0		0.000000e+00
-svspec				
-timing		yes		no
-tmatfn				/home/sourav/workdir/acoustic_model_final/model_parameters/final.ci_ptm/transition_matrices
-tmatreest	yes		yes
-topn		4		256
-tpfloor	0.0001		1.000000e-04
-ts2cbfn			.ptm.
-varfloor	0.00001		1.000000e-04
-varfn				/home/sourav/workdir/acoustic_model_final/model_parameters/final.ci_ptm/variances
-varnorm	no		no
-varreest	yes		yes
-viterbi	no		no

INFO: feat.c(713): Initializing feature stream to type: 's2_4x', ceplen=13, CMN='batch', VARNORM='no', AGC='none'
INFO: main.c(318): Reading /home/sourav/workdir/acoustic_model_final/model_architecture/final.ci.mdef
INFO: model_def_io.c(573): Model definition info:
INFO: model_def_io.c(574): 35 total models defined (35 base, 0 tri)
INFO: model_def_io.c(575): 140 total states
INFO: model_def_io.c(576): 105 total tied states
INFO: model_def_io.c(577): 105 total tied CI states
INFO: model_def_io.c(578): 35 total tied transition matrices
INFO: model_def_io.c(579): 4 max state/model
INFO: model_def_io.c(580): 4 min state/model
INFO: s3mixw_io.c(116): Read /home/sourav/workdir/acoustic_model_final/model_parameters/final.ci_ptm/mixture_weights [105x4x256 array]
INFO: mod_inv.c(408): Failed to norm for 15 mixw: 45 46 47 66 67 68 84 85 86 87 88 89 102 103 104
INFO: s3tmat_io.c(117): Read /home/sourav/workdir/acoustic_model_final/model_parameters/final.ci_ptm/transition_matrices [35x3x4 array]
INFO: mod_inv.c(300): inserting tprob floor 1.000000e-04 and renormalizing
INFO: s3gau_io.c(168): Read /home/sourav/workdir/acoustic_model_final/model_parameters/final.ci_ptm/means [35x4x256 array]
INFO: s3gau_io.c(168): Read /home/sourav/workdir/acoustic_model_final/model_parameters/final.ci_ptm/variances [35x4x256 array]
INFO: gauden.c(176): 35 total mgau
INFO: gauden.c(150): 4 feature streams (|0|=12 |1|=24 |2|=3 |3|=12 )
INFO: gauden.c(187): 256 total densities
INFO: gauden.c(90): min_var=1.000000e-04
INFO: gauden.c(165): compute 256 densities/frame
INFO: main.c(430): Will reestimate mixing weights.
INFO: main.c(432): Will reestimate means.
INFO: main.c(434): Will reestimate variances.
INFO: main.c(442): Will reestimate transition matrices
INFO: main.c(455): Reading main dictionary: /home/sourav/workdir/acoustic_model_final/etc/final.dic.full
INFO: lexicon.c(220): 40 entries added from /home/sourav/workdir/acoustic_model_final/etc/final.dic.full
INFO: main.c(465): Reading filler dictionary: /home/sourav/workdir/acoustic_model_final/etc/final.filler
INFO: lexicon.c(220): 3 entries added from /home/sourav/workdir/acoustic_model_final/etc/final.filler
INFO: corpus.c(1065): Will process 149 utts starting at 0
INFO: main.c(664): Reestimation: Baum-Welch
INFO: cmn.c(133): CMN: 50.83  9.59  4.21  5.23  6.27  0.40  2.68  1.76 -3.18  4.09 -10.00  0.98 -11.30 
column defns
	<seq>
	<id>
	<n_frame_in>
	<n_frame_del>
	<n_state_shmm>
	<avg_states_alpha>
	<avg_states_beta>
	<avg_states_reest>
	<avg_posterior_prune>
	<frame_log_lik>
	<utt_log_lik>
	... timing info ... 
utt>     0                    1-1-01  138    0INFO: cvt2triphone.c(199): no multiphones defined, no conversion done
    44 27  5 11 1.419856e-11 -2.107416e+02 -2.908234e+04
INFO: cmn.c(133): CMN: 54.16 11.76 -2.11 10.47 -1.47  3.52 11.41  2.25 -5.54  6.25 -13.45 -3.29 -5.12 
utt>     1                    1-1-02  133    0    48 30  5 11 1.131445e-11 -2.069487e+02 -2.752418e+04
INFO: cmn.c(133): CMN: 51.98 10.19  1.67 12.82 -8.50  3.82  4.63 -1.16  2.84  3.91 -10.19  2.81 -2.83 
utt>     2                    1-1-03  179    0    64 35  5 11 1.042963e-11 -2.077687e+02 -3.719060e+04
INFO: cmn.c(133): CMN: 53.70 10.40 -15.98 -0.24 -5.27  3.79  5.03  0.47 -0.10  9.41 -5.97 -2.86  2.69 
utt>     3                    1-1-04  112    0    28 20  4 9 7.516978e-12 -1.995020e+02 -2.234422e+04
INFO: cmn.c(133): CMN: 48.51 10.73 -4.91  4.70 -1.47  2.78 11.32 -0.64 -0.24 11.59 -8.51 -3.60 -4.03 
utt>     4                    1-1-05  114    0    32 23  6 12 6.314153e-12 -2.043205e+02 -2.329253e+04
INFO: cmn.c(133): CMN: 58.89 10.47 -12.06 -0.74  6.11  5.57 -0.32 -3.92 -3.76  6.07 -10.41 -8.59 -1.73 
utt>     5                    1-2-01  101    0    36 24  5 10 9.064685e-12 -2.018923e+02 -2.039113e+04
INFO: cmn.c(133): CMN: 54.78 16.18  4.60 -10.19 -14.68 11.34 13.80 -12.97  4.40  9.16 -16.47  2.62  8.80 
utt>     6                    1-2-02  177    0    68 37  6 11 1.251611e-11 -2.071452e+02 -3.666469e+04
INFO: cmn.c(133): CMN: 52.98 13.28  0.71 -3.31 -1.29 -2.39 10.86 -2.54 -3.65  8.07 -12.07 -5.50  4.68 
utt>     7                    1-2-03  122    0    44 27  5 11 9.824522e-12 -2.034209e+02 -2.481735e+04
INFO: cmn.c(133): CMN: 55.79  6.49  2.33 13.45 -0.87 -13.82 17.75 -1.74  0.92 -3.42 -13.52  0.12 -5.00 
utt>     8                    1-2-04   83    0    32 23  5 11 1.007378e-11 -2.082694e+02 -1.728636e+04
INFO: cmn.c(133): CMN: 51.53  5.28 -1.23  4.19  2.57 -5.23 14.19 -6.18  5.22 -1.66 -11.10 -0.30 -6.99 
utt>     9                    1-2-05  116    0    52 30  6 13 9.323015e-12 -2.073126e+02 -2.404826e+04
INFO: cmn.c(133): CMN: 54.38 14.04 -1.67 -6.64 -11.33 13.35 -3.15 -4.50 11.42 -7.95 -11.95 -2.84 -4.83 
utt>    10                    1-3-01  131    0    44 28  6 12 1.042448e-11 -2.125285e+02 -2.784124e+04
INFO: cmn.c(133): CMN: 54.88  8.78 -8.37  3.14 -11.17  0.93  7.10 -8.32  3.28 -0.21 -11.47 -0.57  0.45 
utt>    11                    1-3-02  120    0    36 24  4 9 6.689892e-12 -2.104176e+02 -2.525011e+04
INFO: cmn.c(133): CMN: 51.16  2.93  1.12 11.69  5.49 -5.90 11.04  1.08 -1.42  3.02 -7.09 -2.49 -9.31 
utt>    12                    1-3-03  132    0    40 27  5 10 8.422442e-12 -2.070769e+02 -2.733415e+04
INFO: cmn.c(133): CMN: 50.18  3.62  7.56 11.86 -7.45 -17.19 10.06 -0.58  3.85 -2.06 -11.47 -0.38 -1.97 
utt>    13                    1-3-04   99    0    28 20  5 11 5.640072e-12 -2.067815e+02 -2.047137e+04
INFO: cmn.c(133): CMN: 50.17 17.05 -0.39  6.33 -0.86 -8.26 11.08 -6.91  2.25 -2.63 -9.71 -1.80 -3.60 
utt>    14                    1-3-05  229    0    68 40  6 13 1.229437e-11 -2.078416e+02 -4.759573e+04
INFO: cmn.c(133): CMN: 55.03 12.83 -0.73 -5.78 -12.27  4.87  5.74 -11.85  2.51  2.86 -12.35  3.98 12.33 
utt>    15                    1-4-01  136    0    52 30  6 12 1.086430e-11 -2.050020e+02 -2.788028e+04
INFO: cmn.c(133): CMN: 55.46  3.32 -3.40  7.23  0.13 -9.00  1.66 -0.16 -6.01 -4.35 -9.69 -7.59  0.08 
utt>    16                    1-4-02  119    0    36 24  5 10 7.086795e-12 -2.034654e+02 -2.421239e+04
INFO: cmn.c(133): CMN: 55.83 13.90 -6.28 -8.07 -8.28  1.49 -3.85  3.72  2.71  5.40 -12.24 -12.27 17.87 
utt>    17                    1-4-03  128    0    44 34  6 12 1.092077e-11 -2.049065e+02 -2.622803e+04
INFO: cmn.c(133): CMN: 58.89 13.42 -8.40 -10.38 -4.45 -10.54  6.56  3.29 -3.64 13.01 -16.14 -5.09  7.91 
utt>    18                    1-4-04   84    0    28 19  5 10 6.987017e-12 -2.018444e+02 -1.695493e+04
INFO: cmn.c(133): CMN: 53.46 16.71 -4.93  2.88 -1.99 -4.46  7.88 -10.62 -1.40  6.25 -8.68  2.17  3.62 
utt>    19                    1-4-05  221    0    76 38  6 11 9.066849e-12 -2.065550e+02 -4.564865e+04
INFO: cmn.c(133): CMN: 52.54 15.40 -1.96 -3.88 -13.37  4.89 14.17 -27.80  3.24  8.91 -10.76 -3.26  3.26 
utt>    20                    1-5-01  132    0    44 26  6 12 9.920526e-12 -2.071656e+02 -2.734586e+04
INFO: cmn.c(133): CMN: 49.45 12.58 -0.06  7.92 -9.16 -10.05 19.18 -6.18 -0.92 -4.43 -5.01 -9.41 -2.07 
utt>    21                    1-5-02  134    0    48 30  6 12 1.062285e-11 -2.066882e+02 -2.769623e+04
INFO: cmn.c(133): CMN: 48.86  9.17 -1.27 -1.41 -10.37 -14.41 20.79  1.24 -1.23 12.14 -11.27 -8.11  4.74 
utt>    22                    1-5-03  110    0    32 25  6 12 9.113678e-12 -2.077968e+02 -2.285765e+04
INFO: cmn.c(133): CMN: 50.14 10.21 -6.20 11.64 -0.48 -4.18 13.63 -7.98  8.24 -6.04 -6.45 -8.35 -1.06 
utt>    23                    1-5-04  118    0    52 29  6 12 1.058324e-11 -2.065319e+02 -2.437076e+04
INFO: cmn.c(133): CMN: 54.26  9.45 -6.66  4.82 -4.74 -5.17  3.44 -13.34  4.39  1.85 -6.36  0.80  5.43 
utt>    24                    1-5-05  191    0    80 52  8 16 1.237116e-11 -2.057180e+02 -3.929213e+04
INFO: cmn.c(133): CMN: 58.80  8.36  2.35 15.30 -13.39  1.34  4.70  4.64 -2.71 -11.46 -6.32 -5.32 -7.41 
utt>    25                    2-1-01  122    0    44 29  5 11 8.298906e-12 -2.058874e+02 -2.511826e+04
INFO: cmn.c(133): CMN: 60.33  9.73  0.66 20.14 -12.55  2.71  7.07  7.82  1.32 -15.65  2.17 -2.93 -7.59 
utt>    26                    2-1-02  110    0    48 32  6 12 1.200858e-11 -2.060693e+02 -2.266763e+04
INFO: cmn.c(133): CMN: 56.80 11.50  0.65 25.87 -10.04  1.44 10.56  5.46 -1.73 -13.28 -4.09 -4.51 -3.65 
utt>    27                    2-1-03  140    0    64 40  7 14 1.376260e-11 -2.012859e+02 -2.818003e+04
INFO: cmn.c(133): CMN: 64.23  9.09 -5.37 12.59 -15.67 -3.05 -2.23 -1.28  4.43 -17.41  0.00 -6.79 -9.24 
utt>    28                    2-1-04   69    0    28 20  5 11 5.193299e-12 -2.022355e+02 -1.395425e+04
INFO: cmn.c(133): CMN: 59.23 11.49 -2.26  9.60 -3.94  1.78  7.08  5.01  4.43 -14.60  5.56 -5.23 -7.75 
utt>    29                    2-1-05   76    0    32 24  5 11 8.731125e-12 -2.092788e+02 -1.590519e+04
INFO: cmn.c(133): CMN: 67.08 10.05 -7.39  2.73 -3.62 -1.17 -4.76  3.10  0.94 -11.13 -2.91  0.31 -4.38 
utt>    30                    2-2-01   87    0    36 23  5 10 8.944379e-12 -1.994271e+02 -1.735016e+04
INFO: cmn.c(133): CMN: 63.37 16.32 -0.81  8.15 -12.61  4.34 13.40 -8.43 -5.72 -12.32  1.39  4.52 -9.73 
utt>    31                    2-2-02  117    0    68 43  6 13 1.150694e-11 -2.049236e+02 -2.397606e+04
INFO: cmn.c(133): CMN: 66.10 10.33 -3.46 -0.32 -6.44  1.86  1.55  4.91  3.81 -20.42 13.51 -5.69 -6.04 
utt>    32                    2-2-03   83    0    44 30  5 11 9.092396e-12 -2.069071e+02 -1.717329e+04
INFO: cmn.c(133): CMN: 61.61  4.67  0.89 16.49 -0.07 -1.98  3.59  2.91 -4.26 -27.14  4.84 -0.58 -13.00 
utt>    33                    2-2-04   74    0    32 23  6 12 1.310541e-11 -2.051120e+02 -1.517829e+04
INFO: cmn.c(133): CMN: 58.22  2.62 -8.24 23.35  7.11 -6.06  1.85  0.11  1.65 -23.33 -3.78  0.28 -17.36 
utt>    34                    2-2-05   91    0    52 28  6 12 8.735189e-12 -2.094433e+02 -1.905934e+04
INFO: cmn.c(133): CMN: 63.61 13.90 -2.82  6.74 -14.66 -6.67  6.19  1.38 -2.21 -5.01 -2.26  3.04 -4.95 
utt>    35                    2-3-01   99    0    44 31  6 12 7.673999e-12 -2.064267e+02 -2.043625e+04
INFO: cmn.c(133): CMN: 64.62  8.89 -5.21 -7.28 -1.52 -4.83 -6.46  0.74  0.61 -15.92  2.87  1.25 -14.67 
utt>    36                    2-3-02   84    0    36 22  4 9 6.587957e-12 -2.074856e+02 -1.742879e+04
INFO: cmn.c(133): CMN: 61.25  5.05  0.33 11.52  0.90 -0.93  3.82  6.99 -5.14 -8.87 -3.99  2.00 -9.09 
utt>    37                    2-3-03   78    0    40 27  5 11 1.129609e-11 -2.044286e+02 -1.594543e+04
INFO: cmn.c(133): CMN: 61.70  3.62  4.12  7.90 -1.45 -8.93 -5.56  4.79 -3.90 -28.25  2.80 -2.63 -9.54 
utt>    38                    2-3-04   66    0    28 20  6 11 8.363881e-12 -1.992880e+02 -1.315301e+04
INFO: cmn.c(133): CMN: 58.48 15.94 -1.92 11.96  0.30  0.80  2.20  5.23  0.78 -23.24 10.47 -1.52 -13.67 
utt>    39                    2-3-05  125    0    68 36  6 12 8.403258e-12 -2.078151e+02 -2.597688e+04
INFO: cmn.c(133): CMN: 59.65 19.15 -4.03  6.24 -3.30 -0.97  9.32 -7.17 -4.24 -9.18 -5.55  4.31 -13.71 
utt>    40                    2-4-01   91    0    52 30  6 13 9.958990e-12 -2.075392e+02 -1.888606e+04
INFO: cmn.c(133): CMN: 59.13 10.39 -3.46 -0.11 -5.65 -4.47  3.46  2.50 -5.08 -8.62 -0.67  2.47 -15.72 
utt>    41                    2-4-02   57    0    36 23  5 10 8.052689e-12 -2.076981e+02 -1.183879e+04
INFO: cmn.c(133): CMN: 63.00 16.59 -5.19  0.69 -13.36 -10.20  8.80  3.09 -3.95 -8.38 -3.74  0.94 -10.44 
utt>    42                    2-4-03   94    0    44 31  6 12 1.045867e-11 -2.022165e+02 -1.900835e+04
INFO: cmn.c(133): CMN: 61.78  5.65 -10.24 -3.40 -9.32 -4.88 -0.49 -1.34 -1.01 -3.36  0.87  1.22 -12.25 
utt>    43                    2-4-04   78    0    28 22  5 11 9.010245e-12 -2.004599e+02 -1.563588e+04
INFO: cmn.c(133): CMN: 62.55 13.20 -4.44 18.40  0.69  2.64  2.65 -9.91  2.91 -20.21  3.22 -0.19 -9.54 
utt>    44                    2-4-05  138    0    76 31  5 11 8.910292e-12 -2.038970e+02 -2.813779e+04
INFO: cmn.c(133): CMN: 65.40 18.84 -4.24  5.33 -5.57  0.72 -0.80 -8.19 -2.47 -15.81 14.13 -0.89 -13.61 
utt>    45                    2-5-01   78    0    44 25  5 10 6.711028e-12 -2.042824e+02 -1.593403e+04
INFO: cmn.c(133): CMN: 59.40 15.38 -4.63 10.88 -2.58 -0.85  5.48  4.48  0.67 -14.52  1.98  3.57 -11.59 
utt>    46                    2-5-02   91    0    48 33  6 12 1.297654e-11 -2.038865e+02 -1.855367e+04
INFO: cmn.c(133): CMN: 62.03 12.93 -0.60  1.94 -11.77 -6.41 -2.13  3.59 -1.08 -21.82 10.60  3.83 -17.93 
utt>    47                    2-5-03   65    0    32 23  6 12 1.251081e-11 -2.035728e+02 -1.323223e+04
INFO: cmn.c(133): CMN: 56.44  8.34 -6.85 25.86  7.87  1.80  3.07  7.43 -5.42 -9.19 -4.94 -0.40 -13.90 
utt>    48                    2-5-04  111    0    52 30  5 11 1.008783e-11 -2.042416e+02 -2.267082e+04
INFO: cmn.c(133): CMN: 60.05 10.13 -5.09 13.97  3.47 -3.71 -0.29 -4.30 -0.83 -11.22 -5.97  1.13 -5.73 
utt>    49                    2-5-05  133    0    80 40  7 14 1.096030e-11 -2.060621e+02 -2.740626e+04
INFO: cmn.c(133): CMN: 59.33 11.64 -9.18 25.02 -4.06  4.63 -16.33 -5.31 -9.18 -0.44 -5.34 -2.81  7.19 
utt>    50                    4-1-01  107    0    44 29  6 13 1.595202e-11 -2.007571e+02 -2.148101e+04
INFO: cmn.c(133): CMN: 59.06 16.14 -12.39 38.67 -11.30 11.23 -13.26 -11.23 -10.54 -4.40 -0.65 -8.56  6.64 
utt>    51                    4-1-02  113    0    48 34  6 13 1.104759e-11 -1.976236e+02 -2.233147e+04
INFO: cmn.c(133): CMN: 58.53 19.17 -10.58 29.35 -4.95 12.23 -18.51 -12.72 -12.65 -2.11  2.33 -5.74  9.25 
utt>    52                    4-1-03  124    0    64 42  7 15 1.548056e-11 -1.951635e+02 -2.420027e+04
INFO: cmn.c(133): CMN: 62.12 17.42 -21.23 24.45 -26.32  1.74 -19.26 -13.34 -8.86 11.52 -2.02 -6.70 10.65 
utt>    53                    4-1-04   87    0    28 21  5 11 7.227085e-12 -1.966289e+02 -1.710671e+04
INFO: cmn.c(133): CMN: 57.99 19.10 -16.30 22.37 -18.36  5.95 -4.80 -12.79 -4.00  0.47 -1.50 -8.00  2.93 
utt>    54                    4-1-05   91    0    32 25  6 12 1.247844e-11 -1.979452e+02 -1.801302e+04
INFO: cmn.c(133): CMN: 64.90 17.41 -15.62 13.05 -1.22  7.13 -23.88 -11.73 -11.23 12.31  1.02 -4.20  2.97 
utt>    55                    4-2-01   89    0    36 26  5 11 1.031125e-11 -1.967224e+02 -1.750829e+04
INFO: cmn.c(133): CMN: 60.33 22.79 -10.76 20.81 -12.57 17.90 -14.26 -23.23 -18.01 -0.91  6.13 -1.72 13.70 
utt>    56                    4-2-02  137    0    68 45  6 13 1.104135e-11 -1.961065e+02 -2.686660e+04
INFO: cmn.c(133): CMN: 61.95 17.93 -16.51 17.68 -16.40 11.92 -14.24 -20.25 -6.70  8.63  4.29 -2.87  0.87 
utt>    57                    4-2-03  112    0    44 30  5 11 8.385921e-12 -1.946034e+02 -2.179558e+04
INFO: cmn.c(133): CMN: 59.62 12.01 -9.83 45.24 -21.71  4.75 -4.67 -17.70 -10.89 -2.23  0.93 -7.45 12.44 
utt>    58                    4-2-04   86    0    32 23  7 13 6.600766e-12 -1.927410e+02 -1.657573e+04
INFO: cmn.c(133): CMN: 58.36 12.19 -12.12 38.14 -6.25  4.76 -9.94 -21.42 -8.01 -9.56 -3.88 -4.64  4.63 
utt>    59                    4-2-05   79    0    52 35  8 16 1.114002e-11 -2.036149e+02 -1.608557e+04
INFO: cmn.c(133): CMN: 63.33 22.78 -23.73 23.48 -11.53 13.48 -24.16 -15.98 -10.77  1.23  2.59  1.36 14.20 
utt>    60                    4-3-01  101    0    44 30  6 12 1.473694e-11 -1.937646e+02 -1.957022e+04
INFO: cmn.c(133): CMN: 62.18 13.18 -19.39 20.09 -5.78  5.82 -20.05 -21.67 -4.59  4.56 -1.13 -4.41  8.46 
utt>    61                    4-3-02   94    0    36 23  5 10 1.132506e-11 -1.993463e+02 -1.873855e+04
INFO: cmn.c(133): CMN: 61.16  9.84 -9.79 34.35  0.86  6.02 -11.93 -20.32 -2.34 -2.32  0.33 -1.37  7.55 
utt>    62                    4-3-03   98    0    40 27  5 11 1.241279e-11 -1.945499e+02 -1.906589e+04
INFO: cmn.c(133): CMN: 60.63  6.77 -5.15 28.90 -9.26 -4.10 -16.70 -20.91 -9.00 -6.53 -4.43 -1.30  9.95 
utt>    63                    4-3-04   83    0    28 21  5 11 9.925468e-12 -1.942867e+02 -1.612580e+04
INFO: cmn.c(133): CMN: 60.14 20.30 -15.80 28.96 -6.79  5.08 -11.22 -25.57 -2.75  1.30  3.69 -3.59  7.99 
utt>    64                    4-3-05  121    0    68 43  7 14 1.189255e-11 -2.000223e+02 -2.420269e+04
INFO: cmn.c(133): CMN: 61.77 19.79 -11.18 25.81 -12.62 19.04 -10.73 -31.68 -14.22 -0.18  2.92 -1.10 11.69 
utt>    65                    4-4-01   91    0    52 33  7 13 8.711749e-12 -1.999767e+02 -1.819788e+04
INFO: cmn.c(133): CMN: 61.04  9.67 -10.41 20.43  8.67  2.11 -26.70 -13.40 -4.51  0.23 -8.61  1.41  9.52 
utt>    66                    4-4-02  104    0    36 25  5 10 9.033158e-12 -1.986001e+02 -2.065441e+04
INFO: cmn.c(133): CMN: 62.37 22.36 -20.23 20.62 -17.73  2.67 -17.22 -17.50 -6.04  2.07  4.34  1.90 16.66 
utt>    67                    4-4-03  108    0    44 33  6 13 1.323875e-11 -1.952747e+02 -2.108966e+04
INFO: cmn.c(133): CMN: 68.81 21.78 -24.35 22.10 -20.80  7.97 -27.57 -16.48 -2.38 14.04 10.96  1.52  9.87 
utt>    68                    4-4-04   57    0    28 21  6 12 7.331348e-12 -1.903973e+02 -1.085265e+04
INFO: cmn.c(133): CMN: 65.30 17.16 -20.76 32.82 -5.62  9.64 -29.83 -30.46 -6.05  6.63  2.92 -0.33  9.26 
utt>    69                    4-4-05  136    0    76 40  6 13 1.056313e-11 -2.008539e+02 -2.731613e+04
INFO: cmn.c(133): CMN: 70.51 19.03 -22.18 22.01 -20.33 16.99 -29.32 -32.80 -4.30 10.70 10.96  1.62  6.32 
utt>    70                    4-5-01   81    0    44 29  6 12 1.412374e-11 -1.956769e+02 -1.584983e+04
INFO: cmn.c(133): CMN: 65.54 23.13 -17.91 28.61 -22.64  4.50 -8.12 -26.33 -2.25  7.44 10.35 -1.65 12.09 
utt>    71                    4-5-02   51    0    48 28  8 15 8.882667e-12 -1.924602e+02 -9.815470e+03
INFO: cmn.c(133): CMN: 64.94 14.70 -13.73 31.84 -26.01  3.24 -9.08 -26.65 -8.14 -2.88  0.45 -0.93 14.25 
utt>    72                    4-5-03   48    0    32 21  6 12 9.912536e-12 -1.983632e+02 -9.521433e+03
INFO: cmn.c(133): CMN: 60.78 17.45 -17.83 40.69 -17.05 10.90 -13.50 -24.71 -2.01 -9.07 -2.25 -5.60  6.52 
utt>    73                    4-5-04   95    0    52 33  7 14 1.284092e-11 -1.997910e+02 -1.898014e+04
INFO: cmn.c(133): CMN: 62.30 16.11 -11.25 28.52 -7.21 12.65 -22.35 -29.52 -7.80 -3.74  1.73  1.65  9.51 
utt>    74                    4-5-05  112    0    80 41  7 15 1.050243e-11 -2.033581e+02 -2.277610e+04
INFO: cmn.c(133): CMN: 58.69 14.71 18.40  5.24 -7.76 14.55 -16.07 -0.71 -24.44  6.67 -2.30 15.74 -4.44 
utt>    75                    5-1-01  109    0    44 26  5 10 6.817201e-12 -2.129570e+02 -2.321232e+04
INFO: cmn.c(133): CMN: 58.62 17.61 19.71 13.07 -12.70 23.35 -9.63 -1.27 -27.51 20.28 -13.10 15.09 -9.77 
utt>    76                    5-1-02  109    0    48 28  5 11 7.029993e-12 -2.105457e+02 -2.294948e+04
INFO: cmn.c(133): CMN: 60.89 17.66 19.38 12.88 -8.47 20.51 -18.04  3.71 -28.19 25.58 -5.26 23.40  2.49 
utt>    77                    5-1-03  108    0    64 38  7 14 1.562854e-11 -2.077607e+02 -2.243815e+04
INFO: cmn.c(133): CMN: 63.34 17.17  5.42  3.87 -6.68  6.09 -3.28  1.43 -24.35 11.75 -12.20 21.36  3.54 
utt>    78                    5-1-04   79    0    28 20  5 10 6.510600e-12 -2.039003e+02 -1.610813e+04
INFO: cmn.c(133): CMN: 56.36 16.30 12.14  3.41 -0.55  2.02  5.77 -7.18 -15.86 16.59 -15.03  9.78 -3.59 
utt>    79                    5-1-05   99    0    32 23  5 11 1.255246e-11 -2.066616e+02 -2.045950e+04
INFO: cmn.c(133): CMN: 66.41 12.54  7.89  8.75 -0.34 -6.46 -19.44 37.34 -12.72 25.91 -22.25 10.37 -2.41 
utt>    80                    5-2-01   77    0    36 25  5 11 1.133623e-11 -2.032973e+02 -1.565389e+04
INFO: cmn.c(133): CMN: 63.42 18.15 11.86 -1.48  0.41 16.51 -23.73 25.76 -17.21 29.29 -13.96  9.65  2.81 
utt>    81                    5-2-02  121    0    68 43  7 15 1.943352e-11 -2.078758e+02 -2.515297e+04
INFO: cmn.c(133): CMN: 62.07 16.69  6.44  2.27 -0.34 -5.66 -4.45 24.76 -13.20 24.32 -17.87  6.04  3.88 
utt>    82                    5-2-03   96    0    44 31  6 12 9.245726e-12 -2.026928e+02 -1.945850e+04
INFO: cmn.c(133): CMN: 61.19  8.96 18.19 21.84 -19.77  5.07 -4.93 40.00 -31.70 19.81 -21.92  0.73 -8.28 
utt>    83                    5-2-04   70    0    32 24  6 12 1.171649e-11 -2.081423e+02 -1.456996e+04
INFO: cmn.c(133): CMN: 61.22  2.28  9.64 24.67 -8.71 -2.25 -9.50 29.67 -28.01 16.18 -13.88  4.85 -0.93 
utt>    84                    5-2-05  111    0    52 28  6 12 1.013695e-11 -2.041490e+02 -2.266054e+04
INFO: cmn.c(133): CMN: 61.81 19.69  8.63  1.62 -2.81  3.89 -6.77 14.75 -25.15 21.78 -17.54 12.26  8.12 
utt>    85                    5-3-01  109    0    44 32  6 12 1.056125e-11 -2.077435e+02 -2.264404e+04
INFO: cmn.c(133): CMN: 64.95  9.36  5.81  2.25  4.21 -5.08 -10.88 17.19 -23.31 14.89 -18.42  6.27  9.92 
utt>    86                    5-3-02  100    0    36 25  5 10 7.862277e-12 -2.057864e+02 -2.057864e+04
INFO: cmn.c(133): CMN: 61.22  8.49 16.13 17.41 -0.77 -0.11 -6.36 26.36 -32.22 25.31 -17.17  6.96 -0.41 
utt>    87                    5-3-03   82    0    40 26  5 10 9.302138e-12 -2.097133e+02 -1.719649e+04
INFO: cmn.c(133): CMN: 59.64  6.27 19.38 11.66 -6.19 -1.70 -1.54 19.52 -40.24 18.90 -11.06  8.20  4.16 
utt>    88                    5-3-04   80    0    28 20  5 11 7.088686e-12 -2.036815e+02 -1.629452e+04
INFO: cmn.c(133): CMN: 60.53 16.04 11.38 17.35 -4.55 -1.71 -5.86 11.41 -25.71 18.45 -10.35  5.14  2.96 
utt>    89                    5-3-05  125    0    68 35  6 12 1.248268e-11 -2.078990e+02 -2.598737e+04
INFO: cmn.c(133): CMN: 60.88 18.07 11.93 -2.11  7.49  7.12 -21.18 22.83 -19.07 17.41 -5.82 -0.09  5.39 
utt>    90                    5-4-01   88    0    52 29  6 12 1.205066e-11 -2.088013e+02 -1.837451e+04
INFO: cmn.c(133): CMN: 65.04  9.46  6.32 10.60  5.22 -7.88 -12.86 24.78 -24.38 14.76 -13.66  5.63 -4.60 
utt>    91                    5-4-02   78    0    36 26  5 10 8.792889e-12 -2.045238e+02 -1.595286e+04
INFO: cmn.c(133): CMN: 60.90 17.14  3.42 -0.75 -2.39  6.75 -13.34 25.14 -23.63 17.31 -5.09  0.87  5.11 
utt>    92                    5-4-03  114    0    44 32  6 13 1.112531e-11 -2.019944e+02 -2.302736e+04
INFO: cmn.c(133): CMN: 62.79 20.42  3.41  4.85 -14.10  2.62 -10.21 32.29 -26.42 21.55 -11.56  9.06  4.37 
utt>    93                    5-4-04   67    0    28 23  6 13 1.120970e-11 -1.994042e+02 -1.336008e+04
INFO: cmn.c(133): CMN: 61.70 16.14  7.13 15.03  3.15 -1.45 -18.57 24.01 -21.82 19.26 -9.57  1.12  5.30 
utt>    94                    5-4-05  151    0    76 29  5 10 1.088988e-11 -2.049864e+02 -3.095295e+04
INFO: cmn.c(133): CMN: 67.53 11.83  3.87  3.78 -0.52  2.17 -25.90 33.74 -14.64 29.67 -9.95 -5.31  5.43 
utt>    95                    5-5-01   79    0    44 25  5 11 1.153693e-11 -2.077276e+02 -1.641048e+04
INFO: cmn.c(133): CMN: 62.96 15.89  6.44 13.16 -5.59 -0.70 -6.58 36.30 -10.78 22.21 -7.16 -9.66  4.54 
utt>    96                    5-5-02   83    0    48 34  6 13 1.039637e-11 -2.084092e+02 -1.729796e+04
INFO: cmn.c(133): CMN: 61.47 15.14  4.17 -0.81 -1.82  0.25 -11.36 31.57 -16.51 12.04 -6.28 -9.11  0.74 
utt>    97                    5-5-03   96    0    32 25  6 13 6.676403e-12 -2.067412e+02 -1.984715e+04
INFO: cmn.c(133): CMN: 60.96  8.98 10.79 22.68 -0.95 -3.66 -11.80 32.70 -23.80 21.42 -1.69 -4.65  2.84 
utt>    98                    5-5-04  107    0    52 35  6 13 6.670060e-12 -2.092684e+02 -2.239172e+04
INFO: cmn.c(133): CMN: 60.98 11.59  8.94  8.75  1.39 -1.97 -21.40 30.20 -21.00 16.03 -8.74 -1.86 -0.88 
utt>    99                    5-5-05  127    0    80 42  7 13 1.019700e-11 -2.102423e+02 -2.670077e+04
INFO: cmn.c(133): CMN: 69.70 19.14  0.81  0.22 -20.80  0.80  0.44  4.77 -15.50 -5.17  1.67 -1.08  2.30 
utt>   100                    6-1-01  139    0    44 24  5 10 9.198188e-12 -2.045567e+02 -2.843338e+04
INFO: cmn.c(133): CMN: 66.52 17.90  4.15  4.67 -25.25  7.02  2.16 -0.45 -11.71 -2.10  0.58 -2.37  1.70 
utt>   101                    6-1-02  145    0    48 29  5 11 9.311599e-12 -2.030811e+02 -2.944676e+04
INFO: cmn.c(133): CMN: 64.65 18.60 11.18  4.60 -23.23  9.08  3.55  2.60 -12.08 -3.55  2.39 -7.10  2.51 
utt>   102                    6-1-03  145    0    64 32  6 11 1.301216e-11 -2.073224e+02 -3.006175e+04
INFO: cmn.c(133): CMN: 67.93 18.70 -3.47 -7.55 -22.74 -0.22 -5.74  7.16 -4.00 -0.23  5.44 -4.14 10.04 
utt>   103                    6-1-04   94    0    28 20  5 9 8.812920e-12 -2.019808e+02 -1.898620e+04
INFO: cmn.c(133): CMN: 61.32 16.23 -3.43 -0.62 -12.52  4.82  0.26 -0.01  0.44  4.35 -2.59  1.00  4.28 
utt>   104                    6-1-05  130    0    32 22  5 10 8.638924e-12 -2.022360e+02 -2.629067e+04
INFO: cmn.c(133): CMN: 73.88 16.44 -8.86 -2.08 -16.50 -5.13 -8.32 14.80 -5.96 -8.49 -8.49 -2.25  4.61 
utt>   105                    6-2-01   93    0    36 24  5 10 5.540554e-12 -2.078290e+02 -1.932810e+04
INFO: cmn.c(133): CMN: 67.70 21.14  4.29 -9.60 -17.00  4.42 -0.08  2.54 -6.19  2.76  5.82  5.05  6.18 
utt>   106                    6-2-02  143    0    68 34  6 12 9.839092e-12 -2.103884e+02 -3.008554e+04
INFO: cmn.c(133): CMN: 71.05 15.04 -7.29 -2.11 -13.65  2.88 -10.44 11.31 -3.34  6.07  4.29 -9.88  9.02 
utt>   107                    6-2-03  110    0    44 28  5 11 6.839196e-12 -2.017727e+02 -2.219500e+04
INFO: cmn.c(133): CMN: 67.29 15.81 12.36 10.89 -39.57  3.16  3.65  4.91 -14.13  5.46  8.93 -10.02  8.96 
utt>   108                    6-2-04   85    0    32 22  5 11 1.038096e-11 -1.985186e+02 -1.687408e+04
INFO: cmn.c(133): CMN: 63.76 13.14  3.18 14.16 -20.66 -3.49 -1.49  7.76 -11.51 10.00  6.82 -2.70  9.36 
utt>   109                    6-2-05   98    0    52 27  6 12 8.747920e-12 -2.100543e+02 -2.058532e+04
INFO: cmn.c(133): CMN: 68.14 25.39 -3.71 -4.99 -25.15  0.64  3.67  5.46 -4.09  0.52 -1.89  3.10  7.14 
utt>   110                    6-3-01  122    0    44 30  6 11 1.128269e-11 -2.045627e+02 -2.495665e+04
INFO: cmn.c(133): CMN: 69.68 19.12 -4.68 -0.18 -10.93 -2.99 -13.50 13.08  0.53 -5.08 -5.18  1.50  9.07 
utt>   111                    6-3-02  105    0    36 22  4 9 6.897544e-12 -2.054190e+02 -2.156899e+04
INFO: cmn.c(133): CMN: 66.37 14.43  7.90 13.55 -19.79 -2.47 -2.77  5.23 -12.46  1.67 -10.01 -6.96  1.06 
utt>   112                    6-3-03  106    0    40 24  5 11 1.178992e-11 -2.037635e+02 -2.159893e+04
INFO: cmn.c(133): CMN: 66.78 15.62  5.63  6.44 -30.56 -9.85  5.07  1.83 -17.01  2.44  2.58 -3.80  8.25 
utt>   113                    6-3-04   95    0    28 20  6 11 5.736155e-12 -1.989689e+02 -1.890205e+04
INFO: cmn.c(133): CMN: 63.80 20.34  4.84  7.12 -15.60 -1.59 -0.42  7.15 -5.68  8.76  1.84  4.04  8.44 
utt>   114                    6-3-05  147    0    68 29  5 11 9.855101e-12 -2.111223e+02 -3.103498e+04
INFO: cmn.c(133): CMN: 67.30 17.77  6.40 -6.71 -17.39  1.42 -0.83  3.09 -4.07 -4.20  0.58  5.82  3.00 
utt>   115                    6-4-01  109    0    52 30  5 11 9.285844e-12 -2.081802e+02 -2.269164e+04
INFO: cmn.c(133): CMN: 65.77 13.75  2.02  7.47 -12.90 -10.33 -5.80 13.53 -12.70 -2.58 -10.56 -0.34  1.03 
utt>   116                    6-4-02  109    0    36 22  4 9 1.078205e-11 -2.038125e+02 -2.221556e+04
INFO: cmn.c(133): CMN: 64.66 24.04 -2.17 -9.79 -31.10 -0.76  2.43  9.09 -10.12 -2.27 -1.84  5.68  4.85 
utt>   117                    6-4-03  126    0    44 33  6 12 9.306699e-12 -2.007152e+02 -2.529012e+04
INFO: cmn.c(133): CMN: 71.76 20.54 -6.33 -6.43 -35.26 -5.94 -2.20 12.68 -6.85  5.82  4.07  3.15  9.74 
utt>   118                    6-4-04   85    0    28 21  5 11 8.239921e-12 -1.930707e+02 -1.641101e+04
INFO: cmn.c(133): CMN: 66.41 17.25 -1.09  7.13 -12.19 -6.36 -9.67 11.49 -9.68 12.58  1.19  2.04  3.43 
utt>   119                    6-4-05  155    0    76 29  5 11 6.462185e-12 -2.055299e+02 -3.185714e+04
INFO: cmn.c(133): CMN: 73.30 19.33 -6.21 -3.70 -22.73  1.53 -8.20 15.68 -4.89 10.61  2.84  1.39  4.54 
utt>   120                    6-5-01  113    0    44 25  5 10 9.358433e-12 -1.980564e+02 -2.238037e+04
INFO: cmn.c(133): CMN: 66.30 17.17 -5.28  0.78 -19.62  7.18 -0.27 12.53 -12.87 11.89  4.80 -3.75  5.52 
utt>   121                    6-5-02  114    0    48 28  6 12 1.055404e-11 -2.024789e+02 -2.308260e+04
INFO: cmn.c(133): CMN: 66.72 19.85 -3.77 -6.22 -32.73  2.44  3.09  0.83 -10.26  3.47  2.60 -0.72  4.66 
utt>   122                    6-5-03   91    0    32 23  6 12 9.987350e-12 -2.020219e+02 -1.838399e+04
INFO: cmn.c(133): CMN: 64.23 14.35  6.52 10.34 -24.07  2.29  4.77  3.53 -9.98  8.98  2.03 -0.46  0.87 
utt>   123                    6-5-04  118    0    52 27  6 11 9.375678e-12 -2.055709e+02 -2.425737e+04
INFO: cmn.c(133): CMN: 60.07 14.40 10.17  9.45 -12.10 -2.03 -6.44  3.72 -10.71  0.96 -0.04  3.08 -3.89 
utt>   124                    6-5-05  145    0    80 34  6 12 1.059864e-11 -2.097952e+02 -3.042030e+04
INFO: cmn.c(133): CMN: 66.89  9.21  8.43  7.27 -14.93 -1.53 -16.42  5.25 -13.24 12.92 -0.29  5.78 -1.29 
utt>   125                    7-1-01  139    0    44 29  6 11 9.881596e-12 -1.964738e+02 -2.730986e+04
INFO: cmn.c(133): CMN: 68.20  7.41  4.42 11.78 -19.83  4.11 -12.06  0.70 -13.46 16.55 -2.40 -0.38 -4.98 
utt>   126                    7-1-02  147    0    48 31  6 12 1.154795e-11 -1.968110e+02 -2.893121e+04
INFO: cmn.c(133): CMN: 64.21 12.05  4.13 13.48 -22.17  9.37 -14.67  6.88 -14.09 22.73  1.42  7.77  1.83 
utt>   127                    7-1-03  137    0    64 38  6 12 1.226717e-11 -2.030631e+02 -2.781965e+04
INFO: cmn.c(133): CMN: 66.61 12.74 -6.49  1.27 -21.25 -4.36 -13.44 16.50 -7.89 16.94 -0.68  4.33 10.39 
utt>   128                    7-1-04   78    0    28 21  5 10 7.535991e-12 -1.957754e+02 -1.527048e+04
INFO: cmn.c(133): CMN: 61.17 10.48  1.26  0.11 -8.13  2.00 -10.58  3.14 -6.90 19.28  3.68  3.05  2.96 
utt>   129                    7-1-05   97    0    32 24  6 12 9.808240e-12 -1.942608e+02 -1.884330e+04
INFO: cmn.c(133): CMN: 66.33  8.15 -5.77  7.63 -9.24 -7.13 -12.48  5.69 -2.03  9.69 -3.86  2.24  0.47 
utt>   130                    7-2-01   94    0    36 27  5 10 1.122094e-11 -1.975877e+02 -1.857325e+04
INFO: cmn.c(133): CMN: 64.67 14.97  1.98  2.15 -20.76  1.87 -12.17  5.15 -6.99 23.92  2.57  8.50  6.51 
utt>   131                    7-2-02  144    0    68 43  6 13 1.141077e-11 -1.988530e+02 -2.863484e+04
INFO: cmn.c(133): CMN: 62.96 12.30 -0.52  5.15 -11.48 -8.83 -10.10 -0.21 -6.67 18.86  0.20  5.81  3.25 
utt>   132                    7-2-03  105    0    44 31  6 12 1.420344e-11 -1.975316e+02 -2.074082e+04
INFO: cmn.c(133): CMN: 67.52  6.67  7.83 13.73 -32.86  3.99 -12.70  8.58 -25.51 26.79  0.18  5.26  7.24 
utt>   133                    7-2-04   80    0    32 24  6 13 1.432064e-11 -1.951708e+02 -1.561366e+04
INFO: cmn.c(133): CMN: 64.23  8.00  3.20 25.11 -26.15 -0.53 -23.65 12.94 -30.13 22.75  1.09  3.47 13.67 
utt>   134                    7-2-05  100    0    52 33  6 13 8.767552e-12 -1.987799e+02 -1.987799e+04
INFO: cmn.c(133): CMN: 61.90 10.68 -5.49  5.25 -18.79  3.23 -7.02  8.03 -8.01  4.68 -3.23 -0.82 -0.49 
utt>   135                    7-3-01  171    0    44 33  6 11 1.032534e-11 -2.002758e+02 -3.424716e+04
INFO: cmn.c(133): CMN: 62.23  5.98 -6.13  3.54 -9.79 -3.57 -10.93  4.39 -6.06  8.79 -3.43  4.44  5.04 
utt>   136                    7-3-02  145    0    36 25  4 9 8.682987e-12 -2.009724e+02 -2.914100e+04
INFO: cmn.c(133): CMN: 62.16  4.79  4.18 13.74 -15.56 -3.70 -11.45  5.13 -16.81  5.83 -4.08  3.92  2.27 
utt>   137                    7-3-03  125    0    40 27  5 10 1.304248e-11 -2.049724e+02 -2.562155e+04
INFO: cmn.c(133): CMN: 57.04  6.99  5.43  2.53 -18.55 -2.87 -13.11  4.93 -18.81 12.95 -1.52  9.73  1.47 
utt>   138                    7-3-04  126    0    28 21  5 10 6.394754e-12 -2.027362e+02 -2.554476e+04
INFO: cmn.c(133): CMN: 62.99 13.47  1.49 12.65 -21.68  0.54 -5.39  7.52 -8.81 15.33  3.23  3.98 11.88 
utt>   139                    7-3-05  133    0    68 42  6 12 1.147877e-11 -2.042223e+02 -2.716156e+04
INFO: cmn.c(133): CMN: 67.05 14.26 -0.71  7.83 -22.43 -0.28 -13.26  2.44 -9.77 22.30  3.79  4.80  8.45 
utt>   140                    7-4-01   99    0    52 31  6 12 1.200841e-11 -2.043793e+02 -2.023355e+04
INFO: cmn.c(133): CMN: 66.86  4.69  3.56 14.52 -17.44 -12.55 -9.58 -0.72 -13.37  5.95 -2.92  4.75  3.84 
utt>   141                    7-4-02  103    0    36 25  5 9 1.111678e-11 -2.042132e+02 -2.103396e+04
INFO: cmn.c(133): CMN: 67.36 13.63 -2.28  1.66 -29.93 -3.03 -2.31 10.09 -3.75  4.30  6.42  2.04  4.37 
utt>   142                    7-4-03  124    0    44 34  6 12 1.331581e-11 -1.978887e+02 -2.453820e+04
INFO: cmn.c(133): CMN: 70.53 12.27 -5.96  7.46 -33.30 -2.17 -0.97 24.41 -1.34  8.44  3.93  4.69  9.17 
utt>   143                    7-4-04   63    0    28 22  6 11 1.043334e-11 -1.941839e+02 -1.223359e+04
INFO: cmn.c(133): CMN: 63.76 15.05  3.26 11.64 -17.25 -2.05 -13.24  5.03 -10.93 18.59 -1.24  1.85 10.02 
utt>   144                    7-4-05  160    0    76 36  6 12 1.025055e-11 -1.999918e+02 -3.199869e+04
INFO: cmn.c(133): CMN: 68.60 15.15 -3.81  2.66 -24.22  1.36 -13.62  1.20 -4.42 17.94 -2.20 -0.10  7.72 
utt>   145                    7-5-01   98    0    44 26  5 11 7.240085e-12 -2.011877e+02 -1.971640e+04
INFO: cmn.c(133): CMN: 64.56 12.81  2.09  9.61 -22.52 -0.61 -2.99  1.34 -7.08 12.40 -2.37 -0.47  4.39 
utt>   146                    7-5-02  120    0    48 35  7 15 1.379533e-11 -2.017092e+02 -2.420510e+04
INFO: cmn.c(133): CMN: 64.21 16.74 -1.90  2.25 -29.14 -4.71 -7.74  5.56 -12.90 11.49  3.63  2.35 14.78 
utt>   147                    7-5-03   78    0    32 24  6 12 1.002292e-11 -1.995740e+02 -1.556677e+04
INFO: cmn.c(133): CMN: 62.32  8.34 10.24 19.09 -27.49 -1.76 -5.23  8.90 -11.75 15.26  0.96  2.38  9.21 
utt>   148                    7-5-04   92    0    52 31  6 12 1.159386e-11 -2.018424e+02 -1.856950e+04
overall> stats 16266 (-0) -2.034670e+02 -3.309595e+06
WARN: "accum.c", line 642: The following senones never occur in the input data
	45 46 47 66 67 68 84 85 86 87 
	88 89 102 103 104 
INFO: s3mixw_io.c(232): Wrote /home/sourav/workdir/acoustic_model_final/bwaccumdir/final_buff_1/mixw_counts [105x4x256 array]
INFO: s3tmat_io.c(175): Wrote /home/sourav/workdir/acoustic_model_final/bwaccumdir/final_buff_1/tmat_counts [35x3x4 array]
INFO: s3gau_io.c(480): Wrote /home/sourav/workdir/acoustic_model_final/bwaccumdir/final_buff_1/gauden_counts with means with vars (2pass) [35x4x256 vector arrays]
INFO: main.c(999): Counts saved to /home/sourav/workdir/acoustic_model_final/bwaccumdir/final_buff_1
Thu Dec  5 21:24:39 2019
