Current configuration:
[NAME]			[DEFLT]		[VALUE]
-alpha			0.97		9.700000e-01
-argfile				
-blocksize		2048		2048
-build_outdirs		yes		yes
-c					/home/sourav/workdir/acoustic_model_final/etc/final_train.fileids
-cep2spec		no		no
-di					/home/sourav/workdir/acoustic_model_final/wav
-dither			no		no
-do					/home/sourav/workdir/acoustic_model_final/feat
-doublebw		no		no
-ei					wav
-eo					mfc
-example		no		no
-frate			100		100
-help			no		no
-i					
-input_endian		little		little
-lifter			0		22
-logspec		no		no
-lowerf			133.33334	1.300000e+02
-mach_endian		little		little
-mswav			no		yes
-ncep			13		13
-nchans			1		1
-nfft			512		512
-nfilt			40		25
-nist			no		no
-npart			0		5
-nskip			0		0
-o					
-ofmt			sphinx		sphinx
-part			0		2
-raw			no		no
-remove_dc		no		no
-remove_noise		yes		yes
-remove_silence		yes		yes
-round_filters		yes		yes
-runlen			-1		-1
-samprate		16000		1.600000e+04
-seed			-1		-1
-smoothspec		no		no
-spec2cep		no		no
-sph2pipe		no		no
-transform		legacy		dct
-unit_area		yes		yes
-upperf			6855.4976	6.800000e+03
-vad_postspeech		50		50
-vad_prespeech		20		20
-vad_startspeech	10		10
-vad_threshold		3.0		3.000000e+00
-verbose		no		no
-warp_params				
-warp_type		inverse_linear	inverse_linear
-whichchan		0		0
-wlen			0.025625	2.562500e-02

INFO: sphinx_fe.c(967): Processing 149 utterances at position 149
INFO: sphinx_fe.c(791): Converting /home/sourav/workdir/acoustic_model_final/wav/07/7-5-05.wav to /home/sourav/workdir/acoustic_model_final/feat/07/7-5-05.mfc
INFO: sphinx_fe.c(791): Converting /home/sourav/workdir/acoustic_model_final/wav/08/8-1-01.wav to /home/sourav/workdir/acoustic_model_final/feat/08/8-1-01.mfc
INFO: sphinx_fe.c(791): Converting /home/sourav/workdir/acoustic_model_final/wav/08/8-1-02.wav to /home/sourav/workdir/acoustic_model_final/feat/08/8-1-02.mfc
INFO: sphinx_fe.c(791): Converting /home/sourav/workdir/acoustic_model_final/wav/08/8-1-03.wav to /home/sourav/workdir/acoustic_model_final/feat/08/8-1-03.mfc
INFO: sphinx_fe.c(791): Converting /home/sourav/workdir/acoustic_model_final/wav/08/8-1-04.wav to /home/sourav/workdir/acoustic_model_final/feat/08/8-1-04.mfc
INFO: sphinx_fe.c(791): Converting /home/sourav/workdir/acoustic_model_final/wav/08/8-1-05.wav to /home/sourav/workdir/acoustic_model_final/feat/08/8-1-05.mfc
INFO: sphinx_fe.c(791): Converting /home/sourav/workdir/acoustic_model_final/wav/08/8-2-02.wav to /home/sourav/workdir/acoustic_model_final/feat/08/8-2-02.mfc
INFO: sphinx_fe.c(791): Converting /home/sourav/workdir/acoustic_model_final/wav/08/8-2-03.wav to /home/sourav/workdir/acoustic_model_final/feat/08/8-2-03.mfc
INFO: sphinx_fe.c(791): Converting /home/sourav/workdir/acoustic_model_final/wav/08/8-2-04.wav to /home/sourav/workdir/acoustic_model_final/feat/08/8-2-04.mfc
INFO: sphinx_fe.c(791): Converting /home/sourav/workdir/acoustic_model_final/wav/08/8-2-05.wav to /home/sourav/workdir/acoustic_model_final/feat/08/8-2-05.mfc
INFO: sphinx_fe.c(791): Converting /home/sourav/workdir/acoustic_model_final/wav/08/8-3-01.wav to /home/sourav/workdir/acoustic_model_final/feat/08/8-3-01.mfc
INFO: sphinx_fe.c(791): Converting /home/sourav/workdir/acoustic_model_final/wav/08/8-3-02.wav to /home/sourav/workdir/acoustic_model_final/feat/08/8-3-02.mfc
INFO: sphinx_fe.c(791): Converting /home/sourav/workdir/acoustic_model_final/wav/08/8-3-03.wav to /home/sourav/workdir/acoustic_model_final/feat/08/8-3-03.mfc
INFO: sphinx_fe.c(791): Converting /home/sourav/workdir/acoustic_model_final/wav/08/8-3-04.wav to /home/sourav/workdir/acoustic_model_final/feat/08/8-3-04.mfc
INFO: sphinx_fe.c(791): Converting /home/sourav/workdir/acoustic_model_final/wav/08/8-3-05.wav to /home/sourav/workdir/acoustic_model_final/feat/08/8-3-05.mfc
INFO: sphinx_fe.c(791): Converting /home/sourav/workdir/acoustic_model_final/wav/08/8-4-01.wav to /home/sourav/workdir/acoustic_model_final/feat/08/8-4-01.mfc
INFO: sphinx_fe.c(791): Converting /home/sourav/workdir/acoustic_model_final/wav/08/8-4-02.wav to /home/sourav/workdir/acoustic_model_final/feat/08/8-4-02.mfc
INFO: sphinx_fe.c(791): Converting /home/sourav/workdir/acoustic_model_final/wav/08/8-4-03.wav to /home/sourav/workdir/acoustic_model_final/feat/08/8-4-03.mfc
INFO: sphinx_fe.c(791): Converting /home/sourav/workdir/acoustic_model_final/wav/08/8-4-04.wav to /home/sourav/workdir/acoustic_model_final/feat/08/8-4-04.mfc
INFO: sphinx_fe.c(791): Converting /home/sourav/workdir/acoustic_model_final/wav/08/8-4-05.wav to /home/sourav/workdir/acoustic_model_final/feat/08/8-4-05.mfc
INFO: sphinx_fe.c(791): Converting /home/sourav/workdir/acoustic_model_final/wav/08/8-5-01.wav to /home/sourav/workdir/acoustic_model_final/feat/08/8-5-01.mfc
INFO: sphinx_fe.c(791): Converting /home/sourav/workdir/acoustic_model_final/wav/08/8-5-02.wav to /home/sourav/workdir/acoustic_model_final/feat/08/8-5-02.mfc
INFO: sphinx_fe.c(791): Converting /home/sourav/workdir/acoustic_model_final/wav/08/8-5-03.wav to /home/sourav/workdir/acoustic_model_final/feat/08/8-5-03.mfc
INFO: sphinx_fe.c(791): Converting /home/sourav/workdir/acoustic_model_final/wav/08/8-5-04.wav to /home/sourav/workdir/acoustic_model_final/feat/08/8-5-04.mfc
INFO: sphinx_fe.c(791): Converting /home/sourav/workdir/acoustic_model_final/wav/08/8-5-05.wav to /home/sourav/workdir/acoustic_model_final/feat/08/8-5-05.mfc
INFO: sphinx_fe.c(791): Converting /home/sourav/workdir/acoustic_model_final/wav/09/9-1-01.wav to /home/sourav/workdir/acoustic_model_final/feat/09/9-1-01.mfc
INFO: sphinx_fe.c(791): Converting /home/sourav/workdir/acoustic_model_final/wav/09/9-1-02.wav to /home/sourav/workdir/acoustic_model_final/feat/09/9-1-02.mfc
INFO: sphinx_fe.c(791): Converting /home/sourav/workdir/acoustic_model_final/wav/09/9-1-03.wav to /home/sourav/workdir/acoustic_model_final/feat/09/9-1-03.mfc
INFO: sphinx_fe.c(791): Converting /home/sourav/workdir/acoustic_model_final/wav/09/9-1-04.wav to /home/sourav/workdir/acoustic_model_final/feat/09/9-1-04.mfc
INFO: sphinx_fe.c(791): Converting /home/sourav/workdir/acoustic_model_final/wav/09/9-1-05.wav to /home/sourav/workdir/acoustic_model_final/feat/09/9-1-05.mfc
INFO: sphinx_fe.c(791): Converting /home/sourav/workdir/acoustic_model_final/wav/09/9-2-01.wav to /home/sourav/workdir/acoustic_model_final/feat/09/9-2-01.mfc
INFO: sphinx_fe.c(791): Converting /home/sourav/workdir/acoustic_model_final/wav/09/9-2-02.wav to /home/sourav/workdir/acoustic_model_final/feat/09/9-2-02.mfc
INFO: sphinx_fe.c(791): Converting /home/sourav/workdir/acoustic_model_final/wav/09/9-2-03.wav to /home/sourav/workdir/acoustic_model_final/feat/09/9-2-03.mfc
INFO: sphinx_fe.c(791): Converting /home/sourav/workdir/acoustic_model_final/wav/09/9-2-04.wav to /home/sourav/workdir/acoustic_model_final/feat/09/9-2-04.mfc
INFO: sphinx_fe.c(791): Converting /home/sourav/workdir/acoustic_model_final/wav/09/9-2-05.wav to /home/sourav/workdir/acoustic_model_final/feat/09/9-2-05.mfc
INFO: sphinx_fe.c(791): Converting /home/sourav/workdir/acoustic_model_final/wav/09/9-3-01.wav to /home/sourav/workdir/acoustic_model_final/feat/09/9-3-01.mfc
INFO: sphinx_fe.c(791): Converting /home/sourav/workdir/acoustic_model_final/wav/09/9-3-02.wav to /home/sourav/workdir/acoustic_model_final/feat/09/9-3-02.mfc
INFO: sphinx_fe.c(791): Converting /home/sourav/workdir/acoustic_model_final/wav/09/9-3-04.wav to /home/sourav/workdir/acoustic_model_final/feat/09/9-3-04.mfc
INFO: sphinx_fe.c(791): Converting /home/sourav/workdir/acoustic_model_final/wav/09/9-3-05.wav to /home/sourav/workdir/acoustic_model_final/feat/09/9-3-05.mfc
INFO: sphinx_fe.c(791): Converting /home/sourav/workdir/acoustic_model_final/wav/09/9-4-01.wav to /home/sourav/workdir/acoustic_model_final/feat/09/9-4-01.mfc
INFO: sphinx_fe.c(791): Converting /home/sourav/workdir/acoustic_model_final/wav/09/9-4-02.wav to /home/sourav/workdir/acoustic_model_final/feat/09/9-4-02.mfc
INFO: sphinx_fe.c(791): Converting /home/sourav/workdir/acoustic_model_final/wav/09/9-4-03.wav to /home/sourav/workdir/acoustic_model_final/feat/09/9-4-03.mfc
INFO: sphinx_fe.c(791): Converting /home/sourav/workdir/acoustic_model_final/wav/09/9-4-04.wav to /home/sourav/workdir/acoustic_model_final/feat/09/9-4-04.mfc
INFO: sphinx_fe.c(791): Converting /home/sourav/workdir/acoustic_model_final/wav/09/9-4-05.wav to /home/sourav/workdir/acoustic_model_final/feat/09/9-4-05.mfc
INFO: sphinx_fe.c(791): Converting /home/sourav/workdir/acoustic_model_final/wav/09/9-5-01.wav to /home/sourav/workdir/acoustic_model_final/feat/09/9-5-01.mfc
INFO: sphinx_fe.c(791): Converting /home/sourav/workdir/acoustic_model_final/wav/09/9-5-02.wav to /home/sourav/workdir/acoustic_model_final/feat/09/9-5-02.mfc
INFO: sphinx_fe.c(791): Converting /home/sourav/workdir/acoustic_model_final/wav/09/9-5-03.wav to /home/sourav/workdir/acoustic_model_final/feat/09/9-5-03.mfc
INFO: sphinx_fe.c(791): Converting /home/sourav/workdir/acoustic_model_final/wav/09/9-5-04.wav to /home/sourav/workdir/acoustic_model_final/feat/09/9-5-04.mfc
INFO: sphinx_fe.c(791): Converting /home/sourav/workdir/acoustic_model_final/wav/09/9-5-05.wav to /home/sourav/workdir/acoustic_model_final/feat/09/9-5-05.mfc
INFO: sphinx_fe.c(791): Converting /home/sourav/workdir/acoustic_model_final/wav/10/10-1-01.wav to /home/sourav/workdir/acoustic_model_final/feat/10/10-1-01.mfc
INFO: sphinx_fe.c(791): Converting /home/sourav/workdir/acoustic_model_final/wav/10/10-1-02.wav to /home/sourav/workdir/acoustic_model_final/feat/10/10-1-02.mfc
INFO: sphinx_fe.c(791): Converting /home/sourav/workdir/acoustic_model_final/wav/10/10-1-03.wav to /home/sourav/workdir/acoustic_model_final/feat/10/10-1-03.mfc
INFO: sphinx_fe.c(791): Converting /home/sourav/workdir/acoustic_model_final/wav/10/10-1-04.wav to /home/sourav/workdir/acoustic_model_final/feat/10/10-1-04.mfc
INFO: sphinx_fe.c(791): Converting /home/sourav/workdir/acoustic_model_final/wav/10/10-1-05.wav to /home/sourav/workdir/acoustic_model_final/feat/10/10-1-05.mfc
INFO: sphinx_fe.c(791): Converting /home/sourav/workdir/acoustic_model_final/wav/10/10-2-01.wav to /home/sourav/workdir/acoustic_model_final/feat/10/10-2-01.mfc
INFO: sphinx_fe.c(791): Converting /home/sourav/workdir/acoustic_model_final/wav/10/10-2-02.wav to /home/sourav/workdir/acoustic_model_final/feat/10/10-2-02.mfc
INFO: sphinx_fe.c(791): Converting /home/sourav/workdir/acoustic_model_final/wav/10/10-2-03.wav to /home/sourav/workdir/acoustic_model_final/feat/10/10-2-03.mfc
INFO: sphinx_fe.c(791): Converting /home/sourav/workdir/acoustic_model_final/wav/10/10-2-04.wav to /home/sourav/workdir/acoustic_model_final/feat/10/10-2-04.mfc
INFO: sphinx_fe.c(791): Converting /home/sourav/workdir/acoustic_model_final/wav/10/10-2-05.wav to /home/sourav/workdir/acoustic_model_final/feat/10/10-2-05.mfc
INFO: sphinx_fe.c(791): Converting /home/sourav/workdir/acoustic_model_final/wav/10/10-3-01.wav to /home/sourav/workdir/acoustic_model_final/feat/10/10-3-01.mfc
INFO: sphinx_fe.c(791): Converting /home/sourav/workdir/acoustic_model_final/wav/10/10-3-02.wav to /home/sourav/workdir/acoustic_model_final/feat/10/10-3-02.mfc
INFO: sphinx_fe.c(791): Converting /home/sourav/workdir/acoustic_model_final/wav/10/10-3-03.wav to /home/sourav/workdir/acoustic_model_final/feat/10/10-3-03.mfc
INFO: sphinx_fe.c(791): Converting /home/sourav/workdir/acoustic_model_final/wav/10/10-3-04.wav to /home/sourav/workdir/acoustic_model_final/feat/10/10-3-04.mfc
INFO: sphinx_fe.c(791): Converting /home/sourav/workdir/acoustic_model_final/wav/10/10-3-05.wav to /home/sourav/workdir/acoustic_model_final/feat/10/10-3-05.mfc
INFO: sphinx_fe.c(791): Converting /home/sourav/workdir/acoustic_model_final/wav/10/10-4-01.wav to /home/sourav/workdir/acoustic_model_final/feat/10/10-4-01.mfc
INFO: sphinx_fe.c(791): Converting /home/sourav/workdir/acoustic_model_final/wav/10/10-4-02.wav to /home/sourav/workdir/acoustic_model_final/feat/10/10-4-02.mfc
INFO: sphinx_fe.c(791): Converting /home/sourav/workdir/acoustic_model_final/wav/10/10-4-03.wav to /home/sourav/workdir/acoustic_model_final/feat/10/10-4-03.mfc
INFO: sphinx_fe.c(791): Converting /home/sourav/workdir/acoustic_model_final/wav/10/10-4-04.wav to /home/sourav/workdir/acoustic_model_final/feat/10/10-4-04.mfc
INFO: sphinx_fe.c(791): Converting /home/sourav/workdir/acoustic_model_final/wav/10/10-4-05.wav to /home/sourav/workdir/acoustic_model_final/feat/10/10-4-05.mfc
INFO: sphinx_fe.c(791): Converting /home/sourav/workdir/acoustic_model_final/wav/10/10-5-01.wav to /home/sourav/workdir/acoustic_model_final/feat/10/10-5-01.mfc
INFO: sphinx_fe.c(791): Converting /home/sourav/workdir/acoustic_model_final/wav/10/10-5-02.wav to /home/sourav/workdir/acoustic_model_final/feat/10/10-5-02.mfc
INFO: sphinx_fe.c(791): Converting /home/sourav/workdir/acoustic_model_final/wav/10/10-5-03.wav to /home/sourav/workdir/acoustic_model_final/feat/10/10-5-03.mfc
INFO: sphinx_fe.c(791): Converting /home/sourav/workdir/acoustic_model_final/wav/10/10-5-04.wav to /home/sourav/workdir/acoustic_model_final/feat/10/10-5-04.mfc
INFO: sphinx_fe.c(791): Converting /home/sourav/workdir/acoustic_model_final/wav/10/10-5-05.wav to /home/sourav/workdir/acoustic_model_final/feat/10/10-5-05.mfc
INFO: sphinx_fe.c(791): Converting /home/sourav/workdir/acoustic_model_final/wav/11/11-1-01.wav to /home/sourav/workdir/acoustic_model_final/feat/11/11-1-01.mfc
INFO: sphinx_fe.c(791): Converting /home/sourav/workdir/acoustic_model_final/wav/11/11-1-02.wav to /home/sourav/workdir/acoustic_model_final/feat/11/11-1-02.mfc
INFO: sphinx_fe.c(791): Converting /home/sourav/workdir/acoustic_model_final/wav/11/11-1-03.wav to /home/sourav/workdir/acoustic_model_final/feat/11/11-1-03.mfc
INFO: sphinx_fe.c(791): Converting /home/sourav/workdir/acoustic_model_final/wav/11/11-1-04.wav to /home/sourav/workdir/acoustic_model_final/feat/11/11-1-04.mfc
INFO: sphinx_fe.c(791): Converting /home/sourav/workdir/acoustic_model_final/wav/11/11-1-05.wav to /home/sourav/workdir/acoustic_model_final/feat/11/11-1-05.mfc
INFO: sphinx_fe.c(791): Converting /home/sourav/workdir/acoustic_model_final/wav/11/11-2-01.wav to /home/sourav/workdir/acoustic_model_final/feat/11/11-2-01.mfc
INFO: sphinx_fe.c(791): Converting /home/sourav/workdir/acoustic_model_final/wav/11/11-2-02.wav to /home/sourav/workdir/acoustic_model_final/feat/11/11-2-02.mfc
INFO: sphinx_fe.c(791): Converting /home/sourav/workdir/acoustic_model_final/wav/11/11-2-03.wav to /home/sourav/workdir/acoustic_model_final/feat/11/11-2-03.mfc
INFO: sphinx_fe.c(791): Converting /home/sourav/workdir/acoustic_model_final/wav/11/11-2-04.wav to /home/sourav/workdir/acoustic_model_final/feat/11/11-2-04.mfc
INFO: sphinx_fe.c(791): Converting /home/sourav/workdir/acoustic_model_final/wav/11/11-2-05.wav to /home/sourav/workdir/acoustic_model_final/feat/11/11-2-05.mfc
INFO: sphinx_fe.c(791): Converting /home/sourav/workdir/acoustic_model_final/wav/11/11-3-01.wav to /home/sourav/workdir/acoustic_model_final/feat/11/11-3-01.mfc
INFO: sphinx_fe.c(791): Converting /home/sourav/workdir/acoustic_model_final/wav/11/11-3-02.wav to /home/sourav/workdir/acoustic_model_final/feat/11/11-3-02.mfc
INFO: sphinx_fe.c(791): Converting /home/sourav/workdir/acoustic_model_final/wav/11/11-3-03.wav to /home/sourav/workdir/acoustic_model_final/feat/11/11-3-03.mfc
INFO: sphinx_fe.c(791): Converting /home/sourav/workdir/acoustic_model_final/wav/11/11-3-04.wav to /home/sourav/workdir/acoustic_model_final/feat/11/11-3-04.mfc
INFO: sphinx_fe.c(791): Converting /home/sourav/workdir/acoustic_model_final/wav/11/11-3-05.wav to /home/sourav/workdir/acoustic_model_final/feat/11/11-3-05.mfc
INFO: sphinx_fe.c(791): Converting /home/sourav/workdir/acoustic_model_final/wav/11/11-4-01.wav to /home/sourav/workdir/acoustic_model_final/feat/11/11-4-01.mfc
INFO: sphinx_fe.c(791): Converting /home/sourav/workdir/acoustic_model_final/wav/11/11-4-02.wav to /home/sourav/workdir/acoustic_model_final/feat/11/11-4-02.mfc
INFO: sphinx_fe.c(791): Converting /home/sourav/workdir/acoustic_model_final/wav/11/11-4-03.wav to /home/sourav/workdir/acoustic_model_final/feat/11/11-4-03.mfc
INFO: sphinx_fe.c(791): Converting /home/sourav/workdir/acoustic_model_final/wav/11/11-4-04.wav to /home/sourav/workdir/acoustic_model_final/feat/11/11-4-04.mfc
INFO: sphinx_fe.c(791): Converting /home/sourav/workdir/acoustic_model_final/wav/11/11-4-05.wav to /home/sourav/workdir/acoustic_model_final/feat/11/11-4-05.mfc
INFO: sphinx_fe.c(791): Converting /home/sourav/workdir/acoustic_model_final/wav/11/11-5-01.wav to /home/sourav/workdir/acoustic_model_final/feat/11/11-5-01.mfc
INFO: sphinx_fe.c(791): Converting /home/sourav/workdir/acoustic_model_final/wav/11/11-5-02.wav to /home/sourav/workdir/acoustic_model_final/feat/11/11-5-02.mfc
INFO: sphinx_fe.c(791): Converting /home/sourav/workdir/acoustic_model_final/wav/11/11-5-03.wav to /home/sourav/workdir/acoustic_model_final/feat/11/11-5-03.mfc
INFO: sphinx_fe.c(791): Converting /home/sourav/workdir/acoustic_model_final/wav/11/11-5-04.wav to /home/sourav/workdir/acoustic_model_final/feat/11/11-5-04.mfc
INFO: sphinx_fe.c(791): Converting /home/sourav/workdir/acoustic_model_final/wav/11/11-5-05.wav to /home/sourav/workdir/acoustic_model_final/feat/11/11-5-05.mfc
INFO: sphinx_fe.c(791): Converting /home/sourav/workdir/acoustic_model_final/wav/12/12-1-01.wav to /home/sourav/workdir/acoustic_model_final/feat/12/12-1-01.mfc
INFO: sphinx_fe.c(791): Converting /home/sourav/workdir/acoustic_model_final/wav/12/12-1-02.wav to /home/sourav/workdir/acoustic_model_final/feat/12/12-1-02.mfc
INFO: sphinx_fe.c(791): Converting /home/sourav/workdir/acoustic_model_final/wav/12/12-1-03.wav to /home/sourav/workdir/acoustic_model_final/feat/12/12-1-03.mfc
INFO: sphinx_fe.c(791): Converting /home/sourav/workdir/acoustic_model_final/wav/12/12-1-04.wav to /home/sourav/workdir/acoustic_model_final/feat/12/12-1-04.mfc
INFO: sphinx_fe.c(791): Converting /home/sourav/workdir/acoustic_model_final/wav/12/12-1-05.wav to /home/sourav/workdir/acoustic_model_final/feat/12/12-1-05.mfc
INFO: sphinx_fe.c(791): Converting /home/sourav/workdir/acoustic_model_final/wav/12/12-2-01.wav to /home/sourav/workdir/acoustic_model_final/feat/12/12-2-01.mfc
INFO: sphinx_fe.c(791): Converting /home/sourav/workdir/acoustic_model_final/wav/12/12-2-02.wav to /home/sourav/workdir/acoustic_model_final/feat/12/12-2-02.mfc
INFO: sphinx_fe.c(791): Converting /home/sourav/workdir/acoustic_model_final/wav/12/12-2-03.wav to /home/sourav/workdir/acoustic_model_final/feat/12/12-2-03.mfc
INFO: sphinx_fe.c(791): Converting /home/sourav/workdir/acoustic_model_final/wav/12/12-2-04.wav to /home/sourav/workdir/acoustic_model_final/feat/12/12-2-04.mfc
INFO: sphinx_fe.c(791): Converting /home/sourav/workdir/acoustic_model_final/wav/12/12-2-05.wav to /home/sourav/workdir/acoustic_model_final/feat/12/12-2-05.mfc
INFO: sphinx_fe.c(791): Converting /home/sourav/workdir/acoustic_model_final/wav/12/12-3-01.wav to /home/sourav/workdir/acoustic_model_final/feat/12/12-3-01.mfc
INFO: sphinx_fe.c(791): Converting /home/sourav/workdir/acoustic_model_final/wav/12/12-3-02.wav to /home/sourav/workdir/acoustic_model_final/feat/12/12-3-02.mfc
INFO: sphinx_fe.c(791): Converting /home/sourav/workdir/acoustic_model_final/wav/12/12-3-03.wav to /home/sourav/workdir/acoustic_model_final/feat/12/12-3-03.mfc
INFO: sphinx_fe.c(791): Converting /home/sourav/workdir/acoustic_model_final/wav/12/12-3-04.wav to /home/sourav/workdir/acoustic_model_final/feat/12/12-3-04.mfc
INFO: sphinx_fe.c(791): Converting /home/sourav/workdir/acoustic_model_final/wav/12/12-3-05.wav to /home/sourav/workdir/acoustic_model_final/feat/12/12-3-05.mfc
INFO: sphinx_fe.c(791): Converting /home/sourav/workdir/acoustic_model_final/wav/12/12-4-01.wav to /home/sourav/workdir/acoustic_model_final/feat/12/12-4-01.mfc
INFO: sphinx_fe.c(791): Converting /home/sourav/workdir/acoustic_model_final/wav/12/12-4-02.wav to /home/sourav/workdir/acoustic_model_final/feat/12/12-4-02.mfc
INFO: sphinx_fe.c(791): Converting /home/sourav/workdir/acoustic_model_final/wav/12/12-4-03.wav to /home/sourav/workdir/acoustic_model_final/feat/12/12-4-03.mfc
INFO: sphinx_fe.c(791): Converting /home/sourav/workdir/acoustic_model_final/wav/12/12-4-04.wav to /home/sourav/workdir/acoustic_model_final/feat/12/12-4-04.mfc
INFO: sphinx_fe.c(791): Converting /home/sourav/workdir/acoustic_model_final/wav/12/12-4-05.wav to /home/sourav/workdir/acoustic_model_final/feat/12/12-4-05.mfc
INFO: sphinx_fe.c(791): Converting /home/sourav/workdir/acoustic_model_final/wav/12/12-5-01.wav to /home/sourav/workdir/acoustic_model_final/feat/12/12-5-01.mfc
INFO: sphinx_fe.c(791): Converting /home/sourav/workdir/acoustic_model_final/wav/12/12-5-02.wav to /home/sourav/workdir/acoustic_model_final/feat/12/12-5-02.mfc
INFO: sphinx_fe.c(791): Converting /home/sourav/workdir/acoustic_model_final/wav/12/12-5-03.wav to /home/sourav/workdir/acoustic_model_final/feat/12/12-5-03.mfc
INFO: sphinx_fe.c(791): Converting /home/sourav/workdir/acoustic_model_final/wav/12/12-5-04.wav to /home/sourav/workdir/acoustic_model_final/feat/12/12-5-04.mfc
INFO: sphinx_fe.c(791): Converting /home/sourav/workdir/acoustic_model_final/wav/12/12-5-05.wav to /home/sourav/workdir/acoustic_model_final/feat/12/12-5-05.mfc
INFO: sphinx_fe.c(791): Converting /home/sourav/workdir/acoustic_model_final/wav/13/13-1-01.wav to /home/sourav/workdir/acoustic_model_final/feat/13/13-1-01.mfc
INFO: sphinx_fe.c(791): Converting /home/sourav/workdir/acoustic_model_final/wav/13/13-1-02.wav to /home/sourav/workdir/acoustic_model_final/feat/13/13-1-02.mfc
INFO: sphinx_fe.c(791): Converting /home/sourav/workdir/acoustic_model_final/wav/13/13-1-03.wav to /home/sourav/workdir/acoustic_model_final/feat/13/13-1-03.mfc
INFO: sphinx_fe.c(791): Converting /home/sourav/workdir/acoustic_model_final/wav/13/13-1-04.wav to /home/sourav/workdir/acoustic_model_final/feat/13/13-1-04.mfc
INFO: sphinx_fe.c(791): Converting /home/sourav/workdir/acoustic_model_final/wav/13/13-1-05.wav to /home/sourav/workdir/acoustic_model_final/feat/13/13-1-05.mfc
INFO: sphinx_fe.c(791): Converting /home/sourav/workdir/acoustic_model_final/wav/13/13-2-01.wav to /home/sourav/workdir/acoustic_model_final/feat/13/13-2-01.mfc
INFO: sphinx_fe.c(791): Converting /home/sourav/workdir/acoustic_model_final/wav/13/13-2-02.wav to /home/sourav/workdir/acoustic_model_final/feat/13/13-2-02.mfc
INFO: sphinx_fe.c(791): Converting /home/sourav/workdir/acoustic_model_final/wav/13/13-2-03.wav to /home/sourav/workdir/acoustic_model_final/feat/13/13-2-03.mfc
INFO: sphinx_fe.c(791): Converting /home/sourav/workdir/acoustic_model_final/wav/13/13-2-04.wav to /home/sourav/workdir/acoustic_model_final/feat/13/13-2-04.mfc
INFO: sphinx_fe.c(791): Converting /home/sourav/workdir/acoustic_model_final/wav/13/13-2-05.wav to /home/sourav/workdir/acoustic_model_final/feat/13/13-2-05.mfc
INFO: sphinx_fe.c(791): Converting /home/sourav/workdir/acoustic_model_final/wav/13/13-3-01.wav to /home/sourav/workdir/acoustic_model_final/feat/13/13-3-01.mfc
INFO: sphinx_fe.c(791): Converting /home/sourav/workdir/acoustic_model_final/wav/13/13-3-02.wav to /home/sourav/workdir/acoustic_model_final/feat/13/13-3-02.mfc
INFO: sphinx_fe.c(791): Converting /home/sourav/workdir/acoustic_model_final/wav/13/13-3-03.wav to /home/sourav/workdir/acoustic_model_final/feat/13/13-3-03.mfc
INFO: sphinx_fe.c(791): Converting /home/sourav/workdir/acoustic_model_final/wav/13/13-3-04.wav to /home/sourav/workdir/acoustic_model_final/feat/13/13-3-04.mfc
INFO: sphinx_fe.c(791): Converting /home/sourav/workdir/acoustic_model_final/wav/13/13-3-05.wav to /home/sourav/workdir/acoustic_model_final/feat/13/13-3-05.mfc
INFO: sphinx_fe.c(791): Converting /home/sourav/workdir/acoustic_model_final/wav/13/13-4-01.wav to /home/sourav/workdir/acoustic_model_final/feat/13/13-4-01.mfc
INFO: sphinx_fe.c(791): Converting /home/sourav/workdir/acoustic_model_final/wav/13/13-4-02.wav to /home/sourav/workdir/acoustic_model_final/feat/13/13-4-02.mfc
INFO: sphinx_fe.c(791): Converting /home/sourav/workdir/acoustic_model_final/wav/13/13-4-03.wav to /home/sourav/workdir/acoustic_model_final/feat/13/13-4-03.mfc
INFO: sphinx_fe.c(791): Converting /home/sourav/workdir/acoustic_model_final/wav/13/13-4-04.wav to /home/sourav/workdir/acoustic_model_final/feat/13/13-4-04.mfc
INFO: sphinx_fe.c(791): Converting /home/sourav/workdir/acoustic_model_final/wav/13/13-4-05.wav to /home/sourav/workdir/acoustic_model_final/feat/13/13-4-05.mfc
INFO: sphinx_fe.c(791): Converting /home/sourav/workdir/acoustic_model_final/wav/13/13-5-01.wav to /home/sourav/workdir/acoustic_model_final/feat/13/13-5-01.mfc
INFO: sphinx_fe.c(791): Converting /home/sourav/workdir/acoustic_model_final/wav/13/13-5-02.wav to /home/sourav/workdir/acoustic_model_final/feat/13/13-5-02.mfc
INFO: sphinx_fe.c(791): Converting /home/sourav/workdir/acoustic_model_final/wav/13/13-5-03.wav to /home/sourav/workdir/acoustic_model_final/feat/13/13-5-03.mfc
INFO: sphinx_fe.c(791): Converting /home/sourav/workdir/acoustic_model_final/wav/13/13-5-04.wav to /home/sourav/workdir/acoustic_model_final/feat/13/13-5-04.mfc
Thu Dec  5 21:23:50 2019
